2024-07-15 17:56:05.423 [info] Log level: Info
2024-07-15 17:56:05.423 [info] Validating found git in: "git"
2024-07-15 17:56:05.605 [info] Using git "2.34.1" from "git"
2024-07-15 17:56:05.933 [info] > git rev-parse --show-toplevel [277ms]
2024-07-15 17:56:06.018 [info] > git rev-parse --git-dir --git-common-dir [2ms]
2024-07-15 17:56:06.089 [info] Open repository: /home/ooke0392703/projects/E-commercePrettyface
2024-07-15 17:56:06.123 [info] > git rev-parse --show-toplevel [15ms]
2024-07-15 17:56:06.319 [info] > git config --get commit.template [220ms]
2024-07-15 17:56:06.334 [info] > git rev-parse --show-toplevel [3ms]
2024-07-15 17:56:06.339 [info] > git rev-parse --show-toplevel [2ms]
2024-07-15 17:56:06.688 [info] > git rev-parse --show-toplevel [135ms]
2024-07-15 17:56:06.734 [info] > git rev-parse --show-toplevel [15ms]
2024-07-15 17:56:06.767 [info] > git rev-parse --show-toplevel [2ms]
2024-07-15 17:56:06.781 [info] > git rev-parse --show-toplevel [9ms]
2024-07-15 17:56:06.786 [info] > git rev-parse --show-toplevel [2ms]
2024-07-15 17:56:06.966 [info] > git rev-parse --show-toplevel [98ms]
2024-07-15 17:56:06.999 [info] > git rev-parse --show-toplevel [11ms]
2024-07-15 17:56:07.037 [info] > git rev-parse --show-toplevel [2ms]
2024-07-15 17:56:07.052 [info] > git rev-parse --show-toplevel [2ms]
2024-07-15 17:56:07.066 [info] > git rev-parse --show-toplevel [2ms]
2024-07-15 17:56:07.189 [info] > git ls-files --stage -- /home/ooke0392703/projects/E-commercePrettyface/config/routes.rb [88ms]
2024-07-15 17:56:07.211 [info] > git check-ignore -v -z --stdin [46ms]
2024-07-15 17:56:07.308 [info] > git cat-file -s 9d73da83356a580e6c236c2381ab662a1c6920e9 [116ms]
2024-07-15 17:56:07.420 [info] > git show --textconv :config/routes.rb [333ms]
2024-07-15 17:56:07.846 [info] > git for-each-ref --format=%(refname)%00%(upstream:short)%00%(objectname)%00%(upstream:track)%00%(upstream:remotename)%00%(upstream:remoteref) refs/heads/main refs/remotes/main [1733ms]
2024-07-15 17:56:10.543 [info] > git status -z -uall [2690ms]
2024-07-15 17:56:10.646 [info] > git for-each-ref --format=%(refname)%00%(upstream:short)%00%(objectname)%00%(upstream:track)%00%(upstream:remotename)%00%(upstream:remoteref) refs/heads/main refs/remotes/main [94ms]
2024-07-15 17:56:11.184 [info] > git config --local branch.main.vscode-merge-base [531ms]
2024-07-15 17:56:11.184 [warning] git config failed: Failed to execute git
2024-07-15 17:56:11.198 [info] > git config --get commit.template [564ms]
2024-07-15 17:56:11.240 [info] > git for-each-ref --format=%(refname)%00%(upstream:short)%00%(objectname)%00%(upstream:track)%00%(upstream:remotename)%00%(upstream:remoteref) refs/heads/main refs/remotes/main [8ms]
2024-07-15 17:56:11.294 [info] > git status -z -uall [49ms]
2024-07-15 17:56:11.316 [info] > git for-each-ref --format=%(refname)%00%(upstream:short)%00%(objectname)%00%(upstream:track)%00%(upstream:remotename)%00%(upstream:remoteref) refs/heads/main refs/remotes/main [17ms]
2024-07-15 17:56:11.333 [info] > git config --local branch.main.vscode-merge-base [3ms]
2024-07-15 17:56:11.333 [warning] git config failed: Failed to execute git
2024-07-15 17:56:11.492 [info] > git reflog main --grep-reflog=branch: Created from *. [295ms]
2024-07-15 17:56:11.497 [info] > git reflog main --grep-reflog=branch: Created from *. [76ms]
2024-07-15 17:56:11.512 [info] > git symbolic-ref --short refs/remotes/origin/HEAD [12ms]
2024-07-15 17:56:11.512 [info] fatal: ref refs/remotes/origin/HEAD is not a symbolic ref
2024-07-15 17:56:11.517 [info] > git symbolic-ref --short refs/remotes/origin/HEAD [17ms]
2024-07-15 17:56:11.517 [info] fatal: ref refs/remotes/origin/HEAD is not a symbolic ref
2024-07-15 17:56:11.532 [info] > git merge-base refs/heads/main refs/remotes/origin/main [15ms]
2024-07-15 17:56:11.731 [info] > git rev-list --count --left-right refs/heads/main...refs/remotes/origin/main [184ms]
2024-07-15 17:56:11.748 [info] > git diff --name-status -z --diff-filter=ADMR 0af6211305afdaeeb39401d473334b83d51aaee7...refs/remotes/origin/main [12ms]
2024-07-15 17:57:20.941 [info] > git config --get commit.template [57ms]
2024-07-15 17:57:20.943 [info] > git for-each-ref --format=%(refname)%00%(upstream:short)%00%(objectname)%00%(upstream:track)%00%(upstream:remotename)%00%(upstream:remoteref) refs/heads/main refs/remotes/main [8ms]
2024-07-15 17:57:20.980 [info] > git status -z -uall [32ms]
2024-07-15 17:57:21.196 [info] > git for-each-ref --format=%(refname)%00%(upstream:short)%00%(objectname)%00%(upstream:track)%00%(upstream:remotename)%00%(upstream:remoteref) refs/heads/main refs/remotes/main [204ms]
2024-07-15 17:57:21.202 [info] > git config --local branch.main.vscode-merge-base [2ms]
2024-07-15 17:57:21.202 [warning] git config failed: Failed to execute git
2024-07-15 17:57:21.287 [info] > git reflog main --grep-reflog=branch: Created from *. [4ms]
2024-07-15 17:57:21.355 [info] > git symbolic-ref --short refs/remotes/origin/HEAD [1ms]
2024-07-15 17:57:21.355 [info] fatal: ref refs/remotes/origin/HEAD is not a symbolic ref
2024-07-15 17:57:22.308 [info] > git ls-files --stage -- /home/ooke0392703/projects/E-commercePrettyface/config/routes.rb [2ms]
2024-07-15 17:57:22.319 [info] > git cat-file -s 9d73da83356a580e6c236c2381ab662a1c6920e9 [2ms]
2024-07-15 17:57:22.350 [info] > git show --textconv :config/routes.rb [18ms]
2024-07-15 17:57:22.757 [info] > git fetch [1887ms]
2024-07-15 17:57:22.778 [info] > git config --get commit.template [5ms]
2024-07-15 17:57:22.779 [info] > git for-each-ref --format=%(refname)%00%(upstream:short)%00%(objectname)%00%(upstream:track)%00%(upstream:remotename)%00%(upstream:remoteref) refs/heads/main refs/remotes/main [10ms]
2024-07-15 17:57:22.829 [info] > git status -z -uall [46ms]
2024-07-15 17:57:22.849 [info] > git for-each-ref --format=%(refname)%00%(upstream:short)%00%(objectname)%00%(upstream:track)%00%(upstream:remotename)%00%(upstream:remoteref) refs/heads/main refs/remotes/main [13ms]
2024-07-15 17:57:22.867 [info] > git config --local branch.main.vscode-merge-base [3ms]
2024-07-15 17:57:22.867 [warning] git config failed: Failed to execute git
2024-07-15 17:57:22.885 [info] > git reflog main --grep-reflog=branch: Created from *. [3ms]
2024-07-15 17:57:22.902 [info] > git symbolic-ref --short refs/remotes/origin/HEAD [3ms]
2024-07-15 17:57:22.902 [info] fatal: ref refs/remotes/origin/HEAD is not a symbolic ref
2024-07-15 17:57:23.879 [info] > git ls-files --stage -- /home/ooke0392703/projects/E-commercePrettyface/config/routes.rb [3ms]
2024-07-15 17:57:23.893 [info] > git cat-file -s 9d73da83356a580e6c236c2381ab662a1c6920e9 [2ms]
2024-07-15 17:57:23.919 [info] > git show --textconv :config/routes.rb [11ms]
2024-07-15 17:57:32.631 [info] > git config --get commit.template [2ms]
2024-07-15 17:57:32.645 [info] > git for-each-ref --format=%(refname)%00%(upstream:short)%00%(objectname)%00%(upstream:track)%00%(upstream:remotename)%00%(upstream:remoteref) refs/heads/main refs/remotes/main [11ms]
2024-07-15 17:57:32.696 [info] > git status -z -uall [46ms]
2024-07-15 17:57:32.718 [info] > git for-each-ref --format=%(refname)%00%(upstream:short)%00%(objectname)%00%(upstream:track)%00%(upstream:remotename)%00%(upstream:remoteref) refs/heads/main refs/remotes/main [14ms]
2024-07-15 17:57:32.724 [info] > git config --local branch.main.vscode-merge-base [2ms]
2024-07-15 17:57:32.724 [warning] git config failed: Failed to execute git
2024-07-15 17:57:32.752 [info] > git reflog main --grep-reflog=branch: Created from *. [13ms]
2024-07-15 17:57:32.765 [info] > git symbolic-ref --short refs/remotes/origin/HEAD [10ms]
2024-07-15 17:57:32.766 [info] fatal: ref refs/remotes/origin/HEAD is not a symbolic ref
2024-07-15 17:57:38.788 [info] > git check-ignore -v -z --stdin [6ms]
2024-07-15 17:57:48.749 [info] > git config --get commit.template [7ms]
2024-07-15 17:57:48.750 [info] > git for-each-ref --format=%(refname)%00%(upstream:short)%00%(objectname)%00%(upstream:track)%00%(upstream:remotename)%00%(upstream:remoteref) refs/heads/main refs/remotes/main [3ms]
2024-07-15 17:57:48.766 [info] > git status -z -uall [14ms]
2024-07-15 17:57:48.774 [info] > git for-each-ref --format=%(refname)%00%(upstream:short)%00%(objectname)%00%(upstream:track)%00%(upstream:remotename)%00%(upstream:remoteref) refs/heads/main refs/remotes/main [2ms]
2024-07-15 17:57:48.782 [info] > git config --local branch.main.vscode-merge-base [4ms]
2024-07-15 17:57:48.783 [warning] git config failed: Failed to execute git
2024-07-15 17:57:48.789 [info] > git reflog main --grep-reflog=branch: Created from *. [3ms]
2024-07-15 17:57:48.793 [info] > git symbolic-ref --short refs/remotes/origin/HEAD [1ms]
2024-07-15 17:57:48.793 [info] fatal: ref refs/remotes/origin/HEAD is not a symbolic ref
2024-07-15 17:57:53.792 [info] > git config --get commit.template [1ms]
2024-07-15 17:57:53.812 [info] > git for-each-ref --format=%(refname)%00%(upstream:short)%00%(objectname)%00%(upstream:track)%00%(upstream:remotename)%00%(upstream:remoteref) refs/heads/main refs/remotes/main [16ms]
2024-07-15 17:57:53.867 [info] > git status -z -uall [40ms]
2024-07-15 17:57:53.886 [info] > git for-each-ref --format=%(refname)%00%(upstream:short)%00%(objectname)%00%(upstream:track)%00%(upstream:remotename)%00%(upstream:remoteref) refs/heads/main refs/remotes/main [5ms]
2024-07-15 17:57:53.915 [info] > git config --local branch.main.vscode-merge-base [2ms]
2024-07-15 17:57:53.915 [warning] git config failed: Failed to execute git
2024-07-15 17:57:53.933 [info] > git reflog main --grep-reflog=branch: Created from *. [14ms]
2024-07-15 17:57:53.938 [info] > git symbolic-ref --short refs/remotes/origin/HEAD [2ms]
2024-07-15 17:57:53.938 [info] fatal: ref refs/remotes/origin/HEAD is not a symbolic ref
2024-07-15 17:58:08.854 [info] > git check-ignore -v -z --stdin [3ms]
2024-07-15 17:58:11.284 [info] > git check-ignore -v -z --stdin [6ms]
2024-07-15 17:58:11.917 [info] > git check-ignore -v -z --stdin [2ms]
2024-07-15 17:58:14.824 [info] > git ls-files --stage -- /home/ooke0392703/projects/E-commercePrettyface/config/storage.yml [2ms]
2024-07-15 17:58:14.841 [info] > git show --textconv :config/storage.yml [26ms]
2024-07-15 17:58:14.842 [info] > git cat-file -s 4942ab66948b7fbb64de6600664e2159c243f9a9 [15ms]
2024-07-15 17:58:16.072 [info] > git show --textconv :package.json [15ms]
2024-07-15 17:58:16.107 [info] > git ls-files --stage -- /home/ooke0392703/projects/E-commercePrettyface/package.json [37ms]
2024-07-15 17:58:16.164 [info] > git cat-file -s 61858d0a567df0cd7a13c592cf22043e96a1ebdf [54ms]
2024-07-15 17:58:16.416 [info] > git ls-files --stage -- /home/ooke0392703/projects/E-commercePrettyface/Rakefile [4ms]
2024-07-15 17:58:16.456 [info] > git show --textconv :Rakefile [47ms]
2024-07-15 17:58:16.456 [info] > git cat-file -s 9a5ea7383aa83eec12490380a7391d1bb93eeb96 [37ms]
2024-07-15 17:58:16.807 [info] > git ls-files --stage -- /home/ooke0392703/projects/E-commercePrettyface/Procfile.dev [3ms]
2024-07-15 17:58:16.813 [info] > git show --textconv :Procfile.dev [13ms]
2024-07-15 17:58:16.818 [info] > git cat-file -s 1aecbcfdf7d4e59ab273f968cad0618c58a1eead [5ms]
2024-07-15 17:58:23.426 [info] > git config --get commit.template [12ms]
2024-07-15 17:58:23.435 [info] > git for-each-ref --format=%(refname)%00%(upstream:short)%00%(objectname)%00%(upstream:track)%00%(upstream:remotename)%00%(upstream:remoteref) refs/heads/main refs/remotes/main [10ms]
2024-07-15 17:58:23.475 [info] > git status -z -uall [26ms]
2024-07-15 17:58:23.485 [info] > git for-each-ref --format=%(refname)%00%(upstream:short)%00%(objectname)%00%(upstream:track)%00%(upstream:remotename)%00%(upstream:remoteref) refs/heads/main refs/remotes/main [3ms]
2024-07-15 17:58:23.492 [info] > git config --local branch.main.vscode-merge-base [2ms]
2024-07-15 17:58:23.492 [warning] git config failed: Failed to execute git
2024-07-15 17:58:23.505 [info] > git reflog main --grep-reflog=branch: Created from *. [3ms]
2024-07-15 17:58:23.515 [info] > git symbolic-ref --short refs/remotes/origin/HEAD [2ms]
2024-07-15 17:58:23.515 [info] fatal: ref refs/remotes/origin/HEAD is not a symbolic ref
2024-07-15 17:58:28.494 [info] > git config --get commit.template [5ms]
2024-07-15 17:58:28.495 [info] > git for-each-ref --format=%(refname)%00%(upstream:short)%00%(objectname)%00%(upstream:track)%00%(upstream:remotename)%00%(upstream:remoteref) refs/heads/main refs/remotes/main [3ms]
2024-07-15 17:58:28.514 [info] > git status -z -uall [15ms]
2024-07-15 17:58:28.521 [info] > git for-each-ref --format=%(refname)%00%(upstream:short)%00%(objectname)%00%(upstream:track)%00%(upstream:remotename)%00%(upstream:remoteref) refs/heads/main refs/remotes/main [2ms]
2024-07-15 17:58:28.526 [info] > git config --local branch.main.vscode-merge-base [1ms]
2024-07-15 17:58:28.526 [warning] git config failed: Failed to execute git
2024-07-15 17:58:28.534 [info] > git reflog main --grep-reflog=branch: Created from *. [3ms]
2024-07-15 17:58:28.540 [info] > git symbolic-ref --short refs/remotes/origin/HEAD [2ms]
2024-07-15 17:58:28.540 [info] fatal: ref refs/remotes/origin/HEAD is not a symbolic ref
2024-07-15 17:58:43.043 [info] > git config --get commit.template [6ms]
2024-07-15 17:58:43.045 [info] > git for-each-ref --format=%(refname)%00%(upstream:short)%00%(objectname)%00%(upstream:track)%00%(upstream:remotename)%00%(upstream:remoteref) refs/heads/main refs/remotes/main [3ms]
2024-07-15 17:58:43.073 [info] > git status -z -uall [18ms]
2024-07-15 17:58:43.082 [info] > git for-each-ref --format=%(refname)%00%(upstream:short)%00%(objectname)%00%(upstream:track)%00%(upstream:remotename)%00%(upstream:remoteref) refs/heads/main refs/remotes/main [3ms]
2024-07-15 17:58:43.092 [info] > git config --local branch.main.vscode-merge-base [2ms]
2024-07-15 17:58:43.093 [warning] git config failed: Failed to execute git
2024-07-15 17:58:43.100 [info] > git reflog main --grep-reflog=branch: Created from *. [3ms]
2024-07-15 17:58:43.105 [info] > git symbolic-ref --short refs/remotes/origin/HEAD [2ms]
2024-07-15 17:58:43.105 [info] fatal: ref refs/remotes/origin/HEAD is not a symbolic ref
2024-07-15 17:58:50.850 [info] > git config --get commit.template [8ms]
2024-07-15 17:58:50.863 [info] > git for-each-ref --format=%(refname)%00%(upstream:short)%00%(objectname)%00%(upstream:track)%00%(upstream:remotename)%00%(upstream:remoteref) refs/heads/main refs/remotes/main [16ms]
2024-07-15 17:58:50.890 [info] > git status -z -uall [20ms]
2024-07-15 17:58:50.897 [info] > git for-each-ref --format=%(refname)%00%(upstream:short)%00%(objectname)%00%(upstream:track)%00%(upstream:remotename)%00%(upstream:remoteref) refs/heads/main refs/remotes/main [3ms]
2024-07-15 17:58:50.909 [info] > git config --local branch.main.vscode-merge-base [2ms]
2024-07-15 17:58:50.909 [warning] git config failed: Failed to execute git
2024-07-15 17:58:50.920 [info] > git reflog main --grep-reflog=branch: Created from *. [5ms]
2024-07-15 17:58:50.926 [info] > git symbolic-ref --short refs/remotes/origin/HEAD [1ms]
2024-07-15 17:58:50.926 [info] fatal: ref refs/remotes/origin/HEAD is not a symbolic ref
2024-07-15 17:58:58.101 [info] > git config --get commit.template [6ms]
2024-07-15 17:58:58.103 [info] > git for-each-ref --format=%(refname)%00%(upstream:short)%00%(objectname)%00%(upstream:track)%00%(upstream:remotename)%00%(upstream:remoteref) refs/heads/main refs/remotes/main [2ms]
2024-07-15 17:58:58.126 [info] > git status -z -uall [19ms]
2024-07-15 17:58:58.137 [info] > git for-each-ref --format=%(refname)%00%(upstream:short)%00%(objectname)%00%(upstream:track)%00%(upstream:remotename)%00%(upstream:remoteref) refs/heads/main refs/remotes/main [4ms]
2024-07-15 17:58:58.150 [info] > git config --local branch.main.vscode-merge-base [4ms]
2024-07-15 17:58:58.150 [warning] git config failed: Failed to execute git
2024-07-15 17:58:58.157 [info] > git reflog main --grep-reflog=branch: Created from *. [4ms]
2024-07-15 17:58:58.164 [info] > git symbolic-ref --short refs/remotes/origin/HEAD [1ms]
2024-07-15 17:58:58.164 [info] fatal: ref refs/remotes/origin/HEAD is not a symbolic ref
2024-07-15 17:59:26.346 [info] > git config --get commit.template [5ms]
2024-07-15 17:59:26.357 [info] > git for-each-ref --format=%(refname)%00%(upstream:short)%00%(objectname)%00%(upstream:track)%00%(upstream:remotename)%00%(upstream:remoteref) refs/heads/main refs/remotes/main [12ms]
2024-07-15 17:59:26.436 [info] > git status -z -uall [74ms]
2024-07-15 17:59:26.449 [info] > git for-each-ref --format=%(refname)%00%(upstream:short)%00%(objectname)%00%(upstream:track)%00%(upstream:remotename)%00%(upstream:remoteref) refs/heads/main refs/remotes/main [2ms]
2024-07-15 17:59:26.464 [info] > git config --local branch.main.vscode-merge-base [2ms]
2024-07-15 17:59:26.464 [warning] git config failed: Failed to execute git
2024-07-15 17:59:26.477 [info] > git reflog main --grep-reflog=branch: Created from *. [9ms]
2024-07-15 17:59:26.483 [info] > git symbolic-ref --short refs/remotes/origin/HEAD [1ms]
2024-07-15 17:59:26.483 [info] fatal: ref refs/remotes/origin/HEAD is not a symbolic ref
2024-07-15 17:59:33.411 [info] > git ls-files --stage -- /home/ooke0392703/projects/E-commercePrettyface/app/controllers/products_contoller.rb [6ms]
2024-07-15 17:59:33.418 [info] > git show --textconv :app/controllers/products_contoller.rb [17ms]
2024-07-15 17:59:33.420 [info] > git cat-file -s c9e8e179c77ba36567c8a08bcb408f9dc3a66afd [2ms]
2024-07-15 18:00:36.960 [info] > git fetch [936ms]
2024-07-15 18:00:36.969 [info] > git config --get commit.template [4ms]
2024-07-15 18:00:36.976 [info] > git for-each-ref --format=%(refname)%00%(upstream:short)%00%(objectname)%00%(upstream:track)%00%(upstream:remotename)%00%(upstream:remoteref) refs/heads/main refs/remotes/main [3ms]
2024-07-15 18:00:37.009 [info] > git status -z -uall [23ms]
2024-07-15 18:00:37.027 [info] > git for-each-ref --format=%(refname)%00%(upstream:short)%00%(objectname)%00%(upstream:track)%00%(upstream:remotename)%00%(upstream:remoteref) refs/heads/main refs/remotes/main [11ms]
2024-07-15 18:00:37.033 [info] > git config --local branch.main.vscode-merge-base [2ms]
2024-07-15 18:00:37.033 [warning] git config failed: Failed to execute git
2024-07-15 18:00:37.042 [info] > git reflog main --grep-reflog=branch: Created from *. [3ms]
2024-07-15 18:00:37.053 [info] > git symbolic-ref --short refs/remotes/origin/HEAD [2ms]
2024-07-15 18:00:37.053 [info] fatal: ref refs/remotes/origin/HEAD is not a symbolic ref
2024-07-15 18:00:38.093 [info] > git ls-files --stage -- /home/ooke0392703/projects/E-commercePrettyface/app/controllers/products_contoller.rb [3ms]
2024-07-15 18:00:38.099 [info] > git cat-file -s c9e8e179c77ba36567c8a08bcb408f9dc3a66afd [2ms]
2024-07-15 18:00:38.114 [info] > git show --textconv :app/controllers/products_contoller.rb [4ms]
2024-07-15 18:00:41.576 [info] > git show --textconv :config/routes.rb [7ms]
2024-07-15 18:00:41.578 [info] > git ls-files --stage -- /home/ooke0392703/projects/E-commercePrettyface/config/routes.rb [3ms]
2024-07-15 18:00:41.584 [info] > git cat-file -s 9d73da83356a580e6c236c2381ab662a1c6920e9 [2ms]
2024-07-15 18:03:34.220 [info] > git config --get commit.template [5ms]
2024-07-15 18:03:34.221 [info] > git for-each-ref --format=%(refname)%00%(upstream:short)%00%(objectname)%00%(upstream:track)%00%(upstream:remotename)%00%(upstream:remoteref) refs/heads/main refs/remotes/main [2ms]
2024-07-15 18:03:34.237 [info] > git status -z -uall [13ms]
2024-07-15 18:03:34.244 [info] > git for-each-ref --format=%(refname)%00%(upstream:short)%00%(objectname)%00%(upstream:track)%00%(upstream:remotename)%00%(upstream:remoteref) refs/heads/main refs/remotes/main [3ms]
2024-07-15 18:03:34.251 [info] > git config --local branch.main.vscode-merge-base [1ms]
2024-07-15 18:03:34.251 [warning] git config failed: Failed to execute git
2024-07-15 18:03:34.263 [info] > git reflog main --grep-reflog=branch: Created from *. [8ms]
2024-07-15 18:03:34.269 [info] > git symbolic-ref --short refs/remotes/origin/HEAD [1ms]
2024-07-15 18:03:34.269 [info] fatal: ref refs/remotes/origin/HEAD is not a symbolic ref
2024-07-15 18:03:37.885 [info] > git fetch [864ms]
2024-07-15 18:03:37.895 [info] > git config --get commit.template [4ms]
2024-07-15 18:03:37.897 [info] > git for-each-ref --format=%(refname)%00%(upstream:short)%00%(objectname)%00%(upstream:track)%00%(upstream:remotename)%00%(upstream:remoteref) refs/heads/main refs/remotes/main [3ms]
2024-07-15 18:03:37.918 [info] > git status -z -uall [17ms]
2024-07-15 18:03:37.926 [info] > git for-each-ref --format=%(refname)%00%(upstream:short)%00%(objectname)%00%(upstream:track)%00%(upstream:remotename)%00%(upstream:remoteref) refs/heads/main refs/remotes/main [3ms]
2024-07-15 18:03:37.939 [info] > git config --local branch.main.vscode-merge-base [7ms]
2024-07-15 18:03:37.939 [warning] git config failed: Failed to execute git
2024-07-15 18:03:37.948 [info] > git reflog main --grep-reflog=branch: Created from *. [5ms]
2024-07-15 18:03:37.951 [info] > git symbolic-ref --short refs/remotes/origin/HEAD [1ms]
2024-07-15 18:03:37.951 [info] fatal: ref refs/remotes/origin/HEAD is not a symbolic ref
2024-07-15 18:03:39.018 [info] > git ls-files --stage -- /home/ooke0392703/projects/E-commercePrettyface/config/routes.rb [2ms]
2024-07-15 18:03:39.022 [info] > git cat-file -s 9d73da83356a580e6c236c2381ab662a1c6920e9 [1ms]
2024-07-15 18:03:39.035 [info] > git show --textconv :config/routes.rb [3ms]
2024-07-15 18:03:39.253 [info] > git config --get commit.template [4ms]
2024-07-15 18:03:39.254 [info] > git for-each-ref --format=%(refname)%00%(upstream:short)%00%(objectname)%00%(upstream:track)%00%(upstream:remotename)%00%(upstream:remoteref) refs/heads/main refs/remotes/main [2ms]
2024-07-15 18:03:39.271 [info] > git status -z -uall [14ms]
2024-07-15 18:03:39.277 [info] > git for-each-ref --format=%(refname)%00%(upstream:short)%00%(objectname)%00%(upstream:track)%00%(upstream:remotename)%00%(upstream:remoteref) refs/heads/main refs/remotes/main [3ms]
2024-07-15 18:03:39.286 [info] > git config --local branch.main.vscode-merge-base [4ms]
2024-07-15 18:03:39.286 [warning] git config failed: Failed to execute git
2024-07-15 18:03:39.293 [info] > git reflog main --grep-reflog=branch: Created from *. [3ms]
2024-07-15 18:03:39.301 [info] > git symbolic-ref --short refs/remotes/origin/HEAD [2ms]
2024-07-15 18:03:39.301 [info] fatal: ref refs/remotes/origin/HEAD is not a symbolic ref
2024-07-15 18:03:47.446 [info] > git config --get commit.template [5ms]
2024-07-15 18:03:47.448 [info] > git for-each-ref --format=%(refname)%00%(upstream:short)%00%(objectname)%00%(upstream:track)%00%(upstream:remotename)%00%(upstream:remoteref) refs/heads/main refs/remotes/main [2ms]
2024-07-15 18:03:47.464 [info] > git status -z -uall [12ms]
2024-07-15 18:03:47.472 [info] > git for-each-ref --format=%(refname)%00%(upstream:short)%00%(objectname)%00%(upstream:track)%00%(upstream:remotename)%00%(upstream:remoteref) refs/heads/main refs/remotes/main [3ms]
2024-07-15 18:03:47.480 [info] > git config --local branch.main.vscode-merge-base [4ms]
2024-07-15 18:03:47.480 [warning] git config failed: Failed to execute git
2024-07-15 18:03:47.487 [info] > git reflog main --grep-reflog=branch: Created from *. [3ms]
2024-07-15 18:03:47.492 [info] > git symbolic-ref --short refs/remotes/origin/HEAD [1ms]
2024-07-15 18:03:47.492 [info] fatal: ref refs/remotes/origin/HEAD is not a symbolic ref
2024-07-15 18:03:54.703 [info] > git config --get commit.template [12ms]
2024-07-15 18:03:54.708 [info] > git for-each-ref --format=%(refname)%00%(upstream:short)%00%(objectname)%00%(upstream:track)%00%(upstream:remotename)%00%(upstream:remoteref) refs/heads/main refs/remotes/main [2ms]
2024-07-15 18:03:54.751 [info] > git status -z -uall [37ms]
2024-07-15 18:03:54.773 [info] > git for-each-ref --format=%(refname)%00%(upstream:short)%00%(objectname)%00%(upstream:track)%00%(upstream:remotename)%00%(upstream:remoteref) refs/heads/main refs/remotes/main [11ms]
2024-07-15 18:03:54.786 [info] > git config --local branch.main.vscode-merge-base [5ms]
2024-07-15 18:03:54.786 [warning] git config failed: Failed to execute git
2024-07-15 18:03:54.795 [info] > git reflog main --grep-reflog=branch: Created from *. [5ms]
2024-07-15 18:03:54.801 [info] > git symbolic-ref --short refs/remotes/origin/HEAD [2ms]
2024-07-15 18:03:54.801 [info] fatal: ref refs/remotes/origin/HEAD is not a symbolic ref
2024-07-15 18:03:59.775 [info] > git config --get commit.template [4ms]
2024-07-15 18:03:59.777 [info] > git for-each-ref --format=%(refname)%00%(upstream:short)%00%(objectname)%00%(upstream:track)%00%(upstream:remotename)%00%(upstream:remoteref) refs/heads/main refs/remotes/main [2ms]
2024-07-15 18:03:59.795 [info] > git status -z -uall [15ms]
2024-07-15 18:03:59.803 [info] > git for-each-ref --format=%(refname)%00%(upstream:short)%00%(objectname)%00%(upstream:track)%00%(upstream:remotename)%00%(upstream:remoteref) refs/heads/main refs/remotes/main [2ms]
2024-07-15 18:03:59.813 [info] > git config --local branch.main.vscode-merge-base [3ms]
2024-07-15 18:03:59.813 [warning] git config failed: Failed to execute git
2024-07-15 18:03:59.822 [info] > git reflog main --grep-reflog=branch: Created from *. [3ms]
2024-07-15 18:03:59.826 [info] > git symbolic-ref --short refs/remotes/origin/HEAD [1ms]
2024-07-15 18:03:59.826 [info] fatal: ref refs/remotes/origin/HEAD is not a symbolic ref
2024-07-15 18:04:21.245 [info] > git config --get commit.template [5ms]
2024-07-15 18:04:21.251 [info] > git for-each-ref --format=%(refname)%00%(upstream:short)%00%(objectname)%00%(upstream:track)%00%(upstream:remotename)%00%(upstream:remoteref) refs/heads/main refs/remotes/main [6ms]
2024-07-15 18:04:21.282 [info] > git status -z -uall [26ms]
2024-07-15 18:04:21.291 [info] > git for-each-ref --format=%(refname)%00%(upstream:short)%00%(objectname)%00%(upstream:track)%00%(upstream:remotename)%00%(upstream:remoteref) refs/heads/main refs/remotes/main [3ms]
2024-07-15 18:04:21.298 [info] > git config --local branch.main.vscode-merge-base [2ms]
2024-07-15 18:04:21.298 [warning] git config failed: Failed to execute git
2024-07-15 18:04:21.310 [info] > git reflog main --grep-reflog=branch: Created from *. [2ms]
2024-07-15 18:04:21.326 [info] > git symbolic-ref --short refs/remotes/origin/HEAD [12ms]
2024-07-15 18:04:21.326 [info] fatal: ref refs/remotes/origin/HEAD is not a symbolic ref
2024-07-15 18:05:04.662 [info] > git config --get commit.template [5ms]
2024-07-15 18:05:04.664 [info] > git for-each-ref --format=%(refname)%00%(upstream:short)%00%(objectname)%00%(upstream:track)%00%(upstream:remotename)%00%(upstream:remoteref) refs/heads/main refs/remotes/main [3ms]
2024-07-15 18:05:04.708 [info] > git status -z -uall [39ms]
2024-07-15 18:05:04.717 [info] > git for-each-ref --format=%(refname)%00%(upstream:short)%00%(objectname)%00%(upstream:track)%00%(upstream:remotename)%00%(upstream:remoteref) refs/heads/main refs/remotes/main [3ms]
2024-07-15 18:05:04.730 [info] > git config --local branch.main.vscode-merge-base [8ms]
2024-07-15 18:05:04.730 [warning] git config failed: Failed to execute git
2024-07-15 18:05:04.738 [info] > git reflog main --grep-reflog=branch: Created from *. [4ms]
2024-07-15 18:05:04.748 [info] > git symbolic-ref --short refs/remotes/origin/HEAD [7ms]
2024-07-15 18:05:04.748 [info] fatal: ref refs/remotes/origin/HEAD is not a symbolic ref
2024-07-15 18:05:09.732 [info] > git config --get commit.template [9ms]
2024-07-15 18:05:09.734 [info] > git for-each-ref --format=%(refname)%00%(upstream:short)%00%(objectname)%00%(upstream:track)%00%(upstream:remotename)%00%(upstream:remoteref) refs/heads/main refs/remotes/main [3ms]
2024-07-15 18:05:09.836 [info] > git status -z -uall [97ms]
2024-07-15 18:05:09.854 [info] > git for-each-ref --format=%(refname)%00%(upstream:short)%00%(objectname)%00%(upstream:track)%00%(upstream:remotename)%00%(upstream:remoteref) refs/heads/main refs/remotes/main [13ms]
2024-07-15 18:05:09.869 [info] > git config --local branch.main.vscode-merge-base [10ms]
2024-07-15 18:05:09.869 [warning] git config failed: Failed to execute git
2024-07-15 18:05:09.886 [info] > git reflog main --grep-reflog=branch: Created from *. [12ms]
2024-07-15 18:05:09.892 [info] > git symbolic-ref --short refs/remotes/origin/HEAD [2ms]
2024-07-15 18:05:09.892 [info] fatal: ref refs/remotes/origin/HEAD is not a symbolic ref
2024-07-15 18:05:25.500 [info] > git show --textconv :app/controllers/customer_controller [5ms]
2024-07-15 18:05:25.502 [info] > git ls-files --stage -- /home/ooke0392703/projects/E-commercePrettyface/app/controllers/customer_controller [3ms]
2024-07-15 18:05:25.508 [info] > git cat-file -s 76aae55d849a3b69e110574573addce16a29b649 [3ms]
2024-07-15 18:05:30.895 [info] > git show --textconv :app/controllers/customer_controller.rb [6ms]
2024-07-15 18:05:30.904 [info] > git ls-files --stage -- /home/ooke0392703/projects/E-commercePrettyface/app/controllers/customer_controller.rb [10ms]
2024-07-15 18:05:31.171 [info] > git check-ignore -v -z --stdin [4ms]
2024-07-15 18:05:31.676 [info] > git config --get commit.template [5ms]
2024-07-15 18:05:31.678 [info] > git for-each-ref --format=%(refname)%00%(upstream:short)%00%(objectname)%00%(upstream:track)%00%(upstream:remotename)%00%(upstream:remoteref) refs/heads/main refs/remotes/main [3ms]
2024-07-15 18:05:31.703 [info] > git status -z -uall [21ms]
2024-07-15 18:05:31.712 [info] > git for-each-ref --format=%(refname)%00%(upstream:short)%00%(objectname)%00%(upstream:track)%00%(upstream:remotename)%00%(upstream:remoteref) refs/heads/main refs/remotes/main [3ms]
2024-07-15 18:05:31.720 [info] > git config --local branch.main.vscode-merge-base [3ms]
2024-07-15 18:05:31.720 [warning] git config failed: Failed to execute git
2024-07-15 18:05:31.729 [info] > git reflog main --grep-reflog=branch: Created from *. [3ms]
2024-07-15 18:05:31.742 [info] > git symbolic-ref --short refs/remotes/origin/HEAD [3ms]
2024-07-15 18:05:31.742 [info] fatal: ref refs/remotes/origin/HEAD is not a symbolic ref
2024-07-15 18:05:33.053 [info] > git ls-files --stage -- /home/ooke0392703/projects/E-commercePrettyface/app/controllers/carts_controller.rb [3ms]
2024-07-15 18:05:33.068 [info] > git cat-file -s f7ed2159e369d8ccf37b10d5d00a9d8b24c89666 [11ms]
2024-07-15 18:05:33.070 [info] > git show --textconv :app/controllers/carts_controller.rb [24ms]
2024-07-15 18:05:37.065 [info] > git ls-files --stage -- /home/ooke0392703/projects/E-commercePrettyface/app/controllers/checkout_controller.rb [3ms]
2024-07-15 18:05:37.100 [info] > git show --textconv :app/controllers/checkout_controller.rb [42ms]
2024-07-15 18:05:37.101 [info] > git cat-file -s 2c0002b5193055ed99d0ae1d825e624aade24d93 [32ms]
2024-07-15 18:05:51.045 [info] > git ls-files --stage -- /home/ooke0392703/projects/E-commercePrettyface/app/controllers/contacts_controller.rb [13ms]
2024-07-15 18:05:51.068 [info] > git show --textconv :app/controllers/contacts_controller.rb [41ms]
2024-07-15 18:05:51.068 [info] > git cat-file -s f25c1b3cdbc9d69c5876d9a97e5e316d621c6cdc [20ms]
2024-07-15 18:05:55.409 [info] > git show --textconv :app/controllers/customer_controller.rb [5ms]
2024-07-15 18:05:55.415 [info] > git ls-files --stage -- /home/ooke0392703/projects/E-commercePrettyface/app/controllers/customer_controller.rb [7ms]
2024-07-15 18:05:59.258 [info] > git ls-files --stage -- /home/ooke0392703/projects/E-commercePrettyface/app/controllers/home_controller.erb [2ms]
2024-07-15 18:05:59.269 [info] > git show --textconv :app/controllers/home_controller.erb [18ms]
2024-07-15 18:05:59.270 [info] > git cat-file -s 61240e843837c12c5210ebeebeec953e6b6e0a0b [8ms]
2024-07-15 18:06:07.405 [info] > git show --textconv :app/controllers/home_controller.rb [13ms]
2024-07-15 18:06:07.406 [info] > git ls-files --stage -- /home/ooke0392703/projects/E-commercePrettyface/app/controllers/home_controller.rb [10ms]
2024-07-15 18:06:07.421 [info] > git cat-file -s 4dfcfab15b0f8438e32fe939410003a83ce8cc0f [9ms]
2024-07-15 18:06:12.288 [info] > git show --textconv :app/controllers/home_controller.erb [15ms]
2024-07-15 18:06:12.288 [info] > git ls-files --stage -- /home/ooke0392703/projects/E-commercePrettyface/app/controllers/home_controller.erb [11ms]
2024-07-15 18:06:12.304 [info] > git cat-file -s 61240e843837c12c5210ebeebeec953e6b6e0a0b [12ms]
2024-07-15 18:06:23.588 [info] > git show --textconv :app/controllers/home_controller.html.erb [6ms]
2024-07-15 18:06:23.595 [info] > git ls-files --stage -- /home/ooke0392703/projects/E-commercePrettyface/app/controllers/home_controller.html.erb [8ms]
2024-07-15 18:06:23.660 [info] > git check-ignore -v -z --stdin [3ms]
2024-07-15 18:06:24.174 [info] > git config --get commit.template [5ms]
2024-07-15 18:06:24.176 [info] > git for-each-ref --format=%(refname)%00%(upstream:short)%00%(objectname)%00%(upstream:track)%00%(upstream:remotename)%00%(upstream:remoteref) refs/heads/main refs/remotes/main [3ms]
2024-07-15 18:06:24.217 [info] > git status -z -uall [35ms]
2024-07-15 18:06:24.226 [info] > git for-each-ref --format=%(refname)%00%(upstream:short)%00%(objectname)%00%(upstream:track)%00%(upstream:remotename)%00%(upstream:remoteref) refs/heads/main refs/remotes/main [3ms]
2024-07-15 18:06:24.260 [info] > git config --local branch.main.vscode-merge-base [2ms]
2024-07-15 18:06:24.260 [warning] git config failed: Failed to execute git
2024-07-15 18:06:24.268 [info] > git reflog main --grep-reflog=branch: Created from *. [3ms]
2024-07-15 18:06:24.275 [info] > git symbolic-ref --short refs/remotes/origin/HEAD [0ms]
2024-07-15 18:06:24.275 [info] fatal: ref refs/remotes/origin/HEAD is not a symbolic ref
2024-07-15 18:06:33.117 [info] > git show --textconv :app/views/home/home_controller.html.erb [6ms]
2024-07-15 18:06:33.119 [info] > git ls-files --stage -- /home/ooke0392703/projects/E-commercePrettyface/app/views/home/home_controller.html.erb [4ms]
2024-07-15 18:06:33.141 [info] > git check-ignore -v -z --stdin [3ms]
2024-07-15 18:06:33.662 [info] > git config --get commit.template [5ms]
2024-07-15 18:06:33.664 [info] > git for-each-ref --format=%(refname)%00%(upstream:short)%00%(objectname)%00%(upstream:track)%00%(upstream:remotename)%00%(upstream:remoteref) refs/heads/main refs/remotes/main [2ms]
2024-07-15 18:06:33.681 [info] > git status -z -uall [13ms]
2024-07-15 18:06:33.688 [info] > git for-each-ref --format=%(refname)%00%(upstream:short)%00%(objectname)%00%(upstream:track)%00%(upstream:remotename)%00%(upstream:remoteref) refs/heads/main refs/remotes/main [3ms]
2024-07-15 18:06:33.697 [info] > git config --local branch.main.vscode-merge-base [3ms]
2024-07-15 18:06:33.697 [warning] git config failed: Failed to execute git
2024-07-15 18:06:33.705 [info] > git reflog main --grep-reflog=branch: Created from *. [4ms]
2024-07-15 18:06:33.711 [info] > git symbolic-ref --short refs/remotes/origin/HEAD [2ms]
2024-07-15 18:06:33.711 [info] fatal: ref refs/remotes/origin/HEAD is not a symbolic ref
2024-07-15 18:06:37.917 [info] > git show --textconv :app/controllers/home_controller.rb [5ms]
2024-07-15 18:06:37.919 [info] > git ls-files --stage -- /home/ooke0392703/projects/E-commercePrettyface/app/controllers/home_controller.rb [3ms]
2024-07-15 18:06:37.929 [info] > git cat-file -s 4dfcfab15b0f8438e32fe939410003a83ce8cc0f [6ms]
2024-07-15 18:06:38.843 [info] > git fetch [915ms]
2024-07-15 18:06:38.852 [info] > git config --get commit.template [3ms]
2024-07-15 18:06:38.853 [info] > git for-each-ref --format=%(refname)%00%(upstream:short)%00%(objectname)%00%(upstream:track)%00%(upstream:remotename)%00%(upstream:remoteref) refs/heads/main refs/remotes/main [2ms]
2024-07-15 18:06:38.879 [info] > git status -z -uall [21ms]
2024-07-15 18:06:38.885 [info] > git for-each-ref --format=%(refname)%00%(upstream:short)%00%(objectname)%00%(upstream:track)%00%(upstream:remotename)%00%(upstream:remoteref) refs/heads/main refs/remotes/main [3ms]
2024-07-15 18:06:38.892 [info] > git config --local branch.main.vscode-merge-base [2ms]
2024-07-15 18:06:38.892 [warning] git config failed: Failed to execute git
2024-07-15 18:06:38.902 [info] > git reflog main --grep-reflog=branch: Created from *. [5ms]
2024-07-15 18:06:38.908 [info] > git symbolic-ref --short refs/remotes/origin/HEAD [2ms]
2024-07-15 18:06:38.908 [info] fatal: ref refs/remotes/origin/HEAD is not a symbolic ref
2024-07-15 18:06:39.980 [info] > git ls-files --stage -- /home/ooke0392703/projects/E-commercePrettyface/app/controllers/home_controller.rb [3ms]
2024-07-15 18:06:39.985 [info] > git cat-file -s 4dfcfab15b0f8438e32fe939410003a83ce8cc0f [1ms]
2024-07-15 18:06:39.996 [info] > git show --textconv :app/controllers/home_controller.rb [4ms]
2024-07-15 18:06:41.950 [info] > git ls-files --stage -- /home/ooke0392703/projects/E-commercePrettyface/app/controllers/orders_controller.rb [3ms]
2024-07-15 18:06:41.956 [info] > git show --textconv :app/controllers/orders_controller.rb [13ms]
2024-07-15 18:06:41.956 [info] > git cat-file -s 83aa94f880afb3a6b7194ad1647ec3891688bfec [2ms]
2024-07-15 18:06:45.531 [info] > git ls-files --stage -- /home/ooke0392703/projects/E-commercePrettyface/app/controllers/pages_controller.rb [2ms]
2024-07-15 18:06:45.542 [info] > git show --textconv :app/controllers/pages_controller.rb [18ms]
2024-07-15 18:06:45.544 [info] > git cat-file -s 423b696136125d68653c80ab2a4e03f978082653 [2ms]
2024-07-15 18:06:50.720 [info] > git show --textconv :app/controllers/products_contoller.rb [6ms]
2024-07-15 18:06:50.721 [info] > git ls-files --stage -- /home/ooke0392703/projects/E-commercePrettyface/app/controllers/products_contoller.rb [2ms]
2024-07-15 18:06:50.728 [info] > git cat-file -s c9e8e179c77ba36567c8a08bcb408f9dc3a66afd [3ms]
2024-07-15 18:07:02.647 [info] > git show --textconv :app/controllers/home_controller.rb [7ms]
2024-07-15 18:07:02.648 [info] > git ls-files --stage -- /home/ooke0392703/projects/E-commercePrettyface/app/controllers/home_controller.rb [3ms]
2024-07-15 18:07:02.656 [info] > git cat-file -s 4dfcfab15b0f8438e32fe939410003a83ce8cc0f [4ms]
2024-07-15 18:07:03.504 [info] > git show --textconv :app/controllers/pages_controller.rb [6ms]
2024-07-15 18:07:03.512 [info] > git ls-files --stage -- /home/ooke0392703/projects/E-commercePrettyface/app/controllers/pages_controller.rb [8ms]
2024-07-15 18:07:03.517 [info] > git cat-file -s 423b696136125d68653c80ab2a4e03f978082653 [2ms]
2024-07-15 18:07:04.206 [info] > git show --textconv :app/controllers/orders_controller.rb [5ms]
2024-07-15 18:07:04.222 [info] > git ls-files --stage -- /home/ooke0392703/projects/E-commercePrettyface/app/controllers/orders_controller.rb [16ms]
2024-07-15 18:07:04.237 [info] > git cat-file -s 83aa94f880afb3a6b7194ad1647ec3891688bfec [3ms]
2024-07-15 18:07:04.825 [info] > git show --textconv :app/controllers/contacts_controller.rb [3ms]
2024-07-15 18:07:04.827 [info] > git ls-files --stage -- /home/ooke0392703/projects/E-commercePrettyface/app/controllers/contacts_controller.rb [3ms]
2024-07-15 18:07:04.833 [info] > git cat-file -s f25c1b3cdbc9d69c5876d9a97e5e316d621c6cdc [0ms]
2024-07-15 18:07:15.019 [info] > git config --get commit.template [2ms]
2024-07-15 18:07:15.031 [info] > git for-each-ref --format=%(refname)%00%(upstream:short)%00%(objectname)%00%(upstream:track)%00%(upstream:remotename)%00%(upstream:remoteref) refs/heads/main refs/remotes/main [6ms]
2024-07-15 18:07:15.061 [info] > git status -z -uall [24ms]
2024-07-15 18:07:15.070 [info] > git for-each-ref --format=%(refname)%00%(upstream:short)%00%(objectname)%00%(upstream:track)%00%(upstream:remotename)%00%(upstream:remoteref) refs/heads/main refs/remotes/main [2ms]
2024-07-15 18:07:15.085 [info] > git config --local branch.main.vscode-merge-base [2ms]
2024-07-15 18:07:15.085 [warning] git config failed: Failed to execute git
2024-07-15 18:07:15.097 [info] > git reflog main --grep-reflog=branch: Created from *. [5ms]
2024-07-15 18:07:15.103 [info] > git symbolic-ref --short refs/remotes/origin/HEAD [1ms]
2024-07-15 18:07:15.103 [info] fatal: ref refs/remotes/origin/HEAD is not a symbolic ref
2024-07-15 18:07:17.023 [info] > git show --textconv :app/controllers/products_contoller.rb [10ms]
2024-07-15 18:07:17.023 [info] > git ls-files --stage -- /home/ooke0392703/projects/E-commercePrettyface/app/controllers/products_contoller.rb [1ms]
2024-07-15 18:07:17.029 [info] > git cat-file -s c9e8e179c77ba36567c8a08bcb408f9dc3a66afd [2ms]
2024-07-15 18:07:20.079 [info] > git config --get commit.template [5ms]
2024-07-15 18:07:20.081 [info] > git for-each-ref --format=%(refname)%00%(upstream:short)%00%(objectname)%00%(upstream:track)%00%(upstream:remotename)%00%(upstream:remoteref) refs/heads/main refs/remotes/main [2ms]
2024-07-15 18:07:20.099 [info] > git status -z -uall [14ms]
2024-07-15 18:07:20.107 [info] > git for-each-ref --format=%(refname)%00%(upstream:short)%00%(objectname)%00%(upstream:track)%00%(upstream:remotename)%00%(upstream:remoteref) refs/heads/main refs/remotes/main [3ms]
2024-07-15 18:07:20.119 [info] > git config --local branch.main.vscode-merge-base [3ms]
2024-07-15 18:07:20.119 [warning] git config failed: Failed to execute git
2024-07-15 18:07:20.131 [info] > git reflog main --grep-reflog=branch: Created from *. [8ms]
2024-07-15 18:07:20.139 [info] > git symbolic-ref --short refs/remotes/origin/HEAD [5ms]
2024-07-15 18:07:20.139 [info] fatal: ref refs/remotes/origin/HEAD is not a symbolic ref
2024-07-15 18:07:50.817 [info] > git show --textconv :config/routes.rb [6ms]
2024-07-15 18:07:50.818 [info] > git ls-files --stage -- /home/ooke0392703/projects/E-commercePrettyface/config/routes.rb [3ms]
2024-07-15 18:07:50.825 [info] > git cat-file -s 9d73da83356a580e6c236c2381ab662a1c6920e9 [3ms]
2024-07-15 18:08:12.454 [info] > git config --get commit.template [5ms]
2024-07-15 18:08:12.456 [info] > git for-each-ref --format=%(refname)%00%(upstream:short)%00%(objectname)%00%(upstream:track)%00%(upstream:remotename)%00%(upstream:remoteref) refs/heads/main refs/remotes/main [3ms]
2024-07-15 18:08:12.519 [info] > git status -z -uall [53ms]
2024-07-15 18:08:12.535 [info] > git for-each-ref --format=%(refname)%00%(upstream:short)%00%(objectname)%00%(upstream:track)%00%(upstream:remotename)%00%(upstream:remoteref) refs/heads/main refs/remotes/main [5ms]
2024-07-15 18:08:12.552 [info] > git config --local branch.main.vscode-merge-base [1ms]
2024-07-15 18:08:12.552 [warning] git config failed: Failed to execute git
2024-07-15 18:08:12.559 [info] > git reflog main --grep-reflog=branch: Created from *. [3ms]
2024-07-15 18:08:12.568 [info] > git symbolic-ref --short refs/remotes/origin/HEAD [1ms]
2024-07-15 18:08:12.568 [info] fatal: ref refs/remotes/origin/HEAD is not a symbolic ref
2024-07-15 18:08:17.550 [info] > git for-each-ref --format=%(refname)%00%(upstream:short)%00%(objectname)%00%(upstream:track)%00%(upstream:remotename)%00%(upstream:remoteref) refs/heads/main refs/remotes/main [8ms]
2024-07-15 18:08:17.550 [info] > git config --get commit.template [12ms]
2024-07-15 18:08:17.618 [info] > git status -z -uall [62ms]
2024-07-15 18:08:17.632 [info] > git for-each-ref --format=%(refname)%00%(upstream:short)%00%(objectname)%00%(upstream:track)%00%(upstream:remotename)%00%(upstream:remoteref) refs/heads/main refs/remotes/main [4ms]
2024-07-15 18:08:17.646 [info] > git config --local branch.main.vscode-merge-base [1ms]
2024-07-15 18:08:17.646 [warning] git config failed: Failed to execute git
2024-07-15 18:08:17.653 [info] > git reflog main --grep-reflog=branch: Created from *. [3ms]
2024-07-15 18:08:17.682 [info] > git symbolic-ref --short refs/remotes/origin/HEAD [25ms]
2024-07-15 18:08:17.682 [info] fatal: ref refs/remotes/origin/HEAD is not a symbolic ref
2024-07-15 18:08:36.893 [info] > git config --get commit.template [6ms]
2024-07-15 18:08:36.895 [info] > git for-each-ref --format=%(refname)%00%(upstream:short)%00%(objectname)%00%(upstream:track)%00%(upstream:remotename)%00%(upstream:remoteref) refs/heads/main refs/remotes/main [3ms]
2024-07-15 18:08:36.931 [info] > git status -z -uall [30ms]
2024-07-15 18:08:36.945 [info] > git for-each-ref --format=%(refname)%00%(upstream:short)%00%(objectname)%00%(upstream:track)%00%(upstream:remotename)%00%(upstream:remoteref) refs/heads/main refs/remotes/main [8ms]
2024-07-15 18:08:36.958 [info] > git config --local branch.main.vscode-merge-base [2ms]
2024-07-15 18:08:36.959 [warning] git config failed: Failed to execute git
2024-07-15 18:08:36.971 [info] > git reflog main --grep-reflog=branch: Created from *. [1ms]
2024-07-15 18:08:36.977 [info] > git symbolic-ref --short refs/remotes/origin/HEAD [1ms]
2024-07-15 18:08:36.977 [info] fatal: ref refs/remotes/origin/HEAD is not a symbolic ref
2024-07-15 18:09:41.063 [info] > git config --get commit.template [6ms]
2024-07-15 18:09:41.073 [info] > git for-each-ref --format=%(refname)%00%(upstream:short)%00%(objectname)%00%(upstream:track)%00%(upstream:remotename)%00%(upstream:remoteref) refs/heads/main refs/remotes/main [10ms]
2024-07-15 18:09:41.142 [info] > git status -z -uall [64ms]
2024-07-15 18:09:41.159 [info] > git for-each-ref --format=%(refname)%00%(upstream:short)%00%(objectname)%00%(upstream:track)%00%(upstream:remotename)%00%(upstream:remoteref) refs/heads/main refs/remotes/main [4ms]
2024-07-15 18:09:41.166 [info] > git config --local branch.main.vscode-merge-base [2ms]
2024-07-15 18:09:41.166 [warning] git config failed: Failed to execute git
2024-07-15 18:09:41.191 [info] > git reflog main --grep-reflog=branch: Created from *. [13ms]
2024-07-15 18:09:41.198 [info] > git symbolic-ref --short refs/remotes/origin/HEAD [2ms]
2024-07-15 18:09:41.198 [info] fatal: ref refs/remotes/origin/HEAD is not a symbolic ref
2024-07-15 18:09:42.079 [info] > git fetch [1027ms]
2024-07-15 18:09:42.087 [info] > git config --get commit.template [4ms]
2024-07-15 18:09:42.089 [info] > git for-each-ref --format=%(refname)%00%(upstream:short)%00%(objectname)%00%(upstream:track)%00%(upstream:remotename)%00%(upstream:remoteref) refs/heads/main refs/remotes/main [2ms]
2024-07-15 18:09:42.108 [info] > git status -z -uall [14ms]
2024-07-15 18:09:42.117 [info] > git for-each-ref --format=%(refname)%00%(upstream:short)%00%(objectname)%00%(upstream:track)%00%(upstream:remotename)%00%(upstream:remoteref) refs/heads/main refs/remotes/main [5ms]
2024-07-15 18:09:42.128 [info] > git config --local branch.main.vscode-merge-base [6ms]
2024-07-15 18:09:42.128 [warning] git config failed: Failed to execute git
2024-07-15 18:09:42.134 [info] > git reflog main --grep-reflog=branch: Created from *. [3ms]
2024-07-15 18:09:42.139 [info] > git symbolic-ref --short refs/remotes/origin/HEAD [2ms]
2024-07-15 18:09:42.139 [info] fatal: ref refs/remotes/origin/HEAD is not a symbolic ref
2024-07-15 18:09:43.210 [info] > git ls-files --stage -- /home/ooke0392703/projects/E-commercePrettyface/config/routes.rb [2ms]
2024-07-15 18:09:43.214 [info] > git cat-file -s 9d73da83356a580e6c236c2381ab662a1c6920e9 [2ms]
2024-07-15 18:09:43.226 [info] > git show --textconv :config/routes.rb [4ms]
2024-07-15 18:09:46.167 [info] > git config --get commit.template [4ms]
2024-07-15 18:09:46.169 [info] > git for-each-ref --format=%(refname)%00%(upstream:short)%00%(objectname)%00%(upstream:track)%00%(upstream:remotename)%00%(upstream:remoteref) refs/heads/main refs/remotes/main [3ms]
2024-07-15 18:09:46.185 [info] > git status -z -uall [12ms]
2024-07-15 18:09:46.192 [info] > git for-each-ref --format=%(refname)%00%(upstream:short)%00%(objectname)%00%(upstream:track)%00%(upstream:remotename)%00%(upstream:remoteref) refs/heads/main refs/remotes/main [3ms]
2024-07-15 18:09:46.202 [info] > git config --local branch.main.vscode-merge-base [4ms]
2024-07-15 18:09:46.202 [warning] git config failed: Failed to execute git
2024-07-15 18:09:46.209 [info] > git reflog main --grep-reflog=branch: Created from *. [3ms]
2024-07-15 18:09:46.214 [info] > git symbolic-ref --short refs/remotes/origin/HEAD [1ms]
2024-07-15 18:09:46.214 [info] fatal: ref refs/remotes/origin/HEAD is not a symbolic ref
2024-07-15 18:10:34.254 [info] > git config --get commit.template [6ms]
2024-07-15 18:10:34.257 [info] > git for-each-ref --format=%(refname)%00%(upstream:short)%00%(objectname)%00%(upstream:track)%00%(upstream:remotename)%00%(upstream:remoteref) refs/heads/main refs/remotes/main [3ms]
2024-07-15 18:10:34.292 [info] > git status -z -uall [30ms]
2024-07-15 18:10:34.302 [info] > git for-each-ref --format=%(refname)%00%(upstream:short)%00%(objectname)%00%(upstream:track)%00%(upstream:remotename)%00%(upstream:remoteref) refs/heads/main refs/remotes/main [4ms]
2024-07-15 18:10:34.313 [info] > git config --local branch.main.vscode-merge-base [1ms]
2024-07-15 18:10:34.314 [warning] git config failed: Failed to execute git
2024-07-15 18:10:34.336 [info] > git reflog main --grep-reflog=branch: Created from *. [1ms]
2024-07-15 18:10:34.343 [info] > git symbolic-ref --short refs/remotes/origin/HEAD [2ms]
2024-07-15 18:10:34.343 [info] fatal: ref refs/remotes/origin/HEAD is not a symbolic ref
2024-07-15 18:11:44.013 [info] > git show --textconv :app/controllers/pages_controller.rb [5ms]
2024-07-15 18:11:44.016 [info] > git ls-files --stage -- /home/ooke0392703/projects/E-commercePrettyface/app/controllers/pages_controller.rb [2ms]
2024-07-15 18:11:44.021 [info] > git cat-file -s 423b696136125d68653c80ab2a4e03f978082653 [1ms]
2024-07-15 18:11:44.926 [info] > git show --textconv :app/controllers/products_contoller.rb [5ms]
2024-07-15 18:11:44.928 [info] > git ls-files --stage -- /home/ooke0392703/projects/E-commercePrettyface/app/controllers/products_contoller.rb [3ms]
2024-07-15 18:11:44.935 [info] > git cat-file -s c9e8e179c77ba36567c8a08bcb408f9dc3a66afd [2ms]
2024-07-15 18:11:48.362 [info] > git show --textconv :app/controllers/pages_controller.rb [5ms]
2024-07-15 18:11:48.364 [info] > git ls-files --stage -- /home/ooke0392703/projects/E-commercePrettyface/app/controllers/pages_controller.rb [2ms]
2024-07-15 18:11:48.370 [info] > git cat-file -s 423b696136125d68653c80ab2a4e03f978082653 [1ms]
2024-07-15 18:11:49.330 [info] > git show --textconv :app/controllers/orders_controller.rb [4ms]
2024-07-15 18:11:49.333 [info] > git ls-files --stage -- /home/ooke0392703/projects/E-commercePrettyface/app/controllers/orders_controller.rb [3ms]
2024-07-15 18:11:49.338 [info] > git cat-file -s 83aa94f880afb3a6b7194ad1647ec3891688bfec [2ms]
2024-07-15 18:11:50.320 [info] > git show --textconv :app/controllers/pages_controller.rb [5ms]
2024-07-15 18:11:50.323 [info] > git ls-files --stage -- /home/ooke0392703/projects/E-commercePrettyface/app/controllers/pages_controller.rb [4ms]
2024-07-15 18:11:50.328 [info] > git cat-file -s 423b696136125d68653c80ab2a4e03f978082653 [2ms]
2024-07-15 18:11:50.878 [info] > git show --textconv :app/controllers/products_contoller.rb [5ms]
2024-07-15 18:11:50.879 [info] > git ls-files --stage -- /home/ooke0392703/projects/E-commercePrettyface/app/controllers/products_contoller.rb [2ms]
2024-07-15 18:11:50.885 [info] > git cat-file -s c9e8e179c77ba36567c8a08bcb408f9dc3a66afd [2ms]
2024-07-15 18:13:50.367 [info] > git fetch [819ms]
2024-07-15 18:13:50.376 [info] > git config --get commit.template [5ms]
2024-07-15 18:13:50.377 [info] > git for-each-ref --format=%(refname)%00%(upstream:short)%00%(objectname)%00%(upstream:track)%00%(upstream:remotename)%00%(upstream:remoteref) refs/heads/main refs/remotes/main [2ms]
2024-07-15 18:13:50.408 [info] > git status -z -uall [25ms]
2024-07-15 18:13:50.415 [info] > git for-each-ref --format=%(refname)%00%(upstream:short)%00%(objectname)%00%(upstream:track)%00%(upstream:remotename)%00%(upstream:remoteref) refs/heads/main refs/remotes/main [3ms]
2024-07-15 18:13:50.421 [info] > git config --local branch.main.vscode-merge-base [1ms]
2024-07-15 18:13:50.421 [warning] git config failed: Failed to execute git
2024-07-15 18:13:50.429 [info] > git reflog main --grep-reflog=branch: Created from *. [4ms]
2024-07-15 18:13:50.438 [info] > git symbolic-ref --short refs/remotes/origin/HEAD [4ms]
2024-07-15 18:13:50.438 [info] fatal: ref refs/remotes/origin/HEAD is not a symbolic ref
2024-07-15 18:13:51.498 [info] > git ls-files --stage -- /home/ooke0392703/projects/E-commercePrettyface/app/controllers/products_contoller.rb [2ms]
2024-07-15 18:13:51.503 [info] > git cat-file -s c9e8e179c77ba36567c8a08bcb408f9dc3a66afd [1ms]
2024-07-15 18:13:51.512 [info] > git show --textconv :app/controllers/products_contoller.rb [3ms]
2024-07-15 18:14:20.887 [info] > git show --textconv :config/routes.rb [4ms]
2024-07-15 18:14:20.889 [info] > git ls-files --stage -- /home/ooke0392703/projects/E-commercePrettyface/config/routes.rb [2ms]
2024-07-15 18:14:20.895 [info] > git cat-file -s 9d73da83356a580e6c236c2381ab662a1c6920e9 [2ms]
2024-07-15 18:14:32.477 [info] > git show --textconv :app/controllers/pages_controller.rb [4ms]
2024-07-15 18:14:32.479 [info] > git ls-files --stage -- /home/ooke0392703/projects/E-commercePrettyface/app/controllers/pages_controller.rb [3ms]
2024-07-15 18:14:32.485 [info] > git cat-file -s 423b696136125d68653c80ab2a4e03f978082653 [2ms]
2024-07-15 18:14:33.095 [info] > git show --textconv :app/controllers/products_contoller.rb [5ms]
2024-07-15 18:14:33.097 [info] > git ls-files --stage -- /home/ooke0392703/projects/E-commercePrettyface/app/controllers/products_contoller.rb [3ms]
2024-07-15 18:14:33.102 [info] > git cat-file -s c9e8e179c77ba36567c8a08bcb408f9dc3a66afd [2ms]
2024-07-15 18:14:58.623 [info] > git config --get commit.template [6ms]
2024-07-15 18:14:58.632 [info] > git for-each-ref --format=%(refname)%00%(upstream:short)%00%(objectname)%00%(upstream:track)%00%(upstream:remotename)%00%(upstream:remoteref) refs/heads/main refs/remotes/main [12ms]
2024-07-15 18:14:58.669 [info] > git status -z -uall [31ms]
2024-07-15 18:14:58.677 [info] > git for-each-ref --format=%(refname)%00%(upstream:short)%00%(objectname)%00%(upstream:track)%00%(upstream:remotename)%00%(upstream:remoteref) refs/heads/main refs/remotes/main [3ms]
2024-07-15 18:14:58.690 [info] > git config --local branch.main.vscode-merge-base [2ms]
2024-07-15 18:14:58.690 [warning] git config failed: Failed to execute git
2024-07-15 18:14:58.700 [info] > git reflog main --grep-reflog=branch: Created from *. [3ms]
2024-07-15 18:14:58.705 [info] > git symbolic-ref --short refs/remotes/origin/HEAD [1ms]
2024-07-15 18:14:58.705 [info] fatal: ref refs/remotes/origin/HEAD is not a symbolic ref
2024-07-15 18:16:05.783 [info] > git config --get commit.template [5ms]
2024-07-15 18:16:05.784 [info] > git for-each-ref --format=%(refname)%00%(upstream:short)%00%(objectname)%00%(upstream:track)%00%(upstream:remotename)%00%(upstream:remoteref) refs/heads/main refs/remotes/main [2ms]
2024-07-15 18:16:05.842 [info] > git status -z -uall [52ms]
2024-07-15 18:16:05.859 [info] > git for-each-ref --format=%(refname)%00%(upstream:short)%00%(objectname)%00%(upstream:track)%00%(upstream:remotename)%00%(upstream:remoteref) refs/heads/main refs/remotes/main [6ms]
2024-07-15 18:16:05.876 [info] > git config --local branch.main.vscode-merge-base [12ms]
2024-07-15 18:16:05.876 [warning] git config failed: Failed to execute git
2024-07-15 18:16:05.891 [info] > git reflog main --grep-reflog=branch: Created from *. [10ms]
2024-07-15 18:16:05.897 [info] > git symbolic-ref --short refs/remotes/origin/HEAD [2ms]
2024-07-15 18:16:05.897 [info] fatal: ref refs/remotes/origin/HEAD is not a symbolic ref
2024-07-15 18:16:10.867 [info] > git config --get commit.template [5ms]
2024-07-15 18:16:10.870 [info] > git for-each-ref --format=%(refname)%00%(upstream:short)%00%(objectname)%00%(upstream:track)%00%(upstream:remotename)%00%(upstream:remoteref) refs/heads/main refs/remotes/main [3ms]
2024-07-15 18:16:10.909 [info] > git status -z -uall [35ms]
2024-07-15 18:16:10.925 [info] > git for-each-ref --format=%(refname)%00%(upstream:short)%00%(objectname)%00%(upstream:track)%00%(upstream:remotename)%00%(upstream:remoteref) refs/heads/main refs/remotes/main [5ms]
2024-07-15 18:16:10.941 [info] > git config --local branch.main.vscode-merge-base [1ms]
2024-07-15 18:16:10.941 [warning] git config failed: Failed to execute git
2024-07-15 18:16:10.948 [info] > git reflog main --grep-reflog=branch: Created from *. [3ms]
2024-07-15 18:16:10.961 [info] > git symbolic-ref --short refs/remotes/origin/HEAD [1ms]
2024-07-15 18:16:10.961 [info] fatal: ref refs/remotes/origin/HEAD is not a symbolic ref
2024-07-15 18:16:19.378 [info] > git ls-files --stage -- /home/ooke0392703/projects/E-commercePrettyface/app/views/products/show.html.erb [3ms]
2024-07-15 18:16:19.412 [info] > git show --textconv :app/views/products/show.html.erb [41ms]
2024-07-15 18:16:19.412 [info] > git cat-file -s b4056b38d51609ec3abaf625e998e434d539f54d [30ms]
2024-07-15 18:16:28.327 [info] > git show --textconv :app/controllers/products_contoller.rb [4ms]
2024-07-15 18:16:28.329 [info] > git ls-files --stage -- /home/ooke0392703/projects/E-commercePrettyface/app/controllers/products_contoller.rb [3ms]
2024-07-15 18:16:28.342 [info] > git cat-file -s c9e8e179c77ba36567c8a08bcb408f9dc3a66afd [2ms]
2024-07-15 18:18:20.736 [info] > git config --get commit.template [3ms]
2024-07-15 18:18:20.751 [info] > git for-each-ref --format=%(refname)%00%(upstream:short)%00%(objectname)%00%(upstream:track)%00%(upstream:remotename)%00%(upstream:remoteref) refs/heads/main refs/remotes/main [3ms]
2024-07-15 18:18:20.796 [info] > git status -z -uall [40ms]
2024-07-15 18:18:20.813 [info] > git for-each-ref --format=%(refname)%00%(upstream:short)%00%(objectname)%00%(upstream:track)%00%(upstream:remotename)%00%(upstream:remoteref) refs/heads/main refs/remotes/main [12ms]
2024-07-15 18:18:20.820 [info] > git config --local branch.main.vscode-merge-base [2ms]
2024-07-15 18:18:20.820 [warning] git config failed: Failed to execute git
2024-07-15 18:18:20.836 [info] > git reflog main --grep-reflog=branch: Created from *. [4ms]
2024-07-15 18:18:20.851 [info] > git symbolic-ref --short refs/remotes/origin/HEAD [3ms]
2024-07-15 18:18:20.851 [info] fatal: ref refs/remotes/origin/HEAD is not a symbolic ref
2024-07-15 18:18:21.636 [info] > git fetch [909ms]
2024-07-15 18:18:21.646 [info] > git config --get commit.template [6ms]
2024-07-15 18:18:21.649 [info] > git for-each-ref --format=%(refname)%00%(upstream:short)%00%(objectname)%00%(upstream:track)%00%(upstream:remotename)%00%(upstream:remoteref) refs/heads/main refs/remotes/main [3ms]
2024-07-15 18:18:21.675 [info] > git status -z -uall [22ms]
2024-07-15 18:18:21.689 [info] > git for-each-ref --format=%(refname)%00%(upstream:short)%00%(objectname)%00%(upstream:track)%00%(upstream:remotename)%00%(upstream:remoteref) refs/heads/main refs/remotes/main [7ms]
2024-07-15 18:18:21.701 [info] > git config --local branch.main.vscode-merge-base [7ms]
2024-07-15 18:18:21.702 [warning] git config failed: Failed to execute git
2024-07-15 18:18:21.709 [info] > git reflog main --grep-reflog=branch: Created from *. [3ms]
2024-07-15 18:18:21.715 [info] > git symbolic-ref --short refs/remotes/origin/HEAD [2ms]
2024-07-15 18:18:21.715 [info] fatal: ref refs/remotes/origin/HEAD is not a symbolic ref
2024-07-15 18:18:22.788 [info] > git ls-files --stage -- /home/ooke0392703/projects/E-commercePrettyface/app/controllers/products_contoller.rb [3ms]
2024-07-15 18:18:22.792 [info] > git cat-file -s c9e8e179c77ba36567c8a08bcb408f9dc3a66afd [1ms]
2024-07-15 18:18:22.803 [info] > git show --textconv :app/controllers/products_contoller.rb [3ms]
2024-07-15 18:25:35.156 [info] > git fetch [1169ms]
2024-07-15 18:25:35.167 [info] > git config --get commit.template [5ms]
2024-07-15 18:25:35.175 [info] > git for-each-ref --format=%(refname)%00%(upstream:short)%00%(objectname)%00%(upstream:track)%00%(upstream:remotename)%00%(upstream:remoteref) refs/heads/main refs/remotes/main [9ms]
2024-07-15 18:25:35.200 [info] > git status -z -uall [20ms]
2024-07-15 18:25:35.211 [info] > git for-each-ref --format=%(refname)%00%(upstream:short)%00%(objectname)%00%(upstream:track)%00%(upstream:remotename)%00%(upstream:remoteref) refs/heads/main refs/remotes/main [5ms]
2024-07-15 18:25:35.230 [info] > git config --local branch.main.vscode-merge-base [2ms]
2024-07-15 18:25:35.230 [warning] git config failed: Failed to execute git
2024-07-15 18:25:35.238 [info] > git reflog main --grep-reflog=branch: Created from *. [3ms]
2024-07-15 18:25:35.246 [info] > git symbolic-ref --short refs/remotes/origin/HEAD [5ms]
2024-07-15 18:25:35.246 [info] fatal: ref refs/remotes/origin/HEAD is not a symbolic ref
2024-07-15 18:25:35.317 [info] > git ls-files --stage -- /home/ooke0392703/projects/E-commercePrettyface/app/controllers/products_contoller.rb [2ms]
2024-07-15 18:25:35.322 [info] > git cat-file -s c9e8e179c77ba36567c8a08bcb408f9dc3a66afd [2ms]
2024-07-15 18:25:35.374 [info] > git show --textconv :app/controllers/products_contoller.rb [4ms]
2024-07-15 18:25:36.399 [info] > git ls-files --stage -- /home/ooke0392703/projects/E-commercePrettyface/app/controllers/products_contoller.rb [3ms]
2024-07-15 18:25:36.404 [info] > git cat-file -s c9e8e179c77ba36567c8a08bcb408f9dc3a66afd [2ms]
2024-07-15 18:25:36.419 [info] > git show --textconv :app/controllers/products_contoller.rb [4ms]
2024-07-15 18:25:36.914 [info] > git config --get commit.template [2ms]
2024-07-15 18:25:36.920 [info] > git for-each-ref --format=%(refname)%00%(upstream:short)%00%(objectname)%00%(upstream:track)%00%(upstream:remotename)%00%(upstream:remoteref) refs/heads/main refs/remotes/main [2ms]
2024-07-15 18:25:36.935 [info] > git status -z -uall [12ms]
2024-07-15 18:25:36.945 [info] > git for-each-ref --format=%(refname)%00%(upstream:short)%00%(objectname)%00%(upstream:track)%00%(upstream:remotename)%00%(upstream:remoteref) refs/heads/main refs/remotes/main [5ms]
2024-07-15 18:25:36.958 [info] > git config --local branch.main.vscode-merge-base [1ms]
2024-07-15 18:25:36.958 [warning] git config failed: Failed to execute git
2024-07-15 18:25:36.971 [info] > git reflog main --grep-reflog=branch: Created from *. [6ms]
2024-07-15 18:25:36.977 [info] > git symbolic-ref --short refs/remotes/origin/HEAD [2ms]
2024-07-15 18:25:36.977 [info] fatal: ref refs/remotes/origin/HEAD is not a symbolic ref
2024-07-15 20:23:52.507 [info] > git fetch [1437ms]
2024-07-15 20:23:52.600 [info] > git for-each-ref --format=%(refname)%00%(upstream:short)%00%(objectname)%00%(upstream:track)%00%(upstream:remotename)%00%(upstream:remoteref) refs/heads/main refs/remotes/main [3ms]
2024-07-15 20:23:52.600 [info] > git config --get commit.template [88ms]
2024-07-15 20:23:52.654 [info] > git status -z -uall [38ms]
2024-07-15 20:23:52.671 [info] > git for-each-ref --format=%(refname)%00%(upstream:short)%00%(objectname)%00%(upstream:track)%00%(upstream:remotename)%00%(upstream:remoteref) refs/heads/main refs/remotes/main [12ms]
2024-07-15 20:23:52.788 [info] > git config --local branch.main.vscode-merge-base [104ms]
2024-07-15 20:23:52.788 [warning] git config failed: Failed to execute git
2024-07-15 20:23:52.850 [info] > git reflog main --grep-reflog=branch: Created from *. [49ms]
2024-07-15 20:23:52.856 [info] > git symbolic-ref --short refs/remotes/origin/HEAD [2ms]
2024-07-15 20:23:52.856 [info] fatal: ref refs/remotes/origin/HEAD is not a symbolic ref
2024-07-15 20:23:53.724 [info] > git ls-files --stage -- /home/ooke0392703/projects/E-commercePrettyface/app/controllers/products_contoller.rb [3ms]
2024-07-15 20:23:53.737 [info] > git cat-file -s c9e8e179c77ba36567c8a08bcb408f9dc3a66afd [7ms]
2024-07-15 20:23:54.547 [info] > git show --textconv :app/controllers/products_contoller.rb [798ms]
2024-07-15 20:28:08.024 [info] > git fetch [846ms]
2024-07-15 20:28:08.040 [info] > git config --get commit.template [6ms]
2024-07-15 20:28:08.040 [info] > git for-each-ref --format=%(refname)%00%(upstream:short)%00%(objectname)%00%(upstream:track)%00%(upstream:remotename)%00%(upstream:remoteref) refs/heads/main refs/remotes/main [7ms]
2024-07-15 20:28:08.068 [info] > git status -z -uall [24ms]
2024-07-15 20:28:08.086 [info] > git for-each-ref --format=%(refname)%00%(upstream:short)%00%(objectname)%00%(upstream:track)%00%(upstream:remotename)%00%(upstream:remoteref) refs/heads/main refs/remotes/main [13ms]
2024-07-15 20:28:08.103 [info] > git config --local branch.main.vscode-merge-base [12ms]
2024-07-15 20:28:08.103 [warning] git config failed: Failed to execute git
2024-07-15 20:28:08.138 [info] > git reflog main --grep-reflog=branch: Created from *. [31ms]
2024-07-15 20:28:08.144 [info] > git symbolic-ref --short refs/remotes/origin/HEAD [1ms]
2024-07-15 20:28:08.144 [info] fatal: ref refs/remotes/origin/HEAD is not a symbolic ref
2024-07-15 20:28:09.173 [info] > git ls-files --stage -- /home/ooke0392703/projects/E-commercePrettyface/app/controllers/products_contoller.rb [2ms]
2024-07-15 20:28:09.179 [info] > git cat-file -s c9e8e179c77ba36567c8a08bcb408f9dc3a66afd [2ms]
2024-07-15 20:28:09.191 [info] > git show --textconv :app/controllers/products_contoller.rb [4ms]
2024-07-15 20:31:08.883 [info] > git fetch [794ms]
2024-07-15 20:31:08.890 [info] > git config --get commit.template [3ms]
2024-07-15 20:31:08.891 [info] > git for-each-ref --format=%(refname)%00%(upstream:short)%00%(objectname)%00%(upstream:track)%00%(upstream:remotename)%00%(upstream:remoteref) refs/heads/main refs/remotes/main [2ms]
2024-07-15 20:31:08.905 [info] > git status -z -uall [11ms]
2024-07-15 20:31:08.912 [info] > git for-each-ref --format=%(refname)%00%(upstream:short)%00%(objectname)%00%(upstream:track)%00%(upstream:remotename)%00%(upstream:remoteref) refs/heads/main refs/remotes/main [3ms]
2024-07-15 20:31:08.922 [info] > git config --local branch.main.vscode-merge-base [6ms]
2024-07-15 20:31:08.922 [warning] git config failed: Failed to execute git
2024-07-15 20:31:08.929 [info] > git reflog main --grep-reflog=branch: Created from *. [3ms]
2024-07-15 20:31:08.933 [info] > git symbolic-ref --short refs/remotes/origin/HEAD [0ms]
2024-07-15 20:31:08.933 [info] fatal: ref refs/remotes/origin/HEAD is not a symbolic ref
2024-07-15 20:31:09.930 [info] > git config --get commit.template [5ms]
2024-07-15 20:31:09.932 [info] > git for-each-ref --format=%(refname)%00%(upstream:short)%00%(objectname)%00%(upstream:track)%00%(upstream:remotename)%00%(upstream:remoteref) refs/heads/main refs/remotes/main [3ms]
2024-07-15 20:31:09.949 [info] > git status -z -uall [14ms]
2024-07-15 20:31:09.955 [info] > git for-each-ref --format=%(refname)%00%(upstream:short)%00%(objectname)%00%(upstream:track)%00%(upstream:remotename)%00%(upstream:remoteref) refs/heads/main refs/remotes/main [3ms]
2024-07-15 20:31:09.966 [info] > git config --local branch.main.vscode-merge-base [6ms]
2024-07-15 20:31:09.966 [warning] git config failed: Failed to execute git
2024-07-15 20:31:09.976 [info] > git reflog main --grep-reflog=branch: Created from *. [6ms]
2024-07-15 20:31:09.982 [info] > git symbolic-ref --short refs/remotes/origin/HEAD [1ms]
2024-07-15 20:31:09.982 [info] fatal: ref refs/remotes/origin/HEAD is not a symbolic ref
2024-07-15 20:31:10.033 [info] > git ls-files --stage -- /home/ooke0392703/projects/E-commercePrettyface/app/controllers/products_contoller.rb [2ms]
2024-07-15 20:31:10.038 [info] > git cat-file -s c9e8e179c77ba36567c8a08bcb408f9dc3a66afd [2ms]
2024-07-15 20:31:10.056 [info] > git show --textconv :app/controllers/products_contoller.rb [11ms]
2024-07-15 20:34:09.708 [info] > git fetch [794ms]
2024-07-15 20:34:09.716 [info] > git config --get commit.template [4ms]
2024-07-15 20:34:09.718 [info] > git for-each-ref --format=%(refname)%00%(upstream:short)%00%(objectname)%00%(upstream:track)%00%(upstream:remotename)%00%(upstream:remoteref) refs/heads/main refs/remotes/main [2ms]
2024-07-15 20:34:09.740 [info] > git status -z -uall [18ms]
2024-07-15 20:34:09.748 [info] > git for-each-ref --format=%(refname)%00%(upstream:short)%00%(objectname)%00%(upstream:track)%00%(upstream:remotename)%00%(upstream:remoteref) refs/heads/main refs/remotes/main [4ms]
2024-07-15 20:34:09.762 [info] > git config --local branch.main.vscode-merge-base [2ms]
2024-07-15 20:34:09.762 [warning] git config failed: Failed to execute git
2024-07-15 20:34:09.771 [info] > git reflog main --grep-reflog=branch: Created from *. [4ms]
2024-07-15 20:34:09.776 [info] > git symbolic-ref --short refs/remotes/origin/HEAD [2ms]
2024-07-15 20:34:09.776 [info] fatal: ref refs/remotes/origin/HEAD is not a symbolic ref
2024-07-15 20:34:10.846 [info] > git ls-files --stage -- /home/ooke0392703/projects/E-commercePrettyface/app/controllers/products_contoller.rb [3ms]
2024-07-15 20:34:10.851 [info] > git cat-file -s c9e8e179c77ba36567c8a08bcb408f9dc3a66afd [3ms]
2024-07-15 20:34:10.864 [info] > git show --textconv :app/controllers/products_contoller.rb [3ms]
2024-07-15 20:37:10.720 [info] > git fetch [959ms]
2024-07-15 20:37:10.727 [info] > git config --get commit.template [4ms]
2024-07-15 20:37:10.741 [info] > git for-each-ref --format=%(refname)%00%(upstream:short)%00%(objectname)%00%(upstream:track)%00%(upstream:remotename)%00%(upstream:remoteref) refs/heads/main refs/remotes/main [15ms]
2024-07-15 20:37:10.884 [info] > git status -z -uall [139ms]
2024-07-15 20:37:10.892 [info] > git for-each-ref --format=%(refname)%00%(upstream:short)%00%(objectname)%00%(upstream:track)%00%(upstream:remotename)%00%(upstream:remoteref) refs/heads/main refs/remotes/main [4ms]
2024-07-15 20:37:10.905 [info] > git config --local branch.main.vscode-merge-base [8ms]
2024-07-15 20:37:10.906 [warning] git config failed: Failed to execute git
2024-07-15 20:37:10.915 [info] > git reflog main --grep-reflog=branch: Created from *. [5ms]
2024-07-15 20:37:10.919 [info] > git symbolic-ref --short refs/remotes/origin/HEAD [2ms]
2024-07-15 20:37:10.920 [info] fatal: ref refs/remotes/origin/HEAD is not a symbolic ref
2024-07-15 20:37:11.857 [info] > git ls-files --stage -- /home/ooke0392703/projects/E-commercePrettyface/app/controllers/products_contoller.rb [2ms]
2024-07-15 20:37:11.862 [info] > git cat-file -s c9e8e179c77ba36567c8a08bcb408f9dc3a66afd [2ms]
2024-07-15 20:37:11.871 [info] > git show --textconv :app/controllers/products_contoller.rb [3ms]
2024-07-15 20:40:11.859 [info] > git fetch [956ms]
2024-07-15 20:40:11.880 [info] > git config --get commit.template [8ms]
2024-07-15 20:40:11.885 [info] > git for-each-ref --format=%(refname)%00%(upstream:short)%00%(objectname)%00%(upstream:track)%00%(upstream:remotename)%00%(upstream:remoteref) refs/heads/main refs/remotes/main [10ms]
2024-07-15 20:40:12.123 [info] > git status -z -uall [235ms]
2024-07-15 20:40:12.129 [info] > git for-each-ref --format=%(refname)%00%(upstream:short)%00%(objectname)%00%(upstream:track)%00%(upstream:remotename)%00%(upstream:remoteref) refs/heads/main refs/remotes/main [3ms]
2024-07-15 20:40:12.138 [info] > git config --local branch.main.vscode-merge-base [2ms]
2024-07-15 20:40:12.139 [warning] git config failed: Failed to execute git
2024-07-15 20:40:12.155 [info] > git reflog main --grep-reflog=branch: Created from *. [8ms]
2024-07-15 20:40:12.160 [info] > git symbolic-ref --short refs/remotes/origin/HEAD [3ms]
2024-07-15 20:40:12.160 [info] fatal: ref refs/remotes/origin/HEAD is not a symbolic ref
2024-07-15 20:40:12.991 [info] > git ls-files --stage -- /home/ooke0392703/projects/E-commercePrettyface/app/controllers/products_contoller.rb [3ms]
2024-07-15 20:40:12.997 [info] > git cat-file -s c9e8e179c77ba36567c8a08bcb408f9dc3a66afd [3ms]
2024-07-15 20:40:13.007 [info] > git show --textconv :app/controllers/products_contoller.rb [3ms]
2024-07-15 20:43:13.501 [info] > git fetch [1330ms]
2024-07-15 20:43:13.519 [info] > git config --get commit.template [8ms]
2024-07-15 20:43:13.521 [info] > git for-each-ref --format=%(refname)%00%(upstream:short)%00%(objectname)%00%(upstream:track)%00%(upstream:remotename)%00%(upstream:remoteref) refs/heads/main refs/remotes/main [8ms]
2024-07-15 20:43:13.742 [info] > git status -z -uall [217ms]
2024-07-15 20:43:13.748 [info] > git for-each-ref --format=%(refname)%00%(upstream:short)%00%(objectname)%00%(upstream:track)%00%(upstream:remotename)%00%(upstream:remoteref) refs/heads/main refs/remotes/main [3ms]
2024-07-15 20:43:13.755 [info] > git config --local branch.main.vscode-merge-base [2ms]
2024-07-15 20:43:13.755 [warning] git config failed: Failed to execute git
2024-07-15 20:43:13.767 [info] > git reflog main --grep-reflog=branch: Created from *. [7ms]
2024-07-15 20:43:13.773 [info] > git symbolic-ref --short refs/remotes/origin/HEAD [2ms]
2024-07-15 20:43:13.773 [info] fatal: ref refs/remotes/origin/HEAD is not a symbolic ref
2024-07-15 20:43:14.295 [info] > git ls-files --stage -- /home/ooke0392703/projects/E-commercePrettyface/app/controllers/products_contoller.rb [2ms]
2024-07-15 20:43:14.300 [info] > git cat-file -s c9e8e179c77ba36567c8a08bcb408f9dc3a66afd [1ms]
2024-07-15 20:43:14.311 [info] > git show --textconv :app/controllers/products_contoller.rb [3ms]
2024-07-15 20:46:14.848 [info] > git fetch [1078ms]
2024-07-15 20:46:14.861 [info] > git config --get commit.template [8ms]
2024-07-15 20:46:14.880 [info] > git for-each-ref --format=%(refname)%00%(upstream:short)%00%(objectname)%00%(upstream:track)%00%(upstream:remotename)%00%(upstream:remoteref) refs/heads/main refs/remotes/main [24ms]
2024-07-15 20:46:15.047 [info] > git status -z -uall [163ms]
2024-07-15 20:46:15.054 [info] > git for-each-ref --format=%(refname)%00%(upstream:short)%00%(objectname)%00%(upstream:track)%00%(upstream:remotename)%00%(upstream:remoteref) refs/heads/main refs/remotes/main [3ms]
2024-07-15 20:46:15.059 [info] > git config --local branch.main.vscode-merge-base [2ms]
2024-07-15 20:46:15.059 [warning] git config failed: Failed to execute git
2024-07-15 20:46:15.070 [info] > git reflog main --grep-reflog=branch: Created from *. [8ms]
2024-07-15 20:46:15.075 [info] > git symbolic-ref --short refs/remotes/origin/HEAD [3ms]
2024-07-15 20:46:15.075 [info] fatal: ref refs/remotes/origin/HEAD is not a symbolic ref
2024-07-15 20:46:15.975 [info] > git ls-files --stage -- /home/ooke0392703/projects/E-commercePrettyface/app/controllers/products_contoller.rb [4ms]
2024-07-15 20:46:15.983 [info] > git cat-file -s c9e8e179c77ba36567c8a08bcb408f9dc3a66afd [5ms]
2024-07-15 20:46:15.993 [info] > git show --textconv :app/controllers/products_contoller.rb [4ms]
2024-07-15 20:49:16.017 [info] > git fetch [956ms]
2024-07-15 20:49:16.039 [info] > git config --get commit.template [18ms]
2024-07-15 20:49:16.124 [info] > git for-each-ref --format=%(refname)%00%(upstream:short)%00%(objectname)%00%(upstream:track)%00%(upstream:remotename)%00%(upstream:remoteref) refs/heads/main refs/remotes/main [99ms]
2024-07-15 20:49:16.392 [info] > git status -z -uall [265ms]
2024-07-15 20:49:16.398 [info] > git for-each-ref --format=%(refname)%00%(upstream:short)%00%(objectname)%00%(upstream:track)%00%(upstream:remotename)%00%(upstream:remoteref) refs/heads/main refs/remotes/main [3ms]
2024-07-15 20:49:16.404 [info] > git config --local branch.main.vscode-merge-base [3ms]
2024-07-15 20:49:16.404 [warning] git config failed: Failed to execute git
2024-07-15 20:49:16.435 [info] > git reflog main --grep-reflog=branch: Created from *. [24ms]
2024-07-15 20:49:16.450 [info] > git symbolic-ref --short refs/remotes/origin/HEAD [12ms]
2024-07-15 20:49:16.450 [info] fatal: ref refs/remotes/origin/HEAD is not a symbolic ref
2024-07-15 20:49:17.143 [info] > git ls-files --stage -- /home/ooke0392703/projects/E-commercePrettyface/app/controllers/products_contoller.rb [3ms]
2024-07-15 20:49:17.148 [info] > git cat-file -s c9e8e179c77ba36567c8a08bcb408f9dc3a66afd [3ms]
2024-07-15 20:49:17.158 [info] > git show --textconv :app/controllers/products_contoller.rb [4ms]
2024-07-15 20:52:17.301 [info] > git fetch [892ms]
2024-07-15 20:52:17.310 [info] > git config --get commit.template [5ms]
2024-07-15 20:52:17.314 [info] > git for-each-ref --format=%(refname)%00%(upstream:short)%00%(objectname)%00%(upstream:track)%00%(upstream:remotename)%00%(upstream:remoteref) refs/heads/main refs/remotes/main [5ms]
2024-07-15 20:52:17.591 [info] > git status -z -uall [274ms]
2024-07-15 20:52:17.598 [info] > git for-each-ref --format=%(refname)%00%(upstream:short)%00%(objectname)%00%(upstream:track)%00%(upstream:remotename)%00%(upstream:remoteref) refs/heads/main refs/remotes/main [2ms]
2024-07-15 20:52:17.609 [info] > git config --local branch.main.vscode-merge-base [7ms]
2024-07-15 20:52:17.609 [warning] git config failed: Failed to execute git
2024-07-15 20:52:17.627 [info] > git reflog main --grep-reflog=branch: Created from *. [11ms]
2024-07-15 20:52:17.633 [info] > git symbolic-ref --short refs/remotes/origin/HEAD [3ms]
2024-07-15 20:52:17.633 [info] fatal: ref refs/remotes/origin/HEAD is not a symbolic ref
2024-07-15 20:52:18.440 [info] > git ls-files --stage -- /home/ooke0392703/projects/E-commercePrettyface/app/controllers/products_contoller.rb [3ms]
2024-07-15 20:52:18.459 [info] > git cat-file -s c9e8e179c77ba36567c8a08bcb408f9dc3a66afd [16ms]
2024-07-15 20:52:18.470 [info] > git show --textconv :app/controllers/products_contoller.rb [4ms]
2024-07-15 20:55:18.637 [info] > git fetch [1034ms]
2024-07-15 20:55:18.643 [info] > git config --get commit.template [3ms]
2024-07-15 20:55:18.648 [info] > git for-each-ref --format=%(refname)%00%(upstream:short)%00%(objectname)%00%(upstream:track)%00%(upstream:remotename)%00%(upstream:remoteref) refs/heads/main refs/remotes/main [5ms]
2024-07-15 20:55:18.851 [info] > git status -z -uall [200ms]
2024-07-15 20:55:18.856 [info] > git for-each-ref --format=%(refname)%00%(upstream:short)%00%(objectname)%00%(upstream:track)%00%(upstream:remotename)%00%(upstream:remoteref) refs/heads/main refs/remotes/main [2ms]
2024-07-15 20:55:18.861 [info] > git config --local branch.main.vscode-merge-base [2ms]
2024-07-15 20:55:18.861 [warning] git config failed: Failed to execute git
2024-07-15 20:55:18.872 [info] > git reflog main --grep-reflog=branch: Created from *. [7ms]
2024-07-15 20:55:18.877 [info] > git symbolic-ref --short refs/remotes/origin/HEAD [2ms]
2024-07-15 20:55:18.877 [info] fatal: ref refs/remotes/origin/HEAD is not a symbolic ref
2024-07-15 20:55:19.723 [info] > git ls-files --stage -- /home/ooke0392703/projects/E-commercePrettyface/app/controllers/products_contoller.rb [3ms]
2024-07-15 20:55:19.727 [info] > git cat-file -s c9e8e179c77ba36567c8a08bcb408f9dc3a66afd [2ms]
2024-07-15 20:55:19.737 [info] > git show --textconv :app/controllers/products_contoller.rb [3ms]
2024-07-15 20:58:19.845 [info] > git fetch [984ms]
2024-07-15 20:58:19.852 [info] > git config --get commit.template [3ms]
2024-07-15 20:58:19.856 [info] > git for-each-ref --format=%(refname)%00%(upstream:short)%00%(objectname)%00%(upstream:track)%00%(upstream:remotename)%00%(upstream:remoteref) refs/heads/main refs/remotes/main [5ms]
2024-07-15 20:58:20.013 [info] > git status -z -uall [154ms]
2024-07-15 20:58:20.020 [info] > git for-each-ref --format=%(refname)%00%(upstream:short)%00%(objectname)%00%(upstream:track)%00%(upstream:remotename)%00%(upstream:remoteref) refs/heads/main refs/remotes/main [4ms]
2024-07-15 20:58:20.029 [info] > git config --local branch.main.vscode-merge-base [5ms]
2024-07-15 20:58:20.029 [warning] git config failed: Failed to execute git
2024-07-15 20:58:20.038 [info] > git reflog main --grep-reflog=branch: Created from *. [6ms]
2024-07-15 20:58:20.042 [info] > git symbolic-ref --short refs/remotes/origin/HEAD [2ms]
2024-07-15 20:58:20.042 [info] fatal: ref refs/remotes/origin/HEAD is not a symbolic ref
2024-07-15 20:58:20.978 [info] > git ls-files --stage -- /home/ooke0392703/projects/E-commercePrettyface/app/controllers/products_contoller.rb [3ms]
2024-07-15 20:58:20.983 [info] > git cat-file -s c9e8e179c77ba36567c8a08bcb408f9dc3a66afd [2ms]
2024-07-15 20:58:20.993 [info] > git show --textconv :app/controllers/products_contoller.rb [3ms]
2024-07-15 21:01:21.222 [info] > git fetch [1198ms]
2024-07-15 21:01:21.229 [info] > git config --get commit.template [3ms]
2024-07-15 21:01:21.234 [info] > git for-each-ref --format=%(refname)%00%(upstream:short)%00%(objectname)%00%(upstream:track)%00%(upstream:remotename)%00%(upstream:remoteref) refs/heads/main refs/remotes/main [5ms]
2024-07-15 21:01:21.254 [info] > git ls-files --stage -- /home/ooke0392703/projects/E-commercePrettyface/app/controllers/products_contoller.rb [5ms]
2024-07-15 21:01:21.259 [info] > git cat-file -s c9e8e179c77ba36567c8a08bcb408f9dc3a66afd [2ms]
2024-07-15 21:01:21.270 [info] > git show --textconv :app/controllers/products_contoller.rb [4ms]
2024-07-15 21:01:21.402 [info] > git status -z -uall [164ms]
2024-07-15 21:01:21.409 [info] > git for-each-ref --format=%(refname)%00%(upstream:short)%00%(objectname)%00%(upstream:track)%00%(upstream:remotename)%00%(upstream:remoteref) refs/heads/main refs/remotes/main [3ms]
2024-07-15 21:01:21.415 [info] > git config --local branch.main.vscode-merge-base [2ms]
2024-07-15 21:01:21.415 [warning] git config failed: Failed to execute git
2024-07-15 21:01:21.426 [info] > git reflog main --grep-reflog=branch: Created from *. [8ms]
2024-07-15 21:01:21.431 [info] > git symbolic-ref --short refs/remotes/origin/HEAD [2ms]
2024-07-15 21:01:21.431 [info] fatal: ref refs/remotes/origin/HEAD is not a symbolic ref
2024-07-15 21:01:22.352 [info] > git ls-files --stage -- /home/ooke0392703/projects/E-commercePrettyface/app/controllers/products_contoller.rb [2ms]
2024-07-15 21:01:22.356 [info] > git cat-file -s c9e8e179c77ba36567c8a08bcb408f9dc3a66afd [2ms]
2024-07-15 21:01:22.368 [info] > git show --textconv :app/controllers/products_contoller.rb [4ms]
2024-07-15 21:04:22.321 [info] > git fetch [899ms]
2024-07-15 21:04:22.329 [info] > git config --get commit.template [4ms]
2024-07-15 21:04:22.341 [info] > git for-each-ref --format=%(refname)%00%(upstream:short)%00%(objectname)%00%(upstream:track)%00%(upstream:remotename)%00%(upstream:remoteref) refs/heads/main refs/remotes/main [12ms]
2024-07-15 21:04:22.965 [info] > git status -z -uall [620ms]
2024-07-15 21:04:22.973 [info] > git for-each-ref --format=%(refname)%00%(upstream:short)%00%(objectname)%00%(upstream:track)%00%(upstream:remotename)%00%(upstream:remoteref) refs/heads/main refs/remotes/main [4ms]
2024-07-15 21:04:22.986 [info] > git config --local branch.main.vscode-merge-base [8ms]
2024-07-15 21:04:22.986 [warning] git config failed: Failed to execute git
2024-07-15 21:04:22.996 [info] > git reflog main --grep-reflog=branch: Created from *. [7ms]
2024-07-15 21:04:23.002 [info] > git symbolic-ref --short refs/remotes/origin/HEAD [3ms]
2024-07-15 21:04:23.002 [info] fatal: ref refs/remotes/origin/HEAD is not a symbolic ref
2024-07-15 21:04:23.448 [info] > git ls-files --stage -- /home/ooke0392703/projects/E-commercePrettyface/app/controllers/products_contoller.rb [3ms]
2024-07-15 21:04:23.453 [info] > git cat-file -s c9e8e179c77ba36567c8a08bcb408f9dc3a66afd [2ms]
2024-07-15 21:04:23.464 [info] > git show --textconv :app/controllers/products_contoller.rb [3ms]
2024-07-15 21:07:24.087 [info] > git fetch [1111ms]
2024-07-15 21:07:24.100 [info] > git config --get commit.template [9ms]
2024-07-15 21:07:24.103 [info] > git for-each-ref --format=%(refname)%00%(upstream:short)%00%(objectname)%00%(upstream:track)%00%(upstream:remotename)%00%(upstream:remoteref) refs/heads/main refs/remotes/main [10ms]
2024-07-15 21:07:24.292 [info] > git status -z -uall [185ms]
2024-07-15 21:07:24.298 [info] > git for-each-ref --format=%(refname)%00%(upstream:short)%00%(objectname)%00%(upstream:track)%00%(upstream:remotename)%00%(upstream:remoteref) refs/heads/main refs/remotes/main [3ms]
2024-07-15 21:07:24.304 [info] > git config --local branch.main.vscode-merge-base [3ms]
2024-07-15 21:07:24.304 [warning] git config failed: Failed to execute git
2024-07-15 21:07:24.313 [info] > git reflog main --grep-reflog=branch: Created from *. [6ms]
2024-07-15 21:07:24.318 [info] > git symbolic-ref --short refs/remotes/origin/HEAD [3ms]
2024-07-15 21:07:24.318 [info] fatal: ref refs/remotes/origin/HEAD is not a symbolic ref
2024-07-15 21:07:25.211 [info] > git ls-files --stage -- /home/ooke0392703/projects/E-commercePrettyface/app/controllers/products_contoller.rb [2ms]
2024-07-15 21:07:25.216 [info] > git cat-file -s c9e8e179c77ba36567c8a08bcb408f9dc3a66afd [2ms]
2024-07-15 21:07:25.225 [info] > git show --textconv :app/controllers/products_contoller.rb [3ms]
2024-07-15 21:16:37.535 [info] > git fetch [362687ms]
2024-07-15 21:16:37.535 [info] ssh: Could not resolve hostname github.com: Temporary failure in name resolution
fatal: Could not read from remote repository.

Please make sure you have the correct access rights
and the repository exists.
2024-07-15 21:16:37.542 [info] > git config --get commit.template [2ms]
2024-07-15 21:16:37.549 [info] > git for-each-ref --format=%(refname)%00%(upstream:short)%00%(objectname)%00%(upstream:track)%00%(upstream:remotename)%00%(upstream:remoteref) refs/heads/main refs/remotes/main [4ms]
2024-07-15 21:16:37.591 [info] > git status -z -uall [38ms]
2024-07-15 21:16:37.600 [info] > git for-each-ref --format=%(refname)%00%(upstream:short)%00%(objectname)%00%(upstream:track)%00%(upstream:remotename)%00%(upstream:remoteref) refs/heads/main refs/remotes/main [4ms]
2024-07-15 21:16:37.606 [info] > git config --local branch.main.vscode-merge-base [1ms]
2024-07-15 21:16:37.606 [warning] git config failed: Failed to execute git
2024-07-15 21:16:37.617 [info] > git reflog main --grep-reflog=branch: Created from *. [8ms]
2024-07-15 21:16:37.623 [info] > git symbolic-ref --short refs/remotes/origin/HEAD [3ms]
2024-07-15 21:16:37.623 [info] fatal: ref refs/remotes/origin/HEAD is not a symbolic ref
2024-07-15 21:16:46.341 [info] > git config --get commit.template [5ms]
2024-07-15 21:16:46.343 [info] > git for-each-ref --format=%(refname)%00%(upstream:short)%00%(objectname)%00%(upstream:track)%00%(upstream:remotename)%00%(upstream:remoteref) refs/heads/main refs/remotes/main [3ms]
2024-07-15 21:16:46.382 [info] > git status -z -uall [30ms]
2024-07-15 21:16:46.390 [info] > git for-each-ref --format=%(refname)%00%(upstream:short)%00%(objectname)%00%(upstream:track)%00%(upstream:remotename)%00%(upstream:remoteref) refs/heads/main refs/remotes/main [3ms]
2024-07-15 21:16:46.403 [info] > git config --local branch.main.vscode-merge-base [10ms]
2024-07-15 21:16:46.404 [warning] git config failed: Failed to execute git
2024-07-15 21:16:46.419 [info] > git reflog main --grep-reflog=branch: Created from *. [12ms]
2024-07-15 21:16:46.424 [info] > git symbolic-ref --short refs/remotes/origin/HEAD [2ms]
2024-07-15 21:16:46.424 [info] fatal: ref refs/remotes/origin/HEAD is not a symbolic ref
2024-07-15 21:16:46.446 [info] > git ls-files --stage -- /home/ooke0392703/projects/E-commercePrettyface/app/controllers/products_contoller.rb [3ms]
2024-07-15 21:16:46.452 [info] > git cat-file -s c9e8e179c77ba36567c8a08bcb408f9dc3a66afd [1ms]
2024-07-15 21:16:46.467 [info] > git show --textconv :app/controllers/products_contoller.rb [7ms]
2024-07-15 21:20:04.932 [info] > git ls-files --stage -- /home/ooke0392703/projects/E-commercePrettyface/app/controllers/products_contoller.rb [2ms]
2024-07-15 21:20:04.935 [info] > git cat-file -s c9e8e179c77ba36567c8a08bcb408f9dc3a66afd [1ms]
2024-07-15 21:20:04.945 [info] > git show --textconv :app/controllers/products_contoller.rb [3ms]
2024-07-15 21:20:05.006 [info] > git fetch [1284ms]
2024-07-15 21:20:05.011 [info] > git config --get commit.template [2ms]
2024-07-15 21:20:05.017 [info] > git for-each-ref --format=%(refname)%00%(upstream:short)%00%(objectname)%00%(upstream:track)%00%(upstream:remotename)%00%(upstream:remoteref) refs/heads/main refs/remotes/main [3ms]
2024-07-15 21:20:05.039 [info] > git status -z -uall [19ms]
2024-07-15 21:20:05.046 [info] > git for-each-ref --format=%(refname)%00%(upstream:short)%00%(objectname)%00%(upstream:track)%00%(upstream:remotename)%00%(upstream:remoteref) refs/heads/main refs/remotes/main [3ms]
2024-07-15 21:20:05.056 [info] > git config --local branch.main.vscode-merge-base [2ms]
2024-07-15 21:20:05.056 [warning] git config failed: Failed to execute git
2024-07-15 21:20:05.074 [info] > git reflog main --grep-reflog=branch: Created from *. [11ms]
2024-07-15 21:20:05.079 [info] > git symbolic-ref --short refs/remotes/origin/HEAD [2ms]
2024-07-15 21:20:05.079 [info] fatal: ref refs/remotes/origin/HEAD is not a symbolic ref
2024-07-15 21:20:06.143 [info] > git ls-files --stage -- /home/ooke0392703/projects/E-commercePrettyface/app/controllers/products_contoller.rb [3ms]
2024-07-15 21:20:06.147 [info] > git cat-file -s c9e8e179c77ba36567c8a08bcb408f9dc3a66afd [1ms]
2024-07-15 21:20:06.156 [info] > git show --textconv :app/controllers/products_contoller.rb [3ms]
2024-07-16 07:15:43.038 [info] > git fetch [1158ms]
2024-07-16 07:15:43.049 [info] > git config --get commit.template [4ms]
2024-07-16 07:15:43.105 [info] > git for-each-ref --format=%(refname)%00%(upstream:short)%00%(objectname)%00%(upstream:track)%00%(upstream:remotename)%00%(upstream:remoteref) refs/heads/main refs/remotes/main [56ms]
2024-07-16 07:15:43.347 [info] > git status -z -uall [240ms]
2024-07-16 07:15:43.354 [info] > git for-each-ref --format=%(refname)%00%(upstream:short)%00%(objectname)%00%(upstream:track)%00%(upstream:remotename)%00%(upstream:remoteref) refs/heads/main refs/remotes/main [4ms]
2024-07-16 07:15:43.360 [info] > git config --local branch.main.vscode-merge-base [3ms]
2024-07-16 07:15:43.360 [warning] git config failed: Failed to execute git
2024-07-16 07:15:43.369 [info] > git reflog main --grep-reflog=branch: Created from *. [5ms]
2024-07-16 07:15:43.372 [info] > git symbolic-ref --short refs/remotes/origin/HEAD [1ms]
2024-07-16 07:15:43.372 [info] fatal: ref refs/remotes/origin/HEAD is not a symbolic ref
2024-07-16 07:15:44.166 [info] > git ls-files --stage -- /home/ooke0392703/projects/E-commercePrettyface/app/controllers/products_contoller.rb [2ms]
2024-07-16 07:15:44.174 [info] > git cat-file -s c9e8e179c77ba36567c8a08bcb408f9dc3a66afd [4ms]
2024-07-16 07:15:44.184 [info] > git show --textconv :app/controllers/products_contoller.rb [3ms]
2024-07-16 07:55:43.956 [info] > git check-ignore -v -z --stdin [3ms]
2024-07-16 07:55:49.538 [info] > git ls-files --stage -- /home/ooke0392703/projects/E-commercePrettyface/db/seeds.rb [3ms]
2024-07-16 07:55:49.550 [info] > git show --textconv :db/seeds.rb [20ms]
2024-07-16 07:55:49.562 [info] > git cat-file -s 3bb7443a6f62d425a876616f3f362de5d3b26f74 [13ms]
2024-07-16 07:56:38.262 [info] > git ls-files --stage -- /home/ooke0392703/projects/E-commercePrettyface/Gemfile [3ms]
2024-07-16 07:56:38.273 [info] > git show --textconv :Gemfile [18ms]
2024-07-16 07:56:38.274 [info] > git cat-file -s 48994ca7de6321c23943e34806ae79c7940e66c1 [7ms]
2024-07-16 07:56:38.515 [info] > git fetch [970ms]
2024-07-16 07:56:38.523 [info] > git config --get commit.template [2ms]
2024-07-16 07:56:38.529 [info] > git for-each-ref --format=%(refname)%00%(upstream:short)%00%(objectname)%00%(upstream:track)%00%(upstream:remotename)%00%(upstream:remoteref) refs/heads/main refs/remotes/main [3ms]
2024-07-16 07:56:38.575 [info] > git status -z -uall [38ms]
2024-07-16 07:56:38.583 [info] > git for-each-ref --format=%(refname)%00%(upstream:short)%00%(objectname)%00%(upstream:track)%00%(upstream:remotename)%00%(upstream:remoteref) refs/heads/main refs/remotes/main [3ms]
2024-07-16 07:56:38.598 [info] > git config --local branch.main.vscode-merge-base [11ms]
2024-07-16 07:56:38.598 [warning] git config failed: Failed to execute git
2024-07-16 07:56:38.613 [info] > git reflog main --grep-reflog=branch: Created from *. [11ms]
2024-07-16 07:56:38.618 [info] > git symbolic-ref --short refs/remotes/origin/HEAD [2ms]
2024-07-16 07:56:38.618 [info] fatal: ref refs/remotes/origin/HEAD is not a symbolic ref
2024-07-16 07:56:39.663 [info] > git ls-files --stage -- /home/ooke0392703/projects/E-commercePrettyface/Gemfile [3ms]
2024-07-16 07:56:39.668 [info] > git cat-file -s 48994ca7de6321c23943e34806ae79c7940e66c1 [2ms]
2024-07-16 07:56:39.744 [info] > git show --textconv :Gemfile [3ms]
2024-07-16 08:01:42.112 [info] > git show --textconv :db/seeds.rb [5ms]
2024-07-16 08:01:42.115 [info] > git ls-files --stage -- /home/ooke0392703/projects/E-commercePrettyface/db/seeds.rb [4ms]
2024-07-16 08:01:42.130 [info] > git cat-file -s 3bb7443a6f62d425a876616f3f362de5d3b26f74 [4ms]
2024-07-16 08:01:42.627 [info] > git fetch [1004ms]
2024-07-16 08:01:42.637 [info] > git config --get commit.template [5ms]
2024-07-16 08:01:42.639 [info] > git for-each-ref --format=%(refname)%00%(upstream:short)%00%(objectname)%00%(upstream:track)%00%(upstream:remotename)%00%(upstream:remoteref) refs/heads/main refs/remotes/main [3ms]
2024-07-16 08:01:42.676 [info] > git status -z -uall [32ms]
2024-07-16 08:01:42.690 [info] > git for-each-ref --format=%(refname)%00%(upstream:short)%00%(objectname)%00%(upstream:track)%00%(upstream:remotename)%00%(upstream:remoteref) refs/heads/main refs/remotes/main [9ms]
2024-07-16 08:01:42.696 [info] > git config --local branch.main.vscode-merge-base [2ms]
2024-07-16 08:01:42.696 [warning] git config failed: Failed to execute git
2024-07-16 08:01:42.704 [info] > git reflog main --grep-reflog=branch: Created from *. [3ms]
2024-07-16 08:01:42.709 [info] > git symbolic-ref --short refs/remotes/origin/HEAD [2ms]
2024-07-16 08:01:42.709 [info] fatal: ref refs/remotes/origin/HEAD is not a symbolic ref
2024-07-16 08:01:43.777 [info] > git ls-files --stage -- /home/ooke0392703/projects/E-commercePrettyface/db/seeds.rb [2ms]
2024-07-16 08:01:43.782 [info] > git cat-file -s 3bb7443a6f62d425a876616f3f362de5d3b26f74 [2ms]
2024-07-16 08:01:43.793 [info] > git show --textconv :db/seeds.rb [3ms]
