2024-07-15 17:50:45.542 [info] Extension host with pid 247430 started
2024-07-15 17:50:45.718 [info] ExtensionService#_doActivateExtension vscode.git-base, startup: true, activationEvent: '*', root cause: vscode.git
2024-07-15 17:50:45.799 [info] ExtensionService#_doActivateExtension Shopify.ruby-lsp, startup: true, activationEvent: 'workspaceContains:Gemfile.lock'
2024-07-15 17:50:46.353 [info] Lock '/home/ooke0392703/.vscode-server/data/User/workspaceStorage/511ba1e7fecab23b849b75b05a58f02a/vscode.lock': Lock acquired.
2024-07-15 17:50:46.432 [info] ExtensionService#_doActivateExtension vscode.git, startup: true, activationEvent: '*'
2024-07-15 17:50:46.432 [info] ExtensionService#_doActivateExtension vscode.github, startup: true, activationEvent: '*'
2024-07-15 17:50:48.281 [info] ExtensionService#_doActivateExtension vscode.emmet, startup: false, activationEvent: 'onLanguage'
2024-07-15 17:50:50.144 [error] Error: No such branch: main.
	at F.getBranch (/home/ooke0392703/.vscode-server/bin/f1e16e1e6214d7c44d078b1f0607b2388f29d729/extensions/git/dist/main.js:2:935457)
	at async T.retryRun (/home/ooke0392703/.vscode-server/bin/f1e16e1e6214d7c44d078b1f0607b2388f29d729/extensions/git/dist/main.js:2:1028191)
	at async T.run (/home/ooke0392703/.vscode-server/bin/f1e16e1e6214d7c44d078b1f0607b2388f29d729/extensions/git/dist/main.js:2:1027795)
	at async T.getBranch (/home/ooke0392703/.vscode-server/bin/f1e16e1e6214d7c44d078b1f0607b2388f29d729/extensions/git/dist/main.js:2:1016176)
	at async T.getBranchBase (/home/ooke0392703/.vscode-server/bin/f1e16e1e6214d7c44d078b1f0607b2388f29d729/extensions/git/dist/main.js:2:1016462)
	at async t.GitHistoryProvider.resolveHEADMergeBase (/home/ooke0392703/.vscode-server/bin/f1e16e1e6214d7c44d078b1f0607b2388f29d729/extensions/git/dist/main.js:2:945925)
	at async t.GitHistoryProvider.onDidRunGitStatus (/home/ooke0392703/.vscode-server/bin/f1e16e1e6214d7c44d078b1f0607b2388f29d729/extensions/git/dist/main.js:2:940157)
2024-07-15 17:50:50.358 [error] Error: No such branch: main.
	at F.getBranch (/home/ooke0392703/.vscode-server/bin/f1e16e1e6214d7c44d078b1f0607b2388f29d729/extensions/git/dist/main.js:2:935457)
	at async T.retryRun (/home/ooke0392703/.vscode-server/bin/f1e16e1e6214d7c44d078b1f0607b2388f29d729/extensions/git/dist/main.js:2:1028191)
	at async T.run (/home/ooke0392703/.vscode-server/bin/f1e16e1e6214d7c44d078b1f0607b2388f29d729/extensions/git/dist/main.js:2:1027795)
	at async T.getBranch (/home/ooke0392703/.vscode-server/bin/f1e16e1e6214d7c44d078b1f0607b2388f29d729/extensions/git/dist/main.js:2:1016176)
	at async T.getBranchBase (/home/ooke0392703/.vscode-server/bin/f1e16e1e6214d7c44d078b1f0607b2388f29d729/extensions/git/dist/main.js:2:1016462)
	at async t.GitHistoryProvider.resolveHEADMergeBase (/home/ooke0392703/.vscode-server/bin/f1e16e1e6214d7c44d078b1f0607b2388f29d729/extensions/git/dist/main.js:2:945925)
	at async t.GitHistoryProvider.onDidRunGitStatus (/home/ooke0392703/.vscode-server/bin/f1e16e1e6214d7c44d078b1f0607b2388f29d729/extensions/git/dist/main.js:2:940157)
2024-07-15 17:50:55.737 [info] ExtensionService#_doActivateExtension vscode.debug-auto-launch, startup: false, activationEvent: 'onStartupFinished'
2024-07-15 17:50:55.738 [info] ExtensionService#_doActivateExtension vscode.merge-conflict, startup: false, activationEvent: 'onStartupFinished'
2024-07-15 17:50:55.746 [info] ExtensionService#_doActivateExtension bradlc.vscode-tailwindcss, startup: false, activationEvent: 'onStartupFinished'
2024-07-15 17:50:55.746 [info] ExtensionService#_doActivateExtension Shopify.ruby-extensions-pack, startup: false, activationEvent: 'onStartupFinished'
