2024-07-11 13:34:24.301 [info] Log level: Info
2024-07-11 13:34:24.301 [info] Validating found git in: "git"
2024-07-11 13:34:24.301 [info] Using git "2.34.1" from "git"
2024-07-11 13:34:24.301 [info] > git rev-parse --show-toplevel [160ms]
2024-07-11 13:34:24.339 [info] > git rev-parse --git-dir --git-common-dir [19ms]
2024-07-11 13:34:24.433 [info] Open repository: /home/ooke0392703/projects/StarWarsUniverse
2024-07-11 13:34:24.517 [info] > git rev-parse --show-toplevel [32ms]
2024-07-11 13:34:24.536 [info] > git config --get commit.template [80ms]
2024-07-11 13:34:24.621 [info] > git rev-parse --show-toplevel [64ms]
2024-07-11 13:34:24.694 [info] > git rev-parse --show-toplevel [49ms]
2024-07-11 13:34:24.731 [info] > git for-each-ref --format=%(refname)%00%(upstream:short)%00%(objectname)%00%(upstream:track)%00%(upstream:remotename)%00%(upstream:remoteref) refs/heads/main refs/remotes/main [179ms]
2024-07-11 13:34:24.750 [info] > git rev-parse --show-toplevel [20ms]
2024-07-11 13:34:24.834 [info] > git rev-parse --show-toplevel [66ms]
2024-07-11 13:34:24.849 [info] > git rev-parse --show-toplevel [3ms]
2024-07-11 13:34:24.889 [info] > git rev-parse --show-toplevel [3ms]
2024-07-11 13:34:24.941 [info] > git rev-parse --show-toplevel [6ms]
2024-07-11 13:34:24.987 [info] > git rev-parse --show-toplevel [2ms]
2024-07-11 13:34:25.004 [info] > git rev-parse --show-toplevel [11ms]
2024-07-11 13:34:25.041 [info] > git rev-parse --show-toplevel [21ms]
2024-07-11 13:34:25.084 [info] > git rev-parse --show-toplevel [18ms]
2024-07-11 13:34:25.160 [info] > git rev-parse --show-toplevel [14ms]
2024-07-11 13:34:25.232 [info] > git ls-files --stage -- /home/ooke0392703/projects/StarWarsUniverse/app/controllers/films_controller.rb [22ms]
2024-07-11 13:34:25.265 [info] > git cat-file -s 2b88c6dd1d90b419b1748513d930aab7fdb72d33 [25ms]
2024-07-11 13:34:25.296 [info] > git show --textconv :app/controllers/films_controller.rb [105ms]
2024-07-11 13:34:25.790 [info] > git check-ignore -v -z --stdin [22ms]
2024-07-11 13:34:25.979 [info] > git status -z -uall [1161ms]
2024-07-11 13:34:26.018 [info] > git merge-base refs/heads/main refs/remotes/origin/main [33ms]
2024-07-11 13:34:26.035 [info] > git config --get commit.template [18ms]
2024-07-11 13:34:26.037 [info] > git rev-list --count --left-right refs/heads/main...refs/remotes/origin/main [14ms]
2024-07-11 13:34:26.073 [info] > git diff --name-status -z --diff-filter=ADMR c373f5be40f03180692fe4117095660c2cca6e8a...refs/remotes/origin/main [22ms]
2024-07-11 13:34:26.075 [info] > git for-each-ref --format=%(refname)%00%(upstream:short)%00%(objectname)%00%(upstream:track)%00%(upstream:remotename)%00%(upstream:remoteref) refs/heads/main refs/remotes/main [4ms]
2024-07-11 13:34:26.104 [info] > git fetch [1672ms]
2024-07-11 13:34:26.120 [info] > git status -z -uall [39ms] (cancelled)
2024-07-11 13:34:26.121 [info] > git config --get commit.template [2ms]
2024-07-11 13:34:26.140 [info] > git for-each-ref --format=%(refname)%00%(upstream:short)%00%(objectname)%00%(upstream:track)%00%(upstream:remotename)%00%(upstream:remoteref) refs/heads/main refs/remotes/main [2ms]
2024-07-11 13:34:26.706 [info] > git status -z -uall [557ms]
2024-07-11 13:34:27.362 [info] > git check-ignore -v -z --stdin [8ms]
2024-07-11 13:34:30.434 [info] > git check-ignore -v -z --stdin [17ms]
2024-07-11 13:34:35.297 [info] > git check-ignore -v -z --stdin [25ms]
2024-07-11 13:34:37.217 [info] > git ls-files --stage -- /home/ooke0392703/projects/StarWarsUniverse/config/routes.rb [44ms]
2024-07-11 13:34:37.235 [info] > git show --textconv :config/routes.rb [68ms]
2024-07-11 13:34:37.235 [info] > git cat-file -s 0661862a5e6d4dd33851324d7843a33ed5566ec9 [15ms]
2024-07-11 13:35:01.521 [info] > git config --get commit.template [7ms]
2024-07-11 13:35:01.521 [info] > git for-each-ref --format=%(refname)%00%(upstream:short)%00%(objectname)%00%(upstream:track)%00%(upstream:remotename)%00%(upstream:remoteref) refs/heads/main refs/remotes/main [3ms]
2024-07-11 13:35:01.568 [info] > git status -z -uall [29ms]
2024-07-11 13:35:04.380 [info] > git check-ignore -v -z --stdin [9ms]
2024-07-11 13:35:06.377 [info] > git check-ignore -v -z --stdin [5ms]
2024-07-11 13:35:07.937 [info] > git show --textconv :db/seeds.rb [11ms]
2024-07-11 13:35:07.937 [info] > git ls-files --stage -- /home/ooke0392703/projects/StarWarsUniverse/db/seeds.rb [6ms]
2024-07-11 13:35:07.944 [info] > git cat-file -s 2b4fdc7f863472754dcc4b970dc97ff9f83e4f75 [2ms]
2024-07-11 13:35:11.489 [info] > git config --get commit.template [6ms]
2024-07-11 13:35:11.497 [info] > git for-each-ref --format=%(refname)%00%(upstream:short)%00%(objectname)%00%(upstream:track)%00%(upstream:remotename)%00%(upstream:remoteref) refs/heads/main refs/remotes/main [2ms]
2024-07-11 13:35:11.549 [info] > git status -z -uall [48ms]
2024-07-11 13:35:24.986 [info] > git config --get commit.template [5ms]
2024-07-11 13:35:24.988 [info] > git for-each-ref --format=%(refname)%00%(upstream:short)%00%(objectname)%00%(upstream:track)%00%(upstream:remotename)%00%(upstream:remoteref) refs/heads/main refs/remotes/main [4ms]
2024-07-11 13:35:25.013 [info] > git status -z -uall [19ms]
2024-07-11 13:35:27.898 [info] > git ls-files --stage -- /home/ooke0392703/projects/StarWarsUniverse/db/schema.rb [40ms]
2024-07-11 13:35:27.941 [info] > git show --textconv :db/schema.rb [87ms]
2024-07-11 13:35:27.944 [info] > git cat-file -s 33d34e29a06ec6ac01bb2aa2533312f8510146ff [3ms]
2024-07-11 13:35:51.230 [info] > git check-ignore -v -z --stdin [5ms]
2024-07-11 13:35:56.041 [info] > git check-ignore -v -z --stdin [3ms]
2024-07-11 13:35:59.410 [info] > git check-ignore -v -z --stdin [3ms]
2024-07-11 13:36:01.601 [info] > git ls-files --stage -- /home/ooke0392703/projects/StarWarsUniverse/Gemfile [3ms]
2024-07-11 13:36:01.621 [info] > git show --textconv :Gemfile [28ms]
2024-07-11 13:36:01.622 [info] > git cat-file -s ce96c137a2ef403c65b81f146bba26d4f85bc182 [18ms]
2024-07-11 13:36:55.702 [info] > git ls-files --stage -- /home/ooke0392703/projects/StarWarsUniverse/app/models/starship.rb [8ms]
2024-07-11 13:36:55.707 [info] > git show --textconv :app/models/starship.rb [19ms]
2024-07-11 13:36:55.709 [info] > git cat-file -s 762b013b57a6b3927653bf5cede01b8527ad2b44 [3ms]
2024-07-11 13:53:56.553 [info] > git fetch [790ms]
2024-07-11 13:53:56.565 [info] > git config --get commit.template [2ms]
2024-07-11 13:53:56.577 [info] > git for-each-ref --format=%(refname)%00%(upstream:short)%00%(objectname)%00%(upstream:track)%00%(upstream:remotename)%00%(upstream:remoteref) refs/heads/main refs/remotes/main [2ms]
2024-07-11 13:53:56.610 [info] > git status -z -uall [23ms]
2024-07-11 13:53:57.661 [info] > git ls-files --stage -- /home/ooke0392703/projects/StarWarsUniverse/app/models/starship.rb [3ms]
2024-07-11 13:53:57.668 [info] > git cat-file -s 762b013b57a6b3927653bf5cede01b8527ad2b44 [3ms]
2024-07-11 13:53:57.679 [info] > git show --textconv :app/models/starship.rb [3ms]
2024-07-11 13:53:59.613 [info] > git check-ignore -v -z --stdin [3ms]
2024-07-11 13:54:04.564 [info] > git show --textconv :db/schema.rb [5ms]
2024-07-11 13:54:04.567 [info] > git ls-files --stage -- /home/ooke0392703/projects/StarWarsUniverse/db/schema.rb [3ms]
2024-07-11 13:54:04.579 [info] > git cat-file -s 33d34e29a06ec6ac01bb2aa2533312f8510146ff [2ms]
