2024-07-15 09:22:47.281 [info] Extension host with pid 15807 started
2024-07-15 09:22:47.281 [error] Error: EEXIST: file already exists, open '/home/ooke0392703/.vscode-server/data/User/workspaceStorage/413a92454c05e460d79c633fb7d9ea35/vscode.lock'
2024-07-15 09:22:47.293 [info] Lock '/home/ooke0392703/.vscode-server/data/User/workspaceStorage/413a92454c05e460d79c633fb7d9ea35/vscode.lock': Could not acquire lock, checking if the file is stale.
2024-07-15 09:22:47.309 [info] Lock '/home/ooke0392703/.vscode-server/data/User/workspaceStorage/413a92454c05e460d79c633fb7d9ea35/vscode.lock': The pid 871784 appears to be gone.
2024-07-15 09:22:47.310 [info] Lock '/home/ooke0392703/.vscode-server/data/User/workspaceStorage/413a92454c05e460d79c633fb7d9ea35/vscode.lock': Deleting a stale lock.
2024-07-15 09:22:47.322 [info] Lock '/home/ooke0392703/.vscode-server/data/User/workspaceStorage/413a92454c05e460d79c633fb7d9ea35/vscode.lock': Lock acquired.
2024-07-15 09:22:47.517 [info] ExtensionService#_doActivateExtension vscode.emmet, startup: false, activationEvent: 'onLanguage'
2024-07-15 09:22:47.520 [info] ExtensionService#_doActivateExtension KoichiSasada.vscode-rdbg, startup: false, activationEvent: 'onLanguage:ruby'
2024-07-15 09:22:47.529 [info] ExtensionService#_doActivateExtension Shopify.ruby-lsp, startup: false, activationEvent: 'onLanguage:ruby'
2024-07-15 09:22:47.530 [info] ExtensionService#_doActivateExtension sorbet.sorbet-vscode-extension, startup: false, activationEvent: 'onLanguage:ruby'
2024-07-15 09:22:48.374 [info] ExtensionService#_doActivateExtension vscode.git-base, startup: false, activationEvent: '*', root cause: vscode.git
2024-07-15 09:22:48.509 [info] ExtensionService#_doActivateExtension vscode.git, startup: false, activationEvent: '*'
2024-07-15 09:22:48.509 [info] ExtensionService#_doActivateExtension vscode.github, startup: false, activationEvent: '*'
2024-07-15 09:22:49.231 [info] ExtensionService#_doActivateExtension vscode.npm, startup: true, activationEvent: 'workspaceContains:package.json'
2024-07-15 09:22:49.422 [info] ExtensionService#_doActivateExtension vscode.tunnel-forwarding, startup: false, activationEvent: 'onTunnel'
2024-07-15 09:22:59.268 [info] ExtensionService#_doActivateExtension vscode.debug-auto-launch, startup: false, activationEvent: 'onStartupFinished'
2024-07-15 09:22:59.269 [info] ExtensionService#_doActivateExtension vscode.merge-conflict, startup: false, activationEvent: 'onStartupFinished'
2024-07-15 09:22:59.270 [info] ExtensionService#_doActivateExtension bradlc.vscode-tailwindcss, startup: false, activationEvent: 'onStartupFinished'
2024-07-15 09:22:59.270 [info] ExtensionService#_doActivateExtension Shopify.ruby-extensions-pack, startup: false, activationEvent: 'onStartupFinished'
2024-07-15 09:23:06.855 [info] Eager extensions activated
2024-07-15 11:08:49.257 [info] ExtensionService#_doActivateExtension vscode.css-language-features, startup: false, activationEvent: 'onLanguage:scss'
