2024-07-15 08:49:49.374 [info] Log level: Info
2024-07-15 08:49:49.374 [info] Validating found git in: "git"
2024-07-15 08:49:49.374 [info] Using git "2.34.1" from "git"
2024-07-15 08:49:49.374 [info] > git rev-parse --show-toplevel [14ms]
2024-07-15 08:49:49.374 [info] > git rev-parse --git-dir --git-common-dir [18ms]
2024-07-15 08:49:49.374 [info] Open repository: /home/ooke0392703/projects/E-commercePrettyface
2024-07-15 08:49:49.411 [info] > git rev-parse --show-toplevel [17ms]
2024-07-15 08:49:49.413 [info] > git config --get commit.template [23ms]
2024-07-15 08:49:49.445 [info] > git for-each-ref --format=%(refname)%00%(upstream:short)%00%(objectname)%00%(upstream:track)%00%(upstream:remotename)%00%(upstream:remoteref) refs/heads/main refs/remotes/main [12ms]
2024-07-15 08:49:49.481 [info] > git rev-parse --show-toplevel [28ms]
2024-07-15 08:49:49.541 [info] > git status -z -uall [69ms]
2024-07-15 08:49:49.541 [info] > git rev-parse --show-toplevel [54ms]
2024-07-15 08:49:49.630 [info] > git for-each-ref --format=%(refname)%00%(upstream:short)%00%(objectname)%00%(upstream:track)%00%(upstream:remotename)%00%(upstream:remoteref) refs/heads/main refs/remotes/main [55ms]
2024-07-15 08:49:49.637 [info] > git rev-parse --show-toplevel [88ms]
2024-07-15 08:49:49.647 [info] > git config --local branch.main.vscode-merge-base [10ms]
2024-07-15 08:49:49.647 [warning] git config failed: Failed to execute git
2024-07-15 08:49:49.692 [info] > git config --get commit.template [86ms]
2024-07-15 08:49:49.812 [info] > git reflog main --grep-reflog=branch: Created from *. [121ms]
2024-07-15 08:49:49.817 [info] > git rev-parse --show-toplevel [173ms]
2024-07-15 08:49:49.835 [info] > git for-each-ref --format=%(refname)%00%(upstream:short)%00%(objectname)%00%(upstream:track)%00%(upstream:remotename)%00%(upstream:remoteref) refs/heads/main refs/remotes/main [6ms]
2024-07-15 08:49:49.839 [info] > git symbolic-ref --short refs/remotes/origin/HEAD [23ms]
2024-07-15 08:49:49.839 [info] fatal: ref refs/remotes/origin/HEAD is not a symbolic ref
2024-07-15 08:49:49.865 [info] > git rev-parse --show-toplevel [33ms]
2024-07-15 08:49:49.881 [info] > git rev-parse --show-toplevel [2ms]
2024-07-15 08:49:49.901 [info] > git merge-base refs/heads/main refs/remotes/origin/main [39ms]
2024-07-15 08:49:49.931 [info] > git status -z -uall [44ms]
2024-07-15 08:49:49.931 [info] > git rev-parse --show-toplevel [32ms]
2024-07-15 08:49:49.979 [info] > git for-each-ref --format=%(refname)%00%(upstream:short)%00%(objectname)%00%(upstream:track)%00%(upstream:remotename)%00%(upstream:remoteref) refs/heads/main refs/remotes/main [12ms]
2024-07-15 08:49:49.984 [info] > git rev-parse --show-toplevel [30ms]
2024-07-15 08:49:49.984 [info] > git rev-list --count --left-right refs/heads/main...refs/remotes/origin/main [56ms]
2024-07-15 08:49:50.014 [info] > git config --local branch.main.vscode-merge-base [31ms]
2024-07-15 08:49:50.014 [warning] git config failed: Failed to execute git
2024-07-15 08:49:50.030 [info] > git rev-parse --show-toplevel [26ms]
2024-07-15 08:49:50.032 [info] > git reflog main --grep-reflog=branch: Created from *. [13ms]
2024-07-15 08:49:50.066 [info] > git symbolic-ref --short refs/remotes/origin/HEAD [21ms]
2024-07-15 08:49:50.066 [info] fatal: ref refs/remotes/origin/HEAD is not a symbolic ref
2024-07-15 08:49:50.066 [info] > git diff --name-status -z --diff-filter=ADMR 0af6211305afdaeeb39401d473334b83d51aaee7...refs/remotes/origin/main [67ms]
2024-07-15 08:49:50.086 [info] > git check-ignore -v -z --stdin [36ms]
2024-07-15 08:49:50.089 [info] > git rev-parse --show-toplevel [24ms]
2024-07-15 08:49:50.108 [info] > git rev-parse --show-toplevel [3ms]
2024-07-15 08:49:50.123 [info] > git rev-parse --show-toplevel [2ms]
2024-07-15 08:49:50.186 [info] > git show --textconv :app/controllers/pages_controller.rb [15ms]
2024-07-15 08:49:50.188 [info] > git ls-files --stage -- /home/ooke0392703/projects/E-commercePrettyface/app/controllers/pages_controller.rb [4ms]
2024-07-15 08:49:50.195 [info] > git cat-file -s 423b696136125d68653c80ab2a4e03f978082653 [3ms]
2024-07-15 08:49:50.287 [info] > git fetch [919ms]
2024-07-15 08:49:50.309 [info] > git config --get commit.template [6ms]
2024-07-15 08:49:50.311 [info] > git for-each-ref --format=%(refname)%00%(upstream:short)%00%(objectname)%00%(upstream:track)%00%(upstream:remotename)%00%(upstream:remoteref) refs/heads/main refs/remotes/main [3ms]
2024-07-15 08:49:50.360 [info] > git status -z -uall [44ms]
2024-07-15 08:49:50.391 [info] > git for-each-ref --format=%(refname)%00%(upstream:short)%00%(objectname)%00%(upstream:track)%00%(upstream:remotename)%00%(upstream:remoteref) refs/heads/main refs/remotes/main [16ms]
2024-07-15 08:49:50.407 [info] > git config --local branch.main.vscode-merge-base [11ms]
2024-07-15 08:49:50.407 [warning] git config failed: Failed to execute git
2024-07-15 08:49:50.415 [info] > git reflog main --grep-reflog=branch: Created from *. [3ms]
2024-07-15 08:49:50.431 [info] > git symbolic-ref --short refs/remotes/origin/HEAD [10ms]
2024-07-15 08:49:50.431 [info] fatal: ref refs/remotes/origin/HEAD is not a symbolic ref
2024-07-15 08:51:16.674 [info] > git config --get commit.template [10ms]
2024-07-15 08:51:16.675 [info] > git for-each-ref --format=%(refname)%00%(upstream:short)%00%(objectname)%00%(upstream:track)%00%(upstream:remotename)%00%(upstream:remoteref) refs/heads/main refs/remotes/main [6ms]
2024-07-15 08:51:16.713 [info] > git status -z -uall [28ms]
2024-07-15 08:51:16.734 [info] > git for-each-ref --format=%(refname)%00%(upstream:short)%00%(objectname)%00%(upstream:track)%00%(upstream:remotename)%00%(upstream:remoteref) refs/heads/main refs/remotes/main [14ms]
2024-07-15 08:51:16.750 [info] > git config --local branch.main.vscode-merge-base [4ms]
2024-07-15 08:51:16.750 [warning] git config failed: Failed to execute git
2024-07-15 08:51:16.769 [info] > git reflog main --grep-reflog=branch: Created from *. [14ms]
2024-07-15 08:51:16.787 [info] > git symbolic-ref --short refs/remotes/origin/HEAD [12ms]
2024-07-15 08:51:16.787 [info] fatal: ref refs/remotes/origin/HEAD is not a symbolic ref
2024-07-15 08:51:41.872 [info] > git check-ignore -v -z --stdin [17ms]
2024-07-15 08:51:43.594 [info] > git ls-files --stage -- /home/ooke0392703/projects/E-commercePrettyface/Dockerfile [13ms]
2024-07-15 08:51:43.646 [info] > git show --textconv :Dockerfile [98ms]
2024-07-15 08:51:43.649 [info] > git cat-file -s d18898b0cea8f8abea24cbbd27b34468b5d8cb8c [24ms]
2024-07-15 08:51:53.331 [info] > git show --textconv :Gemfile [99ms]
2024-07-15 08:51:53.348 [info] > git ls-files --stage -- /home/ooke0392703/projects/E-commercePrettyface/Gemfile [35ms]
2024-07-15 08:51:53.379 [info] > git cat-file -s 48994ca7de6321c23943e34806ae79c7940e66c1 [15ms]
2024-07-15 08:51:57.747 [info] > git config --get commit.template [1ms]
2024-07-15 08:51:57.778 [info] > git for-each-ref --format=%(refname)%00%(upstream:short)%00%(objectname)%00%(upstream:track)%00%(upstream:remotename)%00%(upstream:remoteref) refs/heads/main refs/remotes/main [15ms]
2024-07-15 08:51:57.844 [info] > git status -z -uall [49ms]
2024-07-15 08:51:57.874 [info] > git for-each-ref --format=%(refname)%00%(upstream:short)%00%(objectname)%00%(upstream:track)%00%(upstream:remotename)%00%(upstream:remoteref) refs/heads/main refs/remotes/main [15ms]
2024-07-15 08:51:57.895 [info] > git config --local branch.main.vscode-merge-base [15ms]
2024-07-15 08:51:57.895 [warning] git config failed: Failed to execute git
2024-07-15 08:51:57.927 [info] > git reflog main --grep-reflog=branch: Created from *. [13ms]
2024-07-15 08:51:57.940 [info] > git symbolic-ref --short refs/remotes/origin/HEAD [3ms]
2024-07-15 08:51:57.940 [info] fatal: ref refs/remotes/origin/HEAD is not a symbolic ref
2024-07-15 08:52:51.677 [info] > git ls-files --stage -- /home/ooke0392703/projects/E-commercePrettyface/Gemfile [11ms]
2024-07-15 08:52:51.685 [info] > git cat-file -s 48994ca7de6321c23943e34806ae79c7940e66c1 [3ms]
2024-07-15 08:52:51.724 [info] > git show --textconv :Gemfile [7ms]
2024-07-15 08:52:53.198 [info] > git fetch [2808ms]
2024-07-15 08:52:53.212 [info] > git config --get commit.template [7ms]
2024-07-15 08:52:53.215 [info] > git for-each-ref --format=%(refname)%00%(upstream:short)%00%(objectname)%00%(upstream:track)%00%(upstream:remotename)%00%(upstream:remoteref) refs/heads/main refs/remotes/main [4ms]
2024-07-15 08:52:53.245 [info] > git status -z -uall [14ms]
2024-07-15 08:52:53.275 [info] > git for-each-ref --format=%(refname)%00%(upstream:short)%00%(objectname)%00%(upstream:track)%00%(upstream:remotename)%00%(upstream:remoteref) refs/heads/main refs/remotes/main [19ms]
2024-07-15 08:52:53.306 [info] > git config --local branch.main.vscode-merge-base [4ms]
2024-07-15 08:52:53.307 [warning] git config failed: Failed to execute git
2024-07-15 08:52:53.323 [info] > git reflog main --grep-reflog=branch: Created from *. [10ms]
2024-07-15 08:52:53.353 [info] > git symbolic-ref --short refs/remotes/origin/HEAD [24ms]
2024-07-15 08:52:53.353 [info] fatal: ref refs/remotes/origin/HEAD is not a symbolic ref
2024-07-15 08:52:55.044 [info] > git ls-files --stage -- /home/ooke0392703/projects/E-commercePrettyface/Gemfile [4ms]
2024-07-15 08:52:55.070 [info] > git cat-file -s 48994ca7de6321c23943e34806ae79c7940e66c1 [13ms]
2024-07-15 08:52:55.104 [info] > git show --textconv :Gemfile [14ms]
