2024-07-16 15:11:00.201 [info] Extension host with pid 857 started
2024-07-16 15:11:00.303 [error] Error: EEXIST: file already exists, open '/home/ooke0392703/.vscode-server/data/User/workspaceStorage/bcaf08172bec35192f331bd45fec6526/vscode.lock'
2024-07-16 15:11:00.318 [info] Lock '/home/ooke0392703/.vscode-server/data/User/workspaceStorage/bcaf08172bec35192f331bd45fec6526/vscode.lock': Could not acquire lock, checking if the file is stale.
2024-07-16 15:11:00.321 [info] Lock '/home/ooke0392703/.vscode-server/data/User/workspaceStorage/bcaf08172bec35192f331bd45fec6526/vscode.lock': The pid 171569 appears to be gone.
2024-07-16 15:11:00.321 [info] Lock '/home/ooke0392703/.vscode-server/data/User/workspaceStorage/bcaf08172bec35192f331bd45fec6526/vscode.lock': Deleting a stale lock.
2024-07-16 15:11:00.453 [info] ExtensionService#_doActivateExtension vscode.emmet, startup: false, activationEvent: 'onLanguage'
2024-07-16 15:11:00.456 [info] ExtensionService#_doActivateExtension KoichiSasada.vscode-rdbg, startup: false, activationEvent: 'onLanguage:ruby'
2024-07-16 15:11:00.456 [info] ExtensionService#_doActivateExtension Shopify.ruby-lsp, startup: false, activationEvent: 'onLanguage:ruby'
2024-07-16 15:11:00.468 [info] ExtensionService#_doActivateExtension sorbet.sorbet-vscode-extension, startup: false, activationEvent: 'onLanguage:ruby'
2024-07-16 15:11:02.693 [info] ExtensionService#_doActivateExtension vscode.git-base, startup: true, activationEvent: '*', root cause: vscode.git
2024-07-16 15:11:02.777 [info] Lock '/home/ooke0392703/.vscode-server/data/User/workspaceStorage/bcaf08172bec35192f331bd45fec6526/vscode.lock': Lock acquired.
2024-07-16 15:11:02.974 [info] ExtensionService#_doActivateExtension vscode.git, startup: true, activationEvent: '*'
2024-07-16 15:11:02.975 [info] ExtensionService#_doActivateExtension vscode.github, startup: true, activationEvent: '*'
2024-07-16 15:11:12.712 [info] ExtensionService#_doActivateExtension vscode.debug-auto-launch, startup: false, activationEvent: 'onStartupFinished'
2024-07-16 15:11:12.713 [info] ExtensionService#_doActivateExtension vscode.merge-conflict, startup: false, activationEvent: 'onStartupFinished'
2024-07-16 15:11:12.716 [info] ExtensionService#_doActivateExtension bradlc.vscode-tailwindcss, startup: false, activationEvent: 'onStartupFinished'
2024-07-16 15:11:12.717 [info] ExtensionService#_doActivateExtension Shopify.ruby-extensions-pack, startup: false, activationEvent: 'onStartupFinished'
2024-07-16 15:11:31.038 [info] Eager extensions activated
2024-07-16 15:14:56.265 [info] ExtensionService#_doActivateExtension vscode.tunnel-forwarding, startup: false, activationEvent: 'onTunnel'
2024-07-16 15:28:25.218 [info] ExtensionService#_doActivateExtension vscode.npm, startup: false, activationEvent: 'onTerminalQuickFixRequest:ms-vscode.npm-command'
2024-07-16 20:37:41.460 [warning] Shopify.ruby-lsp - Code actions of kind 'quickfix' requested but returned code action is of kind 'refactor.extract'. Code action will be dropped. Please check 'CodeActionContext.only' to only return requested code actions.
2024-07-16 20:37:41.460 [warning] Shopify.ruby-lsp - Code actions of kind 'quickfix' requested but returned code action is of kind 'refactor.extract'. Code action will be dropped. Please check 'CodeActionContext.only' to only return requested code actions.
2024-07-17 09:07:19.898 [info] Extension host terminating: received terminate message from renderer
2024-07-17 09:07:19.907 [info] Lock '/home/ooke0392703/.vscode-server/data/User/workspaceStorage/bcaf08172bec35192f331bd45fec6526/vscode.lock': Marking the lockfile as scheduled to be released in 6000 ms.
2024-07-17 09:07:20.040 [error] Canceled: Canceled
	at new I (/home/ooke0392703/.vscode-server/bin/f1e16e1e6214d7c44d078b1f0607b2388f29d729/out/vs/workbench/api/node/extensionHostProcess.js:146:34990)
	at S.U (/home/ooke0392703/.vscode-server/bin/f1e16e1e6214d7c44d078b1f0607b2388f29d729/out/vs/workbench/api/node/extensionHostProcess.js:153:6023)
	at z.<computed>.F.charCodeAt.T.CharCode.DollarSign.z.<computed> (/home/ooke0392703/.vscode-server/bin/f1e16e1e6214d7c44d078b1f0607b2388f29d729/out/vs/workbench/api/node/extensionHostProcess.js:153:3107)
	at f.g (/home/ooke0392703/.vscode-server/bin/f1e16e1e6214d7c44d078b1f0607b2388f29d729/out/vs/workbench/api/node/extensionHostProcess.js:156:203861)
	at f.executeCommand (/home/ooke0392703/.vscode-server/bin/f1e16e1e6214d7c44d078b1f0607b2388f29d729/out/vs/workbench/api/node/extensionHostProcess.js:156:203299)
	at A.registerCommand.description (/home/ooke0392703/.vscode-server/bin/f1e16e1e6214d7c44d078b1f0607b2388f29d729/out/vs/workbench/api/node/extensionHostProcess.js:156:202623)
	at f.h (/home/ooke0392703/.vscode-server/bin/f1e16e1e6214d7c44d078b1f0607b2388f29d729/out/vs/workbench/api/node/extensionHostProcess.js:156:204400)
	at f.g (/home/ooke0392703/.vscode-server/bin/f1e16e1e6214d7c44d078b1f0607b2388f29d729/out/vs/workbench/api/node/extensionHostProcess.js:156:203392)
	at f.executeCommand (/home/ooke0392703/.vscode-server/bin/f1e16e1e6214d7c44d078b1f0607b2388f29d729/out/vs/workbench/api/node/extensionHostProcess.js:156:203299)
	at Object.executeCommand (/home/ooke0392703/.vscode-server/bin/f1e16e1e6214d7c44d078b1f0607b2388f29d729/out/vs/workbench/api/node/extensionHostProcess.js:166:23051)
	at n.O [as value] (/home/ooke0392703/.vscode-server/bin/f1e16e1e6214d7c44d078b1f0607b2388f29d729/extensions/git/dist/main.js:2:949496)
	at r.B (/home/ooke0392703/.vscode-server/bin/f1e16e1e6214d7c44d078b1f0607b2388f29d729/out/vs/workbench/api/node/extensionHostProcess.js:83:737)
	at r.C (/home/ooke0392703/.vscode-server/bin/f1e16e1e6214d7c44d078b1f0607b2388f29d729/out/vs/workbench/api/node/extensionHostProcess.js:83:807)
	at r.fire (/home/ooke0392703/.vscode-server/bin/f1e16e1e6214d7c44d078b1f0607b2388f29d729/out/vs/workbench/api/node/extensionHostProcess.js:83:1023)
	at Object.p [as dispose] (/home/ooke0392703/.vscode-server/bin/f1e16e1e6214d7c44d078b1f0607b2388f29d729/extensions/git/dist/main.js:2:968700)
	at /home/ooke0392703/.vscode-server/bin/f1e16e1e6214d7c44d078b1f0607b2388f29d729/extensions/git/dist/main.js:2:974738
	at Array.forEach (<anonymous>)
	at f.dispose (/home/ooke0392703/.vscode-server/bin/f1e16e1e6214d7c44d078b1f0607b2388f29d729/extensions/git/dist/main.js:2:974724)
	at c.<anonymous> (/home/ooke0392703/.vscode-server/bin/f1e16e1e6214d7c44d078b1f0607b2388f29d729/out/vs/workbench/api/node/extensionHostProcess.js:154:4048)
	at c.dispose (/home/ooke0392703/.vscode-server/bin/f1e16e1e6214d7c44d078b1f0607b2388f29d729/out/vs/workbench/api/node/extensionHostProcess.js:154:4145)
	at c.<anonymous> (/home/ooke0392703/.vscode-server/bin/f1e16e1e6214d7c44d078b1f0607b2388f29d729/extensions/git/dist/main.js:2:951753)
	at c.dispose (/home/ooke0392703/.vscode-server/bin/f1e16e1e6214d7c44d078b1f0607b2388f29d729/out/vs/workbench/api/node/extensionHostProcess.js:154:4145)
	at d (/home/ooke0392703/.vscode-server/bin/f1e16e1e6214d7c44d078b1f0607b2388f29d729/out/vs/workbench/api/node/extensionHostProcess.js:30:744)
	at m.eb (/home/ooke0392703/.vscode-server/bin/f1e16e1e6214d7c44d078b1f0607b2388f29d729/out/vs/workbench/api/node/extensionHostProcess.js:162:10039)
	at /home/ooke0392703/.vscode-server/bin/f1e16e1e6214d7c44d078b1f0607b2388f29d729/out/vs/workbench/api/node/extensionHostProcess.js:162:7915
	at Array.map (<anonymous>)
	at m.$ (/home/ooke0392703/.vscode-server/bin/f1e16e1e6214d7c44d078b1f0607b2388f29d729/out/vs/workbench/api/node/extensionHostProcess.js:162:7902)
	at m.terminate (/home/ooke0392703/.vscode-server/bin/f1e16e1e6214d7c44d078b1f0607b2388f29d729/out/vs/workbench/api/node/extensionHostProcess.js:162:8175)
	at d.terminate (/home/ooke0392703/.vscode-server/bin/f1e16e1e6214d7c44d078b1f0607b2388f29d729/out/vs/workbench/api/node/extensionHostProcess.js:166:1513)
	at i (/home/ooke0392703/.vscode-server/bin/f1e16e1e6214d7c44d078b1f0607b2388f29d729/out/vs/workbench/api/node/extensionHostProcess.js:179:10617)
	at n.value (/home/ooke0392703/.vscode-server/bin/f1e16e1e6214d7c44d078b1f0607b2388f29d729/out/vs/workbench/api/node/extensionHostProcess.js:179:8585)
	at r.B (/home/ooke0392703/.vscode-server/bin/f1e16e1e6214d7c44d078b1f0607b2388f29d729/out/vs/workbench/api/node/extensionHostProcess.js:83:737)
	at r.fire (/home/ooke0392703/.vscode-server/bin/f1e16e1e6214d7c44d078b1f0607b2388f29d729/out/vs/workbench/api/node/extensionHostProcess.js:83:954)
	at o.fire (/home/ooke0392703/.vscode-server/bin/f1e16e1e6214d7c44d078b1f0607b2388f29d729/out/vs/workbench/api/node/extensionHostProcess.js:108:14502)
	at f.z (/home/ooke0392703/.vscode-server/bin/f1e16e1e6214d7c44d078b1f0607b2388f29d729/out/vs/workbench/api/node/extensionHostProcess.js:108:17638)
	at n.value (/home/ooke0392703/.vscode-server/bin/f1e16e1e6214d7c44d078b1f0607b2388f29d729/out/vs/workbench/api/node/extensionHostProcess.js:108:17012)
	at r.B (/home/ooke0392703/.vscode-server/bin/f1e16e1e6214d7c44d078b1f0607b2388f29d729/out/vs/workbench/api/node/extensionHostProcess.js:83:737)
	at r.fire (/home/ooke0392703/.vscode-server/bin/f1e16e1e6214d7c44d078b1f0607b2388f29d729/out/vs/workbench/api/node/extensionHostProcess.js:83:954)
	at m.acceptChunk (/home/ooke0392703/.vscode-server/bin/f1e16e1e6214d7c44d078b1f0607b2388f29d729/out/vs/workbench/api/node/extensionHostProcess.js:108:12248)
	at n.value (/home/ooke0392703/.vscode-server/bin/f1e16e1e6214d7c44d078b1f0607b2388f29d729/out/vs/workbench/api/node/extensionHostProcess.js:108:11518)
	at r.B (/home/ooke0392703/.vscode-server/bin/f1e16e1e6214d7c44d078b1f0607b2388f29d729/out/vs/workbench/api/node/extensionHostProcess.js:83:737)
	at r.fire (/home/ooke0392703/.vscode-server/bin/f1e16e1e6214d7c44d078b1f0607b2388f29d729/out/vs/workbench/api/node/extensionHostProcess.js:83:954)
	at o.z (/home/ooke0392703/.vscode-server/bin/f1e16e1e6214d7c44d078b1f0607b2388f29d729/out/vs/workbench/api/node/extensionHostProcess.js:176:21458)
	at o.acceptFrame (/home/ooke0392703/.vscode-server/bin/f1e16e1e6214d7c44d078b1f0607b2388f29d729/out/vs/workbench/api/node/extensionHostProcess.js:176:21264)
	at n (/home/ooke0392703/.vscode-server/bin/f1e16e1e6214d7c44d078b1f0607b2388f29d729/out/vs/workbench/api/node/extensionHostProcess.js:176:19709)
	at /home/ooke0392703/.vscode-server/bin/f1e16e1e6214d7c44d078b1f0607b2388f29d729/out/vs/workbench/api/node/extensionHostProcess.js:176:16636
	at Socket.v (/home/ooke0392703/.vscode-server/bin/f1e16e1e6214d7c44d078b1f0607b2388f29d729/out/vs/workbench/api/node/extensionHostProcess.js:176:14266)
	at Socket.emit (node:events:518:28)
	at addChunk (node:internal/streams/readable:559:12)
	at readableAddChunkPushByteMode (node:internal/streams/readable:510:3)
	at Readable.push (node:internal/streams/readable:390:5)
	at TCP.onStreamRead (node:internal/stream_base_commons:190:23) setContext undefined
2024-07-17 09:07:20.041 [error] Canceled: Canceled
	at new I (/home/ooke0392703/.vscode-server/bin/f1e16e1e6214d7c44d078b1f0607b2388f29d729/out/vs/workbench/api/node/extensionHostProcess.js:146:34990)
	at S.U (/home/ooke0392703/.vscode-server/bin/f1e16e1e6214d7c44d078b1f0607b2388f29d729/out/vs/workbench/api/node/extensionHostProcess.js:153:6023)
	at z.<computed>.F.charCodeAt.T.CharCode.DollarSign.z.<computed> (/home/ooke0392703/.vscode-server/bin/f1e16e1e6214d7c44d078b1f0607b2388f29d729/out/vs/workbench/api/node/extensionHostProcess.js:153:3107)
	at f.g (/home/ooke0392703/.vscode-server/bin/f1e16e1e6214d7c44d078b1f0607b2388f29d729/out/vs/workbench/api/node/extensionHostProcess.js:156:203861)
	at f.executeCommand (/home/ooke0392703/.vscode-server/bin/f1e16e1e6214d7c44d078b1f0607b2388f29d729/out/vs/workbench/api/node/extensionHostProcess.js:156:203299)
	at A.registerCommand.description (/home/ooke0392703/.vscode-server/bin/f1e16e1e6214d7c44d078b1f0607b2388f29d729/out/vs/workbench/api/node/extensionHostProcess.js:156:202623)
	at f.h (/home/ooke0392703/.vscode-server/bin/f1e16e1e6214d7c44d078b1f0607b2388f29d729/out/vs/workbench/api/node/extensionHostProcess.js:156:204400)
	at f.g (/home/ooke0392703/.vscode-server/bin/f1e16e1e6214d7c44d078b1f0607b2388f29d729/out/vs/workbench/api/node/extensionHostProcess.js:156:203392)
	at f.executeCommand (/home/ooke0392703/.vscode-server/bin/f1e16e1e6214d7c44d078b1f0607b2388f29d729/out/vs/workbench/api/node/extensionHostProcess.js:156:203299)
	at Object.executeCommand (/home/ooke0392703/.vscode-server/bin/f1e16e1e6214d7c44d078b1f0607b2388f29d729/out/vs/workbench/api/node/extensionHostProcess.js:166:23051)
	at set hasGitHubRepositories [as hasGitHubRepositories] (/home/ooke0392703/.vscode-server/bin/f1e16e1e6214d7c44d078b1f0607b2388f29d729/extensions/github/dist/extension.js:2:322969)
	at /home/ooke0392703/.vscode-server/bin/f1e16e1e6214d7c44d078b1f0607b2388f29d729/extensions/github/dist/extension.js:2:323928
	at n.value (/home/ooke0392703/.vscode-server/bin/f1e16e1e6214d7c44d078b1f0607b2388f29d729/extensions/git/dist/main.js:2:1055238)
	at r.B (/home/ooke0392703/.vscode-server/bin/f1e16e1e6214d7c44d078b1f0607b2388f29d729/out/vs/workbench/api/node/extensionHostProcess.js:83:737)
	at r.C (/home/ooke0392703/.vscode-server/bin/f1e16e1e6214d7c44d078b1f0607b2388f29d729/out/vs/workbench/api/node/extensionHostProcess.js:83:807)
	at r.fire (/home/ooke0392703/.vscode-server/bin/f1e16e1e6214d7c44d078b1f0607b2388f29d729/out/vs/workbench/api/node/extensionHostProcess.js:83:1023)
	at Object.p [as dispose] (/home/ooke0392703/.vscode-server/bin/f1e16e1e6214d7c44d078b1f0607b2388f29d729/extensions/git/dist/main.js:2:968700)
	at /home/ooke0392703/.vscode-server/bin/f1e16e1e6214d7c44d078b1f0607b2388f29d729/extensions/git/dist/main.js:2:974738
	at Array.forEach (<anonymous>)
	at f.dispose (/home/ooke0392703/.vscode-server/bin/f1e16e1e6214d7c44d078b1f0607b2388f29d729/extensions/git/dist/main.js:2:974724)
	at c.<anonymous> (/home/ooke0392703/.vscode-server/bin/f1e16e1e6214d7c44d078b1f0607b2388f29d729/out/vs/workbench/api/node/extensionHostProcess.js:154:4048)
	at c.dispose (/home/ooke0392703/.vscode-server/bin/f1e16e1e6214d7c44d078b1f0607b2388f29d729/out/vs/workbench/api/node/extensionHostProcess.js:154:4145)
	at c.<anonymous> (/home/ooke0392703/.vscode-server/bin/f1e16e1e6214d7c44d078b1f0607b2388f29d729/extensions/git/dist/main.js:2:951753)
	at c.dispose (/home/ooke0392703/.vscode-server/bin/f1e16e1e6214d7c44d078b1f0607b2388f29d729/out/vs/workbench/api/node/extensionHostProcess.js:154:4145)
	at d (/home/ooke0392703/.vscode-server/bin/f1e16e1e6214d7c44d078b1f0607b2388f29d729/out/vs/workbench/api/node/extensionHostProcess.js:30:744)
	at m.eb (/home/ooke0392703/.vscode-server/bin/f1e16e1e6214d7c44d078b1f0607b2388f29d729/out/vs/workbench/api/node/extensionHostProcess.js:162:10039)
	at /home/ooke0392703/.vscode-server/bin/f1e16e1e6214d7c44d078b1f0607b2388f29d729/out/vs/workbench/api/node/extensionHostProcess.js:162:7915
	at Array.map (<anonymous>)
	at m.$ (/home/ooke0392703/.vscode-server/bin/f1e16e1e6214d7c44d078b1f0607b2388f29d729/out/vs/workbench/api/node/extensionHostProcess.js:162:7902)
	at m.terminate (/home/ooke0392703/.vscode-server/bin/f1e16e1e6214d7c44d078b1f0607b2388f29d729/out/vs/workbench/api/node/extensionHostProcess.js:162:8175)
	at d.terminate (/home/ooke0392703/.vscode-server/bin/f1e16e1e6214d7c44d078b1f0607b2388f29d729/out/vs/workbench/api/node/extensionHostProcess.js:166:1513)
	at i (/home/ooke0392703/.vscode-server/bin/f1e16e1e6214d7c44d078b1f0607b2388f29d729/out/vs/workbench/api/node/extensionHostProcess.js:179:10617)
	at n.value (/home/ooke0392703/.vscode-server/bin/f1e16e1e6214d7c44d078b1f0607b2388f29d729/out/vs/workbench/api/node/extensionHostProcess.js:179:8585)
	at r.B (/home/ooke0392703/.vscode-server/bin/f1e16e1e6214d7c44d078b1f0607b2388f29d729/out/vs/workbench/api/node/extensionHostProcess.js:83:737)
	at r.fire (/home/ooke0392703/.vscode-server/bin/f1e16e1e6214d7c44d078b1f0607b2388f29d729/out/vs/workbench/api/node/extensionHostProcess.js:83:954)
	at o.fire (/home/ooke0392703/.vscode-server/bin/f1e16e1e6214d7c44d078b1f0607b2388f29d729/out/vs/workbench/api/node/extensionHostProcess.js:108:14502)
	at f.z (/home/ooke0392703/.vscode-server/bin/f1e16e1e6214d7c44d078b1f0607b2388f29d729/out/vs/workbench/api/node/extensionHostProcess.js:108:17638)
	at n.value (/home/ooke0392703/.vscode-server/bin/f1e16e1e6214d7c44d078b1f0607b2388f29d729/out/vs/workbench/api/node/extensionHostProcess.js:108:17012)
	at r.B (/home/ooke0392703/.vscode-server/bin/f1e16e1e6214d7c44d078b1f0607b2388f29d729/out/vs/workbench/api/node/extensionHostProcess.js:83:737)
	at r.fire (/home/ooke0392703/.vscode-server/bin/f1e16e1e6214d7c44d078b1f0607b2388f29d729/out/vs/workbench/api/node/extensionHostProcess.js:83:954)
	at m.acceptChunk (/home/ooke0392703/.vscode-server/bin/f1e16e1e6214d7c44d078b1f0607b2388f29d729/out/vs/workbench/api/node/extensionHostProcess.js:108:12248)
	at n.value (/home/ooke0392703/.vscode-server/bin/f1e16e1e6214d7c44d078b1f0607b2388f29d729/out/vs/workbench/api/node/extensionHostProcess.js:108:11518)
	at r.B (/home/ooke0392703/.vscode-server/bin/f1e16e1e6214d7c44d078b1f0607b2388f29d729/out/vs/workbench/api/node/extensionHostProcess.js:83:737)
	at r.fire (/home/ooke0392703/.vscode-server/bin/f1e16e1e6214d7c44d078b1f0607b2388f29d729/out/vs/workbench/api/node/extensionHostProcess.js:83:954)
	at o.z (/home/ooke0392703/.vscode-server/bin/f1e16e1e6214d7c44d078b1f0607b2388f29d729/out/vs/workbench/api/node/extensionHostProcess.js:176:21458)
	at o.acceptFrame (/home/ooke0392703/.vscode-server/bin/f1e16e1e6214d7c44d078b1f0607b2388f29d729/out/vs/workbench/api/node/extensionHostProcess.js:176:21264)
	at n (/home/ooke0392703/.vscode-server/bin/f1e16e1e6214d7c44d078b1f0607b2388f29d729/out/vs/workbench/api/node/extensionHostProcess.js:176:19709)
	at /home/ooke0392703/.vscode-server/bin/f1e16e1e6214d7c44d078b1f0607b2388f29d729/out/vs/workbench/api/node/extensionHostProcess.js:176:16636
	at Socket.v (/home/ooke0392703/.vscode-server/bin/f1e16e1e6214d7c44d078b1f0607b2388f29d729/out/vs/workbench/api/node/extensionHostProcess.js:176:14266)
	at Socket.emit (node:events:518:28)
	at addChunk (node:internal/streams/readable:559:12)
	at readableAddChunkPushByteMode (node:internal/streams/readable:510:3)
	at Readable.push (node:internal/streams/readable:390:5)
	at TCP.onStreamRead (node:internal/stream_base_commons:190:23) setContext undefined
2024-07-17 09:07:20.045 [error] Canceled: Canceled
	at new I (/home/ooke0392703/.vscode-server/bin/f1e16e1e6214d7c44d078b1f0607b2388f29d729/out/vs/workbench/api/node/extensionHostProcess.js:146:34990)
	at S.U (/home/ooke0392703/.vscode-server/bin/f1e16e1e6214d7c44d078b1f0607b2388f29d729/out/vs/workbench/api/node/extensionHostProcess.js:153:6023)
	at z.<computed>.F.charCodeAt.T.CharCode.DollarSign.z.<computed> (/home/ooke0392703/.vscode-server/bin/f1e16e1e6214d7c44d078b1f0607b2388f29d729/out/vs/workbench/api/node/extensionHostProcess.js:153:3107)
	at f.g (/home/ooke0392703/.vscode-server/bin/f1e16e1e6214d7c44d078b1f0607b2388f29d729/out/vs/workbench/api/node/extensionHostProcess.js:156:203861)
	at f.executeCommand (/home/ooke0392703/.vscode-server/bin/f1e16e1e6214d7c44d078b1f0607b2388f29d729/out/vs/workbench/api/node/extensionHostProcess.js:156:203299)
	at A.registerCommand.description (/home/ooke0392703/.vscode-server/bin/f1e16e1e6214d7c44d078b1f0607b2388f29d729/out/vs/workbench/api/node/extensionHostProcess.js:156:202623)
	at f.h (/home/ooke0392703/.vscode-server/bin/f1e16e1e6214d7c44d078b1f0607b2388f29d729/out/vs/workbench/api/node/extensionHostProcess.js:156:204400)
	at f.g (/home/ooke0392703/.vscode-server/bin/f1e16e1e6214d7c44d078b1f0607b2388f29d729/out/vs/workbench/api/node/extensionHostProcess.js:156:203392)
	at f.executeCommand (/home/ooke0392703/.vscode-server/bin/f1e16e1e6214d7c44d078b1f0607b2388f29d729/out/vs/workbench/api/node/extensionHostProcess.js:156:203299)
	at Object.executeCommand (/home/ooke0392703/.vscode-server/bin/f1e16e1e6214d7c44d078b1f0607b2388f29d729/out/vs/workbench/api/node/extensionHostProcess.js:166:23051)
	at pE (/home/ooke0392703/.vscode-server/extensions/bradlc.vscode-tailwindcss-0.12.5/dist/extension.js:40:8764)
	at Ne (/home/ooke0392703/.vscode-server/extensions/bradlc.vscode-tailwindcss-0.12.5/dist/extension.js:4:1357)
	at me (/home/ooke0392703/.vscode-server/extensions/bradlc.vscode-tailwindcss-0.12.5/dist/extension.js:3:6845)
	at Immediate.<anonymous> (/home/ooke0392703/.vscode-server/extensions/bradlc.vscode-tailwindcss-0.12.5/dist/extension.js:3:6723)
	at process.processImmediate (node:internal/timers:478:21) setContext undefined
2024-07-17 09:07:20.547 [info] Extension host with pid 857 exiting with code 0
