2024-07-15 09:22:50.726 [info] (E-commercePrettyface) Checking if chruby is available on the path with command: /bin/bash -i -c 'chruby --version'
2024-07-15 09:22:51.769 [info] (E-commercePrettyface) Checking if rbenv is available on the path with command: /bin/bash -i -c 'rbenv --version'
2024-07-15 09:22:52.802 [info] (E-commercePrettyface) Discovered version manager rbenv
2024-07-15 09:22:52.802 [info] (E-commercePrettyface) Running command: `rbenv exec ruby -W0 -rjson -e 'STDERR.print({env: ENV.to_h,yjit:!!defined?(RubyVM::YJIT),version:RUBY_VERSION}.to_json)'` in /home/ooke0392703/projects/E-commercePrettyface using shell: /bin/bash
2024-07-15 09:22:53.577 [info] (E-commercePrettyface) Running command: `/home/ooke0392703/.asdf/installs/ruby/3.3.0/bin/ruby -W0 -rjson -e 'STDERR.print({ env: ENV.to_h, yjit: !!defined?(RubyVM::YJIT), version: RUBY_VERSION }.to_json)'` in /home/ooke0392703/projects/E-commercePrettyface using shell: /bin/bash
2024-07-15 09:22:56.004 [info] (E-commercePrettyface) Ruby LSP> Skipping custom bundle setup since /home/ooke0392703/projects/E-commercePrettyface/.ruby-lsp/Gemfile.lock already exists and is up to date

2024-07-15 09:22:56.039 [info] (E-commercePrettyface) Ruby LSP> Running bundle install for the custom bundle. This may take a while...
Ruby LSP> Command: (bundle check || bundle install) 1>&2

2024-07-15 09:22:56.565 [info] (E-commercePrettyface) The following gems are missing

2024-07-15 09:22:56.565 [info] (E-commercePrettyface)  * bulma-rails (0.9.4)
 * font-awesome-sass (6.5.2)
 * bootstrap (5.0.2)
Install missing gems with `bundle install`

2024-07-15 09:22:59.626 [info] (E-commercePrettyface) Fetching gem metadata from https://rubygems.org/.
2024-07-15 09:23:00.665 [info] (E-commercePrettyface) .
2024-07-15 09:23:00.902 [info] (E-commercePrettyface) .
2024-07-15 09:23:01.049 [info] (E-commercePrettyface) .
2024-07-15 09:23:01.135 [info] (E-commercePrettyface) .
2024-07-15 09:23:01.182 [info] (E-commercePrettyface) .
2024-07-15 09:23:01.202 [info] (E-commercePrettyface) .
2024-07-15 09:23:01.204 [info] (E-commercePrettyface) .
2024-07-15 09:23:03.673 [info] (E-commercePrettyface) 

2024-07-15 09:23:03.733 [info] (E-commercePrettyface) Fetching bulma-rails 0.9.4

2024-07-15 09:23:03.735 [info] (E-commercePrettyface) Fetching font-awesome-sass 6.5.2

2024-07-15 09:23:03.745 [info] (E-commercePrettyface) Fetching bootstrap 5.0.2

2024-07-15 09:23:04.050 [info] (E-commercePrettyface) Installing bulma-rails 0.9.4

2024-07-15 09:23:04.233 [info] (E-commercePrettyface) Installing font-awesome-sass 6.5.2

2024-07-15 09:23:04.301 [info] (E-commercePrettyface) Installing bootstrap 5.0.2

2024-07-15 09:23:05.082 [info] (E-commercePrettyface) Bundle complete! 31 Gemfile dependencies, 121 gems now installed.
Use `bundle info [gemname]` to see where a bundled gem is installed.

2024-07-15 09:23:06.513 [info] (E-commercePrettyface) Initializing Ruby LSP v0.17.7...

2024-07-15 09:23:06.605 [info] (E-commercePrettyface) Finished initializing Ruby LSP!

2024-07-15 09:23:06.706 [info] (E-commercePrettyface) Activating Ruby LSP Rails addon v0.3.10

2024-07-15 09:23:06.785 [info] (E-commercePrettyface) Ruby LSP Rails booting server

2024-07-15 09:23:15.417 [info] (E-commercePrettyface) Ruby LSP Rails failed to initialize server: /home/ooke0392703/projects/E-commercePrettyface/config/initializers/active_admin.rb:1:in `<main>': uninitialized constant ActiveAdmin (NameError)

ActiveAdmin.setup do |config|
^^^^^^^^^^^
Did you mean?  ActiveModel
	from /home/ooke0392703/.asdf/installs/ruby/3.3.0/lib/ruby/gems/3.3.0/gems/railties-7.1.3.4/lib/rails/engine.rb:690:in `load'
	from /home/ooke0392703/.asdf/installs/ruby/3.3.0/lib/ruby/gems/3.3.0/gems/railties-7.1.3.4/lib/rails/engine.rb:690:in `block in load_config_initializer'
	from /home/ooke0392703/.asdf/installs/ruby/3.3.0/lib/ruby/gems/3.3.0/gems/activesupport-7.1.3.4/lib/active_support/notifications.rb:208:in `instrument'
	from /home/ooke0392703/.asdf/installs/ruby/3.3.0/lib/ruby/gems/3.3.0/gems/railties-7.1.3.4/lib/rails/engine.rb:689:in `load_config_initializer'
	from /home/ooke0392703/.asdf/installs/ruby/3.3.0/lib/ruby/gems/3.3.0/gems/railties-7.1.3.4/lib/rails/engine.rb:643:in `block (2 levels) in <class:Engine>'
	from /home/ooke0392703/.asdf/installs/ruby/3.3.0/lib/ruby/gems/3.3.0/gems/railties-7.1.3.4/lib/rails/engine.rb:642:in `each'
	from /home/ooke0392703/.asdf/installs/ruby/3.3.0/lib/ruby/gems/3.3.0/gems/railties-7.1.3.4/lib/rails/engine.rb:642:in `block in <class:Engine>'
	from /home/ooke0392703/.asdf/installs/ruby/3.3.0/lib/ruby/gems/3.3.0/gems/railties-7.1.3.4/lib/rails/initializable.rb:32:in `instance_exec'
	from /home/ooke0392703/.asdf/installs/ruby/3.3.0/lib/ruby/gems/3.3.0/gems/railties-7.1.3.4/lib/rails/initializable.rb:32:in `run'
	from /home/ooke0392703/.asdf/installs/ruby/3.3.0/lib/ruby/gems/3.3.0/gems/railties-7.1.3.4/lib/rails/initializable.rb:61:in `block in run_initializers'
	from /home/ooke0392703/.asdf/installs/ruby/3.3.0/lib/ruby/3.3.0/tsort.rb:231:in `block in tsort_each'
	from /home/ooke0392703/.asdf/installs/ruby/3.3.0/lib/ruby/3.3.0/tsort.rb:353:in `block (2 levels) in each_strongly_connected_component'
	from /home/ooke0392703/.asdf/installs/ruby/3.3.0/lib/ruby/3.3.0/tsort.rb:425:in `block (2 levels) in each_strongly_connected_component_from'
	from /home/ooke0392703/.asdf/installs/ruby/3.3.0/lib/ruby/3.3.0/tsort.rb:434:in `each_strongly_connected_component_from'
	from /home/ooke0392703/.asdf/installs/ruby/3.3.0/lib/ruby/3.3.0/tsort.rb:424:in `block in each_strongly_connected_component_from'
	from /home/ooke0392703/.asdf/installs/ruby/3.3.0/lib/ruby/gems/3.3.0/gems/railties-7.1.3.4/lib/rails/initializable.rb:50:in `each'
	from /home/ooke0392703/.asdf/installs/ruby/3.3.0/lib/ruby/gems/3.3.0/gems/railties-7.1.3.4/lib/rails/initializable.rb:50:in `tsort_each_child'
	from /home/ooke0392703/.asdf/installs/ruby/3.3.0/lib/ruby/3.3.0/tsort.rb:418:in `call'
	from /home/ooke0392703/.asdf/installs/ruby/3.3.0/lib/ruby/3.3.0/tsort.rb:418:in `each_strongly_connected_component_from'
	from /home/ooke0392703/.asdf/installs/ruby/3.3.0/lib/ruby/3.3.0/tsort.rb:352:in `block in each_strongly_connected_component'
	from /home/ooke0392703/.asdf/installs/ruby/3.3.0/lib/ruby/3.3.0/tsort.rb:350:in `each'
	from /home/ooke0392703/.asdf/installs/ruby/3.3.0/lib/ruby/3.3.0/tsort.rb:350:in `call'
	from /home/ooke0392703/.asdf/installs/ruby/3.3.0/lib/ruby/3.3.0/tsort.rb:350:in `each_strongly_connected_component'
	from /home/ooke0392703/.asdf/installs/ruby/3.3.0/lib/ruby/3.3.0/tsort.rb:229:in `tsort_each'
	from /home/ooke0392703/.asdf/installs/ruby/3.3.0/lib/ruby/3.3.0/tsort.rb:208:in `tsort_each'
	from /home/ooke0392703/.asdf/installs/ruby/3.3.0/lib/ruby/gems/3.3.0/gems/railties-7.1.3.4/lib/rails/initializable.rb:60:in `run_initializers'
	from /home/ooke0392703/.asdf/installs/ruby/3.3.0/lib/ruby/gems/3.3.0/gems/railties-7.1.3.4/lib/rails/application.rb:426:in `initialize!'
	from /home/ooke0392703/projects/E-commercePrettyface/config/environment.rb:5:in `<main>'
	from /home/ooke0392703/.asdf/installs/ruby/3.3.0/lib/ruby/3.3.0/bundled_gems.rb:74:in `require'
	from /home/ooke0392703/.asdf/installs/ruby/3.3.0/lib/ruby/3.3.0/bundled_gems.rb:74:in `block (2 levels) in replace_require'
	from /home/ooke0392703/.asdf/installs/ruby/3.3.0/lib/ruby/gems/3.3.0/gems/bootsnap-1.18.3/lib/bootsnap/load_path_cache/core_ext/kernel_require.rb:30:in `require'
	from /home/ooke0392703/.asdf/installs/ruby/3.3.0/lib/ruby/gems/3.3.0/gems/zeitwerk-2.6.16/lib/zeitwerk/kernel.rb:34:in `require'
	from /home/ooke0392703/.asdf/installs/ruby/3.3.0/lib/ruby/gems/3.3.0/gems/railties-7.1.3.4/lib/rails/application.rb:402:in `require_environment!'
	from /home/ooke0392703/.asdf/installs/ruby/3.3.0/lib/ruby/gems/3.3.0/gems/railties-7.1.3.4/lib/rails/command/actions.rb:20:in `boot_application!'
	from /home/ooke0392703/.asdf/installs/ruby/3.3.0/lib/ruby/gems/3.3.0/gems/railties-7.1.3.4/lib/rails/commands/runner/runner_command.rb:28:in `perform'
	from /home/ooke0392703/.asdf/installs/ruby/3.3.0/lib/ruby/gems/3.3.0/gems/thor-1.3.1/lib/thor/command.rb:28:in `run'
	from /home/ooke0392703/.asdf/installs/ruby/3.3.0/lib/ruby/gems/3.3.0/gems/thor-1.3.1/lib/thor/invocation.rb:127:in `invoke_command'
	from /home/ooke0392703/.asdf/installs/ruby/3.3.0/lib/ruby/gems/3.3.0/gems/railties-7.1.3.4/lib/rails/command/base.rb:178:in `invoke_command'
	from /home/ooke0392703/.asdf/installs/ruby/3.3.0/lib/ruby/gems/3.3.0/gems/thor-1.3.1/lib/thor.rb:527:in `dispatch'
	from /home/ooke0392703/.asdf/installs/ruby/3.3.0/lib/ruby/gems/3.3.0/gems/railties-7.1.3.4/lib/rails/command/base.rb:73:in `perform'
	from /home/ooke0392703/.asdf/installs/ruby/3.3.0/lib/ruby/gems/3.3.0/gems/railties-7.1.3.4/lib/rails/command.rb:71:in `block in invoke'
	from /home/ooke0392703/.asdf/installs/ruby/3.3.0/lib/ruby/gems/3.3.0/gems/railties-7.1.3.4/lib/rails/command.rb:149:in `with_argv'
	from /home/ooke0392703/.asdf/installs/ruby/3.3.0/lib/ruby/gems/3.3.0/gems/railties-7.1.3.4/lib/rails/command.rb:69:in `invoke'
	from /home/ooke0392703/.asdf/installs/ruby/3.3.0/lib/ruby/gems/3.3.0/gems/railties-7.1.3.4/lib/rails/commands.rb:18:in `<main>'
	from /home/ooke0392703/.asdf/installs/ruby/3.3.0/lib/ruby/3.3.0/bundled_gems.rb:74:in `require'
	from /home/ooke0392703/.asdf/installs/ruby/3.3.0/lib/ruby/3.3.0/bundled_gems.rb:74:in `block (2 levels) in replace_require'
	from /home/ooke0392703/.asdf/installs/ruby/3.3.0/lib/ruby/gems/3.3.0/gems/bootsnap-1.18.3/lib/bootsnap/load_path_cache/core_ext/kernel_require.rb:30:in `require'
	from bin/rails:4:in `<main>'

/home/ooke0392703/.asdf/installs/ruby/3.3.0/lib/ruby/gems/3.3.0/gems/ruby-lsp-rails-0.3.10/lib/ruby_lsp/ruby_lsp_rails/runner_client.rb:90:in `rescue in initialize'
/home/ooke0392703/.asdf/installs/ruby/3.3.0/lib/ruby/gems/3.3.0/gems/ruby-lsp-rails-0.3.10/lib/ruby_lsp/ruby_lsp_rails/runner_client.rb:40:in `initialize'
/home/ooke0392703/.asdf/installs/ruby/3.3.0/lib/ruby/gems/3.3.0/gems/sorbet-runtime-0.5.11481/lib/types/private/methods/_methods.rb:279:in `bind_call'
/home/ooke0392703/.asdf/installs/ruby/3.3.0/lib/ruby/gems/3.3.0/gems/sorbet-runtime-0.5.11481/lib/types/private/methods/_methods.rb:279:in `block in _on_method_added'
/home/ooke0392703/.asdf/installs/ruby/3.3.0/lib/ruby/gems/3.3.0/gems/ruby-lsp-rails-0.3.10/lib/ruby_lsp/ruby_lsp_rails/runner_client.rb:16:in `new'
/home/ooke0392703/.asdf/installs/ruby/3.3.0/lib/ruby/gems/3.3.0/gems/ruby-lsp-rails-0.3.10/lib/ruby_lsp/ruby_lsp_rails/runner_client.rb:16:in `create_client'
/home/ooke0392703/.asdf/installs/ruby/3.3.0/lib/ruby/gems/3.3.0/gems/sorbet-runtime-0.5.11481/lib/types/private/methods/_methods.rb:279:in `bind_call'
/home/ooke0392703/.asdf/installs/ruby/3.3.0/lib/ruby/gems/3.3.0/gems/sorbet-runtime-0.5.11481/lib/types/private/methods/_methods.rb:279:in `block in _on_method_added'
/home/ooke0392703/.asdf/installs/ruby/3.3.0/lib/ruby/gems/3.3.0/gems/ruby-lsp-rails-0.3.10/lib/ruby_lsp/ruby_lsp_rails/addon.rb:36:in `block in activate'
Server dependent features will not be available

2024-07-15 09:24:52.300 [info] (E-commercePrettyface) Shutting down Ruby LSP...

2024-07-15 09:24:52.305 [info] (E-commercePrettyface) Shutdown complete with status 0

2024-07-15 09:24:52.368 [info] (E-commercePrettyface) Checking if chruby is available on the path with command: /bin/bash -i -c 'chruby --version'
2024-07-15 09:24:52.413 [info] (E-commercePrettyface) [Error - 9:24:52 AM] Server process exited with code 0.
2024-07-15 09:24:52.539 [info] (E-commercePrettyface) Checking if rbenv is available on the path with command: /bin/bash -i -c 'rbenv --version'
2024-07-15 09:24:52.685 [info] (E-commercePrettyface) Discovered version manager rbenv
2024-07-15 09:24:52.685 [info] (E-commercePrettyface) Running command: `rbenv exec ruby -W0 -rjson -e 'STDERR.print({env: ENV.to_h,yjit:!!defined?(RubyVM::YJIT),version:RUBY_VERSION}.to_json)'` in /home/ooke0392703/projects/E-commercePrettyface using shell: /bin/bash
2024-07-15 09:24:52.934 [info] (E-commercePrettyface) Running command: `/home/ooke0392703/.asdf/installs/ruby/3.3.0/bin/ruby -W0 -rjson -e 'STDERR.print({ env: ENV.to_h, yjit: !!defined?(RubyVM::YJIT), version: RUBY_VERSION }.to_json)'` in /home/ooke0392703/projects/E-commercePrettyface using shell: /bin/bash
2024-07-15 09:24:53.956 [info] (E-commercePrettyface) Ruby LSP> Running bundle install for the custom bundle. This may take a while...
Ruby LSP> Command: (bundle check || bundle install) 1>&2

2024-07-15 09:24:54.405 [info] (E-commercePrettyface) Resolving dependencies...

2024-07-15 09:24:54.655 [info] (E-commercePrettyface) The Gemfile's dependencies are satisfied

2024-07-15 09:24:55.980 [info] (E-commercePrettyface) Initializing Ruby LSP v0.17.7...

2024-07-15 09:24:56.103 [info] (E-commercePrettyface) Finished initializing Ruby LSP!

2024-07-15 09:24:56.201 [info] (E-commercePrettyface) Activating Ruby LSP Rails addon v0.3.10

2024-07-15 09:24:56.258 [info] (E-commercePrettyface) Ruby LSP Rails booting server

2024-07-15 09:25:06.456 [info] (E-commercePrettyface) Finished booting Ruby LSP Rails server

2024-07-15 09:25:06.896 [info] (E-commercePrettyface) Shutting down Ruby LSP...

2024-07-15 09:25:06.898 [info] (E-commercePrettyface) Ruby LSP Rails shutting down server

2024-07-15 09:25:07.455 [info] (E-commercePrettyface) Checking if chruby is available on the path with command: /bin/bash -i -c 'chruby --version'
2024-07-15 09:25:07.459 [info] (E-commercePrettyface) Shutdown complete with status 0

2024-07-15 09:25:07.550 [info] (E-commercePrettyface) [Error - 9:25:07 AM] Server process exited with code 0.
2024-07-15 09:25:07.791 [info] (E-commercePrettyface) Checking if rbenv is available on the path with command: /bin/bash -i -c 'rbenv --version'
2024-07-15 09:25:07.932 [info] (E-commercePrettyface) Discovered version manager rbenv
2024-07-15 09:25:07.932 [info] (E-commercePrettyface) Running command: `rbenv exec ruby -W0 -rjson -e 'STDERR.print({env: ENV.to_h,yjit:!!defined?(RubyVM::YJIT),version:RUBY_VERSION}.to_json)'` in /home/ooke0392703/projects/E-commercePrettyface using shell: /bin/bash
2024-07-15 09:25:08.161 [info] (E-commercePrettyface) Running command: `/home/ooke0392703/.asdf/installs/ruby/3.3.0/bin/ruby -W0 -rjson -e 'STDERR.print({ env: ENV.to_h, yjit: !!defined?(RubyVM::YJIT), version: RUBY_VERSION }.to_json)'` in /home/ooke0392703/projects/E-commercePrettyface using shell: /bin/bash
2024-07-15 09:25:09.168 [info] (E-commercePrettyface) Ruby LSP> Skipping custom bundle setup since /home/ooke0392703/projects/E-commercePrettyface/.ruby-lsp/Gemfile.lock already exists and is up to date

2024-07-15 09:25:09.184 [info] (E-commercePrettyface) Ruby LSP> Running bundle install for the custom bundle. This may take a while...
Ruby LSP> Command: (bundle check || bundle install) 1>&2

2024-07-15 09:25:09.441 [info] (E-commercePrettyface) The Gemfile's dependencies are satisfied

2024-07-15 09:25:10.614 [info] (E-commercePrettyface) Initializing Ruby LSP v0.17.7...

2024-07-15 09:25:10.667 [info] (E-commercePrettyface) Finished initializing Ruby LSP!

2024-07-15 09:25:10.740 [info] (E-commercePrettyface) Activating Ruby LSP Rails addon v0.3.10

2024-07-15 09:25:10.805 [info] (E-commercePrettyface) Ruby LSP Rails booting server

2024-07-15 09:25:16.171 [info] (E-commercePrettyface) Finished booting Ruby LSP Rails server

2024-07-15 10:38:16.045 [info] (E-commercePrettyface) Fetching search index for Rails documentation

2024-07-15 10:38:18.131 [info] (E-commercePrettyface) Finished fetching search index for Rails documentation

2024-07-15 17:28:11.494 [info] (E-commercePrettyface) Shutting down Ruby LSP...

2024-07-15 17:28:11.605 [info] (E-commercePrettyface) Ruby LSP Rails shutting down server

2024-07-15 17:28:13.219 [info] (E-commercePrettyface) [Error - 5:28:13 PM] Stopping server timed out
2024-07-15 17:28:13.221 [error] (E-commercePrettyface) Error restarting the server: Stopping the server timed out
