2024-07-13 14:41:09.583 [info] Log level: Info
2024-07-13 14:41:09.583 [info] Validating found git in: "git"
2024-07-13 14:41:09.583 [info] Using git "2.34.1" from "git"
2024-07-13 14:41:09.583 [info] > git rev-parse --show-toplevel [321ms]
2024-07-13 14:41:09.583 [info] > git rev-parse --git-dir --git-common-dir [35ms]
2024-07-13 14:41:09.583 [info] Open repository: /home/ooke0392703/projects/Pretty-face
2024-07-13 14:41:09.600 [info] > git config --get commit.template [119ms]
2024-07-13 14:41:09.793 [info] > git for-each-ref --format=%(refname)%00%(upstream:short)%00%(objectname)%00%(upstream:track)%00%(upstream:remotename)%00%(upstream:remoteref) refs/heads/main refs/remotes/main [123ms]
2024-07-13 14:41:09.854 [info] > git rev-parse --show-toplevel [63ms]
2024-07-13 14:41:09.940 [info] > git status -z -uall [89ms]
2024-07-13 14:41:10.570 [info] > git check-ignore -v -z --stdin [460ms]
2024-07-13 14:41:10.572 [info] > git for-each-ref --format=%(refname)%00%(upstream:short)%00%(objectname)%00%(upstream:track)%00%(upstream:remotename)%00%(upstream:remoteref) refs/heads/main refs/remotes/main [525ms]
2024-07-13 14:41:10.590 [info] > git rev-parse --show-toplevel [653ms]
2024-07-13 14:41:10.649 [info] > git config --get commit.template [157ms]
2024-07-13 14:41:11.302 [info] > git rev-parse --show-toplevel [666ms]
2024-07-13 14:41:11.303 [info] > git config --local branch.main.vscode-merge-base [715ms]
2024-07-13 14:41:11.303 [warning] git config failed: Failed to execute git
2024-07-13 14:41:11.403 [info] > git fetch [2095ms]
2024-07-13 14:41:11.483 [info] > git rev-parse --show-toplevel [101ms]
2024-07-13 14:41:11.485 [info] > git reflog main --grep-reflog=branch: Created from *. [160ms]
2024-07-13 14:41:11.549 [info] > git for-each-ref --format=%(refname)%00%(upstream:short)%00%(objectname)%00%(upstream:track)%00%(upstream:remotename)%00%(upstream:remoteref) refs/heads/main refs/remotes/main [183ms]
2024-07-13 14:41:11.719 [info] > git config --get commit.template [189ms]
2024-07-13 14:41:11.720 [info] > git symbolic-ref --short refs/remotes/origin/HEAD [204ms]
2024-07-13 14:41:11.720 [info] fatal: ref refs/remotes/origin/HEAD is not a symbolic ref
2024-07-13 14:41:11.754 [info] > git rev-parse --show-toplevel [208ms]
2024-07-13 14:41:11.782 [info] > git merge-base refs/heads/main refs/remotes/origin/main [41ms]
2024-07-13 14:41:11.831 [info] > git for-each-ref --format=%(refname)%00%(upstream:short)%00%(objectname)%00%(upstream:track)%00%(upstream:remotename)%00%(upstream:remoteref) refs/heads/main refs/remotes/main [79ms]
2024-07-13 14:41:11.847 [info] > git rev-parse --show-toplevel [17ms]
2024-07-13 14:41:11.860 [info] > git rev-list --count --left-right refs/heads/main...refs/remotes/origin/main [47ms]
2024-07-13 14:41:12.063 [info] > git diff --name-status -z --diff-filter=ADMR 551289666cf17de10aef6c792a36e337a3b4e71f...refs/remotes/origin/main [189ms]
2024-07-13 14:41:12.115 [info] > git rev-parse --show-toplevel [208ms]
2024-07-13 14:41:12.198 [info] > git status -z -uall [37ms]
2024-07-13 14:41:12.263 [info] > git for-each-ref --format=%(refname)%00%(upstream:short)%00%(objectname)%00%(upstream:track)%00%(upstream:remotename)%00%(upstream:remoteref) refs/heads/main refs/remotes/main [33ms]
2024-07-13 14:41:12.281 [info] > git rev-parse --show-toplevel [99ms]
2024-07-13 14:41:12.565 [info] > git rev-parse --show-toplevel [255ms]
2024-07-13 14:41:12.594 [info] > git config --local branch.main.vscode-merge-base [314ms]
2024-07-13 14:41:12.594 [warning] git config failed: Failed to execute git
2024-07-13 14:41:12.803 [info] > git reflog main --grep-reflog=branch: Created from *. [160ms]
2024-07-13 14:41:12.850 [info] > git rev-parse --show-toplevel [48ms]
2024-07-13 14:41:12.924 [info] > git symbolic-ref --short refs/remotes/origin/HEAD [105ms]
2024-07-13 14:41:12.924 [info] fatal: ref refs/remotes/origin/HEAD is not a symbolic ref
2024-07-13 14:41:12.927 [info] > git rev-parse --show-toplevel [4ms]
2024-07-13 14:41:13.016 [info] > git rev-parse --show-toplevel [55ms]
2024-07-13 14:41:13.099 [info] > git show --textconv :Gemfile [21ms]
2024-07-13 14:41:13.112 [info] > git ls-files --stage -- /home/ooke0392703/projects/Pretty-face/Gemfile [14ms]
2024-07-13 14:41:13.157 [info] > git cat-file -s e7973f005d749a9a2eebd0476c023db757988b0a [2ms]
2024-07-13 14:44:13.243 [info] > git fetch [978ms]
2024-07-13 14:44:13.251 [info] > git config --get commit.template [4ms]
2024-07-13 14:44:13.252 [info] > git for-each-ref --format=%(refname)%00%(upstream:short)%00%(objectname)%00%(upstream:track)%00%(upstream:remotename)%00%(upstream:remoteref) refs/heads/main refs/remotes/main [2ms]
2024-07-13 14:44:13.262 [info] > git status -z -uall [6ms]
2024-07-13 14:44:13.272 [info] > git for-each-ref --format=%(refname)%00%(upstream:short)%00%(objectname)%00%(upstream:track)%00%(upstream:remotename)%00%(upstream:remoteref) refs/heads/main refs/remotes/main [4ms]
2024-07-13 14:44:13.284 [info] > git config --local branch.main.vscode-merge-base [5ms]
2024-07-13 14:44:13.284 [warning] git config failed: Failed to execute git
2024-07-13 14:44:13.293 [info] > git reflog main --grep-reflog=branch: Created from *. [5ms]
2024-07-13 14:44:13.302 [info] > git symbolic-ref --short refs/remotes/origin/HEAD [5ms]
2024-07-13 14:44:13.302 [info] fatal: ref refs/remotes/origin/HEAD is not a symbolic ref
2024-07-13 14:44:14.291 [info] > git config --get commit.template [4ms]
2024-07-13 14:44:14.293 [info] > git for-each-ref --format=%(refname)%00%(upstream:short)%00%(objectname)%00%(upstream:track)%00%(upstream:remotename)%00%(upstream:remoteref) refs/heads/main refs/remotes/main [3ms]
2024-07-13 14:44:14.300 [info] > git status -z -uall [2ms]
2024-07-13 14:44:14.308 [info] > git for-each-ref --format=%(refname)%00%(upstream:short)%00%(objectname)%00%(upstream:track)%00%(upstream:remotename)%00%(upstream:remoteref) refs/heads/main refs/remotes/main [4ms]
2024-07-13 14:44:14.320 [info] > git config --local branch.main.vscode-merge-base [6ms]
2024-07-13 14:44:14.320 [warning] git config failed: Failed to execute git
2024-07-13 14:44:14.326 [info] > git reflog main --grep-reflog=branch: Created from *. [3ms]
2024-07-13 14:44:14.330 [info] > git symbolic-ref --short refs/remotes/origin/HEAD [1ms]
2024-07-13 14:44:14.330 [info] fatal: ref refs/remotes/origin/HEAD is not a symbolic ref
2024-07-13 14:44:14.392 [info] > git ls-files --stage -- /home/ooke0392703/projects/Pretty-face/Gemfile [1ms]
2024-07-13 14:44:14.396 [info] > git cat-file -s e7973f005d749a9a2eebd0476c023db757988b0a [1ms]
2024-07-13 14:44:14.420 [info] > git show --textconv :Gemfile [4ms]
2024-07-13 14:46:47.433 [info] > git config --get commit.template [5ms]
2024-07-13 14:46:47.435 [info] > git for-each-ref --format=%(refname)%00%(upstream:short)%00%(objectname)%00%(upstream:track)%00%(upstream:remotename)%00%(upstream:remoteref) refs/heads/main refs/remotes/main [2ms]
2024-07-13 14:46:47.441 [info] > git status -z -uall [3ms]
2024-07-13 14:46:47.448 [info] > git for-each-ref --format=%(refname)%00%(upstream:short)%00%(objectname)%00%(upstream:track)%00%(upstream:remotename)%00%(upstream:remoteref) refs/heads/main refs/remotes/main [3ms]
2024-07-13 14:46:47.458 [info] > git config --local branch.main.vscode-merge-base [4ms]
2024-07-13 14:46:47.459 [warning] git config failed: Failed to execute git
2024-07-13 14:46:47.468 [info] > git reflog main --grep-reflog=branch: Created from *. [4ms]
2024-07-13 14:46:47.472 [info] > git symbolic-ref --short refs/remotes/origin/HEAD [1ms]
2024-07-13 14:46:47.472 [info] fatal: ref refs/remotes/origin/HEAD is not a symbolic ref
2024-07-13 14:47:14.181 [info] > git fetch [906ms]
2024-07-13 14:47:14.193 [info] > git config --get commit.template [6ms]
2024-07-13 14:47:14.201 [info] > git for-each-ref --format=%(refname)%00%(upstream:short)%00%(objectname)%00%(upstream:track)%00%(upstream:remotename)%00%(upstream:remoteref) refs/heads/main refs/remotes/main [2ms]
2024-07-13 14:47:14.213 [info] > git status -z -uall [7ms]
2024-07-13 14:47:14.234 [info] > git for-each-ref --format=%(refname)%00%(upstream:short)%00%(objectname)%00%(upstream:track)%00%(upstream:remotename)%00%(upstream:remoteref) refs/heads/main refs/remotes/main [14ms]
2024-07-13 14:47:14.247 [info] > git config --local branch.main.vscode-merge-base [3ms]
2024-07-13 14:47:14.247 [warning] git config failed: Failed to execute git
2024-07-13 14:47:14.265 [info] > git reflog main --grep-reflog=branch: Created from *. [12ms]
2024-07-13 14:47:14.275 [info] > git symbolic-ref --short refs/remotes/origin/HEAD [1ms]
2024-07-13 14:47:14.275 [info] fatal: ref refs/remotes/origin/HEAD is not a symbolic ref
2024-07-13 14:47:15.245 [info] > git config --get commit.template [7ms]
2024-07-13 14:47:15.246 [info] > git for-each-ref --format=%(refname)%00%(upstream:short)%00%(objectname)%00%(upstream:track)%00%(upstream:remotename)%00%(upstream:remoteref) refs/heads/main refs/remotes/main [3ms]
2024-07-13 14:47:15.254 [info] > git status -z -uall [4ms]
2024-07-13 14:47:15.265 [info] > git for-each-ref --format=%(refname)%00%(upstream:short)%00%(objectname)%00%(upstream:track)%00%(upstream:remotename)%00%(upstream:remoteref) refs/heads/main refs/remotes/main [4ms]
2024-07-13 14:47:15.279 [info] > git config --local branch.main.vscode-merge-base [7ms]
2024-07-13 14:47:15.279 [warning] git config failed: Failed to execute git
2024-07-13 14:47:15.290 [info] > git reflog main --grep-reflog=branch: Created from *. [5ms]
2024-07-13 14:47:15.296 [info] > git symbolic-ref --short refs/remotes/origin/HEAD [2ms]
2024-07-13 14:47:15.296 [info] fatal: ref refs/remotes/origin/HEAD is not a symbolic ref
2024-07-13 14:47:15.346 [info] > git ls-files --stage -- /home/ooke0392703/projects/Pretty-face/Gemfile [2ms]
2024-07-13 14:47:15.354 [info] > git cat-file -s e7973f005d749a9a2eebd0476c023db757988b0a [2ms]
2024-07-13 14:47:15.376 [info] > git show --textconv :Gemfile [3ms]
2024-07-13 14:47:20.277 [info] > git config --get commit.template [6ms]
2024-07-13 14:47:20.278 [info] > git for-each-ref --format=%(refname)%00%(upstream:short)%00%(objectname)%00%(upstream:track)%00%(upstream:remotename)%00%(upstream:remoteref) refs/heads/main refs/remotes/main [2ms]
2024-07-13 14:47:20.286 [info] > git status -z -uall [4ms]
2024-07-13 14:47:20.306 [info] > git for-each-ref --format=%(refname)%00%(upstream:short)%00%(objectname)%00%(upstream:track)%00%(upstream:remotename)%00%(upstream:remoteref) refs/heads/main refs/remotes/main [10ms]
2024-07-13 14:47:20.322 [info] > git config --local branch.main.vscode-merge-base [8ms]
2024-07-13 14:47:20.323 [warning] git config failed: Failed to execute git
2024-07-13 14:47:20.330 [info] > git reflog main --grep-reflog=branch: Created from *. [2ms]
2024-07-13 14:47:20.338 [info] > git symbolic-ref --short refs/remotes/origin/HEAD [1ms]
2024-07-13 14:47:20.338 [info] fatal: ref refs/remotes/origin/HEAD is not a symbolic ref
2024-07-13 14:47:25.993 [info] > git config --get commit.template [6ms]
2024-07-13 14:47:25.994 [info] > git for-each-ref --format=%(refname)%00%(upstream:short)%00%(objectname)%00%(upstream:track)%00%(upstream:remotename)%00%(upstream:remoteref) refs/heads/main refs/remotes/main [3ms]
2024-07-13 14:47:26.016 [info] > git status -z -uall [4ms]
2024-07-13 14:47:26.033 [info] > git for-each-ref --format=%(refname)%00%(upstream:short)%00%(objectname)%00%(upstream:track)%00%(upstream:remotename)%00%(upstream:remoteref) refs/heads/main refs/remotes/main [10ms]
2024-07-13 14:47:26.052 [info] > git config --local branch.main.vscode-merge-base [9ms]
2024-07-13 14:47:26.052 [warning] git config failed: Failed to execute git
2024-07-13 14:47:26.077 [info] > git reflog main --grep-reflog=branch: Created from *. [6ms]
2024-07-13 14:47:26.091 [info] > git symbolic-ref --short refs/remotes/origin/HEAD [1ms]
2024-07-13 14:47:26.091 [info] fatal: ref refs/remotes/origin/HEAD is not a symbolic ref
2024-07-13 14:47:57.805 [info] > git check-ignore -v -z --stdin [1ms]
2024-07-13 14:48:18.169 [info] > git check-ignore -v -z --stdin [2ms]
2024-07-13 14:50:28.013 [info] > git fetch [1058ms]
2024-07-13 14:50:28.026 [info] > git config --get commit.template [7ms]
2024-07-13 14:50:28.027 [info] > git for-each-ref --format=%(refname)%00%(upstream:short)%00%(objectname)%00%(upstream:track)%00%(upstream:remotename)%00%(upstream:remoteref) refs/heads/main refs/remotes/main [3ms]
2024-07-13 14:50:28.043 [info] > git status -z -uall [4ms]
2024-07-13 14:50:28.066 [info] > git for-each-ref --format=%(refname)%00%(upstream:short)%00%(objectname)%00%(upstream:track)%00%(upstream:remotename)%00%(upstream:remoteref) refs/heads/main refs/remotes/main [12ms]
2024-07-13 14:50:28.084 [info] > git config --local branch.main.vscode-merge-base [5ms]
2024-07-13 14:50:28.084 [warning] git config failed: Failed to execute git
2024-07-13 14:50:28.101 [info] > git reflog main --grep-reflog=branch: Created from *. [3ms]
2024-07-13 14:50:28.108 [info] > git symbolic-ref --short refs/remotes/origin/HEAD [1ms]
2024-07-13 14:50:28.108 [info] fatal: ref refs/remotes/origin/HEAD is not a symbolic ref
2024-07-13 14:50:29.078 [info] > git config --get commit.template [8ms]
2024-07-13 14:50:29.079 [info] > git for-each-ref --format=%(refname)%00%(upstream:short)%00%(objectname)%00%(upstream:track)%00%(upstream:remotename)%00%(upstream:remoteref) refs/heads/main refs/remotes/main [4ms]
2024-07-13 14:50:29.087 [info] > git status -z -uall [4ms]
2024-07-13 14:50:29.097 [info] > git for-each-ref --format=%(refname)%00%(upstream:short)%00%(objectname)%00%(upstream:track)%00%(upstream:remotename)%00%(upstream:remoteref) refs/heads/main refs/remotes/main [4ms]
2024-07-13 14:50:29.110 [info] > git config --local branch.main.vscode-merge-base [5ms]
2024-07-13 14:50:29.110 [warning] git config failed: Failed to execute git
2024-07-13 14:50:29.117 [info] > git reflog main --grep-reflog=branch: Created from *. [3ms]
2024-07-13 14:50:29.126 [info] > git symbolic-ref --short refs/remotes/origin/HEAD [4ms]
2024-07-13 14:50:29.126 [info] fatal: ref refs/remotes/origin/HEAD is not a symbolic ref
2024-07-13 14:50:29.177 [info] > git ls-files --stage -- /home/ooke0392703/projects/Pretty-face/Gemfile [2ms]
2024-07-13 14:50:29.183 [info] > git cat-file -s e7973f005d749a9a2eebd0476c023db757988b0a [2ms]
2024-07-13 14:50:29.208 [info] > git show --textconv :Gemfile [17ms]
2024-07-13 14:50:47.948 [info] > git show --textconv :Gemfile.lock [5ms]
2024-07-13 14:50:47.955 [info] > git ls-files --stage -- /home/ooke0392703/projects/Pretty-face/Gemfile.lock [7ms]
2024-07-13 14:50:47.962 [info] > git cat-file -s 35ea04b17f68164bb9dfc9bf1d53f81894c16f8b [3ms]
2024-07-13 14:52:22.731 [info] > git show --textconv :Gemfile [8ms]
2024-07-13 14:52:22.739 [info] > git ls-files --stage -- /home/ooke0392703/projects/Pretty-face/Gemfile [10ms]
2024-07-13 14:52:22.748 [info] > git cat-file -s e7973f005d749a9a2eebd0476c023db757988b0a [4ms]
2024-07-13 14:52:35.274 [info] > git config --get commit.template [5ms]
2024-07-13 14:52:35.276 [info] > git for-each-ref --format=%(refname)%00%(upstream:short)%00%(objectname)%00%(upstream:track)%00%(upstream:remotename)%00%(upstream:remoteref) refs/heads/main refs/remotes/main [3ms]
2024-07-13 14:52:35.282 [info] > git status -z -uall [3ms]
2024-07-13 14:52:35.291 [info] > git for-each-ref --format=%(refname)%00%(upstream:short)%00%(objectname)%00%(upstream:track)%00%(upstream:remotename)%00%(upstream:remoteref) refs/heads/main refs/remotes/main [5ms]
2024-07-13 14:52:35.297 [info] > git config --local branch.main.vscode-merge-base [2ms]
2024-07-13 14:52:35.298 [warning] git config failed: Failed to execute git
2024-07-13 14:52:35.307 [info] > git reflog main --grep-reflog=branch: Created from *. [4ms]
2024-07-13 14:52:35.311 [info] > git symbolic-ref --short refs/remotes/origin/HEAD [2ms]
2024-07-13 14:52:35.311 [info] fatal: ref refs/remotes/origin/HEAD is not a symbolic ref
2024-07-13 14:52:40.302 [info] > git config --get commit.template [6ms]
2024-07-13 14:52:40.304 [info] > git for-each-ref --format=%(refname)%00%(upstream:short)%00%(objectname)%00%(upstream:track)%00%(upstream:remotename)%00%(upstream:remoteref) refs/heads/main refs/remotes/main [3ms]
2024-07-13 14:52:40.314 [info] > git status -z -uall [3ms]
2024-07-13 14:52:40.328 [info] > git for-each-ref --format=%(refname)%00%(upstream:short)%00%(objectname)%00%(upstream:track)%00%(upstream:remotename)%00%(upstream:remoteref) refs/heads/main refs/remotes/main [9ms]
2024-07-13 14:52:40.342 [info] > git config --local branch.main.vscode-merge-base [3ms]
2024-07-13 14:52:40.342 [warning] git config failed: Failed to execute git
2024-07-13 14:52:40.351 [info] > git reflog main --grep-reflog=branch: Created from *. [2ms]
2024-07-13 14:52:40.360 [info] > git symbolic-ref --short refs/remotes/origin/HEAD [2ms]
2024-07-13 14:52:40.360 [info] fatal: ref refs/remotes/origin/HEAD is not a symbolic ref
2024-07-13 14:52:55.757 [info] > git config --get commit.template [6ms]
2024-07-13 14:52:55.758 [info] > git for-each-ref --format=%(refname)%00%(upstream:short)%00%(objectname)%00%(upstream:track)%00%(upstream:remotename)%00%(upstream:remoteref) refs/heads/main refs/remotes/main [3ms]
2024-07-13 14:52:55.766 [info] > git status -z -uall [4ms]
2024-07-13 14:52:55.774 [info] > git for-each-ref --format=%(refname)%00%(upstream:short)%00%(objectname)%00%(upstream:track)%00%(upstream:remotename)%00%(upstream:remoteref) refs/heads/main refs/remotes/main [4ms]
2024-07-13 14:52:55.783 [info] > git config --local branch.main.vscode-merge-base [3ms]
2024-07-13 14:52:55.783 [warning] git config failed: Failed to execute git
2024-07-13 14:52:55.790 [info] > git reflog main --grep-reflog=branch: Created from *. [3ms]
2024-07-13 14:52:55.797 [info] > git symbolic-ref --short refs/remotes/origin/HEAD [2ms]
2024-07-13 14:52:55.797 [info] fatal: ref refs/remotes/origin/HEAD is not a symbolic ref
2024-07-13 14:53:14.285 [info] > git config --get commit.template [9ms]
2024-07-13 14:53:14.297 [info] > git for-each-ref --format=%(refname)%00%(upstream:short)%00%(objectname)%00%(upstream:track)%00%(upstream:remotename)%00%(upstream:remoteref) refs/heads/main refs/remotes/main [2ms]
2024-07-13 14:53:14.318 [info] > git status -z -uall [4ms]
2024-07-13 14:53:14.352 [info] > git for-each-ref --format=%(refname)%00%(upstream:short)%00%(objectname)%00%(upstream:track)%00%(upstream:remotename)%00%(upstream:remoteref) refs/heads/main refs/remotes/main [16ms]
2024-07-13 14:53:14.399 [info] > git config --local branch.main.vscode-merge-base [18ms]
2024-07-13 14:53:14.399 [warning] git config failed: Failed to execute git
2024-07-13 14:53:14.496 [info] > git reflog main --grep-reflog=branch: Created from *. [81ms]
2024-07-13 14:53:14.512 [info] > git symbolic-ref --short refs/remotes/origin/HEAD [2ms]
2024-07-13 14:53:14.512 [info] fatal: ref refs/remotes/origin/HEAD is not a symbolic ref
2024-07-13 14:53:19.359 [info] > git config --get commit.template [2ms]
2024-07-13 14:53:19.365 [info] > git for-each-ref --format=%(refname)%00%(upstream:short)%00%(objectname)%00%(upstream:track)%00%(upstream:remotename)%00%(upstream:remoteref) refs/heads/main refs/remotes/main [2ms]
2024-07-13 14:53:19.373 [info] > git status -z -uall [4ms]
2024-07-13 14:53:19.389 [info] > git for-each-ref --format=%(refname)%00%(upstream:short)%00%(objectname)%00%(upstream:track)%00%(upstream:remotename)%00%(upstream:remoteref) refs/heads/main refs/remotes/main [7ms]
2024-07-13 14:53:19.398 [info] > git config --local branch.main.vscode-merge-base [3ms]
2024-07-13 14:53:19.398 [warning] git config failed: Failed to execute git
2024-07-13 14:53:19.410 [info] > git reflog main --grep-reflog=branch: Created from *. [5ms]
2024-07-13 14:53:19.416 [info] > git symbolic-ref --short refs/remotes/origin/HEAD [2ms]
2024-07-13 14:53:19.416 [info] fatal: ref refs/remotes/origin/HEAD is not a symbolic ref
2024-07-13 14:53:35.810 [info] > git fetch [1111ms]
2024-07-13 14:53:35.830 [info] > git config --get commit.template [14ms]
2024-07-13 14:53:35.834 [info] > git for-each-ref --format=%(refname)%00%(upstream:short)%00%(objectname)%00%(upstream:track)%00%(upstream:remotename)%00%(upstream:remoteref) refs/heads/main refs/remotes/main [4ms]
2024-07-13 14:53:35.853 [info] > git status -z -uall [4ms]
2024-07-13 14:53:35.872 [info] > git for-each-ref --format=%(refname)%00%(upstream:short)%00%(objectname)%00%(upstream:track)%00%(upstream:remotename)%00%(upstream:remoteref) refs/heads/main refs/remotes/main [7ms]
2024-07-13 14:53:35.887 [info] > git config --local branch.main.vscode-merge-base [6ms]
2024-07-13 14:53:35.887 [warning] git config failed: Failed to execute git
2024-07-13 14:53:35.912 [info] > git reflog main --grep-reflog=branch: Created from *. [11ms]
2024-07-13 14:53:35.919 [info] > git symbolic-ref --short refs/remotes/origin/HEAD [2ms]
2024-07-13 14:53:35.919 [info] fatal: ref refs/remotes/origin/HEAD is not a symbolic ref
2024-07-13 14:53:36.961 [info] > git ls-files --stage -- /home/ooke0392703/projects/Pretty-face/Gemfile [2ms]
2024-07-13 14:53:36.966 [info] > git cat-file -s e7973f005d749a9a2eebd0476c023db757988b0a [2ms]
2024-07-13 14:53:36.976 [info] > git show --textconv :Gemfile [2ms]
2024-07-13 14:53:42.964 [info] > git show --textconv :config/initializers/active_admin.rb [12ms]
2024-07-13 14:53:42.966 [info] > git ls-files --stage -- /home/ooke0392703/projects/Pretty-face/config/initializers/active_admin.rb [9ms]
2024-07-13 14:53:42.979 [info] > git cat-file -s ee882fb8a3dbbe45831e04d43285194e6e3ee2f3 [2ms]
2024-07-13 14:54:24.159 [info] > git show --textconv :Gemfile [6ms]
2024-07-13 14:54:24.166 [info] > git ls-files --stage -- /home/ooke0392703/projects/Pretty-face/Gemfile [8ms]
2024-07-13 14:54:24.174 [info] > git cat-file -s e7973f005d749a9a2eebd0476c023db757988b0a [3ms]
2024-07-13 14:54:32.780 [info] > git config --get commit.template [6ms]
2024-07-13 14:54:32.782 [info] > git for-each-ref --format=%(refname)%00%(upstream:short)%00%(objectname)%00%(upstream:track)%00%(upstream:remotename)%00%(upstream:remoteref) refs/heads/main refs/remotes/main [3ms]
2024-07-13 14:54:32.790 [info] > git status -z -uall [4ms]
2024-07-13 14:54:32.801 [info] > git for-each-ref --format=%(refname)%00%(upstream:short)%00%(objectname)%00%(upstream:track)%00%(upstream:remotename)%00%(upstream:remoteref) refs/heads/main refs/remotes/main [5ms]
2024-07-13 14:54:32.811 [info] > git config --local branch.main.vscode-merge-base [2ms]
2024-07-13 14:54:32.812 [warning] git config failed: Failed to execute git
2024-07-13 14:54:32.825 [info] > git reflog main --grep-reflog=branch: Created from *. [6ms]
2024-07-13 14:54:32.831 [info] > git symbolic-ref --short refs/remotes/origin/HEAD [2ms]
2024-07-13 14:54:32.831 [info] fatal: ref refs/remotes/origin/HEAD is not a symbolic ref
2024-07-13 14:54:37.811 [info] > git config --get commit.template [5ms]
2024-07-13 14:54:37.812 [info] > git for-each-ref --format=%(refname)%00%(upstream:short)%00%(objectname)%00%(upstream:track)%00%(upstream:remotename)%00%(upstream:remoteref) refs/heads/main refs/remotes/main [3ms]
2024-07-13 14:54:37.818 [info] > git status -z -uall [2ms]
2024-07-13 14:54:37.828 [info] > git for-each-ref --format=%(refname)%00%(upstream:short)%00%(objectname)%00%(upstream:track)%00%(upstream:remotename)%00%(upstream:remoteref) refs/heads/main refs/remotes/main [4ms]
2024-07-13 14:54:37.837 [info] > git config --local branch.main.vscode-merge-base [4ms]
2024-07-13 14:54:37.837 [warning] git config failed: Failed to execute git
2024-07-13 14:54:37.844 [info] > git reflog main --grep-reflog=branch: Created from *. [2ms]
2024-07-13 14:54:37.849 [info] > git symbolic-ref --short refs/remotes/origin/HEAD [2ms]
2024-07-13 14:54:37.849 [info] fatal: ref refs/remotes/origin/HEAD is not a symbolic ref
2024-07-13 14:54:42.836 [info] > git config --get commit.template [6ms]
2024-07-13 14:54:42.837 [info] > git for-each-ref --format=%(refname)%00%(upstream:short)%00%(objectname)%00%(upstream:track)%00%(upstream:remotename)%00%(upstream:remoteref) refs/heads/main refs/remotes/main [2ms]
2024-07-13 14:54:42.844 [info] > git status -z -uall [3ms]
2024-07-13 14:54:42.858 [info] > git for-each-ref --format=%(refname)%00%(upstream:short)%00%(objectname)%00%(upstream:track)%00%(upstream:remotename)%00%(upstream:remoteref) refs/heads/main refs/remotes/main [8ms]
2024-07-13 14:54:42.866 [info] > git config --local branch.main.vscode-merge-base [3ms]
2024-07-13 14:54:42.866 [warning] git config failed: Failed to execute git
2024-07-13 14:54:42.877 [info] > git reflog main --grep-reflog=branch: Created from *. [3ms]
2024-07-13 14:54:42.890 [info] > git symbolic-ref --short refs/remotes/origin/HEAD [8ms]
2024-07-13 14:54:42.890 [info] fatal: ref refs/remotes/origin/HEAD is not a symbolic ref
2024-07-13 14:58:02.208 [info] > git fetch [1097ms]
2024-07-13 14:58:02.214 [info] > git config --get commit.template [2ms]
2024-07-13 14:58:02.221 [info] > git for-each-ref --format=%(refname)%00%(upstream:short)%00%(objectname)%00%(upstream:track)%00%(upstream:remotename)%00%(upstream:remoteref) refs/heads/main refs/remotes/main [3ms]
2024-07-13 14:58:02.230 [info] > git status -z -uall [4ms]
2024-07-13 14:58:02.241 [info] > git for-each-ref --format=%(refname)%00%(upstream:short)%00%(objectname)%00%(upstream:track)%00%(upstream:remotename)%00%(upstream:remoteref) refs/heads/main refs/remotes/main [4ms]
2024-07-13 14:58:02.248 [info] > git config --local branch.main.vscode-merge-base [2ms]
2024-07-13 14:58:02.248 [warning] git config failed: Failed to execute git
2024-07-13 14:58:02.261 [info] > git reflog main --grep-reflog=branch: Created from *. [8ms]
2024-07-13 14:58:02.266 [info] > git symbolic-ref --short refs/remotes/origin/HEAD [1ms]
2024-07-13 14:58:02.266 [info] fatal: ref refs/remotes/origin/HEAD is not a symbolic ref
2024-07-13 14:58:03.259 [info] > git config --get commit.template [4ms]
2024-07-13 14:58:03.260 [info] > git for-each-ref --format=%(refname)%00%(upstream:short)%00%(objectname)%00%(upstream:track)%00%(upstream:remotename)%00%(upstream:remoteref) refs/heads/main refs/remotes/main [2ms]
2024-07-13 14:58:03.268 [info] > git status -z -uall [3ms]
2024-07-13 14:58:03.274 [info] > git for-each-ref --format=%(refname)%00%(upstream:short)%00%(objectname)%00%(upstream:track)%00%(upstream:remotename)%00%(upstream:remoteref) refs/heads/main refs/remotes/main [2ms]
2024-07-13 14:58:03.281 [info] > git config --local branch.main.vscode-merge-base [2ms]
2024-07-13 14:58:03.281 [warning] git config failed: Failed to execute git
2024-07-13 14:58:03.291 [info] > git reflog main --grep-reflog=branch: Created from *. [6ms]
2024-07-13 14:58:03.296 [info] > git symbolic-ref --short refs/remotes/origin/HEAD [1ms]
2024-07-13 14:58:03.296 [info] fatal: ref refs/remotes/origin/HEAD is not a symbolic ref
2024-07-13 14:58:03.359 [info] > git ls-files --stage -- /home/ooke0392703/projects/Pretty-face/Gemfile [2ms]
2024-07-13 14:58:03.364 [info] > git cat-file -s e7973f005d749a9a2eebd0476c023db757988b0a [1ms]
2024-07-13 14:58:03.384 [info] > git show --textconv :Gemfile [2ms]
2024-07-13 21:19:48.009 [info] > git fetch [991ms]
2024-07-13 21:19:48.021 [info] > git config --get commit.template [6ms]
2024-07-13 21:19:48.024 [info] > git for-each-ref --format=%(refname)%00%(upstream:short)%00%(objectname)%00%(upstream:track)%00%(upstream:remotename)%00%(upstream:remoteref) refs/heads/main refs/remotes/main [3ms]
2024-07-13 21:19:48.052 [info] > git status -z -uall [17ms]
2024-07-13 21:19:48.064 [info] > git for-each-ref --format=%(refname)%00%(upstream:short)%00%(objectname)%00%(upstream:track)%00%(upstream:remotename)%00%(upstream:remoteref) refs/heads/main refs/remotes/main [7ms]
2024-07-13 21:19:48.080 [info] > git config --local branch.main.vscode-merge-base [11ms]
2024-07-13 21:19:48.080 [warning] git config failed: Failed to execute git
2024-07-13 21:19:48.093 [info] > git reflog main --grep-reflog=branch: Created from *. [5ms]
2024-07-13 21:19:48.104 [info] > git symbolic-ref --short refs/remotes/origin/HEAD [6ms]
2024-07-13 21:19:48.104 [info] fatal: ref refs/remotes/origin/HEAD is not a symbolic ref
2024-07-13 21:19:49.154 [info] > git ls-files --stage -- /home/ooke0392703/projects/Pretty-face/Gemfile [3ms]
2024-07-13 21:19:49.163 [info] > git cat-file -s e7973f005d749a9a2eebd0476c023db757988b0a [4ms]
2024-07-13 21:19:49.190 [info] > git show --textconv :Gemfile [17ms]
2024-07-13 21:20:18.348 [info] > git config --get commit.template [7ms]
2024-07-13 21:20:18.349 [info] > git for-each-ref --format=%(refname)%00%(upstream:short)%00%(objectname)%00%(upstream:track)%00%(upstream:remotename)%00%(upstream:remoteref) refs/heads/main refs/remotes/main [3ms]
2024-07-13 21:20:18.359 [info] > git status -z -uall [2ms]
2024-07-13 21:20:18.369 [info] > git for-each-ref --format=%(refname)%00%(upstream:short)%00%(objectname)%00%(upstream:track)%00%(upstream:remotename)%00%(upstream:remoteref) refs/heads/main refs/remotes/main [2ms]
2024-07-13 21:20:18.377 [info] > git config --local branch.main.vscode-merge-base [3ms]
2024-07-13 21:20:18.377 [warning] git config failed: Failed to execute git
2024-07-13 21:20:18.391 [info] > git reflog main --grep-reflog=branch: Created from *. [5ms]
2024-07-13 21:20:18.399 [info] > git symbolic-ref --short refs/remotes/origin/HEAD [3ms]
2024-07-13 21:20:18.399 [info] fatal: ref refs/remotes/origin/HEAD is not a symbolic ref
2024-07-13 21:20:30.596 [info] > git config --get commit.template [6ms]
2024-07-13 21:20:30.598 [info] > git for-each-ref --format=%(refname)%00%(upstream:short)%00%(objectname)%00%(upstream:track)%00%(upstream:remotename)%00%(upstream:remoteref) refs/heads/main refs/remotes/main [3ms]
2024-07-13 21:20:30.605 [info] > git status -z -uall [3ms]
2024-07-13 21:20:30.613 [info] > git for-each-ref --format=%(refname)%00%(upstream:short)%00%(objectname)%00%(upstream:track)%00%(upstream:remotename)%00%(upstream:remoteref) refs/heads/main refs/remotes/main [3ms]
2024-07-13 21:20:30.625 [info] > git config --local branch.main.vscode-merge-base [7ms]
2024-07-13 21:20:30.625 [warning] git config failed: Failed to execute git
2024-07-13 21:20:30.633 [info] > git reflog main --grep-reflog=branch: Created from *. [2ms]
2024-07-13 21:20:30.639 [info] > git symbolic-ref --short refs/remotes/origin/HEAD [2ms]
2024-07-13 21:20:30.639 [info] fatal: ref refs/remotes/origin/HEAD is not a symbolic ref
2024-07-13 21:20:41.133 [info] > git config --get commit.template [6ms]
2024-07-13 21:20:41.135 [info] > git for-each-ref --format=%(refname)%00%(upstream:short)%00%(objectname)%00%(upstream:track)%00%(upstream:remotename)%00%(upstream:remoteref) refs/heads/main refs/remotes/main [3ms]
2024-07-13 21:20:41.144 [info] > git status -z -uall [4ms]
2024-07-13 21:20:41.159 [info] > git for-each-ref --format=%(refname)%00%(upstream:short)%00%(objectname)%00%(upstream:track)%00%(upstream:remotename)%00%(upstream:remoteref) refs/heads/main refs/remotes/main [7ms]
2024-07-13 21:20:41.173 [info] > git config --local branch.main.vscode-merge-base [6ms]
2024-07-13 21:20:41.173 [warning] git config failed: Failed to execute git
2024-07-13 21:20:41.184 [info] > git reflog main --grep-reflog=branch: Created from *. [6ms]
2024-07-13 21:20:41.190 [info] > git symbolic-ref --short refs/remotes/origin/HEAD [2ms]
2024-07-13 21:20:41.190 [info] fatal: ref refs/remotes/origin/HEAD is not a symbolic ref
2024-07-13 21:20:54.607 [info] > git config --get commit.template [7ms]
2024-07-13 21:20:54.615 [info] > git for-each-ref --format=%(refname)%00%(upstream:short)%00%(objectname)%00%(upstream:track)%00%(upstream:remotename)%00%(upstream:remoteref) refs/heads/main refs/remotes/main [10ms]
2024-07-13 21:20:54.633 [info] > git status -z -uall [10ms]
2024-07-13 21:20:54.654 [info] > git for-each-ref --format=%(refname)%00%(upstream:short)%00%(objectname)%00%(upstream:track)%00%(upstream:remotename)%00%(upstream:remoteref) refs/heads/main refs/remotes/main [6ms]
2024-07-13 21:20:54.673 [info] > git config --local branch.main.vscode-merge-base [3ms]
2024-07-13 21:20:54.673 [warning] git config failed: Failed to execute git
2024-07-13 21:20:54.693 [info] > git reflog main --grep-reflog=branch: Created from *. [4ms]
2024-07-13 21:20:54.706 [info] > git symbolic-ref --short refs/remotes/origin/HEAD [2ms]
2024-07-13 21:20:54.706 [info] fatal: ref refs/remotes/origin/HEAD is not a symbolic ref
2024-07-14 17:11:13.134 [info] > git fetch [1612ms]
2024-07-14 17:11:13.150 [info] > git config --get commit.template [6ms]
2024-07-14 17:11:13.152 [info] > git for-each-ref --format=%(refname)%00%(upstream:short)%00%(objectname)%00%(upstream:track)%00%(upstream:remotename)%00%(upstream:remoteref) refs/heads/main refs/remotes/main [3ms]
2024-07-14 17:11:13.232 [info] > git status -z -uall [73ms]
2024-07-14 17:11:13.244 [info] > git for-each-ref --format=%(refname)%00%(upstream:short)%00%(objectname)%00%(upstream:track)%00%(upstream:remotename)%00%(upstream:remoteref) refs/heads/main refs/remotes/main [7ms]
2024-07-14 17:11:13.256 [info] > git config --local branch.main.vscode-merge-base [3ms]
2024-07-14 17:11:13.257 [warning] git config failed: Failed to execute git
2024-07-14 17:11:13.269 [info] > git reflog main --grep-reflog=branch: Created from *. [7ms]
2024-07-14 17:11:13.277 [info] > git symbolic-ref --short refs/remotes/origin/HEAD [4ms]
2024-07-14 17:11:13.277 [info] fatal: ref refs/remotes/origin/HEAD is not a symbolic ref
2024-07-14 17:11:13.918 [info] > git ls-files --stage -- /home/ooke0392703/projects/Pretty-face/Gemfile [2ms]
2024-07-14 17:11:13.933 [info] > git cat-file -s e7973f005d749a9a2eebd0476c023db757988b0a [10ms]
2024-07-14 17:11:13.951 [info] > git show --textconv :Gemfile [5ms]
2024-07-14 17:14:14.384 [info] > git fetch [1133ms]
2024-07-14 17:14:14.390 [info] > git config --get commit.template [3ms]
2024-07-14 17:14:14.391 [info] > git for-each-ref --format=%(refname)%00%(upstream:short)%00%(objectname)%00%(upstream:track)%00%(upstream:remotename)%00%(upstream:remoteref) refs/heads/main refs/remotes/main [1ms]
2024-07-14 17:14:14.414 [info] > git status -z -uall [19ms]
2024-07-14 17:14:14.421 [info] > git for-each-ref --format=%(refname)%00%(upstream:short)%00%(objectname)%00%(upstream:track)%00%(upstream:remotename)%00%(upstream:remoteref) refs/heads/main refs/remotes/main [2ms]
2024-07-14 17:14:14.429 [info] > git config --local branch.main.vscode-merge-base [4ms]
2024-07-14 17:14:14.429 [warning] git config failed: Failed to execute git
2024-07-14 17:14:14.440 [info] > git reflog main --grep-reflog=branch: Created from *. [7ms]
2024-07-14 17:14:14.445 [info] > git symbolic-ref --short refs/remotes/origin/HEAD [2ms]
2024-07-14 17:14:14.445 [info] fatal: ref refs/remotes/origin/HEAD is not a symbolic ref
2024-07-14 17:14:15.513 [info] > git ls-files --stage -- /home/ooke0392703/projects/Pretty-face/Gemfile [2ms]
2024-07-14 17:14:15.528 [info] > git cat-file -s e7973f005d749a9a2eebd0476c023db757988b0a [11ms]
2024-07-14 17:14:15.547 [info] > git show --textconv :Gemfile [10ms]
2024-07-14 17:17:15.432 [info] > git fetch [997ms]
2024-07-14 17:17:15.438 [info] > git config --get commit.template [2ms]
2024-07-14 17:17:15.443 [info] > git for-each-ref --format=%(refname)%00%(upstream:short)%00%(objectname)%00%(upstream:track)%00%(upstream:remotename)%00%(upstream:remoteref) refs/heads/main refs/remotes/main [2ms]
2024-07-14 17:17:15.451 [info] > git status -z -uall [4ms]
2024-07-14 17:17:15.464 [info] > git for-each-ref --format=%(refname)%00%(upstream:short)%00%(objectname)%00%(upstream:track)%00%(upstream:remotename)%00%(upstream:remoteref) refs/heads/main refs/remotes/main [5ms]
2024-07-14 17:17:15.473 [info] > git config --local branch.main.vscode-merge-base [2ms]
2024-07-14 17:17:15.473 [warning] git config failed: Failed to execute git
2024-07-14 17:17:15.482 [info] > git reflog main --grep-reflog=branch: Created from *. [5ms]
2024-07-14 17:17:15.489 [info] > git symbolic-ref --short refs/remotes/origin/HEAD [2ms]
2024-07-14 17:17:15.489 [info] fatal: ref refs/remotes/origin/HEAD is not a symbolic ref
2024-07-14 17:17:16.473 [info] > git config --get commit.template [4ms]
2024-07-14 17:17:16.474 [info] > git for-each-ref --format=%(refname)%00%(upstream:short)%00%(objectname)%00%(upstream:track)%00%(upstream:remotename)%00%(upstream:remoteref) refs/heads/main refs/remotes/main [2ms]
2024-07-14 17:17:16.480 [info] > git status -z -uall [2ms]
2024-07-14 17:17:16.488 [info] > git for-each-ref --format=%(refname)%00%(upstream:short)%00%(objectname)%00%(upstream:track)%00%(upstream:remotename)%00%(upstream:remoteref) refs/heads/main refs/remotes/main [4ms]
2024-07-14 17:17:16.496 [info] > git config --local branch.main.vscode-merge-base [3ms]
2024-07-14 17:17:16.496 [warning] git config failed: Failed to execute git
2024-07-14 17:17:16.503 [info] > git reflog main --grep-reflog=branch: Created from *. [2ms]
2024-07-14 17:17:16.507 [info] > git symbolic-ref --short refs/remotes/origin/HEAD [1ms]
2024-07-14 17:17:16.507 [info] fatal: ref refs/remotes/origin/HEAD is not a symbolic ref
2024-07-14 17:17:16.575 [info] > git ls-files --stage -- /home/ooke0392703/projects/Pretty-face/Gemfile [2ms]
2024-07-14 17:17:16.579 [info] > git cat-file -s e7973f005d749a9a2eebd0476c023db757988b0a [1ms]
2024-07-14 17:17:16.597 [info] > git show --textconv :Gemfile [2ms]
2024-07-14 17:24:30.951 [info] > git fetch [1112ms]
2024-07-14 17:24:30.963 [info] > git config --get commit.template [5ms]
2024-07-14 17:24:30.964 [info] > git for-each-ref --format=%(refname)%00%(upstream:short)%00%(objectname)%00%(upstream:track)%00%(upstream:remotename)%00%(upstream:remoteref) refs/heads/main refs/remotes/main [2ms]
2024-07-14 17:24:30.986 [info] > git status -z -uall [18ms]
2024-07-14 17:24:30.993 [info] > git for-each-ref --format=%(refname)%00%(upstream:short)%00%(objectname)%00%(upstream:track)%00%(upstream:remotename)%00%(upstream:remoteref) refs/heads/main refs/remotes/main [3ms]
2024-07-14 17:24:31.003 [info] > git config --local branch.main.vscode-merge-base [5ms]
2024-07-14 17:24:31.004 [warning] git config failed: Failed to execute git
2024-07-14 17:24:31.019 [info] > git reflog main --grep-reflog=branch: Created from *. [12ms]
2024-07-14 17:24:31.026 [info] > git symbolic-ref --short refs/remotes/origin/HEAD [3ms]
2024-07-14 17:24:31.026 [info] fatal: ref refs/remotes/origin/HEAD is not a symbolic ref
2024-07-14 17:24:32.063 [info] > git ls-files --stage -- /home/ooke0392703/projects/Pretty-face/Gemfile [1ms]
2024-07-14 17:24:32.076 [info] > git cat-file -s e7973f005d749a9a2eebd0476c023db757988b0a [9ms]
2024-07-14 17:24:32.092 [info] > git show --textconv :Gemfile [6ms]
2024-07-14 17:24:50.293 [info] > git check-ignore -v -z --stdin [2ms]
2024-07-14 17:24:51.730 [info] > git ls-files --stage -- /home/ooke0392703/projects/Pretty-face/db/seeds.rb [6ms]
2024-07-14 17:24:51.737 [info] > git show --textconv :db/seeds.rb [18ms]
2024-07-14 17:24:51.738 [info] > git cat-file -s 0874563045aac0d033eaf59624c23c25bb6caa51 [4ms]
2024-07-14 17:26:08.538 [info] > git ls-files --stage -- /home/ooke0392703/projects/Pretty-face/db/schema.rb [28ms]
2024-07-14 17:26:08.544 [info] > git show --textconv :db/schema.rb [39ms]
2024-07-14 17:26:08.548 [info] > git cat-file -s 61ceef074158bbb7292073a3ebb168e5348db7c5 [5ms]
2024-07-14 17:26:16.508 [info] > git show --textconv :config/tailwind.config.js [29ms]
2024-07-14 17:26:16.508 [info] > git ls-files --stage -- /home/ooke0392703/projects/Pretty-face/config/tailwind.config.js [21ms]
2024-07-14 17:26:16.527 [info] > git cat-file -s d6ad82c0d8d69152977d698a30db66d15fed4a77 [14ms]
2024-07-14 17:26:19.444 [info] > git show --textconv :config/routes.rb [74ms]
2024-07-14 17:26:19.475 [info] > git ls-files --stage -- /home/ooke0392703/projects/Pretty-face/config/routes.rb [34ms]
2024-07-14 17:26:19.546 [info] > git cat-file -s e31b1cc7751fb7ff0e563126871c9261cd273e52 [63ms]
2024-07-14 17:27:32.107 [info] > git fetch [1110ms]
2024-07-14 17:27:32.119 [info] > git for-each-ref --format=%(refname)%00%(upstream:short)%00%(objectname)%00%(upstream:track)%00%(upstream:remotename)%00%(upstream:remoteref) refs/heads/main refs/remotes/main [2ms]
2024-07-14 17:27:32.121 [info] > git config --get commit.template [8ms]
2024-07-14 17:27:32.131 [info] > git status -z -uall [7ms]
2024-07-14 17:27:32.140 [info] > git for-each-ref --format=%(refname)%00%(upstream:short)%00%(objectname)%00%(upstream:track)%00%(upstream:remotename)%00%(upstream:remoteref) refs/heads/main refs/remotes/main [4ms]
2024-07-14 17:27:32.150 [info] > git config --local branch.main.vscode-merge-base [2ms]
2024-07-14 17:27:32.150 [warning] git config failed: Failed to execute git
2024-07-14 17:27:32.161 [info] > git reflog main --grep-reflog=branch: Created from *. [4ms]
2024-07-14 17:27:32.181 [info] > git symbolic-ref --short refs/remotes/origin/HEAD [16ms]
2024-07-14 17:27:32.181 [info] fatal: ref refs/remotes/origin/HEAD is not a symbolic ref
2024-07-14 17:27:33.228 [info] > git ls-files --stage -- /home/ooke0392703/projects/Pretty-face/config/routes.rb [2ms]
2024-07-14 17:27:33.234 [info] > git cat-file -s e31b1cc7751fb7ff0e563126871c9261cd273e52 [1ms]
2024-07-14 17:27:33.292 [info] > git show --textconv :config/routes.rb [2ms]
2024-07-14 17:34:04.041 [info] > git fetch [950ms]
2024-07-14 17:34:04.057 [info] > git config --get commit.template [9ms]
2024-07-14 17:34:04.058 [info] > git for-each-ref --format=%(refname)%00%(upstream:short)%00%(objectname)%00%(upstream:track)%00%(upstream:remotename)%00%(upstream:remoteref) refs/heads/main refs/remotes/main [3ms]
2024-07-14 17:34:04.087 [info] > git status -z -uall [15ms]
2024-07-14 17:34:04.107 [info] > git for-each-ref --format=%(refname)%00%(upstream:short)%00%(objectname)%00%(upstream:track)%00%(upstream:remotename)%00%(upstream:remoteref) refs/heads/main refs/remotes/main [14ms]
2024-07-14 17:34:04.125 [info] > git config --local branch.main.vscode-merge-base [12ms]
2024-07-14 17:34:04.125 [warning] git config failed: Failed to execute git
2024-07-14 17:34:04.140 [info] > git reflog main --grep-reflog=branch: Created from *. [10ms]
2024-07-14 17:34:04.147 [info] > git symbolic-ref --short refs/remotes/origin/HEAD [2ms]
2024-07-14 17:34:04.147 [info] fatal: ref refs/remotes/origin/HEAD is not a symbolic ref
2024-07-14 17:34:05.186 [info] > git ls-files --stage -- /home/ooke0392703/projects/Pretty-face/config/routes.rb [2ms]
2024-07-14 17:34:05.192 [info] > git cat-file -s e31b1cc7751fb7ff0e563126871c9261cd273e52 [1ms]
2024-07-14 17:34:05.203 [info] > git show --textconv :config/routes.rb [3ms]
2024-07-14 17:56:50.767 [info] > git fetch [872ms]
2024-07-14 17:56:50.785 [info] > git config --get commit.template [5ms]
2024-07-14 17:56:50.787 [info] > git for-each-ref --format=%(refname)%00%(upstream:short)%00%(objectname)%00%(upstream:track)%00%(upstream:remotename)%00%(upstream:remoteref) refs/heads/main refs/remotes/main [3ms]
2024-07-14 17:56:50.866 [info] > git status -z -uall [72ms]
2024-07-14 17:56:50.876 [info] > git for-each-ref --format=%(refname)%00%(upstream:short)%00%(objectname)%00%(upstream:track)%00%(upstream:remotename)%00%(upstream:remoteref) refs/heads/main refs/remotes/main [4ms]
2024-07-14 17:56:50.887 [info] > git config --local branch.main.vscode-merge-base [4ms]
2024-07-14 17:56:50.887 [warning] git config failed: Failed to execute git
2024-07-14 17:56:50.895 [info] > git reflog main --grep-reflog=branch: Created from *. [3ms]
2024-07-14 17:56:50.901 [info] > git symbolic-ref --short refs/remotes/origin/HEAD [2ms]
2024-07-14 17:56:50.901 [info] fatal: ref refs/remotes/origin/HEAD is not a symbolic ref
2024-07-15 08:34:02.813 [info] > git ls-files --stage -- /home/ooke0392703/projects/Pretty-face/config/routes.rb [34ms]
2024-07-15 08:34:02.861 [info] > git cat-file -s e31b1cc7751fb7ff0e563126871c9261cd273e52 [41ms]
2024-07-15 08:34:02.924 [info] > git show --textconv :config/routes.rb [15ms]
2024-07-15 08:34:03.690 [info] > git fetch [935ms]
2024-07-15 08:34:03.702 [info] > git config --get commit.template [6ms]
2024-07-15 08:34:03.708 [info] > git for-each-ref --format=%(refname)%00%(upstream:short)%00%(objectname)%00%(upstream:track)%00%(upstream:remotename)%00%(upstream:remoteref) refs/heads/main refs/remotes/main [8ms]
2024-07-15 08:34:03.929 [info] > git status -z -uall [209ms]
2024-07-15 08:34:03.949 [info] > git for-each-ref --format=%(refname)%00%(upstream:short)%00%(objectname)%00%(upstream:track)%00%(upstream:remotename)%00%(upstream:remoteref) refs/heads/main refs/remotes/main [13ms]
2024-07-15 08:34:03.955 [info] > git config --local branch.main.vscode-merge-base [2ms]
2024-07-15 08:34:03.955 [warning] git config failed: Failed to execute git
2024-07-15 08:34:03.975 [info] > git reflog main --grep-reflog=branch: Created from *. [8ms]
2024-07-15 08:34:03.980 [info] > git symbolic-ref --short refs/remotes/origin/HEAD [2ms]
2024-07-15 08:34:03.980 [info] fatal: ref refs/remotes/origin/HEAD is not a symbolic ref
2024-07-15 08:34:04.857 [info] > git ls-files --stage -- /home/ooke0392703/projects/Pretty-face/config/routes.rb [2ms]
2024-07-15 08:34:04.861 [info] > git cat-file -s e31b1cc7751fb7ff0e563126871c9261cd273e52 [1ms]
2024-07-15 08:34:04.871 [info] > git show --textconv :config/routes.rb [3ms]
2024-07-15 08:35:17.745 [info] > git show --textconv :Gemfile [4ms]
2024-07-15 08:35:17.747 [info] > git ls-files --stage -- /home/ooke0392703/projects/Pretty-face/Gemfile [3ms]
2024-07-15 08:35:17.756 [info] > git cat-file -s e7973f005d749a9a2eebd0476c023db757988b0a [6ms]
2024-07-15 08:37:04.883 [info] > git fetch [931ms]
2024-07-15 08:37:04.896 [info] > git config --get commit.template [6ms]
2024-07-15 08:37:04.903 [info] > git for-each-ref --format=%(refname)%00%(upstream:short)%00%(objectname)%00%(upstream:track)%00%(upstream:remotename)%00%(upstream:remoteref) refs/heads/main refs/remotes/main [3ms]
2024-07-15 08:37:04.921 [info] > git status -z -uall [13ms]
2024-07-15 08:37:04.929 [info] > git for-each-ref --format=%(refname)%00%(upstream:short)%00%(objectname)%00%(upstream:track)%00%(upstream:remotename)%00%(upstream:remoteref) refs/heads/main refs/remotes/main [3ms]
2024-07-15 08:37:04.942 [info] > git config --local branch.main.vscode-merge-base [9ms]
2024-07-15 08:37:04.943 [warning] git config failed: Failed to execute git
2024-07-15 08:37:04.949 [info] > git reflog main --grep-reflog=branch: Created from *. [3ms]
2024-07-15 08:37:04.954 [info] > git symbolic-ref --short refs/remotes/origin/HEAD [2ms]
2024-07-15 08:37:04.954 [info] fatal: ref refs/remotes/origin/HEAD is not a symbolic ref
2024-07-15 08:37:06.008 [info] > git ls-files --stage -- /home/ooke0392703/projects/Pretty-face/Gemfile [2ms]
2024-07-15 08:37:06.022 [info] > git cat-file -s e7973f005d749a9a2eebd0476c023db757988b0a [11ms]
2024-07-15 08:37:06.037 [info] > git show --textconv :Gemfile [6ms]
2024-07-15 08:40:05.733 [info] > git fetch [802ms]
2024-07-15 08:40:05.746 [info] > git for-each-ref --format=%(refname)%00%(upstream:short)%00%(objectname)%00%(upstream:track)%00%(upstream:remotename)%00%(upstream:remoteref) refs/heads/main refs/remotes/main [3ms]
2024-07-15 08:40:05.746 [info] > git config --get commit.template [9ms]
2024-07-15 08:40:05.756 [info] > git status -z -uall [5ms]
2024-07-15 08:40:05.766 [info] > git for-each-ref --format=%(refname)%00%(upstream:short)%00%(objectname)%00%(upstream:track)%00%(upstream:remotename)%00%(upstream:remoteref) refs/heads/main refs/remotes/main [4ms]
2024-07-15 08:40:05.773 [info] > git config --local branch.main.vscode-merge-base [2ms]
2024-07-15 08:40:05.773 [warning] git config failed: Failed to execute git
2024-07-15 08:40:05.781 [info] > git reflog main --grep-reflog=branch: Created from *. [3ms]
2024-07-15 08:40:05.789 [info] > git symbolic-ref --short refs/remotes/origin/HEAD [4ms]
2024-07-15 08:40:05.789 [info] fatal: ref refs/remotes/origin/HEAD is not a symbolic ref
2024-07-15 08:40:06.777 [info] > git config --get commit.template [5ms]
2024-07-15 08:40:06.778 [info] > git for-each-ref --format=%(refname)%00%(upstream:short)%00%(objectname)%00%(upstream:track)%00%(upstream:remotename)%00%(upstream:remoteref) refs/heads/main refs/remotes/main [2ms]
2024-07-15 08:40:06.786 [info] > git status -z -uall [3ms]
2024-07-15 08:40:06.798 [info] > git for-each-ref --format=%(refname)%00%(upstream:short)%00%(objectname)%00%(upstream:track)%00%(upstream:remotename)%00%(upstream:remoteref) refs/heads/main refs/remotes/main [5ms]
2024-07-15 08:40:06.810 [info] > git config --local branch.main.vscode-merge-base [5ms]
2024-07-15 08:40:06.811 [warning] git config failed: Failed to execute git
2024-07-15 08:40:06.818 [info] > git reflog main --grep-reflog=branch: Created from *. [3ms]
2024-07-15 08:40:06.826 [info] > git symbolic-ref --short refs/remotes/origin/HEAD [4ms]
2024-07-15 08:40:06.826 [info] fatal: ref refs/remotes/origin/HEAD is not a symbolic ref
2024-07-15 08:40:06.878 [info] > git ls-files --stage -- /home/ooke0392703/projects/Pretty-face/Gemfile [3ms]
2024-07-15 08:40:06.885 [info] > git cat-file -s e7973f005d749a9a2eebd0476c023db757988b0a [2ms]
2024-07-15 08:40:06.921 [info] > git show --textconv :Gemfile [8ms]
2024-07-15 08:43:06.565 [info] > git fetch [796ms]
2024-07-15 08:43:06.584 [info] > git config --get commit.template [1ms]
2024-07-15 08:43:06.600 [info] > git for-each-ref --format=%(refname)%00%(upstream:short)%00%(objectname)%00%(upstream:track)%00%(upstream:remotename)%00%(upstream:remoteref) refs/heads/main refs/remotes/main [1ms]
2024-07-15 08:43:06.646 [info] > git status -z -uall [16ms]
2024-07-15 08:43:06.684 [info] > git for-each-ref --format=%(refname)%00%(upstream:short)%00%(objectname)%00%(upstream:track)%00%(upstream:remotename)%00%(upstream:remoteref) refs/heads/main refs/remotes/main [3ms]
2024-07-15 08:43:06.747 [info] > git config --local branch.main.vscode-merge-base [2ms]
2024-07-15 08:43:06.747 [warning] git config failed: Failed to execute git
2024-07-15 08:43:06.921 [info] > git reflog main --grep-reflog=branch: Created from *. [116ms]
2024-07-15 08:43:06.969 [info] > git symbolic-ref --short refs/remotes/origin/HEAD [1ms]
2024-07-15 08:43:06.970 [info] fatal: ref refs/remotes/origin/HEAD is not a symbolic ref
2024-07-15 08:43:07.713 [info] > git ls-files --stage -- /home/ooke0392703/projects/Pretty-face/Gemfile [3ms]
2024-07-15 08:43:07.726 [info] > git cat-file -s e7973f005d749a9a2eebd0476c023db757988b0a [3ms]
2024-07-15 08:43:07.745 [info] > git show --textconv :Gemfile [3ms]
2024-07-15 08:46:08.235 [info] > git ls-files --stage -- /home/ooke0392703/projects/Pretty-face/Gemfile [2ms]
2024-07-15 08:46:08.251 [info] > git cat-file -s e7973f005d749a9a2eebd0476c023db757988b0a [2ms]
2024-07-15 08:46:08.361 [info] > git show --textconv :Gemfile [30ms]
2024-07-15 08:46:08.681 [info] > git fetch [1962ms]
2024-07-15 08:46:08.774 [info] > git config --get commit.template [28ms]
2024-07-15 08:46:08.806 [info] > git for-each-ref --format=%(refname)%00%(upstream:short)%00%(objectname)%00%(upstream:track)%00%(upstream:remotename)%00%(upstream:remoteref) refs/heads/main refs/remotes/main [13ms]
2024-07-15 08:46:08.857 [info] > git status -z -uall [3ms]
2024-07-15 08:46:09.027 [info] > git for-each-ref --format=%(refname)%00%(upstream:short)%00%(objectname)%00%(upstream:track)%00%(upstream:remotename)%00%(upstream:remoteref) refs/heads/main refs/remotes/main [120ms]
2024-07-15 08:46:09.203 [info] > git config --local branch.main.vscode-merge-base [130ms]
2024-07-15 08:46:09.203 [warning] git config failed: Failed to execute git
2024-07-15 08:46:09.265 [info] > git reflog main --grep-reflog=branch: Created from *. [31ms]
2024-07-15 08:46:09.284 [info] > git symbolic-ref --short refs/remotes/origin/HEAD [2ms]
2024-07-15 08:46:09.284 [info] fatal: ref refs/remotes/origin/HEAD is not a symbolic ref
2024-07-15 08:46:09.904 [info] > git ls-files --stage -- /home/ooke0392703/projects/Pretty-face/Gemfile [2ms]
2024-07-15 08:46:09.935 [info] > git cat-file -s e7973f005d749a9a2eebd0476c023db757988b0a [1ms]
2024-07-15 08:46:09.982 [info] > git show --textconv :Gemfile [1ms]
