2024-07-18 10:06:08.254 [info] Log level: Info
2024-07-18 10:06:08.254 [info] Validating found git in: "git"
2024-07-18 10:06:08.254 [info] Using git "2.34.1" from "git"
2024-07-18 10:06:08.254 [info] > git rev-parse --show-toplevel [15ms]
2024-07-18 10:06:08.254 [info] > git rev-parse --git-dir --git-common-dir [12ms]
2024-07-18 10:06:08.254 [info] Open repository: /home/ooke0392703/projects/E-commercePrettyface
2024-07-18 10:06:08.254 [info] > git config --get commit.template [14ms]
2024-07-18 10:06:08.254 [info] > git rev-parse --show-toplevel [25ms]
2024-07-18 10:06:08.254 [info] > git rev-parse --show-toplevel [2ms]
2024-07-18 10:06:08.254 [info] > git rev-parse --show-toplevel [6ms]
2024-07-18 10:06:08.254 [info] > git rev-parse --show-toplevel [2ms]
2024-07-18 10:06:08.254 [info] > git rev-parse --show-toplevel [2ms]
2024-07-18 10:06:08.254 [info] > git rev-parse --show-toplevel [8ms]
2024-07-18 10:06:08.254 [info] > git rev-parse --show-toplevel [2ms]
2024-07-18 10:06:08.254 [info] > git rev-parse --show-toplevel [1ms]
2024-07-18 10:06:08.254 [info] > git rev-parse --show-toplevel [9ms]
2024-07-18 10:06:08.254 [info] > git rev-parse --show-toplevel [15ms]
2024-07-18 10:06:08.254 [info] > git rev-parse --show-toplevel [1ms]
2024-07-18 10:06:08.254 [info] > git rev-parse --show-toplevel [2ms]
2024-07-18 10:06:08.254 [info] > git for-each-ref --format=%(refname)%00%(upstream:short)%00%(objectname)%00%(upstream:track)%00%(upstream:remotename)%00%(upstream:remoteref) refs/heads/main refs/remotes/main [156ms]
2024-07-18 10:06:08.254 [info] > git rev-parse --show-toplevel [3ms]
2024-07-18 10:06:08.254 [info] > git status -z -uall [965ms]
2024-07-18 10:06:08.254 [info] > git for-each-ref --format=%(refname)%00%(upstream:short)%00%(objectname)%00%(upstream:track)%00%(upstream:remotename)%00%(upstream:remoteref) refs/heads/main refs/remotes/main [61ms]
2024-07-18 10:06:08.254 [info] > git config --get commit.template [12ms]
2024-07-18 10:06:08.254 [info] > git config --local branch.main.vscode-merge-base [13ms]
2024-07-18 10:06:08.254 [warning] git config failed: Failed to execute git
2024-07-18 10:06:08.254 [info] > git reflog main --grep-reflog=branch: Created from *. [127ms]
2024-07-18 10:06:08.255 [info] > git for-each-ref --format=%(refname)%00%(upstream:short)%00%(objectname)%00%(upstream:track)%00%(upstream:remotename)%00%(upstream:remoteref) refs/heads/main refs/remotes/main [17ms]
2024-07-18 10:06:08.255 [info] > git symbolic-ref --short refs/remotes/origin/HEAD [3ms]
2024-07-18 10:06:08.255 [info] fatal: ref refs/remotes/origin/HEAD is not a symbolic ref
2024-07-18 10:06:08.255 [info] > git merge-base refs/heads/main refs/remotes/origin/main [15ms]
2024-07-18 10:06:08.255 [info] > git rev-list --count --left-right refs/heads/main...refs/remotes/origin/main [14ms]
2024-07-18 10:06:08.255 [info] > git diff --name-status -z --diff-filter=ADMR 0af6211305afdaeeb39401d473334b83d51aaee7...refs/remotes/origin/main [10ms]
2024-07-18 10:06:08.255 [info] > git status -z -uall [39ms]
2024-07-18 10:06:08.255 [info] > git for-each-ref --format=%(refname)%00%(upstream:short)%00%(objectname)%00%(upstream:track)%00%(upstream:remotename)%00%(upstream:remoteref) refs/heads/main refs/remotes/main [16ms]
2024-07-18 10:06:08.255 [info] > git config --local branch.main.vscode-merge-base [11ms]
2024-07-18 10:06:08.255 [warning] git config failed: Failed to execute git
2024-07-18 10:06:08.255 [info] > git reflog main --grep-reflog=branch: Created from *. [3ms]
2024-07-18 10:06:08.255 [info] > git symbolic-ref --short refs/remotes/origin/HEAD [12ms]
2024-07-18 10:06:08.255 [info] fatal: ref refs/remotes/origin/HEAD is not a symbolic ref
2024-07-18 10:06:09.003 [info] > git check-ignore -v -z --stdin [34ms]
2024-07-18 10:11:34.509 [info] > git config --get commit.template [10ms]
2024-07-18 10:11:34.510 [info] > git for-each-ref --format=%(refname)%00%(upstream:short)%00%(objectname)%00%(upstream:track)%00%(upstream:remotename)%00%(upstream:remoteref) refs/heads/main refs/remotes/main [6ms]
2024-07-18 10:11:34.550 [info] > git status -z -uall [30ms]
2024-07-18 10:11:34.569 [info] > git for-each-ref --format=%(refname)%00%(upstream:short)%00%(objectname)%00%(upstream:track)%00%(upstream:remotename)%00%(upstream:remoteref) refs/heads/main refs/remotes/main [12ms]
2024-07-18 10:11:34.576 [info] > git config --local branch.main.vscode-merge-base [1ms]
2024-07-18 10:11:34.576 [warning] git config failed: Failed to execute git
2024-07-18 10:11:34.585 [info] > git reflog main --grep-reflog=branch: Created from *. [4ms]
2024-07-18 10:11:34.590 [info] > git symbolic-ref --short refs/remotes/origin/HEAD [2ms]
2024-07-18 10:11:34.590 [info] fatal: ref refs/remotes/origin/HEAD is not a symbolic ref
2024-07-18 10:11:34.863 [info] > git ls-files --stage -- /home/ooke0392703/projects/E-commercePrettyface/app/controllers/pages_controller.rb [10ms]
2024-07-18 10:11:34.895 [info] > git show --textconv :app/controllers/pages_controller.rb [54ms]
2024-07-18 10:11:34.895 [info] > git cat-file -s 423b696136125d68653c80ab2a4e03f978082653 [27ms]
2024-07-18 10:11:35.495 [info] > git fetch [1006ms]
2024-07-18 10:11:35.512 [info] > git config --get commit.template [8ms]
2024-07-18 10:11:35.523 [info] > git for-each-ref --format=%(refname)%00%(upstream:short)%00%(objectname)%00%(upstream:track)%00%(upstream:remotename)%00%(upstream:remoteref) refs/heads/main refs/remotes/main [15ms]
2024-07-18 10:11:35.585 [info] > git status -z -uall [55ms]
2024-07-18 10:11:35.613 [info] > git for-each-ref --format=%(refname)%00%(upstream:short)%00%(objectname)%00%(upstream:track)%00%(upstream:remotename)%00%(upstream:remoteref) refs/heads/main refs/remotes/main [22ms]
2024-07-18 10:11:35.619 [info] > git config --local branch.main.vscode-merge-base [2ms]
2024-07-18 10:11:35.619 [warning] git config failed: Failed to execute git
2024-07-18 10:11:35.644 [info] > git reflog main --grep-reflog=branch: Created from *. [11ms]
2024-07-18 10:11:35.650 [info] > git symbolic-ref --short refs/remotes/origin/HEAD [1ms]
2024-07-18 10:11:35.650 [info] fatal: ref refs/remotes/origin/HEAD is not a symbolic ref
2024-07-18 10:11:36.690 [info] > git ls-files --stage -- /home/ooke0392703/projects/E-commercePrettyface/app/controllers/pages_controller.rb [3ms]
2024-07-18 10:11:36.696 [info] > git cat-file -s 423b696136125d68653c80ab2a4e03f978082653 [2ms]
2024-07-18 10:11:36.710 [info] > git show --textconv :app/controllers/pages_controller.rb [5ms]
2024-07-18 10:11:41.774 [info] > git config --get commit.template [5ms]
2024-07-18 10:11:41.776 [info] > git for-each-ref --format=%(refname)%00%(upstream:short)%00%(objectname)%00%(upstream:track)%00%(upstream:remotename)%00%(upstream:remoteref) refs/heads/main refs/remotes/main [3ms]
2024-07-18 10:11:41.889 [info] > git status -z -uall [108ms]
2024-07-18 10:11:41.910 [info] > git for-each-ref --format=%(refname)%00%(upstream:short)%00%(objectname)%00%(upstream:track)%00%(upstream:remotename)%00%(upstream:remoteref) refs/heads/main refs/remotes/main [12ms]
2024-07-18 10:11:41.917 [info] > git config --local branch.main.vscode-merge-base [1ms]
2024-07-18 10:11:41.917 [warning] git config failed: Failed to execute git
2024-07-18 10:11:41.931 [info] > git reflog main --grep-reflog=branch: Created from *. [3ms]
2024-07-18 10:11:41.936 [info] > git symbolic-ref --short refs/remotes/origin/HEAD [2ms]
2024-07-18 10:11:41.936 [info] fatal: ref refs/remotes/origin/HEAD is not a symbolic ref
2024-07-18 10:11:42.452 [info] > git check-ignore -v -z --stdin [3ms]
2024-07-18 15:57:34.211 [info] > git fetch [964ms]
2024-07-18 15:57:34.219 [info] > git config --get commit.template [3ms]
2024-07-18 15:57:34.227 [info] > git for-each-ref --format=%(refname)%00%(upstream:short)%00%(objectname)%00%(upstream:track)%00%(upstream:remotename)%00%(upstream:remoteref) refs/heads/main refs/remotes/main [9ms]
2024-07-18 15:57:34.573 [info] > git status -z -uall [341ms]
2024-07-18 15:57:34.595 [info] > git for-each-ref --format=%(refname)%00%(upstream:short)%00%(objectname)%00%(upstream:track)%00%(upstream:remotename)%00%(upstream:remoteref) refs/heads/main refs/remotes/main [15ms]
2024-07-18 15:57:34.611 [info] > git config --local branch.main.vscode-merge-base [3ms]
2024-07-18 15:57:34.611 [warning] git config failed: Failed to execute git
2024-07-18 15:57:34.645 [info] > git reflog main --grep-reflog=branch: Created from *. [15ms]
2024-07-18 15:57:34.651 [info] > git symbolic-ref --short refs/remotes/origin/HEAD [2ms]
2024-07-18 15:57:34.651 [info] fatal: ref refs/remotes/origin/HEAD is not a symbolic ref
2024-07-18 15:57:35.369 [info] > git ls-files --stage -- /home/ooke0392703/projects/E-commercePrettyface/app/controllers/pages_controller.rb [3ms]
2024-07-18 15:57:35.378 [info] > git cat-file -s 423b696136125d68653c80ab2a4e03f978082653 [4ms]
2024-07-18 15:57:35.389 [info] > git show --textconv :app/controllers/pages_controller.rb [3ms]
