2024-07-15 17:55:58.252 [info] Extension host with pid 528 started
2024-07-15 17:55:58.256 [error] Error: EEXIST: file already exists, open '/home/ooke0392703/.vscode-server/data/User/workspaceStorage/413a92454c05e460d79c633fb7d9ea35/vscode.lock'
2024-07-15 17:55:58.318 [info] ExtensionService#_doActivateExtension KoichiSasada.vscode-rdbg, startup: false, activationEvent: 'onLanguage:ruby'
2024-07-15 17:55:58.320 [info] ExtensionService#_doActivateExtension Shopify.ruby-lsp, startup: false, activationEvent: 'onLanguage:ruby'
2024-07-15 17:55:58.321 [info] ExtensionService#_doActivateExtension sorbet.sorbet-vscode-extension, startup: false, activationEvent: 'onLanguage:ruby'
2024-07-15 17:55:58.332 [info] ExtensionService#_doActivateExtension vscode.emmet, startup: false, activationEvent: 'onLanguage'
2024-07-15 17:56:03.136 [info] ExtensionService#_doActivateExtension vscode.git-base, startup: true, activationEvent: '*', root cause: vscode.git
2024-07-15 17:56:03.187 [info] ExtensionService#_doActivateExtension vscode.npm, startup: true, activationEvent: 'workspaceContains:package.json'
2024-07-15 17:56:03.515 [info] Lock '/home/ooke0392703/.vscode-server/data/User/workspaceStorage/413a92454c05e460d79c633fb7d9ea35/vscode.lock': Could not acquire lock, checking if the file is stale.
2024-07-15 17:56:03.563 [info] Lock '/home/ooke0392703/.vscode-server/data/User/workspaceStorage/413a92454c05e460d79c633fb7d9ea35/vscode.lock': The pid 15807 appears to be gone.
2024-07-15 17:56:03.563 [info] Lock '/home/ooke0392703/.vscode-server/data/User/workspaceStorage/413a92454c05e460d79c633fb7d9ea35/vscode.lock': Deleting a stale lock.
2024-07-15 17:56:03.843 [info] Lock '/home/ooke0392703/.vscode-server/data/User/workspaceStorage/413a92454c05e460d79c633fb7d9ea35/vscode.lock': Lock acquired.
2024-07-15 17:56:04.069 [info] ExtensionService#_doActivateExtension vscode.git, startup: true, activationEvent: '*'
2024-07-15 17:56:04.070 [info] ExtensionService#_doActivateExtension vscode.github, startup: true, activationEvent: '*'
2024-07-15 17:56:13.153 [info] ExtensionService#_doActivateExtension vscode.debug-auto-launch, startup: false, activationEvent: 'onStartupFinished'
2024-07-15 17:56:13.154 [info] ExtensionService#_doActivateExtension vscode.merge-conflict, startup: false, activationEvent: 'onStartupFinished'
2024-07-15 17:56:13.155 [info] ExtensionService#_doActivateExtension bradlc.vscode-tailwindcss, startup: false, activationEvent: 'onStartupFinished'
2024-07-15 17:56:13.156 [info] ExtensionService#_doActivateExtension Shopify.ruby-extensions-pack, startup: false, activationEvent: 'onStartupFinished'
2024-07-15 17:56:46.424 [info] Eager extensions activated
2024-07-15 17:57:48.493 [info] ExtensionService#_doActivateExtension vscode.tunnel-forwarding, startup: false, activationEvent: 'onTunnel'
2024-07-15 17:58:15.644 [info] ExtensionService#_doActivateExtension vscode.configuration-editing, startup: false, activationEvent: 'onLanguage:json'
2024-07-15 17:58:15.644 [info] ExtensionService#_doActivateExtension vscode.extension-editing, startup: false, activationEvent: 'onLanguage:json'
2024-07-15 17:58:15.645 [info] ExtensionService#_doActivateExtension vscode.json-language-features, startup: false, activationEvent: 'onLanguage:json'
