Locating server…
Booting server...
Checking if /home/ooke0392703/MakeupHub-1/MakeupHub-main/vendor/assets/stylesheets/active_admin.scss may be Tailwind-related…
Setting up server…
Listening for messages…
Searching for Tailwind CSS projects in the workspace's folders.
{"tailwind":{"version":"3.4.4","features":["layer:base","separator:root","content-list","jit","css-at-config","relative-content-paths","transpiled-configs"],"isDefaultVersion":true}}
{"tailwind":{"version":"3.4.4","features":["layer:base","separator:root","content-list","jit","css-at-config","relative-content-paths","transpiled-configs"],"isDefaultVersion":true}}
{"tailwind":{"version":"3.4.4","features":["layer:base","separator:root","content-list","jit","css-at-config","relative-content-paths","transpiled-configs"],"isDefaultVersion":true}}
{"tailwind":{"version":"3.4.4","features":["layer:base","separator:root","content-list","jit","css-at-config","relative-content-paths","transpiled-configs"],"isDefaultVersion":true}}
{"tailwind":{"version":"3.4.4","features":["layer:base","separator:root","content-list","jit","css-at-config","relative-content-paths","transpiled-configs"],"isDefaultVersion":true}}
{"tailwind":{"version":"3.4.4","features":["layer:base","separator:root","content-list","jit","css-at-config","relative-content-paths","transpiled-configs"],"isDefaultVersion":true}}
[Global] Creating projects: []
[Global] Preparing projects...
[Global] Initializing projects...
[Global] Initialized 0 projects
[Info  - 3:24:19 PM] [GLOBAL] No matching project for document {
  fsPath: '/home/ooke0392703/MakeupHub-1/MakeupHub-main/.ruby-version:Zone.Identifier',
  normalPath: '/home/ooke0392703/MakeupHub-1/MakeupHub-main/.ruby-version:Zone.Identifier'
}
