Locating server…
Booting server...
Setting up server…
Listening for messages…
Searching for Tailwind CSS projects in the workspace's folders.
{"tailwind":{"version":"3.4.4","features":["layer:base","separator:root","content-list","jit","css-at-config","relative-content-paths","transpiled-configs"],"isDefaultVersion":false}}
{"tailwind":{"version":"3.4.4","features":["layer:base","separator:root","content-list","jit","css-at-config","relative-content-paths","transpiled-configs"],"isDefaultVersion":false}}
{"tailwind":{"version":"3.4.4","features":["layer:base","separator:root","content-list","jit","css-at-config","relative-content-paths","transpiled-configs"],"isDefaultVersion":false}}
{"tailwind":{"version":"3.4.4","features":["layer:base","separator:root","content-list","jit","css-at-config","relative-content-paths","transpiled-configs"],"isDefaultVersion":false}}
{"tailwind":{"version":"3.4.4","features":["layer:base","separator:root","content-list","jit","css-at-config","relative-content-paths","transpiled-configs"],"isDefaultVersion":false}}
{"tailwind":{"version":"3.4.4","features":["layer:base","separator:root","content-list","jit","css-at-config","relative-content-paths","transpiled-configs"],"isDefaultVersion":false}}
{"tailwind":{"version":"3.4.4","features":["layer:base","separator:root","content-list","jit","css-at-config","relative-content-paths","transpiled-configs"],"isDefaultVersion":false}}
{"tailwind":{"version":"3.4.4","features":["layer:base","separator:root","content-list","jit","css-at-config","relative-content-paths","transpiled-configs"],"isDefaultVersion":false}}
[Global] Creating projects: [{"folder":"/home/ooke0392703/projects/E-commercePrettyface","config":"/home/ooke0392703/projects/E-commercePrettyface/config/tailwind.config.js","selectors":[{"pattern":"/home/ooke0392703/projects/E-commercePrettyface/config/tailwind.config.js","priority":0},{"pattern":"/home/ooke0392703/projects/E-commercePrettyface/config/**","priority":3},{"pattern":"/home/ooke0392703/projects/E-commercePrettyface/**","priority":4},{"pattern":"/home/ooke0392703/projects/E-commercePrettyface/**","priority":5}],"user":false,"tailwind":{"version":"3.4.4","features":["layer:base","separator:root","content-list","jit","css-at-config","relative-content-paths","transpiled-configs"],"isDefaultVersion":false}}]
[Global] Preparing projects...
[Global] Adding watch patterns: /home/ooke0392703/projects/E-commercePrettyface/config/tailwind.config.js, /home/ooke0392703/projects/E-commercePrettyface/config, /home/ooke0392703/projects/E-commercePrettyface
[Global] Initializing projects...
[Global] Initialized 0 projects
[config/tailwind.config.js] Initializing...
[config/tailwind.config.js] supported features: ["layer:base","separator:root","content-list","jit","css-at-config","relative-content-paths","transpiled-configs"]
[config/tailwind.config.js] Loaded tailwindcss v3.4.4: /home/ooke0392703/projects/E-commercePrettyface/node_modules/tailwindcss
[config/tailwind.config.js] Loaded Tailwind CSS config file: /home/ooke0392703/projects/E-commercePrettyface/config/tailwind.config.js
[config/tailwind.config.js] Loaded postcss v8.4.39: /home/ooke0392703/projects/E-commercePrettyface/node_modules/postcss
[config/tailwind.config.js] Building...
