2024-07-13 14:41:09.091 [info] Log level: Info
2024-07-13 14:41:09.091 [info] Validating found git in: "git"
2024-07-13 14:41:09.091 [info] Using git "2.34.1" from "git"
2024-07-13 14:41:09.091 [info] > git rev-parse --show-toplevel [195ms]
2024-07-13 14:41:09.177 [info] > git rev-parse --git-dir --git-common-dir [52ms]
2024-07-13 14:41:09.280 [info] Open repository: /home/ooke0392703/projects/E-commercePrettyface
2024-07-13 14:41:09.424 [info] > git rev-parse --show-toplevel [4ms]
2024-07-13 14:41:09.427 [info] > git config --get commit.template [75ms]
2024-07-13 14:41:09.570 [info] > git for-each-ref --format=%(refname)%00%(upstream:short)%00%(objectname)%00%(upstream:track)%00%(upstream:remotename)%00%(upstream:remoteref) refs/heads/main refs/remotes/main [32ms]
2024-07-13 14:41:09.801 [info] > git rev-parse --show-toplevel [152ms]
2024-07-13 14:41:09.842 [info] > git rev-parse --show-toplevel [14ms]
2024-07-13 14:41:09.890 [info] > git rev-parse --show-toplevel [2ms]
2024-07-13 14:41:09.941 [info] > git rev-parse --show-toplevel [28ms]
2024-07-13 14:41:09.990 [info] > git rev-parse --show-toplevel [32ms]
2024-07-13 14:41:10.033 [info] > git rev-parse --show-toplevel [32ms]
2024-07-13 14:41:10.112 [info] > git status -z -uall [383ms]
2024-07-13 14:41:10.113 [info] > git check-ignore -v -z --stdin [81ms]
2024-07-13 14:41:10.115 [info] > git rev-parse --show-toplevel [47ms]
2024-07-13 14:41:10.254 [info] > git for-each-ref --format=%(refname)%00%(upstream:short)%00%(objectname)%00%(upstream:track)%00%(upstream:remotename)%00%(upstream:remoteref) refs/heads/main refs/remotes/main [78ms]
2024-07-13 14:41:10.300 [info] > git config --get commit.template [59ms]
2024-07-13 14:41:10.301 [info] > git rev-parse --show-toplevel [77ms]
2024-07-13 14:41:10.318 [info] > git config --local branch.main.vscode-merge-base [48ms]
2024-07-13 14:41:10.318 [warning] git config failed: Failed to execute git
2024-07-13 14:41:10.391 [info] > git rev-parse --show-toplevel [75ms]
2024-07-13 14:41:10.454 [info] > git for-each-ref --format=%(refname)%00%(upstream:short)%00%(objectname)%00%(upstream:track)%00%(upstream:remotename)%00%(upstream:remoteref) refs/heads/main refs/remotes/main [64ms]
2024-07-13 14:41:11.232 [info] > git status -z -uall [735ms]
2024-07-13 14:41:11.302 [info] > git reflog main --grep-reflog=branch: Created from *. [926ms]
2024-07-13 14:41:11.320 [info] > git rev-parse --show-toplevel [869ms]
2024-07-13 14:41:11.507 [info] > git symbolic-ref --short refs/remotes/origin/HEAD [186ms]
2024-07-13 14:41:11.507 [info] fatal: ref refs/remotes/origin/HEAD is not a symbolic ref
2024-07-13 14:41:11.536 [info] > git for-each-ref --format=%(refname)%00%(upstream:short)%00%(objectname)%00%(upstream:track)%00%(upstream:remotename)%00%(upstream:remoteref) refs/heads/main refs/remotes/main [240ms]
2024-07-13 14:41:11.647 [info] > git config --local branch.main.vscode-merge-base [94ms]
2024-07-13 14:41:11.648 [warning] git config failed: Failed to execute git
2024-07-13 14:41:11.680 [info] > git merge-base refs/heads/main refs/remotes/origin/main [144ms]
2024-07-13 14:41:11.721 [info] > git rev-parse --show-toplevel [230ms]
2024-07-13 14:41:11.736 [info] > git reflog main --grep-reflog=branch: Created from *. [56ms]
2024-07-13 14:41:11.757 [info] > git rev-list --count --left-right refs/heads/main...refs/remotes/origin/main [36ms]
2024-07-13 14:41:11.908 [info] > git rev-parse --show-toplevel [153ms]
2024-07-13 14:41:12.004 [info] > git symbolic-ref --short refs/remotes/origin/HEAD [265ms]
2024-07-13 14:41:12.004 [info] fatal: ref refs/remotes/origin/HEAD is not a symbolic ref
2024-07-13 14:41:12.019 [info] > git show --textconv :config/routes.rb [32ms]
2024-07-13 14:41:12.021 [info] > git diff --name-status -z --diff-filter=ADMR 0af6211305afdaeeb39401d473334b83d51aaee7...refs/remotes/origin/main [221ms]
2024-07-13 14:41:12.036 [info] > git ls-files --stage -- /home/ooke0392703/projects/E-commercePrettyface/config/routes.rb [33ms]
2024-07-13 14:41:12.079 [info] > git cat-file -s 9d73da83356a580e6c236c2381ab662a1c6920e9 [25ms]
2024-07-13 21:17:29.181 [info] > git config --get commit.template [31ms]
2024-07-13 21:17:29.231 [info] > git for-each-ref --format=%(refname)%00%(upstream:short)%00%(objectname)%00%(upstream:track)%00%(upstream:remotename)%00%(upstream:remoteref) refs/heads/main refs/remotes/main [57ms]
2024-07-13 21:17:29.431 [info] > git status -z -uall [186ms]
2024-07-13 21:17:29.464 [info] > git for-each-ref --format=%(refname)%00%(upstream:short)%00%(objectname)%00%(upstream:track)%00%(upstream:remotename)%00%(upstream:remoteref) refs/heads/main refs/remotes/main [15ms]
2024-07-13 21:17:29.495 [info] > git config --local branch.main.vscode-merge-base [16ms]
2024-07-13 21:17:29.496 [warning] git config failed: Failed to execute git
2024-07-13 21:17:29.513 [info] > git reflog main --grep-reflog=branch: Created from *. [12ms]
2024-07-13 21:17:29.523 [info] > git symbolic-ref --short refs/remotes/origin/HEAD [5ms]
2024-07-13 21:17:29.523 [info] fatal: ref refs/remotes/origin/HEAD is not a symbolic ref
2024-07-13 21:17:30.215 [info] > git fetch [1146ms]
2024-07-13 21:17:30.226 [info] > git config --get commit.template [5ms]
2024-07-13 21:17:30.228 [info] > git for-each-ref --format=%(refname)%00%(upstream:short)%00%(objectname)%00%(upstream:track)%00%(upstream:remotename)%00%(upstream:remoteref) refs/heads/main refs/remotes/main [3ms]
2024-07-13 21:17:30.254 [info] > git status -z -uall [20ms]
2024-07-13 21:17:30.268 [info] > git for-each-ref --format=%(refname)%00%(upstream:short)%00%(objectname)%00%(upstream:track)%00%(upstream:remotename)%00%(upstream:remoteref) refs/heads/main refs/remotes/main [6ms]
2024-07-13 21:17:30.277 [info] > git config --local branch.main.vscode-merge-base [1ms]
2024-07-13 21:17:30.277 [warning] git config failed: Failed to execute git
2024-07-13 21:17:30.285 [info] > git reflog main --grep-reflog=branch: Created from *. [4ms]
2024-07-13 21:17:30.291 [info] > git symbolic-ref --short refs/remotes/origin/HEAD [1ms]
2024-07-13 21:17:30.291 [info] fatal: ref refs/remotes/origin/HEAD is not a symbolic ref
2024-07-13 21:17:31.349 [info] > git ls-files --stage -- /home/ooke0392703/projects/E-commercePrettyface/config/routes.rb [3ms]
2024-07-13 21:17:31.355 [info] > git cat-file -s 9d73da83356a580e6c236c2381ab662a1c6920e9 [3ms]
2024-07-13 21:17:31.368 [info] > git show --textconv :config/routes.rb [4ms]
2024-07-13 21:17:34.477 [info] > git config --get commit.template [6ms]
2024-07-13 21:17:34.485 [info] > git for-each-ref --format=%(refname)%00%(upstream:short)%00%(objectname)%00%(upstream:track)%00%(upstream:remotename)%00%(upstream:remoteref) refs/heads/main refs/remotes/main [9ms]
2024-07-13 21:17:34.525 [info] > git status -z -uall [34ms]
2024-07-13 21:17:34.541 [info] > git for-each-ref --format=%(refname)%00%(upstream:short)%00%(objectname)%00%(upstream:track)%00%(upstream:remotename)%00%(upstream:remoteref) refs/heads/main refs/remotes/main [3ms]
2024-07-13 21:17:34.559 [info] > git config --local branch.main.vscode-merge-base [2ms]
2024-07-13 21:17:34.559 [warning] git config failed: Failed to execute git
2024-07-13 21:17:34.571 [info] > git reflog main --grep-reflog=branch: Created from *. [7ms]
2024-07-13 21:17:34.577 [info] > git symbolic-ref --short refs/remotes/origin/HEAD [2ms]
2024-07-13 21:17:34.577 [info] fatal: ref refs/remotes/origin/HEAD is not a symbolic ref
2024-07-13 21:17:48.001 [info] > git check-ignore -v -z --stdin [7ms]
2024-07-13 21:18:06.709 [info] > git config --get commit.template [8ms]
2024-07-13 21:18:06.711 [info] > git for-each-ref --format=%(refname)%00%(upstream:short)%00%(objectname)%00%(upstream:track)%00%(upstream:remotename)%00%(upstream:remoteref) refs/heads/main refs/remotes/main [3ms]
2024-07-13 21:18:06.732 [info] > git status -z -uall [17ms]
2024-07-13 21:18:06.745 [info] > git for-each-ref --format=%(refname)%00%(upstream:short)%00%(objectname)%00%(upstream:track)%00%(upstream:remotename)%00%(upstream:remoteref) refs/heads/main refs/remotes/main [5ms]
2024-07-13 21:18:06.759 [info] > git config --local branch.main.vscode-merge-base [7ms]
2024-07-13 21:18:06.759 [warning] git config failed: Failed to execute git
2024-07-13 21:18:06.767 [info] > git reflog main --grep-reflog=branch: Created from *. [4ms]
2024-07-13 21:18:06.773 [info] > git symbolic-ref --short refs/remotes/origin/HEAD [2ms]
2024-07-13 21:18:06.773 [info] fatal: ref refs/remotes/origin/HEAD is not a symbolic ref
2024-07-13 21:18:11.756 [info] > git config --get commit.template [9ms]
2024-07-13 21:18:11.760 [info] > git for-each-ref --format=%(refname)%00%(upstream:short)%00%(objectname)%00%(upstream:track)%00%(upstream:remotename)%00%(upstream:remoteref) refs/heads/main refs/remotes/main [4ms]
2024-07-13 21:18:11.789 [info] > git status -z -uall [20ms]
2024-07-13 21:18:11.797 [info] > git for-each-ref --format=%(refname)%00%(upstream:short)%00%(objectname)%00%(upstream:track)%00%(upstream:remotename)%00%(upstream:remoteref) refs/heads/main refs/remotes/main [2ms]
2024-07-13 21:18:11.807 [info] > git config --local branch.main.vscode-merge-base [3ms]
2024-07-13 21:18:11.807 [warning] git config failed: Failed to execute git
2024-07-13 21:18:11.817 [info] > git reflog main --grep-reflog=branch: Created from *. [3ms]
2024-07-13 21:18:11.828 [info] > git symbolic-ref --short refs/remotes/origin/HEAD [2ms]
2024-07-13 21:18:11.828 [info] fatal: ref refs/remotes/origin/HEAD is not a symbolic ref
2024-07-13 21:19:33.367 [info] > git config --get commit.template [15ms]
2024-07-13 21:19:33.368 [info] > git for-each-ref --format=%(refname)%00%(upstream:short)%00%(objectname)%00%(upstream:track)%00%(upstream:remotename)%00%(upstream:remoteref) refs/heads/main refs/remotes/main [3ms]
2024-07-13 21:19:33.476 [info] > git status -z -uall [95ms]
2024-07-13 21:19:33.491 [info] > git for-each-ref --format=%(refname)%00%(upstream:short)%00%(objectname)%00%(upstream:track)%00%(upstream:remotename)%00%(upstream:remoteref) refs/heads/main refs/remotes/main [4ms]
2024-07-13 21:19:33.505 [info] > git config --local branch.main.vscode-merge-base [2ms]
2024-07-13 21:19:33.506 [warning] git config failed: Failed to execute git
2024-07-13 21:19:33.521 [info] > git reflog main --grep-reflog=branch: Created from *. [12ms]
2024-07-13 21:19:33.538 [info] > git symbolic-ref --short refs/remotes/origin/HEAD [13ms]
2024-07-13 21:19:33.538 [info] fatal: ref refs/remotes/origin/HEAD is not a symbolic ref
2024-07-13 21:19:38.500 [info] > git config --get commit.template [4ms]
2024-07-13 21:19:38.503 [info] > git for-each-ref --format=%(refname)%00%(upstream:short)%00%(objectname)%00%(upstream:track)%00%(upstream:remotename)%00%(upstream:remoteref) refs/heads/main refs/remotes/main [4ms]
2024-07-13 21:19:38.521 [info] > git status -z -uall [14ms]
2024-07-13 21:19:38.529 [info] > git for-each-ref --format=%(refname)%00%(upstream:short)%00%(objectname)%00%(upstream:track)%00%(upstream:remotename)%00%(upstream:remoteref) refs/heads/main refs/remotes/main [3ms]
2024-07-13 21:19:38.538 [info] > git config --local branch.main.vscode-merge-base [3ms]
2024-07-13 21:19:38.539 [warning] git config failed: Failed to execute git
2024-07-13 21:19:38.547 [info] > git reflog main --grep-reflog=branch: Created from *. [4ms]
2024-07-13 21:19:38.554 [info] > git symbolic-ref --short refs/remotes/origin/HEAD [2ms]
2024-07-13 21:19:38.554 [info] fatal: ref refs/remotes/origin/HEAD is not a symbolic ref
2024-07-14 08:24:04.631 [info] > git check-ignore -v -z --stdin [60ms]
2024-07-14 08:24:11.208 [info] > git fetch [6997ms]
2024-07-14 08:24:11.427 [info] > git config --get commit.template [160ms]
2024-07-14 08:24:11.621 [info] > git for-each-ref --format=%(refname)%00%(upstream:short)%00%(objectname)%00%(upstream:track)%00%(upstream:remotename)%00%(upstream:remoteref) refs/heads/main refs/remotes/main [222ms]
2024-07-14 08:24:13.289 [info] > git status -z -uall [1607ms]
2024-07-14 08:24:13.432 [info] > git for-each-ref --format=%(refname)%00%(upstream:short)%00%(objectname)%00%(upstream:track)%00%(upstream:remotename)%00%(upstream:remoteref) refs/heads/main refs/remotes/main [43ms]
2024-07-14 08:24:13.497 [info] > git config --local branch.main.vscode-merge-base [24ms]
2024-07-14 08:24:13.498 [warning] git config failed: Failed to execute git
2024-07-14 08:24:13.553 [info] > git reflog main --grep-reflog=branch: Created from *. [32ms]
2024-07-14 08:24:13.574 [info] > git symbolic-ref --short refs/remotes/origin/HEAD [8ms]
2024-07-14 08:24:13.575 [info] fatal: ref refs/remotes/origin/HEAD is not a symbolic ref
2024-07-14 12:29:40.670 [info] > git ls-files --stage -- /home/ooke0392703/projects/E-commercePrettyface/config/routes.rb [62ms]
2024-07-14 12:29:40.679 [info] > git cat-file -s 9d73da83356a580e6c236c2381ab662a1c6920e9 [3ms]
2024-07-14 12:29:40.697 [info] > git show --textconv :config/routes.rb [6ms]
2024-07-14 12:30:18.015 [info] > git fetch [970ms]
2024-07-14 12:30:18.026 [info] > git config --get commit.template [6ms]
2024-07-14 12:30:18.028 [info] > git for-each-ref --format=%(refname)%00%(upstream:short)%00%(objectname)%00%(upstream:track)%00%(upstream:remotename)%00%(upstream:remoteref) refs/heads/main refs/remotes/main [3ms]
2024-07-14 12:30:18.071 [info] > git status -z -uall [38ms]
2024-07-14 12:30:18.085 [info] > git for-each-ref --format=%(refname)%00%(upstream:short)%00%(objectname)%00%(upstream:track)%00%(upstream:remotename)%00%(upstream:remoteref) refs/heads/main refs/remotes/main [3ms]
2024-07-14 12:30:18.102 [info] > git config --local branch.main.vscode-merge-base [3ms]
2024-07-14 12:30:18.102 [warning] git config failed: Failed to execute git
2024-07-14 12:30:18.118 [info] > git reflog main --grep-reflog=branch: Created from *. [11ms]
2024-07-14 12:30:18.125 [info] > git symbolic-ref --short refs/remotes/origin/HEAD [1ms]
2024-07-14 12:30:18.125 [info] fatal: ref refs/remotes/origin/HEAD is not a symbolic ref
2024-07-14 12:30:19.148 [info] > git ls-files --stage -- /home/ooke0392703/projects/E-commercePrettyface/config/routes.rb [3ms]
2024-07-14 12:30:19.158 [info] > git cat-file -s 9d73da83356a580e6c236c2381ab662a1c6920e9 [6ms]
2024-07-14 12:30:19.172 [info] > git show --textconv :config/routes.rb [3ms]
2024-07-14 12:33:19.040 [info] > git fetch [950ms]
2024-07-14 12:33:19.051 [info] > git config --get commit.template [6ms]
2024-07-14 12:33:19.052 [info] > git for-each-ref --format=%(refname)%00%(upstream:short)%00%(objectname)%00%(upstream:track)%00%(upstream:remotename)%00%(upstream:remoteref) refs/heads/main refs/remotes/main [2ms]
2024-07-14 12:33:19.075 [info] > git status -z -uall [18ms]
2024-07-14 12:33:19.084 [info] > git for-each-ref --format=%(refname)%00%(upstream:short)%00%(objectname)%00%(upstream:track)%00%(upstream:remotename)%00%(upstream:remoteref) refs/heads/main refs/remotes/main [4ms]
2024-07-14 12:33:19.095 [info] > git config --local branch.main.vscode-merge-base [5ms]
2024-07-14 12:33:19.095 [warning] git config failed: Failed to execute git
2024-07-14 12:33:19.102 [info] > git reflog main --grep-reflog=branch: Created from *. [3ms]
2024-07-14 12:33:19.108 [info] > git symbolic-ref --short refs/remotes/origin/HEAD [1ms]
2024-07-14 12:33:19.108 [info] fatal: ref refs/remotes/origin/HEAD is not a symbolic ref
2024-07-14 12:33:20.164 [info] > git ls-files --stage -- /home/ooke0392703/projects/E-commercePrettyface/config/routes.rb [2ms]
2024-07-14 12:33:20.170 [info] > git cat-file -s 9d73da83356a580e6c236c2381ab662a1c6920e9 [2ms]
2024-07-14 12:33:20.183 [info] > git show --textconv :config/routes.rb [4ms]
2024-07-14 12:36:20.006 [info] > git fetch [917ms]
2024-07-14 12:36:20.016 [info] > git config --get commit.template [5ms]
2024-07-14 12:36:20.018 [info] > git for-each-ref --format=%(refname)%00%(upstream:short)%00%(objectname)%00%(upstream:track)%00%(upstream:remotename)%00%(upstream:remoteref) refs/heads/main refs/remotes/main [3ms]
2024-07-14 12:36:20.042 [info] > git status -z -uall [18ms]
2024-07-14 12:36:20.049 [info] > git for-each-ref --format=%(refname)%00%(upstream:short)%00%(objectname)%00%(upstream:track)%00%(upstream:remotename)%00%(upstream:remoteref) refs/heads/main refs/remotes/main [2ms]
2024-07-14 12:36:20.059 [info] > git config --local branch.main.vscode-merge-base [2ms]
2024-07-14 12:36:20.059 [warning] git config failed: Failed to execute git
2024-07-14 12:36:20.067 [info] > git reflog main --grep-reflog=branch: Created from *. [3ms]
2024-07-14 12:36:20.074 [info] > git symbolic-ref --short refs/remotes/origin/HEAD [2ms]
2024-07-14 12:36:20.074 [info] fatal: ref refs/remotes/origin/HEAD is not a symbolic ref
2024-07-14 12:36:21.147 [info] > git ls-files --stage -- /home/ooke0392703/projects/E-commercePrettyface/config/routes.rb [2ms]
2024-07-14 12:36:21.152 [info] > git cat-file -s 9d73da83356a580e6c236c2381ab662a1c6920e9 [2ms]
2024-07-14 12:36:21.173 [info] > git show --textconv :config/routes.rb [1ms]
2024-07-14 12:39:21.056 [info] > git fetch [996ms]
2024-07-14 12:39:21.068 [info] > git config --get commit.template [7ms]
2024-07-14 12:39:21.076 [info] > git for-each-ref --format=%(refname)%00%(upstream:short)%00%(objectname)%00%(upstream:track)%00%(upstream:remotename)%00%(upstream:remoteref) refs/heads/main refs/remotes/main [9ms]
2024-07-14 12:39:21.561 [info] > git status -z -uall [477ms]
2024-07-14 12:39:21.568 [info] > git for-each-ref --format=%(refname)%00%(upstream:short)%00%(objectname)%00%(upstream:track)%00%(upstream:remotename)%00%(upstream:remoteref) refs/heads/main refs/remotes/main [2ms]
2024-07-14 12:39:21.577 [info] > git config --local branch.main.vscode-merge-base [3ms]
2024-07-14 12:39:21.578 [warning] git config failed: Failed to execute git
2024-07-14 12:39:21.593 [info] > git reflog main --grep-reflog=branch: Created from *. [9ms]
2024-07-14 12:39:21.603 [info] > git symbolic-ref --short refs/remotes/origin/HEAD [4ms]
2024-07-14 12:39:21.603 [info] fatal: ref refs/remotes/origin/HEAD is not a symbolic ref
2024-07-14 12:39:22.194 [info] > git ls-files --stage -- /home/ooke0392703/projects/E-commercePrettyface/config/routes.rb [3ms]
2024-07-14 12:39:22.202 [info] > git cat-file -s 9d73da83356a580e6c236c2381ab662a1c6920e9 [4ms]
2024-07-14 12:39:22.217 [info] > git show --textconv :config/routes.rb [5ms]
2024-07-14 12:42:22.521 [info] > git fetch [948ms]
2024-07-14 12:42:22.527 [info] > git config --get commit.template [3ms]
2024-07-14 12:42:22.534 [info] > git for-each-ref --format=%(refname)%00%(upstream:short)%00%(objectname)%00%(upstream:track)%00%(upstream:remotename)%00%(upstream:remoteref) refs/heads/main refs/remotes/main [3ms]
2024-07-14 12:42:22.552 [info] > git status -z -uall [14ms]
2024-07-14 12:42:22.561 [info] > git for-each-ref --format=%(refname)%00%(upstream:short)%00%(objectname)%00%(upstream:track)%00%(upstream:remotename)%00%(upstream:remoteref) refs/heads/main refs/remotes/main [5ms]
2024-07-14 12:42:22.575 [info] > git config --local branch.main.vscode-merge-base [4ms]
2024-07-14 12:42:22.575 [warning] git config failed: Failed to execute git
2024-07-14 12:42:22.582 [info] > git reflog main --grep-reflog=branch: Created from *. [3ms]
2024-07-14 12:42:22.587 [info] > git symbolic-ref --short refs/remotes/origin/HEAD [1ms]
2024-07-14 12:42:22.587 [info] fatal: ref refs/remotes/origin/HEAD is not a symbolic ref
2024-07-14 12:42:23.643 [info] > git ls-files --stage -- /home/ooke0392703/projects/E-commercePrettyface/config/routes.rb [3ms]
2024-07-14 12:42:23.649 [info] > git cat-file -s 9d73da83356a580e6c236c2381ab662a1c6920e9 [2ms]
2024-07-14 12:42:23.660 [info] > git show --textconv :config/routes.rb [3ms]
2024-07-14 12:45:23.501 [info] > git fetch [930ms]
2024-07-14 12:45:23.508 [info] > git config --get commit.template [3ms]
2024-07-14 12:45:23.513 [info] > git for-each-ref --format=%(refname)%00%(upstream:short)%00%(objectname)%00%(upstream:track)%00%(upstream:remotename)%00%(upstream:remoteref) refs/heads/main refs/remotes/main [5ms]
2024-07-14 12:45:23.673 [info] > git status -z -uall [157ms]
2024-07-14 12:45:23.680 [info] > git for-each-ref --format=%(refname)%00%(upstream:short)%00%(objectname)%00%(upstream:track)%00%(upstream:remotename)%00%(upstream:remoteref) refs/heads/main refs/remotes/main [3ms]
2024-07-14 12:45:23.686 [info] > git config --local branch.main.vscode-merge-base [2ms]
2024-07-14 12:45:23.686 [warning] git config failed: Failed to execute git
2024-07-14 12:45:23.698 [info] > git reflog main --grep-reflog=branch: Created from *. [7ms]
2024-07-14 12:45:23.705 [info] > git symbolic-ref --short refs/remotes/origin/HEAD [3ms]
2024-07-14 12:45:23.705 [info] fatal: ref refs/remotes/origin/HEAD is not a symbolic ref
2024-07-14 12:45:24.633 [info] > git ls-files --stage -- /home/ooke0392703/projects/E-commercePrettyface/config/routes.rb [4ms]
2024-07-14 12:45:24.640 [info] > git cat-file -s 9d73da83356a580e6c236c2381ab662a1c6920e9 [4ms]
2024-07-14 12:45:24.653 [info] > git show --textconv :config/routes.rb [5ms]
2024-07-14 12:48:24.567 [info] > git fetch [884ms]
2024-07-14 12:48:24.576 [info] > git config --get commit.template [5ms]
2024-07-14 12:48:24.578 [info] > git for-each-ref --format=%(refname)%00%(upstream:short)%00%(objectname)%00%(upstream:track)%00%(upstream:remotename)%00%(upstream:remoteref) refs/heads/main refs/remotes/main [3ms]
2024-07-14 12:48:24.618 [info] > git status -z -uall [32ms]
2024-07-14 12:48:24.626 [info] > git for-each-ref --format=%(refname)%00%(upstream:short)%00%(objectname)%00%(upstream:track)%00%(upstream:remotename)%00%(upstream:remoteref) refs/heads/main refs/remotes/main [3ms]
2024-07-14 12:48:24.641 [info] > git config --local branch.main.vscode-merge-base [2ms]
2024-07-14 12:48:24.641 [warning] git config failed: Failed to execute git
2024-07-14 12:48:24.649 [info] > git reflog main --grep-reflog=branch: Created from *. [4ms]
2024-07-14 12:48:24.655 [info] > git symbolic-ref --short refs/remotes/origin/HEAD [2ms]
2024-07-14 12:48:24.655 [info] fatal: ref refs/remotes/origin/HEAD is not a symbolic ref
2024-07-14 12:48:25.709 [info] > git ls-files --stage -- /home/ooke0392703/projects/E-commercePrettyface/config/routes.rb [3ms]
2024-07-14 12:48:25.712 [info] > git cat-file -s 9d73da83356a580e6c236c2381ab662a1c6920e9 [1ms]
2024-07-14 12:48:25.724 [info] > git show --textconv :config/routes.rb [3ms]
2024-07-14 12:51:25.555 [info] > git fetch [926ms]
2024-07-14 12:51:25.565 [info] > git config --get commit.template [4ms]
2024-07-14 12:51:25.568 [info] > git for-each-ref --format=%(refname)%00%(upstream:short)%00%(objectname)%00%(upstream:track)%00%(upstream:remotename)%00%(upstream:remoteref) refs/heads/main refs/remotes/main [4ms]
2024-07-14 12:51:25.607 [info] > git status -z -uall [30ms]
2024-07-14 12:51:25.627 [info] > git for-each-ref --format=%(refname)%00%(upstream:short)%00%(objectname)%00%(upstream:track)%00%(upstream:remotename)%00%(upstream:remoteref) refs/heads/main refs/remotes/main [3ms]
2024-07-14 12:51:25.642 [info] > git config --local branch.main.vscode-merge-base [10ms]
2024-07-14 12:51:25.642 [warning] git config failed: Failed to execute git
2024-07-14 12:51:25.659 [info] > git reflog main --grep-reflog=branch: Created from *. [12ms]
2024-07-14 12:51:25.664 [info] > git symbolic-ref --short refs/remotes/origin/HEAD [2ms]
2024-07-14 12:51:25.671 [info] fatal: ref refs/remotes/origin/HEAD is not a symbolic ref
2024-07-14 12:51:26.686 [info] > git ls-files --stage -- /home/ooke0392703/projects/E-commercePrettyface/config/routes.rb [3ms]
2024-07-14 12:51:26.692 [info] > git cat-file -s 9d73da83356a580e6c236c2381ab662a1c6920e9 [2ms]
2024-07-14 12:51:26.705 [info] > git show --textconv :config/routes.rb [4ms]
2024-07-14 12:54:26.493 [info] > git fetch [864ms]
2024-07-14 12:54:26.502 [info] > git config --get commit.template [4ms]
2024-07-14 12:54:26.503 [info] > git for-each-ref --format=%(refname)%00%(upstream:short)%00%(objectname)%00%(upstream:track)%00%(upstream:remotename)%00%(upstream:remoteref) refs/heads/main refs/remotes/main [3ms]
2024-07-14 12:54:26.521 [info] > git status -z -uall [15ms]
2024-07-14 12:54:26.530 [info] > git for-each-ref --format=%(refname)%00%(upstream:short)%00%(objectname)%00%(upstream:track)%00%(upstream:remotename)%00%(upstream:remoteref) refs/heads/main refs/remotes/main [5ms]
2024-07-14 12:54:26.539 [info] > git config --local branch.main.vscode-merge-base [2ms]
2024-07-14 12:54:26.539 [warning] git config failed: Failed to execute git
2024-07-14 12:54:26.546 [info] > git reflog main --grep-reflog=branch: Created from *. [4ms]
2024-07-14 12:54:26.550 [info] > git symbolic-ref --short refs/remotes/origin/HEAD [1ms]
2024-07-14 12:54:26.550 [info] fatal: ref refs/remotes/origin/HEAD is not a symbolic ref
2024-07-14 12:54:27.631 [info] > git ls-files --stage -- /home/ooke0392703/projects/E-commercePrettyface/config/routes.rb [2ms]
2024-07-14 12:54:27.639 [info] > git cat-file -s 9d73da83356a580e6c236c2381ab662a1c6920e9 [2ms]
2024-07-14 12:54:27.651 [info] > git show --textconv :config/routes.rb [3ms]
2024-07-14 12:57:27.492 [info] > git fetch [961ms]
2024-07-14 12:57:27.500 [info] > git config --get commit.template [4ms]
2024-07-14 12:57:27.502 [info] > git for-each-ref --format=%(refname)%00%(upstream:short)%00%(objectname)%00%(upstream:track)%00%(upstream:remotename)%00%(upstream:remoteref) refs/heads/main refs/remotes/main [2ms]
2024-07-14 12:57:27.521 [info] > git status -z -uall [15ms]
2024-07-14 12:57:27.529 [info] > git for-each-ref --format=%(refname)%00%(upstream:short)%00%(objectname)%00%(upstream:track)%00%(upstream:remotename)%00%(upstream:remoteref) refs/heads/main refs/remotes/main [4ms]
2024-07-14 12:57:27.538 [info] > git config --local branch.main.vscode-merge-base [2ms]
2024-07-14 12:57:27.538 [warning] git config failed: Failed to execute git
2024-07-14 12:57:27.551 [info] > git reflog main --grep-reflog=branch: Created from *. [9ms]
2024-07-14 12:57:27.555 [info] > git symbolic-ref --short refs/remotes/origin/HEAD [1ms]
2024-07-14 12:57:27.555 [info] fatal: ref refs/remotes/origin/HEAD is not a symbolic ref
2024-07-14 12:57:28.630 [info] > git ls-files --stage -- /home/ooke0392703/projects/E-commercePrettyface/config/routes.rb [3ms]
2024-07-14 12:57:28.636 [info] > git cat-file -s 9d73da83356a580e6c236c2381ab662a1c6920e9 [2ms]
2024-07-14 12:57:28.650 [info] > git show --textconv :config/routes.rb [4ms]
2024-07-14 13:00:29.081 [info] > git fetch [1552ms]
2024-07-14 13:00:29.091 [info] > git config --get commit.template [6ms]
2024-07-14 13:00:29.092 [info] > git for-each-ref --format=%(refname)%00%(upstream:short)%00%(objectname)%00%(upstream:track)%00%(upstream:remotename)%00%(upstream:remoteref) refs/heads/main refs/remotes/main [3ms]
2024-07-14 13:00:29.117 [info] > git status -z -uall [20ms]
2024-07-14 13:00:29.126 [info] > git for-each-ref --format=%(refname)%00%(upstream:short)%00%(objectname)%00%(upstream:track)%00%(upstream:remotename)%00%(upstream:remoteref) refs/heads/main refs/remotes/main [4ms]
2024-07-14 13:00:29.140 [info] > git config --local branch.main.vscode-merge-base [2ms]
2024-07-14 13:00:29.140 [warning] git config failed: Failed to execute git
2024-07-14 13:00:29.147 [info] > git reflog main --grep-reflog=branch: Created from *. [4ms]
2024-07-14 13:00:29.156 [info] > git symbolic-ref --short refs/remotes/origin/HEAD [3ms]
2024-07-14 13:00:29.156 [info] fatal: ref refs/remotes/origin/HEAD is not a symbolic ref
2024-07-14 13:00:29.768 [info] > git ls-files --stage -- /home/ooke0392703/projects/E-commercePrettyface/config/routes.rb [3ms]
2024-07-14 13:00:29.773 [info] > git cat-file -s 9d73da83356a580e6c236c2381ab662a1c6920e9 [1ms]
2024-07-14 13:00:29.783 [info] > git show --textconv :config/routes.rb [3ms]
2024-07-14 13:03:30.092 [info] > git fetch [961ms]
2024-07-14 13:03:30.099 [info] > git config --get commit.template [4ms]
2024-07-14 13:03:30.101 [info] > git for-each-ref --format=%(refname)%00%(upstream:short)%00%(objectname)%00%(upstream:track)%00%(upstream:remotename)%00%(upstream:remoteref) refs/heads/main refs/remotes/main [3ms]
2024-07-14 13:03:30.125 [info] > git status -z -uall [20ms]
2024-07-14 13:03:30.132 [info] > git for-each-ref --format=%(refname)%00%(upstream:short)%00%(objectname)%00%(upstream:track)%00%(upstream:remotename)%00%(upstream:remoteref) refs/heads/main refs/remotes/main [4ms]
2024-07-14 13:03:30.140 [info] > git config --local branch.main.vscode-merge-base [3ms]
2024-07-14 13:03:30.140 [warning] git config failed: Failed to execute git
2024-07-14 13:03:30.148 [info] > git reflog main --grep-reflog=branch: Created from *. [2ms]
2024-07-14 13:03:30.154 [info] > git symbolic-ref --short refs/remotes/origin/HEAD [1ms]
2024-07-14 13:03:30.154 [info] fatal: ref refs/remotes/origin/HEAD is not a symbolic ref
2024-07-14 13:03:31.230 [info] > git ls-files --stage -- /home/ooke0392703/projects/E-commercePrettyface/config/routes.rb [2ms]
2024-07-14 13:03:31.236 [info] > git cat-file -s 9d73da83356a580e6c236c2381ab662a1c6920e9 [2ms]
2024-07-14 13:03:31.248 [info] > git show --textconv :config/routes.rb [3ms]
2024-07-14 13:06:31.116 [info] > git fetch [981ms]
2024-07-14 13:06:31.127 [info] > git config --get commit.template [5ms]
2024-07-14 13:06:31.133 [info] > git for-each-ref --format=%(refname)%00%(upstream:short)%00%(objectname)%00%(upstream:track)%00%(upstream:remotename)%00%(upstream:remoteref) refs/heads/main refs/remotes/main [7ms]
2024-07-14 13:06:31.278 [info] > git status -z -uall [138ms]
2024-07-14 13:06:31.285 [info] > git for-each-ref --format=%(refname)%00%(upstream:short)%00%(objectname)%00%(upstream:track)%00%(upstream:remotename)%00%(upstream:remoteref) refs/heads/main refs/remotes/main [3ms]
2024-07-14 13:06:31.291 [info] > git config --local branch.main.vscode-merge-base [2ms]
2024-07-14 13:06:31.291 [warning] git config failed: Failed to execute git
2024-07-14 13:06:31.301 [info] > git reflog main --grep-reflog=branch: Created from *. [5ms]
2024-07-14 13:06:31.306 [info] > git symbolic-ref --short refs/remotes/origin/HEAD [2ms]
2024-07-14 13:06:31.306 [info] fatal: ref refs/remotes/origin/HEAD is not a symbolic ref
2024-07-14 13:06:32.252 [info] > git ls-files --stage -- /home/ooke0392703/projects/E-commercePrettyface/config/routes.rb [2ms]
2024-07-14 13:06:32.257 [info] > git cat-file -s 9d73da83356a580e6c236c2381ab662a1c6920e9 [2ms]
2024-07-14 13:06:32.267 [info] > git show --textconv :config/routes.rb [3ms]
2024-07-14 13:09:32.137 [info] > git fetch [848ms]
2024-07-14 13:09:32.149 [info] > git config --get commit.template [7ms]
2024-07-14 13:09:32.152 [info] > git for-each-ref --format=%(refname)%00%(upstream:short)%00%(objectname)%00%(upstream:track)%00%(upstream:remotename)%00%(upstream:remoteref) refs/heads/main refs/remotes/main [3ms]
2024-07-14 13:09:32.169 [info] > git status -z -uall [13ms]
2024-07-14 13:09:32.178 [info] > git for-each-ref --format=%(refname)%00%(upstream:short)%00%(objectname)%00%(upstream:track)%00%(upstream:remotename)%00%(upstream:remoteref) refs/heads/main refs/remotes/main [2ms]
2024-07-14 13:09:32.190 [info] > git config --local branch.main.vscode-merge-base [3ms]
2024-07-14 13:09:32.190 [warning] git config failed: Failed to execute git
2024-07-14 13:09:32.196 [info] > git reflog main --grep-reflog=branch: Created from *. [3ms]
2024-07-14 13:09:32.200 [info] > git symbolic-ref --short refs/remotes/origin/HEAD [1ms]
2024-07-14 13:09:32.200 [info] fatal: ref refs/remotes/origin/HEAD is not a symbolic ref
2024-07-14 13:09:33.277 [info] > git ls-files --stage -- /home/ooke0392703/projects/E-commercePrettyface/config/routes.rb [2ms]
2024-07-14 13:09:33.281 [info] > git cat-file -s 9d73da83356a580e6c236c2381ab662a1c6920e9 [1ms]
2024-07-14 13:09:33.293 [info] > git show --textconv :config/routes.rb [2ms]
2024-07-14 13:12:33.130 [info] > git fetch [949ms]
2024-07-14 13:12:33.139 [info] > git config --get commit.template [5ms]
2024-07-14 13:12:33.141 [info] > git for-each-ref --format=%(refname)%00%(upstream:short)%00%(objectname)%00%(upstream:track)%00%(upstream:remotename)%00%(upstream:remoteref) refs/heads/main refs/remotes/main [2ms]
2024-07-14 13:12:33.176 [info] > git status -z -uall [24ms]
2024-07-14 13:12:33.196 [info] > git for-each-ref --format=%(refname)%00%(upstream:short)%00%(objectname)%00%(upstream:track)%00%(upstream:remotename)%00%(upstream:remoteref) refs/heads/main refs/remotes/main [12ms]
2024-07-14 13:12:33.203 [info] > git config --local branch.main.vscode-merge-base [1ms]
2024-07-14 13:12:33.203 [warning] git config failed: Failed to execute git
2024-07-14 13:12:33.235 [info] > git reflog main --grep-reflog=branch: Created from *. [2ms]
2024-07-14 13:12:33.242 [info] > git symbolic-ref --short refs/remotes/origin/HEAD [3ms]
2024-07-14 13:12:33.242 [info] fatal: ref refs/remotes/origin/HEAD is not a symbolic ref
2024-07-14 13:12:34.223 [info] > git ls-files --stage -- /home/ooke0392703/projects/E-commercePrettyface/config/routes.rb [2ms]
2024-07-14 13:12:34.227 [info] > git cat-file -s 9d73da83356a580e6c236c2381ab662a1c6920e9 [2ms]
2024-07-14 13:12:34.238 [info] > git show --textconv :config/routes.rb [4ms]
2024-07-14 17:34:30.207 [info] > git fetch [1376ms]
2024-07-14 17:34:30.220 [info] > git config --get commit.template [6ms]
2024-07-14 17:34:30.253 [info] > git for-each-ref --format=%(refname)%00%(upstream:short)%00%(objectname)%00%(upstream:track)%00%(upstream:remotename)%00%(upstream:remoteref) refs/heads/main refs/remotes/main [34ms]
2024-07-14 17:34:30.405 [info] > git status -z -uall [147ms]
2024-07-14 17:34:30.415 [info] > git for-each-ref --format=%(refname)%00%(upstream:short)%00%(objectname)%00%(upstream:track)%00%(upstream:remotename)%00%(upstream:remoteref) refs/heads/main refs/remotes/main [4ms]
2024-07-14 17:34:30.422 [info] > git config --local branch.main.vscode-merge-base [2ms]
2024-07-14 17:34:30.422 [warning] git config failed: Failed to execute git
2024-07-14 17:34:30.429 [info] > git reflog main --grep-reflog=branch: Created from *. [3ms]
2024-07-14 17:34:30.433 [info] > git symbolic-ref --short refs/remotes/origin/HEAD [1ms]
2024-07-14 17:34:30.433 [info] fatal: ref refs/remotes/origin/HEAD is not a symbolic ref
2024-07-14 17:34:30.991 [info] > git ls-files --stage -- /home/ooke0392703/projects/E-commercePrettyface/config/routes.rb [2ms]
2024-07-14 17:34:30.998 [info] > git cat-file -s 9d73da83356a580e6c236c2381ab662a1c6920e9 [4ms]
2024-07-14 17:34:31.011 [info] > git show --textconv :config/routes.rb [4ms]
2024-07-14 17:35:46.220 [info] > git config --get commit.template [5ms]
2024-07-14 17:35:46.222 [info] > git for-each-ref --format=%(refname)%00%(upstream:short)%00%(objectname)%00%(upstream:track)%00%(upstream:remotename)%00%(upstream:remoteref) refs/heads/main refs/remotes/main [2ms]
2024-07-14 17:35:46.238 [info] > git status -z -uall [13ms]
2024-07-14 17:35:46.246 [info] > git for-each-ref --format=%(refname)%00%(upstream:short)%00%(objectname)%00%(upstream:track)%00%(upstream:remotename)%00%(upstream:remoteref) refs/heads/main refs/remotes/main [4ms]
2024-07-14 17:35:46.254 [info] > git config --local branch.main.vscode-merge-base [2ms]
2024-07-14 17:35:46.254 [warning] git config failed: Failed to execute git
2024-07-14 17:35:46.261 [info] > git reflog main --grep-reflog=branch: Created from *. [2ms]
2024-07-14 17:35:46.265 [info] > git symbolic-ref --short refs/remotes/origin/HEAD [1ms]
2024-07-14 17:35:46.265 [info] fatal: ref refs/remotes/origin/HEAD is not a symbolic ref
2024-07-14 17:36:41.408 [info] > git config --get commit.template [8ms]
2024-07-14 17:36:41.410 [info] > git for-each-ref --format=%(refname)%00%(upstream:short)%00%(objectname)%00%(upstream:track)%00%(upstream:remotename)%00%(upstream:remoteref) refs/heads/main refs/remotes/main [3ms]
2024-07-14 17:36:41.490 [info] > git status -z -uall [59ms]
2024-07-14 17:36:41.505 [info] > git for-each-ref --format=%(refname)%00%(upstream:short)%00%(objectname)%00%(upstream:track)%00%(upstream:remotename)%00%(upstream:remoteref) refs/heads/main refs/remotes/main [5ms]
2024-07-14 17:36:41.526 [info] > git config --local branch.main.vscode-merge-base [2ms]
2024-07-14 17:36:41.526 [warning] git config failed: Failed to execute git
2024-07-14 17:36:41.539 [info] > git reflog main --grep-reflog=branch: Created from *. [4ms]
2024-07-14 17:36:41.551 [info] > git symbolic-ref --short refs/remotes/origin/HEAD [1ms]
2024-07-14 17:36:41.551 [info] fatal: ref refs/remotes/origin/HEAD is not a symbolic ref
2024-07-14 17:36:51.733 [info] > git for-each-ref --format=%(refname)%00%(upstream:short)%00%(objectname)%00%(upstream:track)%00%(upstream:remotename)%00%(upstream:remoteref) refs/heads/main refs/remotes/main [2ms]
2024-07-14 17:36:51.734 [info] > git config --get commit.template [15ms]
2024-07-14 17:36:51.790 [info] > git status -z -uall [49ms]
2024-07-14 17:36:51.808 [info] > git for-each-ref --format=%(refname)%00%(upstream:short)%00%(objectname)%00%(upstream:track)%00%(upstream:remotename)%00%(upstream:remoteref) refs/heads/main refs/remotes/main [3ms]
2024-07-14 17:36:51.815 [info] > git config --local branch.main.vscode-merge-base [2ms]
2024-07-14 17:36:51.815 [warning] git config failed: Failed to execute git
2024-07-14 17:36:51.833 [info] > git reflog main --grep-reflog=branch: Created from *. [11ms]
2024-07-14 17:36:51.842 [info] > git symbolic-ref --short refs/remotes/origin/HEAD [4ms]
2024-07-14 17:36:51.842 [info] fatal: ref refs/remotes/origin/HEAD is not a symbolic ref
2024-07-14 17:36:55.839 [info] > git check-ignore -v -z --stdin [4ms]
2024-07-14 17:36:57.479 [info] > git check-ignore -v -z --stdin [3ms]
2024-07-14 17:37:21.192 [info] > git ls-files --stage -- /home/ooke0392703/projects/E-commercePrettyface/app/views/pages/_contact_form.html.erb [17ms]
2024-07-14 17:37:21.287 [info] > git show --textconv :app/views/pages/_contact_form.html.erb [116ms]
2024-07-14 17:37:21.289 [info] > git cat-file -s 7f525d37509530f7acc74af0dbd743367b2279bb [82ms]
2024-07-14 17:37:31.372 [info] > git fetch [954ms]
2024-07-14 17:37:31.386 [info] > git config --get commit.template [5ms]
2024-07-14 17:37:31.389 [info] > git for-each-ref --format=%(refname)%00%(upstream:short)%00%(objectname)%00%(upstream:track)%00%(upstream:remotename)%00%(upstream:remoteref) refs/heads/main refs/remotes/main [4ms]
2024-07-14 17:37:31.439 [info] > git status -z -uall [39ms]
2024-07-14 17:37:31.455 [info] > git for-each-ref --format=%(refname)%00%(upstream:short)%00%(objectname)%00%(upstream:track)%00%(upstream:remotename)%00%(upstream:remoteref) refs/heads/main refs/remotes/main [5ms]
2024-07-14 17:37:31.483 [info] > git config --local branch.main.vscode-merge-base [1ms]
2024-07-14 17:37:31.483 [warning] git config failed: Failed to execute git
2024-07-14 17:37:31.495 [info] > git reflog main --grep-reflog=branch: Created from *. [3ms]
2024-07-14 17:37:31.508 [info] > git symbolic-ref --short refs/remotes/origin/HEAD [6ms]
2024-07-14 17:37:31.508 [info] fatal: ref refs/remotes/origin/HEAD is not a symbolic ref
2024-07-14 17:38:39.251 [info] > git ls-files --stage -- /home/ooke0392703/projects/E-commercePrettyface/app/views/pages/_contact_form.html.erb [3ms]
2024-07-14 17:38:39.258 [info] > git cat-file -s 7f525d37509530f7acc74af0dbd743367b2279bb [3ms]
2024-07-14 17:38:39.313 [info] > git show --textconv :app/views/pages/_contact_form.html.erb [3ms]
2024-07-14 17:39:00.511 [info] > git show --textconv :config/routes.rb [6ms]
2024-07-14 17:39:00.513 [info] > git ls-files --stage -- /home/ooke0392703/projects/E-commercePrettyface/config/routes.rb [3ms]
2024-07-14 17:39:00.519 [info] > git cat-file -s 9d73da83356a580e6c236c2381ab662a1c6920e9 [2ms]
2024-07-14 17:40:32.327 [info] > git fetch [872ms]
2024-07-14 17:40:32.334 [info] > git config --get commit.template [4ms]
2024-07-14 17:40:32.336 [info] > git for-each-ref --format=%(refname)%00%(upstream:short)%00%(objectname)%00%(upstream:track)%00%(upstream:remotename)%00%(upstream:remoteref) refs/heads/main refs/remotes/main [3ms]
2024-07-14 17:40:32.352 [info] > git status -z -uall [13ms]
2024-07-14 17:40:32.359 [info] > git for-each-ref --format=%(refname)%00%(upstream:short)%00%(objectname)%00%(upstream:track)%00%(upstream:remotename)%00%(upstream:remoteref) refs/heads/main refs/remotes/main [2ms]
2024-07-14 17:40:32.365 [info] > git config --local branch.main.vscode-merge-base [2ms]
2024-07-14 17:40:32.365 [warning] git config failed: Failed to execute git
2024-07-14 17:40:32.373 [info] > git reflog main --grep-reflog=branch: Created from *. [3ms]
2024-07-14 17:40:32.378 [info] > git symbolic-ref --short refs/remotes/origin/HEAD [1ms]
2024-07-14 17:40:32.378 [info] fatal: ref refs/remotes/origin/HEAD is not a symbolic ref
2024-07-14 17:40:33.463 [info] > git ls-files --stage -- /home/ooke0392703/projects/E-commercePrettyface/config/routes.rb [3ms]
2024-07-14 17:40:33.468 [info] > git cat-file -s 9d73da83356a580e6c236c2381ab662a1c6920e9 [2ms]
2024-07-14 17:40:33.478 [info] > git show --textconv :config/routes.rb [3ms]
2024-07-14 17:41:41.094 [info] > git config --get commit.template [5ms]
2024-07-14 17:41:41.096 [info] > git for-each-ref --format=%(refname)%00%(upstream:short)%00%(objectname)%00%(upstream:track)%00%(upstream:remotename)%00%(upstream:remoteref) refs/heads/main refs/remotes/main [3ms]
2024-07-14 17:41:41.114 [info] > git status -z -uall [15ms]
2024-07-14 17:41:41.122 [info] > git for-each-ref --format=%(refname)%00%(upstream:short)%00%(objectname)%00%(upstream:track)%00%(upstream:remotename)%00%(upstream:remoteref) refs/heads/main refs/remotes/main [4ms]
2024-07-14 17:41:41.129 [info] > git config --local branch.main.vscode-merge-base [2ms]
2024-07-14 17:41:41.129 [warning] git config failed: Failed to execute git
2024-07-14 17:41:41.137 [info] > git reflog main --grep-reflog=branch: Created from *. [3ms]
2024-07-14 17:41:41.142 [info] > git symbolic-ref --short refs/remotes/origin/HEAD [1ms]
2024-07-14 17:41:41.142 [info] fatal: ref refs/remotes/origin/HEAD is not a symbolic ref
2024-07-14 17:41:46.131 [info] > git config --get commit.template [4ms]
2024-07-14 17:41:46.132 [info] > git for-each-ref --format=%(refname)%00%(upstream:short)%00%(objectname)%00%(upstream:track)%00%(upstream:remotename)%00%(upstream:remoteref) refs/heads/main refs/remotes/main [2ms]
2024-07-14 17:41:46.146 [info] > git status -z -uall [11ms]
2024-07-14 17:41:46.154 [info] > git for-each-ref --format=%(refname)%00%(upstream:short)%00%(objectname)%00%(upstream:track)%00%(upstream:remotename)%00%(upstream:remoteref) refs/heads/main refs/remotes/main [4ms]
2024-07-14 17:41:46.163 [info] > git config --local branch.main.vscode-merge-base [3ms]
2024-07-14 17:41:46.163 [warning] git config failed: Failed to execute git
2024-07-14 17:41:46.170 [info] > git reflog main --grep-reflog=branch: Created from *. [3ms]
2024-07-14 17:41:46.175 [info] > git symbolic-ref --short refs/remotes/origin/HEAD [1ms]
2024-07-14 17:41:46.175 [info] fatal: ref refs/remotes/origin/HEAD is not a symbolic ref
2024-07-14 17:43:45.685 [info] > git fetch [1323ms]
2024-07-14 17:43:45.697 [info] > git config --get commit.template [6ms]
2024-07-14 17:43:45.699 [info] > git for-each-ref --format=%(refname)%00%(upstream:short)%00%(objectname)%00%(upstream:track)%00%(upstream:remotename)%00%(upstream:remoteref) refs/heads/main refs/remotes/main [2ms]
2024-07-14 17:43:45.735 [info] > git status -z -uall [28ms]
2024-07-14 17:43:45.758 [info] > git for-each-ref --format=%(refname)%00%(upstream:short)%00%(objectname)%00%(upstream:track)%00%(upstream:remotename)%00%(upstream:remoteref) refs/heads/main refs/remotes/main [4ms]
2024-07-14 17:43:45.776 [info] > git config --local branch.main.vscode-merge-base [2ms]
2024-07-14 17:43:45.776 [warning] git config failed: Failed to execute git
2024-07-14 17:43:45.792 [info] > git reflog main --grep-reflog=branch: Created from *. [3ms]
2024-07-14 17:43:45.799 [info] > git symbolic-ref --short refs/remotes/origin/HEAD [2ms]
2024-07-14 17:43:45.799 [info] fatal: ref refs/remotes/origin/HEAD is not a symbolic ref
2024-07-14 17:43:46.477 [info] > git ls-files --stage -- /home/ooke0392703/projects/E-commercePrettyface/config/routes.rb [3ms]
2024-07-14 17:43:46.482 [info] > git cat-file -s 9d73da83356a580e6c236c2381ab662a1c6920e9 [2ms]
2024-07-14 17:43:46.493 [info] > git show --textconv :config/routes.rb [3ms]
2024-07-14 17:43:56.123 [info] > git check-ignore -v -z --stdin [3ms]
2024-07-14 17:44:11.192 [info] > git ls-files --stage -- /home/ooke0392703/projects/E-commercePrettyface/app/views/pages/show.html.erb [2ms]
2024-07-14 17:44:11.212 [info] > git show --textconv :app/views/pages/show.html.erb [27ms]
2024-07-14 17:44:11.212 [info] > git cat-file -s 1955b5f959bb8ef1222879270022261055f90989 [15ms]
2024-07-14 17:44:34.660 [info] > git config --get commit.template [6ms]
2024-07-14 17:44:34.662 [info] > git for-each-ref --format=%(refname)%00%(upstream:short)%00%(objectname)%00%(upstream:track)%00%(upstream:remotename)%00%(upstream:remoteref) refs/heads/main refs/remotes/main [3ms]
2024-07-14 17:44:34.687 [info] > git status -z -uall [19ms]
2024-07-14 17:44:34.696 [info] > git for-each-ref --format=%(refname)%00%(upstream:short)%00%(objectname)%00%(upstream:track)%00%(upstream:remotename)%00%(upstream:remoteref) refs/heads/main refs/remotes/main [3ms]
2024-07-14 17:44:34.703 [info] > git config --local branch.main.vscode-merge-base [1ms]
2024-07-14 17:44:34.703 [warning] git config failed: Failed to execute git
2024-07-14 17:44:34.713 [info] > git reflog main --grep-reflog=branch: Created from *. [3ms]
2024-07-14 17:44:34.719 [info] > git symbolic-ref --short refs/remotes/origin/HEAD [2ms]
2024-07-14 17:44:34.719 [info] fatal: ref refs/remotes/origin/HEAD is not a symbolic ref
2024-07-14 17:44:41.684 [info] > git config --get commit.template [6ms]
2024-07-14 17:44:41.686 [info] > git for-each-ref --format=%(refname)%00%(upstream:short)%00%(objectname)%00%(upstream:track)%00%(upstream:remotename)%00%(upstream:remoteref) refs/heads/main refs/remotes/main [3ms]
2024-07-14 17:44:41.706 [info] > git status -z -uall [15ms]
2024-07-14 17:44:41.713 [info] > git for-each-ref --format=%(refname)%00%(upstream:short)%00%(objectname)%00%(upstream:track)%00%(upstream:remotename)%00%(upstream:remoteref) refs/heads/main refs/remotes/main [3ms]
2024-07-14 17:44:41.720 [info] > git config --local branch.main.vscode-merge-base [2ms]
2024-07-14 17:44:41.720 [warning] git config failed: Failed to execute git
2024-07-14 17:44:41.727 [info] > git reflog main --grep-reflog=branch: Created from *. [2ms]
2024-07-14 17:44:41.731 [info] > git symbolic-ref --short refs/remotes/origin/HEAD [1ms]
2024-07-14 17:44:41.731 [info] fatal: ref refs/remotes/origin/HEAD is not a symbolic ref
2024-07-14 17:44:46.720 [info] > git config --get commit.template [3ms]
2024-07-14 17:44:46.722 [info] > git for-each-ref --format=%(refname)%00%(upstream:short)%00%(objectname)%00%(upstream:track)%00%(upstream:remotename)%00%(upstream:remoteref) refs/heads/main refs/remotes/main [1ms]
2024-07-14 17:44:46.738 [info] > git status -z -uall [13ms]
2024-07-14 17:44:46.744 [info] > git for-each-ref --format=%(refname)%00%(upstream:short)%00%(objectname)%00%(upstream:track)%00%(upstream:remotename)%00%(upstream:remoteref) refs/heads/main refs/remotes/main [3ms]
2024-07-14 17:44:46.754 [info] > git config --local branch.main.vscode-merge-base [5ms]
2024-07-14 17:44:46.755 [warning] git config failed: Failed to execute git
2024-07-14 17:44:46.762 [info] > git reflog main --grep-reflog=branch: Created from *. [3ms]
2024-07-14 17:44:46.767 [info] > git symbolic-ref --short refs/remotes/origin/HEAD [1ms]
2024-07-14 17:44:46.767 [info] fatal: ref refs/remotes/origin/HEAD is not a symbolic ref
2024-07-14 17:47:54.256 [info] > git config --get commit.template [2ms]
2024-07-14 17:47:54.268 [info] > git for-each-ref --format=%(refname)%00%(upstream:short)%00%(objectname)%00%(upstream:track)%00%(upstream:remotename)%00%(upstream:remoteref) refs/heads/main refs/remotes/main [3ms]
2024-07-14 17:47:54.333 [info] > git status -z -uall [43ms]
2024-07-14 17:47:54.353 [info] > git for-each-ref --format=%(refname)%00%(upstream:short)%00%(objectname)%00%(upstream:track)%00%(upstream:remotename)%00%(upstream:remoteref) refs/heads/main refs/remotes/main [13ms]
2024-07-14 17:47:54.371 [info] > git config --local branch.main.vscode-merge-base [2ms]
2024-07-14 17:47:54.371 [warning] git config failed: Failed to execute git
2024-07-14 17:47:54.392 [info] > git reflog main --grep-reflog=branch: Created from *. [4ms]
2024-07-14 17:47:54.407 [info] > git symbolic-ref --short refs/remotes/origin/HEAD [9ms]
2024-07-14 17:47:54.407 [info] fatal: ref refs/remotes/origin/HEAD is not a symbolic ref
2024-07-14 17:47:55.243 [info] > git fetch [996ms]
2024-07-14 17:47:55.253 [info] > git config --get commit.template [5ms]
2024-07-14 17:47:55.255 [info] > git for-each-ref --format=%(refname)%00%(upstream:short)%00%(objectname)%00%(upstream:track)%00%(upstream:remotename)%00%(upstream:remoteref) refs/heads/main refs/remotes/main [3ms]
2024-07-14 17:47:55.279 [info] > git status -z -uall [18ms]
2024-07-14 17:47:55.289 [info] > git for-each-ref --format=%(refname)%00%(upstream:short)%00%(objectname)%00%(upstream:track)%00%(upstream:remotename)%00%(upstream:remoteref) refs/heads/main refs/remotes/main [3ms]
2024-07-14 17:47:55.296 [info] > git config --local branch.main.vscode-merge-base [2ms]
2024-07-14 17:47:55.296 [warning] git config failed: Failed to execute git
2024-07-14 17:47:55.309 [info] > git reflog main --grep-reflog=branch: Created from *. [5ms]
2024-07-14 17:47:55.315 [info] > git symbolic-ref --short refs/remotes/origin/HEAD [1ms]
2024-07-14 17:47:55.315 [info] fatal: ref refs/remotes/origin/HEAD is not a symbolic ref
2024-07-14 17:47:56.374 [info] > git ls-files --stage -- /home/ooke0392703/projects/E-commercePrettyface/app/views/pages/show.html.erb [2ms]
2024-07-14 17:47:56.378 [info] > git cat-file -s 1955b5f959bb8ef1222879270022261055f90989 [1ms]
2024-07-14 17:47:56.389 [info] > git show --textconv :app/views/pages/show.html.erb [2ms]
2024-07-14 17:47:59.362 [info] > git config --get commit.template [6ms]
2024-07-14 17:47:59.364 [info] > git for-each-ref --format=%(refname)%00%(upstream:short)%00%(objectname)%00%(upstream:track)%00%(upstream:remotename)%00%(upstream:remoteref) refs/heads/main refs/remotes/main [3ms]
2024-07-14 17:47:59.394 [info] > git status -z -uall [22ms]
2024-07-14 17:47:59.420 [info] > git for-each-ref --format=%(refname)%00%(upstream:short)%00%(objectname)%00%(upstream:track)%00%(upstream:remotename)%00%(upstream:remoteref) refs/heads/main refs/remotes/main [21ms]
2024-07-14 17:47:59.429 [info] > git config --local branch.main.vscode-merge-base [4ms]
2024-07-14 17:47:59.429 [warning] git config failed: Failed to execute git
2024-07-14 17:47:59.439 [info] > git reflog main --grep-reflog=branch: Created from *. [3ms]
2024-07-14 17:47:59.444 [info] > git symbolic-ref --short refs/remotes/origin/HEAD [2ms]
2024-07-14 17:47:59.444 [info] fatal: ref refs/remotes/origin/HEAD is not a symbolic ref
2024-07-14 17:47:59.545 [info] > git show --textconv :app/views/pages/_contact_form.html.erb [5ms]
2024-07-14 17:47:59.548 [info] > git ls-files --stage -- /home/ooke0392703/projects/E-commercePrettyface/app/views/pages/_contact_form.html.erb [2ms]
2024-07-14 17:47:59.559 [info] > git cat-file -s 7f525d37509530f7acc74af0dbd743367b2279bb [2ms]
2024-07-14 17:48:10.735 [info] > git config --get commit.template [6ms]
2024-07-14 17:48:10.736 [info] > git for-each-ref --format=%(refname)%00%(upstream:short)%00%(objectname)%00%(upstream:track)%00%(upstream:remotename)%00%(upstream:remoteref) refs/heads/main refs/remotes/main [3ms]
2024-07-14 17:48:10.782 [info] > git status -z -uall [41ms]
2024-07-14 17:48:10.802 [info] > git for-each-ref --format=%(refname)%00%(upstream:short)%00%(objectname)%00%(upstream:track)%00%(upstream:remotename)%00%(upstream:remoteref) refs/heads/main refs/remotes/main [9ms]
2024-07-14 17:48:10.809 [info] > git config --local branch.main.vscode-merge-base [2ms]
2024-07-14 17:48:10.809 [warning] git config failed: Failed to execute git
2024-07-14 17:48:10.818 [info] > git reflog main --grep-reflog=branch: Created from *. [4ms]
2024-07-14 17:48:10.824 [info] > git symbolic-ref --short refs/remotes/origin/HEAD [2ms]
2024-07-14 17:48:10.824 [info] fatal: ref refs/remotes/origin/HEAD is not a symbolic ref
2024-07-14 17:49:48.905 [info] > git ls-files --stage -- /home/ooke0392703/projects/E-commercePrettyface/app/controllers/pages_controller.rb [3ms]
2024-07-14 17:49:48.920 [info] > git show --textconv :app/controllers/pages_controller.rb [24ms]
2024-07-14 17:49:48.921 [info] > git cat-file -s 423b696136125d68653c80ab2a4e03f978082653 [10ms]
2024-07-14 17:50:41.996 [info] > git config --get commit.template [4ms]
2024-07-14 17:50:41.998 [info] > git for-each-ref --format=%(refname)%00%(upstream:short)%00%(objectname)%00%(upstream:track)%00%(upstream:remotename)%00%(upstream:remoteref) refs/heads/main refs/remotes/main [3ms]
2024-07-14 17:50:42.025 [info] > git status -z -uall [23ms]
2024-07-14 17:50:42.032 [info] > git for-each-ref --format=%(refname)%00%(upstream:short)%00%(objectname)%00%(upstream:track)%00%(upstream:remotename)%00%(upstream:remoteref) refs/heads/main refs/remotes/main [2ms]
2024-07-14 17:50:42.039 [info] > git config --local branch.main.vscode-merge-base [2ms]
2024-07-14 17:50:42.039 [warning] git config failed: Failed to execute git
2024-07-14 17:50:42.049 [info] > git reflog main --grep-reflog=branch: Created from *. [4ms]
2024-07-14 17:50:42.053 [info] > git symbolic-ref --short refs/remotes/origin/HEAD [2ms]
2024-07-14 17:50:42.053 [info] fatal: ref refs/remotes/origin/HEAD is not a symbolic ref
2024-07-14 17:50:56.133 [info] > git fetch [840ms]
2024-07-14 17:50:56.141 [info] > git config --get commit.template [4ms]
2024-07-14 17:50:56.142 [info] > git for-each-ref --format=%(refname)%00%(upstream:short)%00%(objectname)%00%(upstream:track)%00%(upstream:remotename)%00%(upstream:remoteref) refs/heads/main refs/remotes/main [2ms]
2024-07-14 17:50:56.158 [info] > git status -z -uall [12ms]
2024-07-14 17:50:56.166 [info] > git for-each-ref --format=%(refname)%00%(upstream:short)%00%(objectname)%00%(upstream:track)%00%(upstream:remotename)%00%(upstream:remoteref) refs/heads/main refs/remotes/main [3ms]
2024-07-14 17:50:56.176 [info] > git config --local branch.main.vscode-merge-base [5ms]
2024-07-14 17:50:56.176 [warning] git config failed: Failed to execute git
2024-07-14 17:50:56.183 [info] > git reflog main --grep-reflog=branch: Created from *. [2ms]
2024-07-14 17:50:56.187 [info] > git symbolic-ref --short refs/remotes/origin/HEAD [2ms]
2024-07-14 17:50:56.187 [info] fatal: ref refs/remotes/origin/HEAD is not a symbolic ref
2024-07-14 17:50:57.175 [info] > git config --get commit.template [5ms]
2024-07-14 17:50:57.179 [info] > git for-each-ref --format=%(refname)%00%(upstream:short)%00%(objectname)%00%(upstream:track)%00%(upstream:remotename)%00%(upstream:remoteref) refs/heads/main refs/remotes/main [5ms]
2024-07-14 17:50:57.200 [info] > git status -z -uall [17ms]
2024-07-14 17:50:57.208 [info] > git for-each-ref --format=%(refname)%00%(upstream:short)%00%(objectname)%00%(upstream:track)%00%(upstream:remotename)%00%(upstream:remoteref) refs/heads/main refs/remotes/main [3ms]
2024-07-14 17:50:57.214 [info] > git config --local branch.main.vscode-merge-base [2ms]
2024-07-14 17:50:57.214 [warning] git config failed: Failed to execute git
2024-07-14 17:50:57.221 [info] > git reflog main --grep-reflog=branch: Created from *. [3ms]
2024-07-14 17:50:57.226 [info] > git symbolic-ref --short refs/remotes/origin/HEAD [2ms]
2024-07-14 17:50:57.226 [info] fatal: ref refs/remotes/origin/HEAD is not a symbolic ref
2024-07-14 17:50:57.321 [info] > git ls-files --stage -- /home/ooke0392703/projects/E-commercePrettyface/app/controllers/pages_controller.rb [2ms]
2024-07-14 17:50:57.326 [info] > git cat-file -s 423b696136125d68653c80ab2a4e03f978082653 [1ms]
2024-07-14 17:50:57.337 [info] > git show --textconv :app/controllers/pages_controller.rb [3ms]
2024-07-14 17:51:55.463 [info] > git config --get commit.template [1ms]
2024-07-14 17:51:55.469 [info] > git for-each-ref --format=%(refname)%00%(upstream:short)%00%(objectname)%00%(upstream:track)%00%(upstream:remotename)%00%(upstream:remoteref) refs/heads/main refs/remotes/main [1ms]
2024-07-14 17:51:55.484 [info] > git status -z -uall [12ms]
2024-07-14 17:51:55.491 [info] > git for-each-ref --format=%(refname)%00%(upstream:short)%00%(objectname)%00%(upstream:track)%00%(upstream:remotename)%00%(upstream:remoteref) refs/heads/main refs/remotes/main [3ms]
2024-07-14 17:51:55.497 [info] > git config --local branch.main.vscode-merge-base [1ms]
2024-07-14 17:51:55.498 [warning] git config failed: Failed to execute git
2024-07-14 17:51:55.506 [info] > git reflog main --grep-reflog=branch: Created from *. [4ms]
2024-07-14 17:51:55.510 [info] > git symbolic-ref --short refs/remotes/origin/HEAD [1ms]
2024-07-14 17:51:55.511 [info] fatal: ref refs/remotes/origin/HEAD is not a symbolic ref
2024-07-14 17:52:00.498 [info] > git config --get commit.template [5ms]
2024-07-14 17:52:00.500 [info] > git for-each-ref --format=%(refname)%00%(upstream:short)%00%(objectname)%00%(upstream:track)%00%(upstream:remotename)%00%(upstream:remoteref) refs/heads/main refs/remotes/main [3ms]
2024-07-14 17:52:00.518 [info] > git status -z -uall [15ms]
2024-07-14 17:52:00.525 [info] > git for-each-ref --format=%(refname)%00%(upstream:short)%00%(objectname)%00%(upstream:track)%00%(upstream:remotename)%00%(upstream:remoteref) refs/heads/main refs/remotes/main [3ms]
2024-07-14 17:52:00.532 [info] > git config --local branch.main.vscode-merge-base [2ms]
2024-07-14 17:52:00.532 [warning] git config failed: Failed to execute git
2024-07-14 17:52:00.543 [info] > git reflog main --grep-reflog=branch: Created from *. [7ms]
2024-07-14 17:52:00.548 [info] > git symbolic-ref --short refs/remotes/origin/HEAD [2ms]
2024-07-14 17:52:00.548 [info] fatal: ref refs/remotes/origin/HEAD is not a symbolic ref
2024-07-14 17:52:06.310 [info] > git config --get commit.template [3ms]
2024-07-14 17:52:06.313 [info] > git for-each-ref --format=%(refname)%00%(upstream:short)%00%(objectname)%00%(upstream:track)%00%(upstream:remotename)%00%(upstream:remoteref) refs/heads/main refs/remotes/main [4ms]
2024-07-14 17:52:06.333 [info] > git status -z -uall [16ms]
2024-07-14 17:52:06.338 [info] > git for-each-ref --format=%(refname)%00%(upstream:short)%00%(objectname)%00%(upstream:track)%00%(upstream:remotename)%00%(upstream:remoteref) refs/heads/main refs/remotes/main [2ms]
2024-07-14 17:52:06.344 [info] > git config --local branch.main.vscode-merge-base [2ms]
2024-07-14 17:52:06.344 [warning] git config failed: Failed to execute git
2024-07-14 17:52:06.355 [info] > git reflog main --grep-reflog=branch: Created from *. [7ms]
2024-07-14 17:52:06.362 [info] > git symbolic-ref --short refs/remotes/origin/HEAD [2ms]
2024-07-14 17:52:06.362 [info] fatal: ref refs/remotes/origin/HEAD is not a symbolic ref
2024-07-14 17:52:47.746 [info] > git config --get commit.template [5ms]
2024-07-14 17:52:47.747 [info] > git for-each-ref --format=%(refname)%00%(upstream:short)%00%(objectname)%00%(upstream:track)%00%(upstream:remotename)%00%(upstream:remoteref) refs/heads/main refs/remotes/main [2ms]
2024-07-14 17:52:47.767 [info] > git status -z -uall [15ms]
2024-07-14 17:52:47.774 [info] > git for-each-ref --format=%(refname)%00%(upstream:short)%00%(objectname)%00%(upstream:track)%00%(upstream:remotename)%00%(upstream:remoteref) refs/heads/main refs/remotes/main [3ms]
2024-07-14 17:52:47.783 [info] > git config --local branch.main.vscode-merge-base [3ms]
2024-07-14 17:52:47.784 [warning] git config failed: Failed to execute git
2024-07-14 17:52:47.791 [info] > git reflog main --grep-reflog=branch: Created from *. [3ms]
2024-07-14 17:52:47.796 [info] > git symbolic-ref --short refs/remotes/origin/HEAD [2ms]
2024-07-14 17:52:47.796 [info] fatal: ref refs/remotes/origin/HEAD is not a symbolic ref
2024-07-14 17:52:53.891 [info] > git config --get commit.template [4ms]
2024-07-14 17:52:53.892 [info] > git for-each-ref --format=%(refname)%00%(upstream:short)%00%(objectname)%00%(upstream:track)%00%(upstream:remotename)%00%(upstream:remoteref) refs/heads/main refs/remotes/main [2ms]
2024-07-14 17:52:53.907 [info] > git status -z -uall [12ms]
2024-07-14 17:52:53.913 [info] > git for-each-ref --format=%(refname)%00%(upstream:short)%00%(objectname)%00%(upstream:track)%00%(upstream:remotename)%00%(upstream:remoteref) refs/heads/main refs/remotes/main [3ms]
2024-07-14 17:52:53.920 [info] > git config --local branch.main.vscode-merge-base [2ms]
2024-07-14 17:52:53.920 [warning] git config failed: Failed to execute git
2024-07-14 17:52:53.927 [info] > git reflog main --grep-reflog=branch: Created from *. [3ms]
2024-07-14 17:52:53.932 [info] > git symbolic-ref --short refs/remotes/origin/HEAD [2ms]
2024-07-14 17:52:53.932 [info] fatal: ref refs/remotes/origin/HEAD is not a symbolic ref
2024-07-14 17:56:48.905 [info] > git config --get commit.template [191ms]
2024-07-14 17:56:48.954 [info] > git for-each-ref --format=%(refname)%00%(upstream:short)%00%(objectname)%00%(upstream:track)%00%(upstream:remotename)%00%(upstream:remoteref) refs/heads/main refs/remotes/main [170ms]
2024-07-14 17:56:49.099 [info] > git status -z -uall [139ms]
2024-07-14 17:56:49.106 [info] > git for-each-ref --format=%(refname)%00%(upstream:short)%00%(objectname)%00%(upstream:track)%00%(upstream:remotename)%00%(upstream:remoteref) refs/heads/main refs/remotes/main [4ms]
2024-07-14 17:56:49.113 [info] > git config --local branch.main.vscode-merge-base [3ms]
2024-07-14 17:56:49.113 [warning] git config failed: Failed to execute git
2024-07-14 17:56:49.122 [info] > git reflog main --grep-reflog=branch: Created from *. [6ms]
2024-07-14 17:56:49.128 [info] > git symbolic-ref --short refs/remotes/origin/HEAD [2ms]
2024-07-14 17:56:49.128 [info] fatal: ref refs/remotes/origin/HEAD is not a symbolic ref
2024-07-14 17:56:50.327 [info] > git fetch [1620ms]
2024-07-14 17:56:50.338 [info] > git config --get commit.template [5ms]
2024-07-14 17:56:50.340 [info] > git for-each-ref --format=%(refname)%00%(upstream:short)%00%(objectname)%00%(upstream:track)%00%(upstream:remotename)%00%(upstream:remoteref) refs/heads/main refs/remotes/main [2ms]
2024-07-14 17:56:50.358 [info] > git status -z -uall [13ms]
2024-07-14 17:56:50.366 [info] > git for-each-ref --format=%(refname)%00%(upstream:short)%00%(objectname)%00%(upstream:track)%00%(upstream:remotename)%00%(upstream:remoteref) refs/heads/main refs/remotes/main [2ms]
2024-07-14 17:56:50.373 [info] > git config --local branch.main.vscode-merge-base [1ms]
2024-07-14 17:56:50.373 [warning] git config failed: Failed to execute git
2024-07-14 17:56:50.384 [info] > git reflog main --grep-reflog=branch: Created from *. [3ms]
2024-07-14 17:56:50.389 [info] > git symbolic-ref --short refs/remotes/origin/HEAD [1ms]
2024-07-14 17:56:50.389 [info] fatal: ref refs/remotes/origin/HEAD is not a symbolic ref
2024-07-15 08:29:42.055 [info] > git ls-files --stage -- /home/ooke0392703/projects/E-commercePrettyface/app/controllers/pages_controller.rb [204ms]
2024-07-15 08:29:42.122 [info] > git cat-file -s 423b696136125d68653c80ab2a4e03f978082653 [62ms]
2024-07-15 08:29:42.156 [info] > git show --textconv :app/controllers/pages_controller.rb [17ms]
2024-07-15 08:29:43.272 [info] > git fetch [1607ms]
2024-07-15 08:29:43.283 [info] > git config --get commit.template [6ms]
2024-07-15 08:29:43.312 [info] > git for-each-ref --format=%(refname)%00%(upstream:short)%00%(objectname)%00%(upstream:track)%00%(upstream:remotename)%00%(upstream:remoteref) refs/heads/main refs/remotes/main [30ms]
2024-07-15 08:29:44.240 [info] > git status -z -uall [923ms]
2024-07-15 08:29:44.250 [info] > git for-each-ref --format=%(refname)%00%(upstream:short)%00%(objectname)%00%(upstream:track)%00%(upstream:remotename)%00%(upstream:remoteref) refs/heads/main refs/remotes/main [2ms]
2024-07-15 08:29:44.263 [info] > git config --local branch.main.vscode-merge-base [1ms]
2024-07-15 08:29:44.263 [warning] git config failed: Failed to execute git
2024-07-15 08:29:44.278 [info] > git reflog main --grep-reflog=branch: Created from *. [11ms]
2024-07-15 08:29:44.283 [info] > git symbolic-ref --short refs/remotes/origin/HEAD [2ms]
2024-07-15 08:29:44.284 [info] fatal: ref refs/remotes/origin/HEAD is not a symbolic ref
2024-07-15 08:29:44.390 [info] > git ls-files --stage -- /home/ooke0392703/projects/E-commercePrettyface/app/controllers/pages_controller.rb [3ms]
2024-07-15 08:29:44.396 [info] > git cat-file -s 423b696136125d68653c80ab2a4e03f978082653 [2ms]
2024-07-15 08:29:44.407 [info] > git show --textconv :app/controllers/pages_controller.rb [3ms]
2024-07-15 08:47:22.349 [info] > git config --get commit.template [17ms]
2024-07-15 08:47:22.356 [info] > git for-each-ref --format=%(refname)%00%(upstream:short)%00%(objectname)%00%(upstream:track)%00%(upstream:remotename)%00%(upstream:remoteref) refs/heads/main refs/remotes/main [8ms]
2024-07-15 08:47:22.407 [info] > git status -z -uall [29ms]
2024-07-15 08:47:22.416 [info] > git for-each-ref --format=%(refname)%00%(upstream:short)%00%(objectname)%00%(upstream:track)%00%(upstream:remotename)%00%(upstream:remoteref) refs/heads/main refs/remotes/main [3ms]
2024-07-15 08:47:22.428 [info] > git config --local branch.main.vscode-merge-base [4ms]
2024-07-15 08:47:22.428 [warning] git config failed: Failed to execute git
2024-07-15 08:47:22.445 [info] > git reflog main --grep-reflog=branch: Created from *. [11ms]
2024-07-15 08:47:22.454 [info] > git symbolic-ref --short refs/remotes/origin/HEAD [2ms]
2024-07-15 08:47:22.454 [info] fatal: ref refs/remotes/origin/HEAD is not a symbolic ref
2024-07-15 08:47:23.142 [info] > git fetch [816ms]
2024-07-15 08:47:23.152 [info] > git config --get commit.template [5ms]
2024-07-15 08:47:23.153 [info] > git for-each-ref --format=%(refname)%00%(upstream:short)%00%(objectname)%00%(upstream:track)%00%(upstream:remotename)%00%(upstream:remoteref) refs/heads/main refs/remotes/main [2ms]
2024-07-15 08:47:23.185 [info] > git status -z -uall [28ms]
2024-07-15 08:47:23.197 [info] > git for-each-ref --format=%(refname)%00%(upstream:short)%00%(objectname)%00%(upstream:track)%00%(upstream:remotename)%00%(upstream:remoteref) refs/heads/main refs/remotes/main [6ms]
2024-07-15 08:47:23.211 [info] > git config --local branch.main.vscode-merge-base [2ms]
2024-07-15 08:47:23.211 [warning] git config failed: Failed to execute git
2024-07-15 08:47:23.219 [info] > git reflog main --grep-reflog=branch: Created from *. [3ms]
2024-07-15 08:47:23.229 [info] > git symbolic-ref --short refs/remotes/origin/HEAD [2ms]
2024-07-15 08:47:23.229 [info] fatal: ref refs/remotes/origin/HEAD is not a symbolic ref
2024-07-15 08:47:24.302 [info] > git ls-files --stage -- /home/ooke0392703/projects/E-commercePrettyface/app/controllers/pages_controller.rb [13ms]
2024-07-15 08:47:24.309 [info] > git cat-file -s 423b696136125d68653c80ab2a4e03f978082653 [3ms]
2024-07-15 08:47:24.330 [info] > git show --textconv :app/controllers/pages_controller.rb [8ms]
2024-07-15 08:47:27.429 [info] > git config --get commit.template [7ms]
2024-07-15 08:47:27.430 [info] > git for-each-ref --format=%(refname)%00%(upstream:short)%00%(objectname)%00%(upstream:track)%00%(upstream:remotename)%00%(upstream:remoteref) refs/heads/main refs/remotes/main [1ms]
2024-07-15 08:47:27.452 [info] > git status -z -uall [17ms]
2024-07-15 08:47:27.461 [info] > git for-each-ref --format=%(refname)%00%(upstream:short)%00%(objectname)%00%(upstream:track)%00%(upstream:remotename)%00%(upstream:remoteref) refs/heads/main refs/remotes/main [3ms]
2024-07-15 08:47:27.474 [info] > git config --local branch.main.vscode-merge-base [3ms]
2024-07-15 08:47:27.474 [warning] git config failed: Failed to execute git
2024-07-15 08:47:27.484 [info] > git reflog main --grep-reflog=branch: Created from *. [5ms]
2024-07-15 08:47:27.489 [info] > git symbolic-ref --short refs/remotes/origin/HEAD [2ms]
2024-07-15 08:47:27.489 [info] fatal: ref refs/remotes/origin/HEAD is not a symbolic ref
