2024-07-17 09:07:51.675 [info] Log level: Info
2024-07-17 09:07:51.675 [info] Validating found git in: "git"
2024-07-17 09:07:51.675 [info] Using git "2.34.1" from "git"
2024-07-17 09:07:51.675 [info] > git rev-parse --show-toplevel [465ms]
2024-07-17 09:07:51.756 [info] > git rev-parse --show-toplevel [61ms]
2024-07-17 09:07:51.961 [info] > git rev-parse --git-dir --git-common-dir [175ms]
2024-07-17 09:07:52.061 [info] Open repository: /home/ooke0392703/projects/E-commercePrettyface
2024-07-17 09:07:52.089 [info] > git config --get commit.template [14ms]
2024-07-17 09:07:52.119 [info] > git for-each-ref --format=%(refname)%00%(upstream:short)%00%(objectname)%00%(upstream:track)%00%(upstream:remotename)%00%(upstream:remoteref) refs/heads/main refs/remotes/main [14ms]
2024-07-17 09:07:52.168 [info] > git status -z -uall [29ms]
2024-07-17 09:07:52.235 [info] > git rev-parse --show-toplevel [158ms]
2024-07-17 09:07:52.266 [info] > git for-each-ref --format=%(refname)%00%(upstream:short)%00%(objectname)%00%(upstream:track)%00%(upstream:remotename)%00%(upstream:remoteref) refs/heads/main refs/remotes/main [79ms]
2024-07-17 09:07:52.535 [info] > git config --local branch.main.vscode-merge-base [240ms]
2024-07-17 09:07:52.535 [warning] git config failed: Failed to execute git
2024-07-17 09:07:52.540 [info] > git rev-parse --git-dir --git-common-dir [278ms]
2024-07-17 09:07:52.573 [info] Open repository: /home/ooke0392703/projects/Pretty-face
2024-07-17 09:07:52.585 [info] > git config --get commit.template [333ms]
2024-07-17 09:07:52.606 [info] > git reflog main --grep-reflog=branch: Created from *. [66ms]
2024-07-17 09:07:52.621 [info] > git config --get commit.template [20ms]
2024-07-17 09:07:52.634 [info] > git symbolic-ref --short refs/remotes/origin/HEAD [18ms]
2024-07-17 09:07:52.634 [info] fatal: ref refs/remotes/origin/HEAD is not a symbolic ref
2024-07-17 09:07:52.653 [info] > git rev-parse --show-toplevel [48ms]
2024-07-17 09:07:52.653 [info] > git for-each-ref --format=%(refname)%00%(upstream:short)%00%(objectname)%00%(upstream:track)%00%(upstream:remotename)%00%(upstream:remoteref) refs/heads/main refs/remotes/main [34ms]
2024-07-17 09:07:52.666 [info] > git merge-base refs/heads/main refs/remotes/origin/main [28ms]
2024-07-17 09:07:52.682 [info] > git rev-parse --git-dir --git-common-dir [25ms]
2024-07-17 09:07:52.716 [info] Open repository: /home/ooke0392703/projects/StarWarsUniverse
2024-07-17 09:07:52.761 [info] > git rev-list --count --left-right refs/heads/main...refs/remotes/origin/main [90ms]
2024-07-17 09:07:52.780 [info] > git rev-parse --show-toplevel [45ms]
2024-07-17 09:07:52.780 [info] > git config --get commit.template [49ms]
2024-07-17 09:07:52.781 [info] > git for-each-ref --format=%(refname)%00%(upstream:short)%00%(objectname)%00%(upstream:track)%00%(upstream:remotename)%00%(upstream:remoteref) refs/heads/main refs/remotes/main [130ms]
2024-07-17 09:07:52.793 [info] > git diff --name-status -z --diff-filter=ADMR 0af6211305afdaeeb39401d473334b83d51aaee7...refs/remotes/origin/main [28ms]
2024-07-17 09:07:52.812 [info] > git status -z -uall [34ms]
2024-07-17 09:07:52.840 [info] > git for-each-ref --format=%(refname)%00%(upstream:short)%00%(objectname)%00%(upstream:track)%00%(upstream:remotename)%00%(upstream:remoteref) refs/heads/main refs/remotes/main [42ms]
2024-07-17 09:07:52.840 [info] > git for-each-ref --format=%(refname)%00%(upstream:short)%00%(objectname)%00%(upstream:track)%00%(upstream:remotename)%00%(upstream:remoteref) refs/heads/main refs/remotes/main [22ms]
2024-07-17 09:07:52.900 [info] > git status -z -uall [61ms]
2024-07-17 09:07:52.900 [info] > git config --local branch.main.vscode-merge-base [32ms]
2024-07-17 09:07:52.900 [warning] git config failed: Failed to execute git
2024-07-17 09:07:52.949 [info] > git rev-parse --show-toplevel [139ms]
2024-07-17 09:07:53.001 [info] > git check-ignore -v -z --stdin [46ms]
2024-07-17 09:07:53.012 [info] > git for-each-ref --format=%(refname)%00%(upstream:short)%00%(objectname)%00%(upstream:track)%00%(upstream:remotename)%00%(upstream:remoteref) refs/heads/main refs/remotes/main [83ms]
2024-07-17 09:07:53.016 [info] > git reflog main --grep-reflog=branch: Created from *. [112ms]
2024-07-17 09:07:53.114 [info] > git symbolic-ref --short refs/remotes/origin/HEAD [58ms]
2024-07-17 09:07:53.114 [info] fatal: ref refs/remotes/origin/HEAD is not a symbolic ref
2024-07-17 09:07:53.114 [info] > git config --local branch.main.vscode-merge-base [98ms]
2024-07-17 09:07:53.114 [warning] git config failed: Failed to execute git
2024-07-17 09:07:53.119 [info] > git rev-parse --git-dir --git-common-dir [120ms]
2024-07-17 09:07:53.149 [info] Open repository: /home/ooke0392703/projects/challenge00
2024-07-17 09:07:53.151 [info] > git config --get commit.template [155ms]
2024-07-17 09:07:53.278 [info] > git config --get commit.template [109ms]
2024-07-17 09:07:53.278 [info] > git reflog main --grep-reflog=branch: Created from *. [160ms]
2024-07-17 09:07:53.309 [info] > git symbolic-ref --short refs/remotes/origin/HEAD [27ms]
2024-07-17 09:07:53.309 [info] fatal: ref refs/remotes/origin/HEAD is not a symbolic ref
2024-07-17 09:07:53.313 [info] > git for-each-ref --format=%(refname)%00%(upstream:short)%00%(objectname)%00%(upstream:track)%00%(upstream:remotename)%00%(upstream:remoteref) refs/heads/main refs/remotes/main [123ms]
2024-07-17 09:07:53.313 [info] > git rev-parse --show-toplevel [134ms]
2024-07-17 09:07:53.314 [info] > git fetch [1253ms]
2024-07-17 09:07:53.375 [info] > git config --get commit.template [29ms]
2024-07-17 09:07:53.376 [info] > git rev-parse --git-dir --git-common-dir [43ms]
2024-07-17 09:07:53.402 [info] Open repository: /home/ooke0392703/projects/challenge01
2024-07-17 09:07:53.414 [info] > git merge-base refs/heads/main refs/remotes/origin/main [92ms]
2024-07-17 09:07:53.455 [info] > git for-each-ref --format=%(refname)%00%(upstream:short)%00%(objectname)%00%(upstream:track)%00%(upstream:remotename)%00%(upstream:remoteref) refs/heads/main refs/remotes/main [126ms]
2024-07-17 09:07:53.476 [info] > git rev-parse --show-toplevel [38ms]
2024-07-17 09:07:53.477 [info] > git config --get commit.template [43ms]
2024-07-17 09:07:53.477 [info] > git rev-list --count --left-right refs/heads/main...refs/remotes/origin/main [59ms]
2024-07-17 09:07:53.506 [info] > git status -z -uall [35ms]
2024-07-17 09:07:53.507 [info] > git for-each-ref --format=%(refname)%00%(upstream:short)%00%(objectname)%00%(upstream:track)%00%(upstream:remotename)%00%(upstream:remoteref) refs/heads/main refs/remotes/main [32ms]
2024-07-17 09:07:53.547 [info] > git rev-parse --show-toplevel [6ms]
2024-07-17 09:07:53.547 [info] > git for-each-ref --format=%(refname)%00%(upstream:short)%00%(objectname)%00%(upstream:track)%00%(upstream:remotename)%00%(upstream:remoteref) refs/heads/main refs/remotes/main [24ms]
2024-07-17 09:07:53.601 [info] > git status -z -uall [13ms]
2024-07-17 09:07:53.601 [info] > git config --local branch.main.vscode-merge-base [25ms]
2024-07-17 09:07:53.601 [warning] git config failed: Failed to execute git
2024-07-17 09:07:53.605 [info] > git diff --name-status -z --diff-filter=ADMR 551289666cf17de10aef6c792a36e337a3b4e71f...refs/remotes/origin/main [114ms]
2024-07-17 09:07:53.798 [info] > git status -z -uall [167ms]
2024-07-17 09:07:53.798 [info] > git for-each-ref --format=%(refname)%00%(upstream:short)%00%(objectname)%00%(upstream:track)%00%(upstream:remotename)%00%(upstream:remoteref) refs/heads/main refs/remotes/main [145ms]
2024-07-17 09:07:53.804 [info] > git rev-parse --show-toplevel [169ms]
2024-07-17 09:07:53.831 [info] > git fetch [1259ms]
2024-07-17 09:07:53.833 [info] > git for-each-ref --format=%(refname)%00%(upstream:short)%00%(objectname)%00%(upstream:track)%00%(upstream:remotename)%00%(upstream:remoteref) refs/heads/master refs/remotes/master [296ms]
2024-07-17 09:07:53.844 [info] > git reflog main --grep-reflog=branch: Created from *. [240ms]
2024-07-17 09:07:53.877 [info] > git for-each-ref --format=%(refname)%00%(upstream:short)%00%(objectname)%00%(upstream:track)%00%(upstream:remotename)%00%(upstream:remoteref) refs/heads/main refs/remotes/main [49ms]
2024-07-17 09:07:53.892 [info] > git config --local branch.main.vscode-merge-base [89ms]
2024-07-17 09:07:53.892 [warning] git config failed: Failed to execute git
2024-07-17 09:07:53.896 [info] > git config --get commit.template [112ms]
2024-07-17 09:07:53.925 [info] > git config --local branch.main.vscode-merge-base [33ms]
2024-07-17 09:07:53.925 [warning] git config failed: Failed to execute git
2024-07-17 09:07:53.958 [info] > git config --get commit.template [83ms]
2024-07-17 09:07:53.958 [info] > git rev-parse --git-dir --git-common-dir [92ms]
2024-07-17 09:07:53.981 [info] Open repository: /home/ooke0392703/projects/challenge03-lecture
2024-07-17 09:07:53.993 [info] > git symbolic-ref --short refs/remotes/origin/HEAD [147ms]
2024-07-17 09:07:53.993 [info] fatal: ref refs/remotes/origin/HEAD is not a symbolic ref
2024-07-17 09:07:54.133 [info] > git check-ignore -v -z --stdin [102ms]
2024-07-17 09:07:54.134 [info] > git check-ignore -v -z --stdin [99ms]
2024-07-17 09:07:54.135 [info] > git check-ignore -v -z --stdin [88ms]
2024-07-17 09:07:54.136 [info] > git check-ignore -v -z --stdin [85ms]
2024-07-17 09:07:54.147 [info] > git check-ignore -v -z --stdin [79ms]
2024-07-17 09:07:54.148 [info] > git reflog main --grep-reflog=branch: Created from *. [191ms]
2024-07-17 09:07:54.162 [info] > git reflog main --grep-reflog=branch: Created from *. [267ms]
2024-07-17 09:07:54.165 [info] > git fetch [1449ms]
2024-07-17 09:07:54.231 [info] > git status -z -uall [1067ms] (cancelled)
2024-07-17 09:07:54.231 [info] > git status -z -uall [37ms]
2024-07-17 09:07:54.231 [info] > git symbolic-ref --short refs/remotes/origin/HEAD [66ms]
2024-07-17 09:07:54.232 [info] fatal: ref refs/remotes/origin/HEAD is not a symbolic ref
2024-07-17 09:07:54.245 [info] > git symbolic-ref --short refs/remotes/origin/HEAD [84ms]
2024-07-17 09:07:54.245 [info] fatal: ref refs/remotes/origin/HEAD is not a symbolic ref
2024-07-17 09:07:54.245 [info] > git rev-parse --show-toplevel [127ms]
2024-07-17 09:07:54.246 [info] > git config --get commit.template [141ms]
2024-07-17 09:07:54.246 [info] > git for-each-ref --format=%(refname)%00%(upstream:short)%00%(objectname)%00%(upstream:track)%00%(upstream:remotename)%00%(upstream:remoteref) refs/heads/main refs/remotes/main [146ms]
2024-07-17 09:07:54.262 [info] > git merge-base refs/heads/main refs/remotes/origin/main [18ms]
2024-07-17 09:07:54.308 [info] > git config --get commit.template [103ms]
2024-07-17 09:07:54.308 [info] > git config --get commit.template [109ms]
2024-07-17 09:07:54.358 [info] > git for-each-ref --format=%(refname)%00%(upstream:short)%00%(objectname)%00%(upstream:track)%00%(upstream:remotename)%00%(upstream:remoteref) refs/heads/main refs/remotes/main [171ms]
2024-07-17 09:07:54.372 [info] > git for-each-ref --format=%(refname)%00%(upstream:short)%00%(objectname)%00%(upstream:track)%00%(upstream:remotename)%00%(upstream:remoteref) refs/heads/master refs/remotes/master [35ms]
2024-07-17 09:07:54.392 [info] > git rev-list --count --left-right refs/heads/main...refs/remotes/origin/main [87ms]
2024-07-17 09:07:54.398 [info] > git rev-parse --git-dir --git-common-dir [138ms]
2024-07-17 09:07:54.421 [info] Open repository: /home/ooke0392703/projects/finest
2024-07-17 09:07:54.433 [info] > git fetch [1283ms]
2024-07-17 09:07:54.489 [info] > git diff --name-status -z --diff-filter=ADMR aa6ce749612ac2d595a6bd753e3bbfc5e6fceef9...refs/remotes/origin/main [91ms]
2024-07-17 09:07:54.490 [info] > git config --local branch.master.vscode-merge-base [99ms]
2024-07-17 09:07:54.490 [warning] git config failed: Failed to execute git
2024-07-17 09:07:54.494 [info] > git config --get commit.template [124ms]
2024-07-17 09:07:54.494 [info] > git for-each-ref --format=%(refname)%00%(upstream:short)%00%(objectname)%00%(upstream:track)%00%(upstream:remotename)%00%(upstream:remoteref) refs/heads/master refs/remotes/master [133ms]
2024-07-17 09:07:54.524 [warning] ENOENT: no such file or directory, open '/home/ooke0392703/projects/challenge03-lecture/.git/refs/remotes/origin/master'
2024-07-17 09:07:54.537 [info] > git config --get commit.template [55ms]
2024-07-17 09:07:54.538 [info] > git rev-parse --show-toplevel [68ms]
2024-07-17 09:07:54.538 [info] > git config --get commit.template [72ms]
2024-07-17 09:07:54.538 [info] > git for-each-ref --format=%(refname)%00%(upstream:short)%00%(objectname)%00%(upstream:track)%00%(upstream:remotename)%00%(upstream:remoteref) refs/heads/main refs/remotes/main [77ms]
2024-07-17 09:07:54.539 [info] > git for-each-ref --format=%(refname)%00%(upstream:short)%00%(objectname)%00%(upstream:track)%00%(upstream:remotename)%00%(upstream:remoteref) refs/heads/main refs/remotes/main [81ms]
2024-07-17 09:07:54.577 [info] > git rev-parse refs/remotes/origin/master [53ms]
2024-07-17 09:07:54.626 [info] > git for-each-ref --format=%(refname)%00%(upstream:short)%00%(objectname)%00%(upstream:track)%00%(upstream:remotename)%00%(upstream:remoteref) refs/heads/master refs/remotes/master [63ms]
2024-07-17 09:07:54.626 [info] > git reflog master --grep-reflog=branch: Created from *. [133ms]
2024-07-17 09:07:54.641 [info] > git status -z -uall [46ms]
2024-07-17 09:07:54.642 [info] > git rev-parse --show-toplevel [17ms]
2024-07-17 09:07:54.642 [info] > git for-each-ref --format=%(refname)%00%(upstream:short)%00%(objectname)%00%(upstream:track)%00%(upstream:remotename)%00%(upstream:remoteref) refs/heads/main refs/remotes/main [31ms]
2024-07-17 09:07:54.643 [info] > git for-each-ref --format=%(refname)%00%(upstream:short)%00%(objectname)%00%(upstream:track)%00%(upstream:remotename)%00%(upstream:remoteref) refs/heads/main refs/remotes/main [42ms]
2024-07-17 09:07:54.688 [info] > git for-each-ref --format=%(refname)%00%(upstream:short)%00%(objectname)%00%(upstream:track)%00%(upstream:remotename)%00%(upstream:remoteref) refs/heads/main refs/remotes/main [29ms]
2024-07-17 09:07:54.700 [info] > git symbolic-ref --short refs/remotes/origin/HEAD [70ms]
2024-07-17 09:07:54.700 [info] fatal: ref refs/remotes/origin/HEAD is not a symbolic ref
2024-07-17 09:07:54.721 [info] > git config --local branch.main.vscode-merge-base [22ms]
2024-07-17 09:07:54.722 [warning] git config failed: Failed to execute git
2024-07-17 09:07:54.827 [info] > git status -z -uall [239ms]
2024-07-17 09:07:54.827 [info] > git status -z -uall [79ms]
2024-07-17 09:07:54.827 [info] > git status -z -uall [20ms]
2024-07-17 09:07:54.827 [info] > git status -z -uall [2ms]
2024-07-17 09:07:54.866 [info] > git rev-parse --show-toplevel [147ms]
2024-07-17 09:07:54.867 [info] > git reflog main --grep-reflog=branch: Created from *. [142ms]
2024-07-17 09:07:54.870 [info] > git merge-base refs/heads/master refs/remotes/origin/master [156ms]
2024-07-17 09:07:54.905 [info] > git symbolic-ref --short refs/remotes/origin/HEAD [24ms]
2024-07-17 09:07:54.920 [info] fatal: ref refs/remotes/origin/HEAD is not a symbolic ref
2024-07-17 09:07:54.921 [info] > git for-each-ref --format=%(refname)%00%(upstream:short)%00%(objectname)%00%(upstream:track)%00%(upstream:remotename)%00%(upstream:remoteref) refs/heads/master refs/remotes/master [71ms]
2024-07-17 09:07:54.925 [info] > git for-each-ref --format=%(refname)%00%(upstream:short)%00%(objectname)%00%(upstream:track)%00%(upstream:remotename)%00%(upstream:remoteref) refs/heads/master refs/remotes/master [94ms]
2024-07-17 09:07:55.015 [info] > git for-each-ref --format=%(refname)%00%(upstream:short)%00%(objectname)%00%(upstream:track)%00%(upstream:remotename)%00%(upstream:remoteref) refs/heads/main refs/remotes/main [37ms]
2024-07-17 09:07:55.045 [info] > git for-each-ref --format=%(refname)%00%(upstream:short)%00%(objectname)%00%(upstream:track)%00%(upstream:remotename)%00%(upstream:remoteref) refs/heads/main refs/remotes/main [101ms]
2024-07-17 09:07:55.053 [info] > git config --local branch.master.vscode-merge-base [124ms]
2024-07-17 09:07:55.054 [warning] git config failed: Failed to execute git
2024-07-17 09:07:55.067 [info] > git config --local branch.master.vscode-merge-base [132ms]
2024-07-17 09:07:55.067 [warning] git config failed: Failed to execute git
2024-07-17 09:07:55.071 [info] > git rev-parse --git-dir --git-common-dir [180ms]
2024-07-17 09:07:55.086 [info] Open repository: /home/ooke0392703/projects/star_wars_app
2024-07-17 09:07:55.087 [info] > git config --get commit.template [199ms]
2024-07-17 09:07:55.088 [info] > git rev-list --count --left-right refs/heads/master...refs/remotes/origin/master [206ms]
2024-07-17 09:07:55.234 [info] > git status -z -uall [552ms]
2024-07-17 09:07:55.234 [info] > git check-ignore -v -z --stdin [117ms]
2024-07-17 09:07:55.235 [info] > git check-ignore -v -z --stdin [114ms]
2024-07-17 09:07:55.235 [info] > git check-ignore -v -z --stdin [88ms]
2024-07-17 09:07:55.236 [info] > git check-ignore -v -z --stdin [86ms]
2024-07-17 09:07:55.236 [info] > git check-ignore -v -z --stdin [71ms]
2024-07-17 09:07:55.236 [info] > git check-ignore -v -z --stdin [56ms]
2024-07-17 09:07:55.237 [info] > git check-ignore -v -z --stdin [51ms]
2024-07-17 09:07:55.237 [info] > git diff --name-status -z --diff-filter=ADMR 3c6462cc576b1cea4cbe3d79fe7da4f0b0e039be...refs/remotes/origin/master [136ms]
2024-07-17 09:07:55.238 [info] > git fetch [153ms]
2024-07-17 09:07:55.239 [info] > git reflog master --grep-reflog=branch: Created from *. [168ms]
2024-07-17 09:07:55.242 [info] > git reflog master --grep-reflog=branch: Created from *. [185ms]
2024-07-17 09:07:55.256 [info] > git config --local branch.main.vscode-merge-base [203ms]
2024-07-17 09:07:55.256 [warning] git config failed: Failed to execute git
2024-07-17 09:07:55.263 [info] > git config --local branch.main.vscode-merge-base [218ms]
2024-07-17 09:07:55.264 [warning] git config failed: Failed to execute git
2024-07-17 09:07:55.279 [info] > git config --get commit.template [280ms]
