2024-07-15 08:59:53.641 [info] Log level: Info
2024-07-15 08:59:53.641 [info] Validating found git in: "git"
2024-07-15 08:59:53.641 [info] Using git "2.34.1" from "git"
2024-07-15 08:59:53.641 [info] > git rev-parse --show-toplevel [47ms]
2024-07-15 08:59:53.641 [info] > git rev-parse --git-dir --git-common-dir [11ms]
2024-07-15 08:59:53.641 [info] Open repository: /home/ooke0392703/projects/Pretty-face
2024-07-15 08:59:53.649 [info] > git config --get commit.template [19ms]
2024-07-15 08:59:53.669 [info] > git rev-parse --show-toplevel [2ms]
2024-07-15 08:59:53.687 [info] > git rev-parse --show-toplevel [12ms]
2024-07-15 08:59:53.688 [info] > git for-each-ref --format=%(refname)%00%(upstream:short)%00%(objectname)%00%(upstream:track)%00%(upstream:remotename)%00%(upstream:remoteref) refs/heads/main refs/remotes/main [42ms]
2024-07-15 08:59:53.704 [info] > git rev-parse --show-toplevel [2ms]
2024-07-15 08:59:53.736 [info] > git status -z -uall [12ms]
2024-07-15 08:59:53.737 [info] > git rev-parse --show-toplevel [18ms]
2024-07-15 08:59:53.943 [info] > git for-each-ref --format=%(refname)%00%(upstream:short)%00%(objectname)%00%(upstream:track)%00%(upstream:remotename)%00%(upstream:remoteref) refs/heads/main refs/remotes/main [172ms]
2024-07-15 08:59:53.959 [info] > git rev-parse --show-toplevel [216ms]
2024-07-15 08:59:54.281 [info] > git config --local branch.main.vscode-merge-base [330ms]
2024-07-15 08:59:54.282 [warning] git config failed: Failed to execute git
2024-07-15 08:59:54.304 [info] > git config --get commit.template [467ms]
2024-07-15 08:59:54.339 [info] > git rev-parse --show-toplevel [100ms]
2024-07-15 08:59:54.364 [info] > git reflog main --grep-reflog=branch: Created from *. [59ms]
2024-07-15 08:59:54.380 [info] > git rev-parse --show-toplevel [28ms]
2024-07-15 08:59:54.380 [info] > git for-each-ref --format=%(refname)%00%(upstream:short)%00%(objectname)%00%(upstream:track)%00%(upstream:remotename)%00%(upstream:remoteref) refs/heads/main refs/remotes/main [32ms]
2024-07-15 08:59:54.400 [info] > git symbolic-ref --short refs/remotes/origin/HEAD [33ms]
2024-07-15 08:59:54.400 [info] fatal: ref refs/remotes/origin/HEAD is not a symbolic ref
2024-07-15 08:59:54.420 [info] > git merge-base refs/heads/main refs/remotes/origin/main [15ms]
2024-07-15 08:59:54.436 [info] > git rev-parse --show-toplevel [41ms]
2024-07-15 08:59:54.454 [info] > git check-ignore -v -z --stdin [37ms]
2024-07-15 08:59:54.459 [info] > git rev-list --count --left-right refs/heads/main...refs/remotes/origin/main [23ms]
2024-07-15 08:59:54.487 [info] > git rev-parse --show-toplevel [35ms]
2024-07-15 08:59:54.502 [info] > git diff --name-status -z --diff-filter=ADMR 551289666cf17de10aef6c792a36e337a3b4e71f...refs/remotes/origin/main [30ms]
2024-07-15 08:59:54.527 [info] > git status -z -uall [45ms]
2024-07-15 08:59:54.547 [info] > git rev-parse --show-toplevel [22ms]
2024-07-15 08:59:54.548 [info] > git for-each-ref --format=%(refname)%00%(upstream:short)%00%(objectname)%00%(upstream:track)%00%(upstream:remotename)%00%(upstream:remoteref) refs/heads/main refs/remotes/main [15ms]
2024-07-15 08:59:54.569 [info] > git config --local branch.main.vscode-merge-base [16ms]
2024-07-15 08:59:54.569 [warning] git config failed: Failed to execute git
2024-07-15 08:59:54.587 [info] > git reflog main --grep-reflog=branch: Created from *. [4ms]
2024-07-15 08:59:54.592 [info] > git rev-parse --show-toplevel [25ms]
2024-07-15 08:59:54.607 [info] > git symbolic-ref --short refs/remotes/origin/HEAD [15ms]
2024-07-15 08:59:54.607 [info] fatal: ref refs/remotes/origin/HEAD is not a symbolic ref
2024-07-15 08:59:54.609 [info] > git rev-parse --show-toplevel [4ms]
2024-07-15 08:59:54.713 [info] > git show --textconv :Gemfile [69ms]
2024-07-15 08:59:54.713 [info] > git ls-files --stage -- /home/ooke0392703/projects/Pretty-face/Gemfile [65ms]
2024-07-15 08:59:54.737 [info] > git cat-file -s e7973f005d749a9a2eebd0476c023db757988b0a [21ms]
2024-07-15 08:59:54.808 [info] > git fetch [1197ms]
2024-07-15 08:59:54.840 [info] > git config --get commit.template [17ms]
2024-07-15 08:59:54.857 [info] > git for-each-ref --format=%(refname)%00%(upstream:short)%00%(objectname)%00%(upstream:track)%00%(upstream:remotename)%00%(upstream:remoteref) refs/heads/main refs/remotes/main [10ms]
2024-07-15 08:59:54.875 [info] > git status -z -uall [12ms]
2024-07-15 08:59:54.900 [info] > git for-each-ref --format=%(refname)%00%(upstream:short)%00%(objectname)%00%(upstream:track)%00%(upstream:remotename)%00%(upstream:remoteref) refs/heads/main refs/remotes/main [6ms]
2024-07-15 08:59:54.912 [info] > git config --local branch.main.vscode-merge-base [3ms]
2024-07-15 08:59:54.913 [warning] git config failed: Failed to execute git
2024-07-15 08:59:54.935 [info] > git reflog main --grep-reflog=branch: Created from *. [1ms]
2024-07-15 08:59:54.950 [info] > git symbolic-ref --short refs/remotes/origin/HEAD [11ms]
2024-07-15 08:59:54.950 [info] fatal: ref refs/remotes/origin/HEAD is not a symbolic ref
2024-07-15 09:00:16.510 [info] > git config --get commit.template [5ms]
2024-07-15 09:00:16.510 [info] > git for-each-ref --format=%(refname)%00%(upstream:short)%00%(objectname)%00%(upstream:track)%00%(upstream:remotename)%00%(upstream:remoteref) refs/heads/main refs/remotes/main [3ms]
2024-07-15 09:00:16.516 [info] > git status -z -uall [3ms]
2024-07-15 09:00:16.523 [info] > git for-each-ref --format=%(refname)%00%(upstream:short)%00%(objectname)%00%(upstream:track)%00%(upstream:remotename)%00%(upstream:remoteref) refs/heads/main refs/remotes/main [4ms]
2024-07-15 09:00:16.530 [info] > git config --local branch.main.vscode-merge-base [2ms]
2024-07-15 09:00:16.530 [warning] git config failed: Failed to execute git
2024-07-15 09:00:16.536 [info] > git reflog main --grep-reflog=branch: Created from *. [3ms]
2024-07-15 09:00:16.540 [info] > git symbolic-ref --short refs/remotes/origin/HEAD [1ms]
2024-07-15 09:00:16.540 [info] fatal: ref refs/remotes/origin/HEAD is not a symbolic ref
2024-07-15 09:01:45.595 [info] > git config --get commit.template [5ms]
2024-07-15 09:01:45.597 [info] > git for-each-ref --format=%(refname)%00%(upstream:short)%00%(objectname)%00%(upstream:track)%00%(upstream:remotename)%00%(upstream:remoteref) refs/heads/main refs/remotes/main [3ms]
2024-07-15 09:01:45.603 [info] > git status -z -uall [2ms]
2024-07-15 09:01:45.612 [info] > git for-each-ref --format=%(refname)%00%(upstream:short)%00%(objectname)%00%(upstream:track)%00%(upstream:remotename)%00%(upstream:remoteref) refs/heads/main refs/remotes/main [3ms]
2024-07-15 09:01:45.626 [info] > git config --local branch.main.vscode-merge-base [7ms]
2024-07-15 09:01:45.626 [warning] git config failed: Failed to execute git
2024-07-15 09:01:45.636 [info] > git reflog main --grep-reflog=branch: Created from *. [3ms]
2024-07-15 09:01:45.641 [info] > git symbolic-ref --short refs/remotes/origin/HEAD [2ms]
2024-07-15 09:01:45.641 [info] fatal: ref refs/remotes/origin/HEAD is not a symbolic ref
2024-07-15 09:01:55.041 [info] > git config --get commit.template [4ms]
2024-07-15 09:01:55.045 [info] > git for-each-ref --format=%(refname)%00%(upstream:short)%00%(objectname)%00%(upstream:track)%00%(upstream:remotename)%00%(upstream:remoteref) refs/heads/main refs/remotes/main [5ms]
2024-07-15 09:01:55.058 [info] > git status -z -uall [6ms]
2024-07-15 09:01:55.080 [info] > git for-each-ref --format=%(refname)%00%(upstream:short)%00%(objectname)%00%(upstream:track)%00%(upstream:remotename)%00%(upstream:remoteref) refs/heads/main refs/remotes/main [16ms]
2024-07-15 09:01:55.089 [info] > git config --local branch.main.vscode-merge-base [4ms]
2024-07-15 09:01:55.089 [warning] git config failed: Failed to execute git
2024-07-15 09:01:55.099 [info] > git reflog main --grep-reflog=branch: Created from *. [5ms]
2024-07-15 09:01:55.104 [info] > git symbolic-ref --short refs/remotes/origin/HEAD [2ms]
2024-07-15 09:01:55.104 [info] fatal: ref refs/remotes/origin/HEAD is not a symbolic ref
2024-07-15 09:02:11.333 [info] > git config --get commit.template [6ms]
2024-07-15 09:02:11.333 [info] > git for-each-ref --format=%(refname)%00%(upstream:short)%00%(objectname)%00%(upstream:track)%00%(upstream:remotename)%00%(upstream:remoteref) refs/heads/main refs/remotes/main [3ms]
2024-07-15 09:02:11.340 [info] > git status -z -uall [4ms]
2024-07-15 09:02:11.348 [info] > git for-each-ref --format=%(refname)%00%(upstream:short)%00%(objectname)%00%(upstream:track)%00%(upstream:remotename)%00%(upstream:remoteref) refs/heads/main refs/remotes/main [3ms]
2024-07-15 09:02:11.355 [info] > git config --local branch.main.vscode-merge-base [2ms]
2024-07-15 09:02:11.355 [warning] git config failed: Failed to execute git
2024-07-15 09:02:11.365 [info] > git reflog main --grep-reflog=branch: Created from *. [6ms]
2024-07-15 09:02:11.370 [info] > git symbolic-ref --short refs/remotes/origin/HEAD [1ms]
2024-07-15 09:02:11.370 [info] fatal: ref refs/remotes/origin/HEAD is not a symbolic ref
2024-07-15 09:02:55.702 [info] > git fetch [800ms]
2024-07-15 09:02:55.709 [info] > git config --get commit.template [4ms]
2024-07-15 09:02:55.710 [info] > git for-each-ref --format=%(refname)%00%(upstream:short)%00%(objectname)%00%(upstream:track)%00%(upstream:remotename)%00%(upstream:remoteref) refs/heads/main refs/remotes/main [2ms]
2024-07-15 09:02:55.717 [info] > git status -z -uall [3ms]
2024-07-15 09:02:55.724 [info] > git for-each-ref --format=%(refname)%00%(upstream:short)%00%(objectname)%00%(upstream:track)%00%(upstream:remotename)%00%(upstream:remoteref) refs/heads/main refs/remotes/main [3ms]
2024-07-15 09:02:55.733 [info] > git config --local branch.main.vscode-merge-base [2ms]
2024-07-15 09:02:55.733 [warning] git config failed: Failed to execute git
2024-07-15 09:02:55.741 [info] > git reflog main --grep-reflog=branch: Created from *. [4ms]
2024-07-15 09:02:55.745 [info] > git symbolic-ref --short refs/remotes/origin/HEAD [1ms]
2024-07-15 09:02:55.745 [info] fatal: ref refs/remotes/origin/HEAD is not a symbolic ref
2024-07-15 09:02:56.749 [info] > git config --get commit.template [4ms]
2024-07-15 09:02:56.751 [info] > git for-each-ref --format=%(refname)%00%(upstream:short)%00%(objectname)%00%(upstream:track)%00%(upstream:remotename)%00%(upstream:remoteref) refs/heads/main refs/remotes/main [3ms]
2024-07-15 09:02:56.757 [info] > git status -z -uall [3ms]
2024-07-15 09:02:56.762 [info] > git for-each-ref --format=%(refname)%00%(upstream:short)%00%(objectname)%00%(upstream:track)%00%(upstream:remotename)%00%(upstream:remoteref) refs/heads/main refs/remotes/main [2ms]
2024-07-15 09:02:56.772 [info] > git config --local branch.main.vscode-merge-base [4ms]
2024-07-15 09:02:56.772 [warning] git config failed: Failed to execute git
2024-07-15 09:02:56.778 [info] > git reflog main --grep-reflog=branch: Created from *. [3ms]
2024-07-15 09:02:56.781 [info] > git symbolic-ref --short refs/remotes/origin/HEAD [1ms]
2024-07-15 09:02:56.781 [info] fatal: ref refs/remotes/origin/HEAD is not a symbolic ref
2024-07-15 09:02:56.849 [info] > git ls-files --stage -- /home/ooke0392703/projects/Pretty-face/Gemfile [2ms]
2024-07-15 09:02:56.853 [info] > git cat-file -s e7973f005d749a9a2eebd0476c023db757988b0a [2ms]
2024-07-15 09:02:56.868 [info] > git show --textconv :Gemfile [9ms]
2024-07-15 09:05:05.792 [info] > git config --get commit.template [12ms]
2024-07-15 09:05:05.793 [info] > git for-each-ref --format=%(refname)%00%(upstream:short)%00%(objectname)%00%(upstream:track)%00%(upstream:remotename)%00%(upstream:remoteref) refs/heads/main refs/remotes/main [8ms]
2024-07-15 09:05:05.808 [info] > git status -z -uall [10ms]
2024-07-15 09:05:05.828 [info] > git for-each-ref --format=%(refname)%00%(upstream:short)%00%(objectname)%00%(upstream:track)%00%(upstream:remotename)%00%(upstream:remoteref) refs/heads/main refs/remotes/main [15ms]
2024-07-15 09:05:05.846 [info] > git config --local branch.main.vscode-merge-base [3ms]
2024-07-15 09:05:05.846 [warning] git config failed: Failed to execute git
2024-07-15 09:05:05.861 [info] > git reflog main --grep-reflog=branch: Created from *. [2ms]
2024-07-15 09:05:05.866 [info] > git symbolic-ref --short refs/remotes/origin/HEAD [1ms]
2024-07-15 09:05:05.866 [info] fatal: ref refs/remotes/origin/HEAD is not a symbolic ref
2024-07-15 09:05:13.001 [info] > git config --get commit.template [4ms]
2024-07-15 09:05:13.002 [info] > git for-each-ref --format=%(refname)%00%(upstream:short)%00%(objectname)%00%(upstream:track)%00%(upstream:remotename)%00%(upstream:remoteref) refs/heads/main refs/remotes/main [2ms]
2024-07-15 09:05:13.008 [info] > git status -z -uall [3ms]
2024-07-15 09:05:13.014 [info] > git for-each-ref --format=%(refname)%00%(upstream:short)%00%(objectname)%00%(upstream:track)%00%(upstream:remotename)%00%(upstream:remoteref) refs/heads/main refs/remotes/main [2ms]
2024-07-15 09:05:13.020 [info] > git config --local branch.main.vscode-merge-base [1ms]
2024-07-15 09:05:13.020 [warning] git config failed: Failed to execute git
2024-07-15 09:05:13.026 [info] > git reflog main --grep-reflog=branch: Created from *. [2ms]
2024-07-15 09:05:13.031 [info] > git symbolic-ref --short refs/remotes/origin/HEAD [1ms]
2024-07-15 09:05:13.031 [info] fatal: ref refs/remotes/origin/HEAD is not a symbolic ref
2024-07-15 09:05:19.065 [info] > git config --get commit.template [2ms]
2024-07-15 09:05:19.071 [info] > git for-each-ref --format=%(refname)%00%(upstream:short)%00%(objectname)%00%(upstream:track)%00%(upstream:remotename)%00%(upstream:remoteref) refs/heads/main refs/remotes/main [3ms]
2024-07-15 09:05:19.077 [info] > git status -z -uall [2ms]
2024-07-15 09:05:19.085 [info] > git for-each-ref --format=%(refname)%00%(upstream:short)%00%(objectname)%00%(upstream:track)%00%(upstream:remotename)%00%(upstream:remoteref) refs/heads/main refs/remotes/main [3ms]
2024-07-15 09:05:19.092 [info] > git config --local branch.main.vscode-merge-base [1ms]
2024-07-15 09:05:19.092 [warning] git config failed: Failed to execute git
2024-07-15 09:05:19.102 [info] > git reflog main --grep-reflog=branch: Created from *. [4ms]
2024-07-15 09:05:19.111 [info] > git symbolic-ref --short refs/remotes/origin/HEAD [5ms]
2024-07-15 09:05:19.111 [info] fatal: ref refs/remotes/origin/HEAD is not a symbolic ref
2024-07-15 09:05:56.450 [info] > git fetch [723ms]
2024-07-15 09:05:56.457 [info] > git config --get commit.template [3ms]
2024-07-15 09:05:56.458 [info] > git for-each-ref --format=%(refname)%00%(upstream:short)%00%(objectname)%00%(upstream:track)%00%(upstream:remotename)%00%(upstream:remoteref) refs/heads/main refs/remotes/main [2ms]
2024-07-15 09:05:56.464 [info] > git status -z -uall [3ms]
2024-07-15 09:05:56.470 [info] > git for-each-ref --format=%(refname)%00%(upstream:short)%00%(objectname)%00%(upstream:track)%00%(upstream:remotename)%00%(upstream:remoteref) refs/heads/main refs/remotes/main [3ms]
2024-07-15 09:05:56.477 [info] > git config --local branch.main.vscode-merge-base [2ms]
2024-07-15 09:05:56.478 [warning] git config failed: Failed to execute git
2024-07-15 09:05:56.487 [info] > git reflog main --grep-reflog=branch: Created from *. [4ms]
2024-07-15 09:05:56.492 [info] > git symbolic-ref --short refs/remotes/origin/HEAD [2ms]
2024-07-15 09:05:56.492 [info] fatal: ref refs/remotes/origin/HEAD is not a symbolic ref
2024-07-15 09:05:57.496 [info] > git config --get commit.template [2ms]
2024-07-15 09:05:57.501 [info] > git for-each-ref --format=%(refname)%00%(upstream:short)%00%(objectname)%00%(upstream:track)%00%(upstream:remotename)%00%(upstream:remoteref) refs/heads/main refs/remotes/main [2ms]
2024-07-15 09:05:57.511 [info] > git status -z -uall [7ms]
2024-07-15 09:05:57.519 [info] > git for-each-ref --format=%(refname)%00%(upstream:short)%00%(objectname)%00%(upstream:track)%00%(upstream:remotename)%00%(upstream:remoteref) refs/heads/main refs/remotes/main [4ms]
2024-07-15 09:05:57.526 [info] > git config --local branch.main.vscode-merge-base [2ms]
2024-07-15 09:05:57.526 [warning] git config failed: Failed to execute git
2024-07-15 09:05:57.533 [info] > git reflog main --grep-reflog=branch: Created from *. [4ms]
2024-07-15 09:05:57.537 [info] > git symbolic-ref --short refs/remotes/origin/HEAD [1ms]
2024-07-15 09:05:57.537 [info] fatal: ref refs/remotes/origin/HEAD is not a symbolic ref
2024-07-15 09:05:57.606 [info] > git ls-files --stage -- /home/ooke0392703/projects/Pretty-face/Gemfile [1ms]
2024-07-15 09:05:57.611 [info] > git cat-file -s e7973f005d749a9a2eebd0476c023db757988b0a [2ms]
2024-07-15 09:05:57.629 [info] > git show --textconv :Gemfile [3ms]
2024-07-15 09:09:26.211 [info] > git fetch [716ms]
2024-07-15 09:09:26.218 [info] > git config --get commit.template [3ms]
2024-07-15 09:09:26.218 [info] > git for-each-ref --format=%(refname)%00%(upstream:short)%00%(objectname)%00%(upstream:track)%00%(upstream:remotename)%00%(upstream:remoteref) refs/heads/main refs/remotes/main [1ms]
2024-07-15 09:09:26.225 [info] > git status -z -uall [4ms]
2024-07-15 09:09:26.231 [info] > git for-each-ref --format=%(refname)%00%(upstream:short)%00%(objectname)%00%(upstream:track)%00%(upstream:remotename)%00%(upstream:remoteref) refs/heads/main refs/remotes/main [2ms]
2024-07-15 09:09:26.237 [info] > git config --local branch.main.vscode-merge-base [2ms]
2024-07-15 09:09:26.238 [warning] git config failed: Failed to execute git
2024-07-15 09:09:26.245 [info] > git reflog main --grep-reflog=branch: Created from *. [4ms]
2024-07-15 09:09:26.250 [info] > git symbolic-ref --short refs/remotes/origin/HEAD [1ms]
2024-07-15 09:09:26.250 [info] fatal: ref refs/remotes/origin/HEAD is not a symbolic ref
2024-07-15 09:09:27.299 [info] > git config --get commit.template [5ms]
2024-07-15 09:09:27.301 [info] > git for-each-ref --format=%(refname)%00%(upstream:short)%00%(objectname)%00%(upstream:track)%00%(upstream:remotename)%00%(upstream:remoteref) refs/heads/main refs/remotes/main [2ms]
2024-07-15 09:09:27.308 [info] > git status -z -uall [3ms]
2024-07-15 09:09:27.315 [info] > git for-each-ref --format=%(refname)%00%(upstream:short)%00%(objectname)%00%(upstream:track)%00%(upstream:remotename)%00%(upstream:remoteref) refs/heads/main refs/remotes/main [3ms]
2024-07-15 09:09:27.325 [info] > git config --local branch.main.vscode-merge-base [2ms]
2024-07-15 09:09:27.325 [warning] git config failed: Failed to execute git
2024-07-15 09:09:27.331 [info] > git reflog main --grep-reflog=branch: Created from *. [2ms]
2024-07-15 09:09:27.336 [info] > git symbolic-ref --short refs/remotes/origin/HEAD [1ms]
2024-07-15 09:09:27.336 [info] fatal: ref refs/remotes/origin/HEAD is not a symbolic ref
2024-07-15 09:09:27.403 [info] > git ls-files --stage -- /home/ooke0392703/projects/Pretty-face/Gemfile [2ms]
2024-07-15 09:09:27.408 [info] > git cat-file -s e7973f005d749a9a2eebd0476c023db757988b0a [2ms]
2024-07-15 09:09:27.427 [info] > git show --textconv :Gemfile [4ms]
2024-07-15 09:11:05.916 [info] > git config --get commit.template [4ms]
2024-07-15 09:11:05.917 [info] > git for-each-ref --format=%(refname)%00%(upstream:short)%00%(objectname)%00%(upstream:track)%00%(upstream:remotename)%00%(upstream:remoteref) refs/heads/main refs/remotes/main [2ms]
2024-07-15 09:11:05.923 [info] > git status -z -uall [2ms]
2024-07-15 09:11:05.930 [info] > git for-each-ref --format=%(refname)%00%(upstream:short)%00%(objectname)%00%(upstream:track)%00%(upstream:remotename)%00%(upstream:remoteref) refs/heads/main refs/remotes/main [3ms]
2024-07-15 09:11:05.937 [info] > git config --local branch.main.vscode-merge-base [2ms]
2024-07-15 09:11:05.937 [warning] git config failed: Failed to execute git
2024-07-15 09:11:05.944 [info] > git reflog main --grep-reflog=branch: Created from *. [2ms]
2024-07-15 09:11:05.954 [info] > git symbolic-ref --short refs/remotes/origin/HEAD [7ms]
2024-07-15 09:11:05.954 [info] fatal: ref refs/remotes/origin/HEAD is not a symbolic ref
2024-07-15 09:11:14.468 [info] > git config --get commit.template [12ms]
2024-07-15 09:11:14.486 [info] > git for-each-ref --format=%(refname)%00%(upstream:short)%00%(objectname)%00%(upstream:track)%00%(upstream:remotename)%00%(upstream:remoteref) refs/heads/main refs/remotes/main [14ms]
2024-07-15 09:11:14.505 [info] > git status -z -uall [4ms]
2024-07-15 09:11:14.522 [info] > git for-each-ref --format=%(refname)%00%(upstream:short)%00%(objectname)%00%(upstream:track)%00%(upstream:remotename)%00%(upstream:remoteref) refs/heads/main refs/remotes/main [11ms]
2024-07-15 09:11:14.552 [info] > git config --local branch.main.vscode-merge-base [14ms]
2024-07-15 09:11:14.552 [warning] git config failed: Failed to execute git
2024-07-15 09:11:14.568 [info] > git reflog main --grep-reflog=branch: Created from *. [11ms]
2024-07-15 09:11:14.574 [info] > git symbolic-ref --short refs/remotes/origin/HEAD [3ms]
2024-07-15 09:11:14.574 [info] fatal: ref refs/remotes/origin/HEAD is not a symbolic ref
2024-07-15 09:11:19.533 [info] > git config --get commit.template [4ms]
2024-07-15 09:11:19.534 [info] > git for-each-ref --format=%(refname)%00%(upstream:short)%00%(objectname)%00%(upstream:track)%00%(upstream:remotename)%00%(upstream:remoteref) refs/heads/main refs/remotes/main [2ms]
2024-07-15 09:11:19.546 [info] > git status -z -uall [8ms]
2024-07-15 09:11:19.553 [info] > git for-each-ref --format=%(refname)%00%(upstream:short)%00%(objectname)%00%(upstream:track)%00%(upstream:remotename)%00%(upstream:remoteref) refs/heads/main refs/remotes/main [3ms]
2024-07-15 09:11:19.563 [info] > git config --local branch.main.vscode-merge-base [6ms]
2024-07-15 09:11:19.563 [warning] git config failed: Failed to execute git
2024-07-15 09:11:19.571 [info] > git reflog main --grep-reflog=branch: Created from *. [4ms]
2024-07-15 09:11:19.578 [info] > git symbolic-ref --short refs/remotes/origin/HEAD [3ms]
2024-07-15 09:11:19.578 [info] fatal: ref refs/remotes/origin/HEAD is not a symbolic ref
2024-07-15 09:12:26.985 [info] > git fetch [751ms]
2024-07-15 09:12:26.993 [info] > git config --get commit.template [5ms]
2024-07-15 09:12:26.993 [info] > git for-each-ref --format=%(refname)%00%(upstream:short)%00%(objectname)%00%(upstream:track)%00%(upstream:remotename)%00%(upstream:remoteref) refs/heads/main refs/remotes/main [2ms]
2024-07-15 09:12:26.999 [info] > git status -z -uall [2ms]
2024-07-15 09:12:27.007 [info] > git for-each-ref --format=%(refname)%00%(upstream:short)%00%(objectname)%00%(upstream:track)%00%(upstream:remotename)%00%(upstream:remoteref) refs/heads/main refs/remotes/main [3ms]
2024-07-15 09:12:27.014 [info] > git config --local branch.main.vscode-merge-base [1ms]
2024-07-15 09:12:27.014 [warning] git config failed: Failed to execute git
2024-07-15 09:12:27.024 [info] > git reflog main --grep-reflog=branch: Created from *. [6ms]
2024-07-15 09:12:27.028 [info] > git symbolic-ref --short refs/remotes/origin/HEAD [2ms]
2024-07-15 09:12:27.028 [info] fatal: ref refs/remotes/origin/HEAD is not a symbolic ref
2024-07-15 09:12:28.088 [info] > git ls-files --stage -- /home/ooke0392703/projects/Pretty-face/Gemfile [2ms]
2024-07-15 09:12:28.093 [info] > git cat-file -s e7973f005d749a9a2eebd0476c023db757988b0a [1ms]
2024-07-15 09:12:28.104 [info] > git show --textconv :Gemfile [2ms]
2024-07-15 09:13:36.052 [info] > git check-ignore -v -z --stdin [1ms]
2024-07-15 09:13:40.959 [info] > git check-ignore -v -z --stdin [1ms]
2024-07-15 09:13:46.861 [info] > git show --textconv :config/initializers/permissions_policy.rb [6ms]
2024-07-15 09:13:46.862 [info] > git ls-files --stage -- /home/ooke0392703/projects/Pretty-face/config/initializers/permissions_policy.rb [3ms]
2024-07-15 09:13:46.872 [info] > git cat-file -s 7db3b9577e6e56da5f1bf3681c0b458af7de6ed2 [6ms]
2024-07-15 09:14:00.640 [info] > git show --textconv :config/initializers/inherited_resources.rb [4ms]
2024-07-15 09:14:00.641 [info] > git ls-files --stage -- /home/ooke0392703/projects/Pretty-face/config/initializers/inherited_resources.rb [2ms]
2024-07-15 09:14:00.825 [info] > git check-ignore -v -z --stdin [2ms]
2024-07-15 09:14:01.341 [info] > git config --get commit.template [6ms]
2024-07-15 09:14:01.342 [info] > git for-each-ref --format=%(refname)%00%(upstream:short)%00%(objectname)%00%(upstream:track)%00%(upstream:remotename)%00%(upstream:remoteref) refs/heads/main refs/remotes/main [3ms]
2024-07-15 09:14:01.351 [info] > git status -z -uall [4ms]
2024-07-15 09:14:01.361 [info] > git for-each-ref --format=%(refname)%00%(upstream:short)%00%(objectname)%00%(upstream:track)%00%(upstream:remotename)%00%(upstream:remoteref) refs/heads/main refs/remotes/main [5ms]
2024-07-15 09:14:01.373 [info] > git config --local branch.main.vscode-merge-base [2ms]
2024-07-15 09:14:01.373 [warning] git config failed: Failed to execute git
2024-07-15 09:14:01.380 [info] > git reflog main --grep-reflog=branch: Created from *. [3ms]
2024-07-15 09:14:01.386 [info] > git symbolic-ref --short refs/remotes/origin/HEAD [1ms]
2024-07-15 09:14:01.386 [info] fatal: ref refs/remotes/origin/HEAD is not a symbolic ref
2024-07-15 09:14:12.678 [info] > git config --get commit.template [5ms]
2024-07-15 09:14:12.680 [info] > git for-each-ref --format=%(refname)%00%(upstream:short)%00%(objectname)%00%(upstream:track)%00%(upstream:remotename)%00%(upstream:remoteref) refs/heads/main refs/remotes/main [3ms]
2024-07-15 09:14:12.691 [info] > git status -z -uall [1ms]
2024-07-15 09:14:12.699 [info] > git for-each-ref --format=%(refname)%00%(upstream:short)%00%(objectname)%00%(upstream:track)%00%(upstream:remotename)%00%(upstream:remoteref) refs/heads/main refs/remotes/main [3ms]
2024-07-15 09:14:12.705 [info] > git config --local branch.main.vscode-merge-base [2ms]
2024-07-15 09:14:12.705 [warning] git config failed: Failed to execute git
2024-07-15 09:14:12.716 [info] > git reflog main --grep-reflog=branch: Created from *. [3ms]
2024-07-15 09:14:12.723 [info] > git symbolic-ref --short refs/remotes/origin/HEAD [2ms]
2024-07-15 09:14:12.723 [info] fatal: ref refs/remotes/origin/HEAD is not a symbolic ref
2024-07-15 09:16:17.896 [info] > git fetch [918ms]
2024-07-15 09:16:17.905 [info] > git config --get commit.template [4ms]
2024-07-15 09:16:17.907 [info] > git for-each-ref --format=%(refname)%00%(upstream:short)%00%(objectname)%00%(upstream:track)%00%(upstream:remotename)%00%(upstream:remoteref) refs/heads/main refs/remotes/main [3ms]
2024-07-15 09:16:17.917 [info] > git status -z -uall [4ms]
2024-07-15 09:16:17.931 [info] > git for-each-ref --format=%(refname)%00%(upstream:short)%00%(objectname)%00%(upstream:track)%00%(upstream:remotename)%00%(upstream:remoteref) refs/heads/main refs/remotes/main [4ms]
2024-07-15 09:16:17.937 [info] > git config --local branch.main.vscode-merge-base [1ms]
2024-07-15 09:16:17.940 [warning] git config failed: Failed to execute git
2024-07-15 09:16:17.953 [info] > git reflog main --grep-reflog=branch: Created from *. [5ms]
2024-07-15 09:16:17.958 [info] > git symbolic-ref --short refs/remotes/origin/HEAD [2ms]
2024-07-15 09:16:17.958 [info] fatal: ref refs/remotes/origin/HEAD is not a symbolic ref
2024-07-15 09:16:18.949 [info] > git config --get commit.template [5ms]
2024-07-15 09:16:18.951 [info] > git for-each-ref --format=%(refname)%00%(upstream:short)%00%(objectname)%00%(upstream:track)%00%(upstream:remotename)%00%(upstream:remoteref) refs/heads/main refs/remotes/main [4ms]
2024-07-15 09:16:18.962 [info] > git status -z -uall [5ms]
2024-07-15 09:16:18.971 [info] > git for-each-ref --format=%(refname)%00%(upstream:short)%00%(objectname)%00%(upstream:track)%00%(upstream:remotename)%00%(upstream:remoteref) refs/heads/main refs/remotes/main [3ms]
2024-07-15 09:16:18.980 [info] > git config --local branch.main.vscode-merge-base [4ms]
2024-07-15 09:16:18.980 [warning] git config failed: Failed to execute git
2024-07-15 09:16:18.987 [info] > git reflog main --grep-reflog=branch: Created from *. [3ms]
2024-07-15 09:16:18.992 [info] > git symbolic-ref --short refs/remotes/origin/HEAD [2ms]
2024-07-15 09:16:18.992 [info] fatal: ref refs/remotes/origin/HEAD is not a symbolic ref
2024-07-15 09:16:19.050 [info] > git ls-files --stage -- /home/ooke0392703/projects/Pretty-face/config/initializers/inherited_resources.rb [2ms]
2024-07-15 09:16:19.061 [info] > git show --textconv :config/initializers/inherited_resources.rb [3ms]
2024-07-15 09:19:18.760 [info] > git fetch [825ms]
2024-07-15 09:19:18.766 [info] > git config --get commit.template [2ms]
2024-07-15 09:19:18.772 [info] > git for-each-ref --format=%(refname)%00%(upstream:short)%00%(objectname)%00%(upstream:track)%00%(upstream:remotename)%00%(upstream:remoteref) refs/heads/main refs/remotes/main [2ms]
2024-07-15 09:19:18.779 [info] > git status -z -uall [4ms]
2024-07-15 09:19:18.787 [info] > git for-each-ref --format=%(refname)%00%(upstream:short)%00%(objectname)%00%(upstream:track)%00%(upstream:remotename)%00%(upstream:remoteref) refs/heads/main refs/remotes/main [4ms]
2024-07-15 09:19:18.794 [info] > git config --local branch.main.vscode-merge-base [1ms]
2024-07-15 09:19:18.794 [warning] git config failed: Failed to execute git
2024-07-15 09:19:18.808 [info] > git reflog main --grep-reflog=branch: Created from *. [10ms]
2024-07-15 09:19:18.813 [info] > git symbolic-ref --short refs/remotes/origin/HEAD [2ms]
2024-07-15 09:19:18.813 [info] fatal: ref refs/remotes/origin/HEAD is not a symbolic ref
2024-07-15 09:19:19.845 [info] > git ls-files --stage -- /home/ooke0392703/projects/Pretty-face/config/initializers/inherited_resources.rb [2ms]
2024-07-15 09:19:19.856 [info] > git show --textconv :config/initializers/inherited_resources.rb [2ms]
2024-07-15 09:33:33.127 [info] > git fetch [1026ms]
2024-07-15 09:33:33.136 [info] > git config --get commit.template [5ms]
2024-07-15 09:33:33.137 [info] > git for-each-ref --format=%(refname)%00%(upstream:short)%00%(objectname)%00%(upstream:track)%00%(upstream:remotename)%00%(upstream:remoteref) refs/heads/main refs/remotes/main [2ms]
2024-07-15 09:33:33.148 [info] > git status -z -uall [6ms]
2024-07-15 09:33:33.159 [info] > git for-each-ref --format=%(refname)%00%(upstream:short)%00%(objectname)%00%(upstream:track)%00%(upstream:remotename)%00%(upstream:remoteref) refs/heads/main refs/remotes/main [6ms]
2024-07-15 09:33:33.174 [info] > git config --local branch.main.vscode-merge-base [11ms]
2024-07-15 09:33:33.174 [warning] git config failed: Failed to execute git
2024-07-15 09:33:33.181 [info] > git reflog main --grep-reflog=branch: Created from *. [3ms]
2024-07-15 09:33:33.187 [info] > git symbolic-ref --short refs/remotes/origin/HEAD [3ms]
2024-07-15 09:33:33.187 [info] fatal: ref refs/remotes/origin/HEAD is not a symbolic ref
2024-07-15 09:33:34.184 [info] > git config --get commit.template [5ms]
2024-07-15 09:33:34.187 [info] > git for-each-ref --format=%(refname)%00%(upstream:short)%00%(objectname)%00%(upstream:track)%00%(upstream:remotename)%00%(upstream:remoteref) refs/heads/main refs/remotes/main [4ms]
2024-07-15 09:33:34.195 [info] > git status -z -uall [4ms]
2024-07-15 09:33:34.209 [info] > git for-each-ref --format=%(refname)%00%(upstream:short)%00%(objectname)%00%(upstream:track)%00%(upstream:remotename)%00%(upstream:remoteref) refs/heads/main refs/remotes/main [8ms]
2024-07-15 09:33:34.225 [info] > git config --local branch.main.vscode-merge-base [1ms]
2024-07-15 09:33:34.225 [warning] git config failed: Failed to execute git
2024-07-15 09:33:34.232 [info] > git reflog main --grep-reflog=branch: Created from *. [4ms]
2024-07-15 09:33:34.242 [info] > git symbolic-ref --short refs/remotes/origin/HEAD [6ms]
2024-07-15 09:33:34.242 [info] fatal: ref refs/remotes/origin/HEAD is not a symbolic ref
2024-07-15 09:33:34.286 [info] > git ls-files --stage -- /home/ooke0392703/projects/Pretty-face/config/initializers/inherited_resources.rb [2ms]
2024-07-15 09:33:34.354 [info] > git show --textconv :config/initializers/inherited_resources.rb [2ms]
2024-07-15 09:36:33.958 [info] > git fetch [797ms]
2024-07-15 09:36:33.964 [info] > git config --get commit.template [3ms]
2024-07-15 09:36:33.965 [info] > git for-each-ref --format=%(refname)%00%(upstream:short)%00%(objectname)%00%(upstream:track)%00%(upstream:remotename)%00%(upstream:remoteref) refs/heads/main refs/remotes/main [2ms]
2024-07-15 09:36:33.971 [info] > git status -z -uall [3ms]
2024-07-15 09:36:33.976 [info] > git for-each-ref --format=%(refname)%00%(upstream:short)%00%(objectname)%00%(upstream:track)%00%(upstream:remotename)%00%(upstream:remoteref) refs/heads/main refs/remotes/main [2ms]
2024-07-15 09:36:33.982 [info] > git config --local branch.main.vscode-merge-base [2ms]
2024-07-15 09:36:33.982 [warning] git config failed: Failed to execute git
2024-07-15 09:36:33.989 [info] > git reflog main --grep-reflog=branch: Created from *. [3ms]
2024-07-15 09:36:33.995 [info] > git symbolic-ref --short refs/remotes/origin/HEAD [3ms]
2024-07-15 09:36:33.995 [info] fatal: ref refs/remotes/origin/HEAD is not a symbolic ref
2024-07-15 09:36:35.049 [info] > git config --get commit.template [5ms]
2024-07-15 09:36:35.050 [info] > git for-each-ref --format=%(refname)%00%(upstream:short)%00%(objectname)%00%(upstream:track)%00%(upstream:remotename)%00%(upstream:remoteref) refs/heads/main refs/remotes/main [2ms]
2024-07-15 09:36:35.056 [info] > git status -z -uall [3ms]
2024-07-15 09:36:35.061 [info] > git for-each-ref --format=%(refname)%00%(upstream:short)%00%(objectname)%00%(upstream:track)%00%(upstream:remotename)%00%(upstream:remoteref) refs/heads/main refs/remotes/main [2ms]
2024-07-15 09:36:35.070 [info] > git config --local branch.main.vscode-merge-base [2ms]
2024-07-15 09:36:35.070 [warning] git config failed: Failed to execute git
2024-07-15 09:36:35.075 [info] > git reflog main --grep-reflog=branch: Created from *. [2ms]
2024-07-15 09:36:35.080 [info] > git symbolic-ref --short refs/remotes/origin/HEAD [2ms]
2024-07-15 09:36:35.080 [info] fatal: ref refs/remotes/origin/HEAD is not a symbolic ref
2024-07-15 09:36:35.149 [info] > git ls-files --stage -- /home/ooke0392703/projects/Pretty-face/config/initializers/inherited_resources.rb [2ms]
2024-07-15 09:36:35.165 [info] > git show --textconv :config/initializers/inherited_resources.rb [9ms]
2024-07-15 09:41:36.847 [info] > git fetch [820ms]
2024-07-15 09:41:36.855 [info] > git config --get commit.template [4ms]
2024-07-15 09:41:36.857 [info] > git for-each-ref --format=%(refname)%00%(upstream:short)%00%(objectname)%00%(upstream:track)%00%(upstream:remotename)%00%(upstream:remoteref) refs/heads/main refs/remotes/main [3ms]
2024-07-15 09:41:36.864 [info] > git status -z -uall [4ms]
2024-07-15 09:41:36.873 [info] > git for-each-ref --format=%(refname)%00%(upstream:short)%00%(objectname)%00%(upstream:track)%00%(upstream:remotename)%00%(upstream:remoteref) refs/heads/main refs/remotes/main [4ms]
2024-07-15 09:41:36.887 [info] > git config --local branch.main.vscode-merge-base [4ms]
2024-07-15 09:41:36.887 [warning] git config failed: Failed to execute git
2024-07-15 09:41:36.895 [info] > git reflog main --grep-reflog=branch: Created from *. [4ms]
2024-07-15 09:41:36.900 [info] > git symbolic-ref --short refs/remotes/origin/HEAD [2ms]
2024-07-15 09:41:36.900 [info] fatal: ref refs/remotes/origin/HEAD is not a symbolic ref
2024-07-15 09:41:37.897 [info] > git config --get commit.template [6ms]
2024-07-15 09:41:37.898 [info] > git for-each-ref --format=%(refname)%00%(upstream:short)%00%(objectname)%00%(upstream:track)%00%(upstream:remotename)%00%(upstream:remoteref) refs/heads/main refs/remotes/main [2ms]
2024-07-15 09:41:37.907 [info] > git status -z -uall [4ms]
2024-07-15 09:41:37.915 [info] > git for-each-ref --format=%(refname)%00%(upstream:short)%00%(objectname)%00%(upstream:track)%00%(upstream:remotename)%00%(upstream:remoteref) refs/heads/main refs/remotes/main [3ms]
2024-07-15 09:41:37.927 [info] > git config --local branch.main.vscode-merge-base [4ms]
2024-07-15 09:41:37.927 [warning] git config failed: Failed to execute git
2024-07-15 09:41:37.934 [info] > git reflog main --grep-reflog=branch: Created from *. [3ms]
2024-07-15 09:41:37.940 [info] > git symbolic-ref --short refs/remotes/origin/HEAD [2ms]
2024-07-15 09:41:37.940 [info] fatal: ref refs/remotes/origin/HEAD is not a symbolic ref
2024-07-15 09:41:37.993 [info] > git ls-files --stage -- /home/ooke0392703/projects/Pretty-face/config/initializers/inherited_resources.rb [2ms]
2024-07-15 09:41:38.032 [info] > git show --textconv :config/initializers/inherited_resources.rb [24ms]
2024-07-15 11:12:55.553 [info] > git fetch [1203ms]
2024-07-15 11:12:55.561 [info] > git config --get commit.template [4ms]
2024-07-15 11:12:55.563 [info] > git for-each-ref --format=%(refname)%00%(upstream:short)%00%(objectname)%00%(upstream:track)%00%(upstream:remotename)%00%(upstream:remoteref) refs/heads/main refs/remotes/main [3ms]
2024-07-15 11:12:55.580 [info] > git status -z -uall [5ms]
2024-07-15 11:12:55.588 [info] > git for-each-ref --format=%(refname)%00%(upstream:short)%00%(objectname)%00%(upstream:track)%00%(upstream:remotename)%00%(upstream:remoteref) refs/heads/main refs/remotes/main [4ms]
2024-07-15 11:12:55.603 [info] > git config --local branch.main.vscode-merge-base [3ms]
2024-07-15 11:12:55.603 [warning] git config failed: Failed to execute git
2024-07-15 11:12:55.619 [info] > git reflog main --grep-reflog=branch: Created from *. [12ms]
2024-07-15 11:12:55.633 [info] > git symbolic-ref --short refs/remotes/origin/HEAD [10ms]
2024-07-15 11:12:55.633 [info] fatal: ref refs/remotes/origin/HEAD is not a symbolic ref
2024-07-15 11:12:56.692 [info] > git ls-files --stage -- /home/ooke0392703/projects/Pretty-face/config/initializers/inherited_resources.rb [2ms]
2024-07-15 11:12:56.742 [info] > git show --textconv :config/initializers/inherited_resources.rb [1ms]
2024-07-15 11:13:03.457 [info] > git check-ignore -v -z --stdin [2ms]
2024-07-15 11:13:05.496 [info] > git check-ignore -v -z --stdin [2ms]
2024-07-15 11:13:12.530 [info] > git check-ignore -v -z --stdin [2ms]
2024-07-15 11:13:15.628 [info] > git show --textconv :app/admin/brands.rb [5ms]
2024-07-15 11:13:15.639 [info] > git ls-files --stage -- /home/ooke0392703/projects/Pretty-face/app/admin/brands.rb [12ms]
2024-07-15 11:13:21.091 [info] > git show --textconv :app/admin/categories.rb [5ms]
2024-07-15 11:13:21.093 [info] > git ls-files --stage -- /home/ooke0392703/projects/Pretty-face/app/admin/categories.rb [12ms]
2024-07-15 11:13:23.344 [info] > git show --textconv :app/admin/customers.rb [4ms]
2024-07-15 11:13:23.345 [info] > git ls-files --stage -- /home/ooke0392703/projects/Pretty-face/app/admin/customers.rb [1ms]
2024-07-15 11:13:25.475 [info] > git ls-files --stage -- /home/ooke0392703/projects/Pretty-face/app/admin/dashboard.rb [2ms]
2024-07-15 11:13:25.513 [info] > git show --textconv :app/admin/dashboard.rb [44ms]
2024-07-15 11:13:25.514 [info] > git cat-file -s 3824c62cc7fa4f19075919695600e7bac2f111fd [29ms]
2024-07-15 11:55:36.877 [info] > git fetch [780ms]
2024-07-15 11:55:36.886 [info] > git config --get commit.template [4ms]
2024-07-15 11:55:36.891 [info] > git for-each-ref --format=%(refname)%00%(upstream:short)%00%(objectname)%00%(upstream:track)%00%(upstream:remotename)%00%(upstream:remoteref) refs/heads/main refs/remotes/main [6ms]
2024-07-15 11:55:36.903 [info] > git status -z -uall [8ms]
2024-07-15 11:55:36.913 [info] > git for-each-ref --format=%(refname)%00%(upstream:short)%00%(objectname)%00%(upstream:track)%00%(upstream:remotename)%00%(upstream:remoteref) refs/heads/main refs/remotes/main [5ms]
2024-07-15 11:55:36.927 [info] > git config --local branch.main.vscode-merge-base [2ms]
2024-07-15 11:55:36.927 [warning] git config failed: Failed to execute git
2024-07-15 11:55:36.945 [info] > git reflog main --grep-reflog=branch: Created from *. [14ms]
2024-07-15 11:55:36.951 [info] > git symbolic-ref --short refs/remotes/origin/HEAD [2ms]
2024-07-15 11:55:36.951 [info] fatal: ref refs/remotes/origin/HEAD is not a symbolic ref
2024-07-15 11:55:38.008 [info] > git config --get commit.template [12ms]
2024-07-15 11:55:38.011 [info] > git for-each-ref --format=%(refname)%00%(upstream:short)%00%(objectname)%00%(upstream:track)%00%(upstream:remotename)%00%(upstream:remoteref) refs/heads/main refs/remotes/main [2ms]
2024-07-15 11:55:38.020 [info] > git status -z -uall [3ms]
2024-07-15 11:55:38.031 [info] > git for-each-ref --format=%(refname)%00%(upstream:short)%00%(objectname)%00%(upstream:track)%00%(upstream:remotename)%00%(upstream:remoteref) refs/heads/main refs/remotes/main [5ms]
2024-07-15 11:55:38.037 [info] > git config --local branch.main.vscode-merge-base [2ms]
2024-07-15 11:55:38.037 [warning] git config failed: Failed to execute git
2024-07-15 11:55:38.053 [info] > git reflog main --grep-reflog=branch: Created from *. [9ms]
2024-07-15 11:55:38.062 [info] > git symbolic-ref --short refs/remotes/origin/HEAD [2ms]
2024-07-15 11:55:38.062 [info] fatal: ref refs/remotes/origin/HEAD is not a symbolic ref
2024-07-15 11:55:38.151 [info] > git ls-files --stage -- /home/ooke0392703/projects/Pretty-face/app/admin/dashboard.rb [1ms]
2024-07-15 11:55:38.157 [info] > git cat-file -s 3824c62cc7fa4f19075919695600e7bac2f111fd [2ms]
2024-07-15 11:55:38.179 [info] > git show --textconv :app/admin/dashboard.rb [3ms]
2024-07-15 11:57:56.155 [info] > git show --textconv :app/admin/users.rb [8ms]
2024-07-15 11:57:56.160 [info] > git ls-files --stage -- /home/ooke0392703/projects/Pretty-face/app/admin/users.rb [8ms]
2024-07-15 12:00:02.097 [info] > git fetch [1611ms]
2024-07-15 12:00:02.129 [info] > git for-each-ref --format=%(refname)%00%(upstream:short)%00%(objectname)%00%(upstream:track)%00%(upstream:remotename)%00%(upstream:remoteref) refs/heads/main refs/remotes/main [1ms]
2024-07-15 12:00:02.130 [info] > git config --get commit.template [17ms]
2024-07-15 12:00:02.148 [info] > git status -z -uall [5ms]
2024-07-15 12:00:02.180 [info] > git for-each-ref --format=%(refname)%00%(upstream:short)%00%(objectname)%00%(upstream:track)%00%(upstream:remotename)%00%(upstream:remoteref) refs/heads/main refs/remotes/main [16ms]
2024-07-15 12:00:02.208 [info] > git config --local branch.main.vscode-merge-base [2ms]
2024-07-15 12:00:02.208 [warning] git config failed: Failed to execute git
2024-07-15 12:00:02.228 [info] > git reflog main --grep-reflog=branch: Created from *. [16ms]
2024-07-15 12:00:02.316 [info] > git symbolic-ref --short refs/remotes/origin/HEAD [61ms]
2024-07-15 12:00:02.316 [info] fatal: ref refs/remotes/origin/HEAD is not a symbolic ref
2024-07-15 12:01:55.627 [info] > git ls-files --stage -- /home/ooke0392703/projects/Pretty-face/app/admin/users.rb [2ms]
2024-07-15 12:01:55.654 [info] > git show --textconv :app/admin/users.rb [2ms]
2024-07-15 12:17:45.584 [info] > git ls-files --stage -- /home/ooke0392703/projects/Pretty-face/app/admin/users.rb [2ms]
2024-07-15 12:17:45.612 [info] > git show --textconv :app/admin/users.rb [6ms]
2024-07-15 12:17:45.613 [info] > git fetch [1289ms]
2024-07-15 12:17:45.624 [info] > git config --get commit.template [4ms]
2024-07-15 12:17:45.635 [info] > git for-each-ref --format=%(refname)%00%(upstream:short)%00%(objectname)%00%(upstream:track)%00%(upstream:remotename)%00%(upstream:remoteref) refs/heads/main refs/remotes/main [13ms]
2024-07-15 12:17:45.652 [info] > git status -z -uall [12ms]
2024-07-15 12:17:45.670 [info] > git for-each-ref --format=%(refname)%00%(upstream:short)%00%(objectname)%00%(upstream:track)%00%(upstream:remotename)%00%(upstream:remoteref) refs/heads/main refs/remotes/main [12ms]
2024-07-15 12:17:45.700 [info] > git config --local branch.main.vscode-merge-base [9ms]
2024-07-15 12:17:45.700 [warning] git config failed: Failed to execute git
2024-07-15 12:17:45.708 [info] > git reflog main --grep-reflog=branch: Created from *. [2ms]
2024-07-15 12:17:45.714 [info] > git symbolic-ref --short refs/remotes/origin/HEAD [2ms]
2024-07-15 12:17:45.714 [info] fatal: ref refs/remotes/origin/HEAD is not a symbolic ref
2024-07-15 12:17:46.681 [info] > git config --get commit.template [5ms]
2024-07-15 12:17:46.682 [info] > git for-each-ref --format=%(refname)%00%(upstream:short)%00%(objectname)%00%(upstream:track)%00%(upstream:remotename)%00%(upstream:remoteref) refs/heads/main refs/remotes/main [2ms]
2024-07-15 12:17:46.698 [info] > git status -z -uall [11ms]
2024-07-15 12:17:46.714 [info] > git for-each-ref --format=%(refname)%00%(upstream:short)%00%(objectname)%00%(upstream:track)%00%(upstream:remotename)%00%(upstream:remoteref) refs/heads/main refs/remotes/main [10ms]
2024-07-15 12:17:46.734 [info] > git config --local branch.main.vscode-merge-base [15ms]
2024-07-15 12:17:46.734 [warning] git config failed: Failed to execute git
2024-07-15 12:17:46.780 [info] > git reflog main --grep-reflog=branch: Created from *. [9ms]
2024-07-15 12:17:46.785 [info] > git symbolic-ref --short refs/remotes/origin/HEAD [2ms]
2024-07-15 12:17:46.785 [info] fatal: ref refs/remotes/origin/HEAD is not a symbolic ref
2024-07-15 12:17:46.841 [info] > git ls-files --stage -- /home/ooke0392703/projects/Pretty-face/app/admin/users.rb [1ms]
2024-07-15 12:17:46.910 [info] > git show --textconv :app/admin/users.rb [3ms]
2024-07-15 12:17:59.482 [info] > git config --get commit.template [3ms]
2024-07-15 12:17:59.497 [info] > git for-each-ref --format=%(refname)%00%(upstream:short)%00%(objectname)%00%(upstream:track)%00%(upstream:remotename)%00%(upstream:remoteref) refs/heads/main refs/remotes/main [11ms]
2024-07-15 12:17:59.506 [info] > git status -z -uall [4ms]
2024-07-15 12:17:59.534 [info] > git for-each-ref --format=%(refname)%00%(upstream:short)%00%(objectname)%00%(upstream:track)%00%(upstream:remotename)%00%(upstream:remoteref) refs/heads/main refs/remotes/main [22ms]
2024-07-15 12:17:59.549 [info] > git config --local branch.main.vscode-merge-base [9ms]
2024-07-15 12:17:59.549 [warning] git config failed: Failed to execute git
2024-07-15 12:17:59.567 [info] > git reflog main --grep-reflog=branch: Created from *. [13ms]
2024-07-15 12:17:59.597 [info] > git symbolic-ref --short refs/remotes/origin/HEAD [15ms]
2024-07-15 12:17:59.597 [info] fatal: ref refs/remotes/origin/HEAD is not a symbolic ref
2024-07-15 13:08:39.109 [info] > git fetch [1083ms]
2024-07-15 13:08:39.129 [info] > git config --get commit.template [6ms]
2024-07-15 13:08:39.138 [info] > git for-each-ref --format=%(refname)%00%(upstream:short)%00%(objectname)%00%(upstream:track)%00%(upstream:remotename)%00%(upstream:remoteref) refs/heads/main refs/remotes/main [12ms]
2024-07-15 13:08:39.189 [info] > git status -z -uall [46ms]
2024-07-15 13:08:39.204 [info] > git for-each-ref --format=%(refname)%00%(upstream:short)%00%(objectname)%00%(upstream:track)%00%(upstream:remotename)%00%(upstream:remoteref) refs/heads/main refs/remotes/main [5ms]
2024-07-15 13:08:39.220 [info] > git config --local branch.main.vscode-merge-base [1ms]
2024-07-15 13:08:39.220 [warning] git config failed: Failed to execute git
2024-07-15 13:08:39.236 [info] > git reflog main --grep-reflog=branch: Created from *. [3ms]
2024-07-15 13:08:39.251 [info] > git symbolic-ref --short refs/remotes/origin/HEAD [1ms]
2024-07-15 13:08:39.251 [info] fatal: ref refs/remotes/origin/HEAD is not a symbolic ref
2024-07-15 13:08:40.216 [info] > git ls-files --stage -- /home/ooke0392703/projects/Pretty-face/app/admin/users.rb [2ms]
2024-07-15 13:08:40.269 [info] > git show --textconv :app/admin/users.rb [2ms]
2024-07-15 17:07:59.942 [info] > git fetch [1480ms]
2024-07-15 17:07:59.953 [info] > git config --get commit.template [6ms]
2024-07-15 17:07:59.964 [info] > git for-each-ref --format=%(refname)%00%(upstream:short)%00%(objectname)%00%(upstream:track)%00%(upstream:remotename)%00%(upstream:remoteref) refs/heads/main refs/remotes/main [11ms]
2024-07-15 17:07:59.982 [info] > git status -z -uall [13ms]
2024-07-15 17:08:00.004 [info] > git for-each-ref --format=%(refname)%00%(upstream:short)%00%(objectname)%00%(upstream:track)%00%(upstream:remotename)%00%(upstream:remoteref) refs/heads/main refs/remotes/main [16ms]
2024-07-15 17:08:00.022 [info] > git config --local branch.main.vscode-merge-base [2ms]
2024-07-15 17:08:00.022 [warning] git config failed: Failed to execute git
2024-07-15 17:08:00.037 [info] > git reflog main --grep-reflog=branch: Created from *. [11ms]
2024-07-15 17:08:00.043 [info] > git symbolic-ref --short refs/remotes/origin/HEAD [2ms]
2024-07-15 17:08:00.043 [info] fatal: ref refs/remotes/origin/HEAD is not a symbolic ref
2024-07-15 17:08:00.789 [info] > git ls-files --stage -- /home/ooke0392703/projects/Pretty-face/app/admin/users.rb [2ms]
2024-07-15 17:08:00.806 [info] > git show --textconv :app/admin/users.rb [1ms]
2024-07-15 17:23:12.832 [info] > git fetch [979ms]
2024-07-15 17:23:12.843 [info] > git config --get commit.template [5ms]
2024-07-15 17:23:12.850 [info] > git for-each-ref --format=%(refname)%00%(upstream:short)%00%(objectname)%00%(upstream:track)%00%(upstream:remotename)%00%(upstream:remoteref) refs/heads/main refs/remotes/main [9ms]
2024-07-15 17:23:12.859 [info] > git status -z -uall [4ms]
2024-07-15 17:23:12.881 [info] > git for-each-ref --format=%(refname)%00%(upstream:short)%00%(objectname)%00%(upstream:track)%00%(upstream:remotename)%00%(upstream:remoteref) refs/heads/main refs/remotes/main [14ms]
2024-07-15 17:23:12.899 [info] > git config --local branch.main.vscode-merge-base [1ms]
2024-07-15 17:23:12.899 [warning] git config failed: Failed to execute git
2024-07-15 17:23:12.916 [info] > git reflog main --grep-reflog=branch: Created from *. [6ms]
2024-07-15 17:23:12.930 [info] > git symbolic-ref --short refs/remotes/origin/HEAD [2ms]
2024-07-15 17:23:12.930 [info] fatal: ref refs/remotes/origin/HEAD is not a symbolic ref
2024-07-15 17:48:02.518 [info] > git config --get commit.template [5ms]
2024-07-15 17:48:02.536 [info] > git for-each-ref --format=%(refname)%00%(upstream:short)%00%(objectname)%00%(upstream:track)%00%(upstream:remotename)%00%(upstream:remoteref) refs/heads/main refs/remotes/main [19ms]
2024-07-15 17:48:02.545 [info] > git ls-files --stage -- /home/ooke0392703/projects/Pretty-face/app/admin/users.rb [10ms]
2024-07-15 17:48:02.563 [info] > git status -z -uall [7ms]
2024-07-15 17:48:02.605 [info] > git for-each-ref --format=%(refname)%00%(upstream:short)%00%(objectname)%00%(upstream:track)%00%(upstream:remotename)%00%(upstream:remoteref) refs/heads/main refs/remotes/main [31ms]
2024-07-15 17:48:02.620 [info] > git show --textconv :app/admin/users.rb [16ms]
2024-07-15 17:48:02.624 [info] > git config --local branch.main.vscode-merge-base [15ms]
2024-07-15 17:48:02.624 [warning] git config failed: Failed to execute git
2024-07-15 17:48:02.641 [info] > git reflog main --grep-reflog=branch: Created from *. [2ms]
2024-07-15 17:48:02.655 [info] > git symbolic-ref --short refs/remotes/origin/HEAD [10ms]
2024-07-15 17:48:02.655 [info] fatal: ref refs/remotes/origin/HEAD is not a symbolic ref
2024-07-15 17:48:03.704 [info] > git fetch [1211ms]
2024-07-15 17:48:03.714 [info] > git config --get commit.template [5ms]
2024-07-15 17:48:03.728 [info] > git for-each-ref --format=%(refname)%00%(upstream:short)%00%(objectname)%00%(upstream:track)%00%(upstream:remotename)%00%(upstream:remoteref) refs/heads/main refs/remotes/main [15ms]
2024-07-15 17:48:03.743 [info] > git ls-files --stage -- /home/ooke0392703/projects/Pretty-face/app/admin/users.rb [16ms]
2024-07-15 17:48:03.752 [info] > git status -z -uall [10ms]
2024-07-15 17:48:03.787 [info] > git for-each-ref --format=%(refname)%00%(upstream:short)%00%(objectname)%00%(upstream:track)%00%(upstream:remotename)%00%(upstream:remoteref) refs/heads/main refs/remotes/main [29ms]
2024-07-15 17:48:03.804 [info] > git show --textconv :app/admin/users.rb [18ms]
2024-07-15 17:48:03.806 [info] > git config --local branch.main.vscode-merge-base [4ms]
2024-07-15 17:48:03.806 [warning] git config failed: Failed to execute git
2024-07-15 17:48:03.823 [info] > git reflog main --grep-reflog=branch: Created from *. [2ms]
2024-07-15 17:48:03.837 [info] > git symbolic-ref --short refs/remotes/origin/HEAD [2ms]
2024-07-15 17:48:03.837 [info] fatal: ref refs/remotes/origin/HEAD is not a symbolic ref
2024-07-15 17:48:04.884 [info] > git ls-files --stage -- /home/ooke0392703/projects/Pretty-face/app/admin/users.rb [2ms]
2024-07-15 17:48:04.934 [info] > git show --textconv :app/admin/users.rb [2ms]
2024-07-15 17:48:07.600 [info] > git config --get commit.template [5ms]
2024-07-15 17:48:07.611 [info] > git for-each-ref --format=%(refname)%00%(upstream:short)%00%(objectname)%00%(upstream:track)%00%(upstream:remotename)%00%(upstream:remoteref) refs/heads/main refs/remotes/main [13ms]
2024-07-15 17:48:07.620 [info] > git status -z -uall [4ms]
2024-07-15 17:48:07.642 [info] > git for-each-ref --format=%(refname)%00%(upstream:short)%00%(objectname)%00%(upstream:track)%00%(upstream:remotename)%00%(upstream:remoteref) refs/heads/main refs/remotes/main [10ms]
2024-07-15 17:48:07.654 [info] > git config --local branch.main.vscode-merge-base [0ms]
2024-07-15 17:48:07.654 [warning] git config failed: Failed to execute git
2024-07-15 17:48:07.663 [info] > git reflog main --grep-reflog=branch: Created from *. [1ms]
2024-07-15 17:48:07.679 [info] > git symbolic-ref --short refs/remotes/origin/HEAD [2ms]
2024-07-15 17:48:07.680 [info] fatal: ref refs/remotes/origin/HEAD is not a symbolic ref
