Locating server…
Booting server...
Setting up server…
Listening for messages…
Searching for Tailwind CSS projects in the workspace's folders.
Checking if /home/ooke0392703/projects/MakeupHub/vendor/assets/stylesheets/active_admin.scss may be Tailwind-related…
{"tailwind":{"version":"3.4.4","features":["layer:base","separator:root","content-list","jit","css-at-config","relative-content-paths","transpiled-configs"],"isDefaultVersion":true}}
{"tailwind":{"version":"3.4.4","features":["layer:base","separator:root","content-list","jit","css-at-config","relative-content-paths","transpiled-configs"],"isDefaultVersion":true}}
[Global] Creating projects: []
[Global] Preparing projects...
[Global] Initializing projects...
[Global] Initialized 0 projects
[Info  - 8:43:49 PM] [GLOBAL] No matching project for document {
  fsPath: '/home/ooke0392703/projects/MakeupHub/app/admin/admin_users.rb:Zone.Identifier',
  normalPath: '/home/ooke0392703/projects/MakeupHub/app/admin/admin_users.rb:Zone.Identifier'
}
[Info  - 8:43:54 PM] [GLOBAL] No matching project for document {
  fsPath: '/home/ooke0392703/projects/MakeupHub/app/admin/brands.rb',
  normalPath: '/home/ooke0392703/projects/MakeupHub/app/admin/brands.rb'
}
[Info  - 8:43:57 PM] [GLOBAL] No matching project for document {
  fsPath: '/home/ooke0392703/projects/MakeupHub/app/admin/provinces.rb',
  normalPath: '/home/ooke0392703/projects/MakeupHub/app/admin/provinces.rb'
}
[Info  - 8:44:00 PM] [GLOBAL] No matching project for document {
  fsPath: '/home/ooke0392703/projects/MakeupHub/app/admin/provinces.rb:Zone.Identifier',
  normalPath: '/home/ooke0392703/projects/MakeupHub/app/admin/provinces.rb:Zone.Identifier'
}
